#
# There is insufficient memory for the Java Runtime Environment to continue.
# Native memory allocation (malloc) failed to allocate 32744 bytes for ChunkPool::allocate
# Possible reasons:
#   The system is out of physical RAM or swap space
#   The process is running with CompressedOops enabled, and the Java Heap may be blocking the growth of the native heap
# Possible solutions:
#   Reduce memory load on the system
#   Increase physical memory or swap space
#   Check if swap backing store is full
#   Decrease Java heap size (-Xmx/-Xms)
#   Decrease number of Java threads
#   Decrease Java thread stack sizes (-Xss)
#   Set larger code cache with -XX:ReservedCodeCacheSize=
#   JVM is running with Unscaled Compressed Oops mode in which the Java heap is
#     placed in the first 4GB address space. The Java Heap base address is the
#     maximum limit for the native heap growth. Please use -XX:HeapBaseMinAddress
#     to set the Java Heap base and to place the Java Heap above 4GB virtual address.
# This output file may be truncated or incomplete.
#
#  Out of Memory Error (allocation.cpp:272), pid=7580, tid=0x0000000000002b34
#
# JRE version: Java(TM) SE Runtime Environment (8.0_241-b07) (build 1.8.0_241-b07)
# Java VM: Java HotSpot(TM) 64-Bit Server VM (25.241-b07 mixed mode windows-amd64 compressed oops)
# Failed to write core dump. Minidumps are not enabled by default on client versions of Windows
#

---------------  T H R E A D  ---------------

Current thread (0x0000000019919800):  JavaThread "C2 CompilerThread2" daemon [_thread_in_native, id=11060, stack(0x000000001a3d0000,0x000000001a4d0000)]

Stack: [0x000000001a3d0000,0x000000001a4d0000]
[error occurred during error reporting (printing stack bounds), id 0xc0000005]

Native frames: (J=compiled Java code, j=interpreted, Vv=VM code, C=native code)


Current CompileTask:
C2:   7828 2430   !   4       java.net.URLClassLoader$1::run (63 bytes)


---------------  P R O C E S S  ---------------

Java Threads: ( => current thread )
  0x00000000211aa800 JavaThread "Cache worker for execution history cache (C:\Users\admin\.gradle\caches\6.1.1\executionHistory)" [_thread_blocked, id=3852, stack(0x0000000022560000,0x0000000022660000)]
  0x000000001992f800 JavaThread "Cache worker for cache directory md-rule (C:\Users\admin\.gradle\caches\6.1.1\md-rule)" [_thread_blocked, id=9848, stack(0x0000000022460000,0x0000000022560000)]
  0x000000001992b000 JavaThread "Cache worker for cache directory md-supplier (C:\Users\admin\.gradle\caches\6.1.1\md-supplier)" [_thread_blocked, id=4880, stack(0x0000000022360000,0x0000000022460000)]
  0x000000001992c800 JavaThread "Cache worker for file hash cache (C:\Users\admin\Desktop\software-engineering-project\c-food-main\.gradle\6.1.1\fileHashes)" [_thread_blocked, id=7588, stack(0x0000000022260000,0x0000000022360000)]
  0x000000001992a800 JavaThread "Cache worker for checksums cache (C:\Users\admin\Desktop\software-engineering-project\c-food-main\.gradle\checksums)" [_thread_blocked, id=3428, stack(0x0000000022160000,0x0000000022260000)]
  0x000000001992f000 JavaThread "Cache worker for file hash cache (C:\Users\admin\.gradle\caches\6.1.1\fileHashes)" [_thread_blocked, id=3888, stack(0x000000001e6f0000,0x000000001e7f0000)]
  0x000000001992d800 JavaThread "File lock request listener" [_thread_in_native, id=2756, stack(0x000000001e5f0000,0x000000001e6f0000)]
  0x0000000019929800 JavaThread "Cache worker for journal cache (C:\Users\admin\.gradle\caches\journal-1)" [_thread_blocked, id=8516, stack(0x000000001e4f0000,0x000000001e5f0000)]
  0x000000001992c000 JavaThread "Thread-9" [_thread_blocked, id=11776, stack(0x000000001e1f0000,0x000000001e2f0000)]
  0x000000001c3f9000 JavaThread "Stdin handler" [_thread_blocked, id=2220, stack(0x000000001e0f0000,0x000000001e1f0000)]
  0x000000001c3f8000 JavaThread "Asynchronous log dispatcher for DefaultDaemonConnection: socket connection from /127.0.0.1:51992 to /127.0.0.1:51993" [_thread_blocked, id=11316, stack(0x000000001dff0000,0x000000001e0f0000)]
  0x000000001c3fa000 JavaThread "Daemon worker" [_thread_in_vm, id=4912, stack(0x000000001ddf0000,0x000000001def0000)]
  0x000000001c3ca800 JavaThread "Cancel handler" [_thread_blocked, id=12900, stack(0x000000001dcf0000,0x000000001ddf0000)]
  0x000000001c330000 JavaThread "Handler for socket connection from /127.0.0.1:51992 to /127.0.0.1:51993" [_thread_in_native, id=3496, stack(0x000000001d9f0000,0x000000001daf0000)]
  0x000000001c32d800 JavaThread "Daemon" [_thread_blocked, id=6132, stack(0x000000001d8f0000,0x000000001d9f0000)]
  0x000000001c2f4000 JavaThread "Daemon periodic checks" [_thread_blocked, id=9516, stack(0x000000001d7f0000,0x000000001d8f0000)]
  0x000000001c332800 JavaThread "Incoming local TCP Connector on port 51992" [_thread_in_native, id=9484, stack(0x000000001d5b0000,0x000000001d6b0000)]
  0x000000001a861000 JavaThread "Daemon health stats" [_thread_blocked, id=11324, stack(0x000000001cf70000,0x000000001d070000)]
  0x00000000199a7800 JavaThread "Service Thread" daemon [_thread_blocked, id=6112, stack(0x000000001a5d0000,0x000000001a6d0000)]
  0x000000001992e000 JavaThread "C1 CompilerThread3" daemon [_thread_in_native, id=9620, stack(0x000000001a4d0000,0x000000001a5d0000)]
=>0x0000000019919800 JavaThread "C2 CompilerThread2" daemon [_thread_in_native, id=11060, stack(0x000000001a3d0000,0x000000001a4d0000)]
  0x0000000019918000 JavaThread "C2 CompilerThread1" daemon [_thread_in_native, id=9072, stack(0x000000001a2d0000,0x000000001a3d0000)]
  0x0000000019914800 JavaThread "C2 CompilerThread0" daemon [_thread_in_native, id=3580, stack(0x000000001a1d0000,0x000000001a2d0000)]
  0x0000000019910800 JavaThread "Attach Listener" daemon [_thread_blocked, id=4720, stack(0x000000001a0d0000,0x000000001a1d0000)]
  0x000000001990f000 JavaThread "Signal Dispatcher" daemon [_thread_blocked, id=10856, stack(0x0000000019fd0000,0x000000001a0d0000)]
  0x0000000019901800 JavaThread "Finalizer" daemon [_thread_blocked, id=12112, stack(0x0000000019de0000,0x0000000019ee0000)]
  0x0000000019900800 JavaThread "Reference Handler" daemon [_thread_blocked, id=10200, stack(0x0000000019ce0000,0x0000000019de0000)]
  0x00000000029b2800 JavaThread "main" [_thread_blocked, id=12804, stack(0x0000000002850000,0x0000000002950000)]

Other Threads:
  0x0000000017b19800 VMThread [stack: 0x00000000197e0000,0x00000000198e0000] [id=7976]
  0x00000000199d1800 WatcherThread [stack: 0x000000001a6d0000,0x000000001a7d0000] [id=11388]

VM state:not at safepoint (normal execution)

VM Mutex/Monitor currently owned by a thread: None

heap address: 0x0000000080000000, size: 2048 MB, Compressed Oops mode: 32-bit
Narrow klass base: 0x0000000000000000, Narrow klass shift: 3
Compressed class space size: 1073741824 Address: 0x0000000100000000

Heap:
 PSYoungGen      total 77312K, used 63335K [0x00000000d5580000, 0x00000000dcb80000, 0x0000000100000000)
  eden space 66560K, 82% used [0x00000000d5580000,0x00000000d8acd708,0x00000000d9680000)
  from space 10752K, 81% used [0x00000000d9680000,0x00000000d9f0c890,0x00000000da100000)
  to   space 11264K, 0% used [0x00000000dc080000,0x00000000dc080000,0x00000000dcb80000)
 ParOldGen       total 63488K, used 8770K [0x0000000080000000, 0x0000000083e00000, 0x00000000d5580000)
  object space 63488K, 13% used [0x0000000080000000,0x0000000080890ab0,0x0000000083e00000)
 Metaspace       used 31865K, capacity 32620K, committed 32896K, reserved 1077248K
  class space    used 4430K, capacity 4638K, committed 4736K, reserved 1048576K

Card table byte_map: [0x0000000011e70000,0x0000000012280000] byte_map_base: 0x0000000011a70000

Marking Bits: (ParMarkBitMap*) 0x00000000723cbe30
 Begin Bits: [0x0000000012d30000, 0x0000000014d30000)
 End Bits:   [0x0000000014d30000, 0x0000000016d30000)

Polling page: 0x0000000000ad0000

CodeCache: size=245760Kb used=9602Kb max_used=9602Kb free=236157Kb
 bounds [0x0000000002ab0000, 0x0000000003420000, 0x0000000011ab0000]
 total_blobs=3191 nmethods=2509 adapters=594
 compilation: enabled

Compilation events (10 events):
Event: 7.817 Thread 0x000000001992e000 2546       1       sun.reflect.generics.tree.MethodTypeSignature::getFormalTypeParameters (5 bytes)
Event: 7.817 Thread 0x000000001992e000 nmethod 2546 0x0000000003413b50 code [0x0000000003413ca0, 0x0000000003413db0]
Event: 7.818 Thread 0x000000001992e000 2547       3       java.lang.StringBuffer::<init> (18 bytes)
Event: 7.819 Thread 0x000000001992e000 nmethod 2547 0x0000000003413e10 code [0x0000000003413fa0, 0x00000000034145e8]
Event: 7.819 Thread 0x000000001992e000 2548       3       java.lang.reflect.Executable::isSynthetic (8 bytes)
Event: 7.819 Thread 0x000000001992e000 nmethod 2548 0x0000000003414850 code [0x00000000034149c0, 0x0000000003414c88]
Event: 7.819 Thread 0x000000001992e000 2549       3       java.lang.reflect.Type::getTypeName (5 bytes)
Event: 7.819 Thread 0x000000001992e000 nmethod 2549 0x0000000003414d50 code [0x0000000003414ec0, 0x00000000034150c8]
Event: 7.819 Thread 0x000000001992e000 2550       3       sun.reflect.generics.scope.AbstractScope::lookup (66 bytes)
Event: 7.820 Thread 0x000000001992e000 nmethod 2550 0x0000000003415150 code [0x0000000003415320, 0x0000000003415b68]

GC Heap History (10 events):
Event: 3.783 GC heap before
{Heap before GC invocations=4 (full 0):
 PSYoungGen      total 38400K, used 38400K [0x00000000d5580000, 0x00000000d8000000, 0x0000000100000000)
  eden space 33280K, 100% used [0x00000000d5580000,0x00000000d7600000,0x00000000d7600000)
  from space 5120K, 100% used [0x00000000d7600000,0x00000000d7b00000,0x00000000d7b00000)
  to   space 5120K, 0% used [0x00000000d7b00000,0x00000000d7b00000,0x00000000d8000000)
 ParOldGen       total 87552K, used 1633K [0x0000000080000000, 0x0000000085580000, 0x00000000d5580000)
  object space 87552K, 1% used [0x0000000080000000,0x00000000801984a0,0x0000000085580000)
 Metaspace       used 15570K, capacity 15950K, committed 16128K, reserved 1062912K
  class space    used 2141K, capacity 2283K, committed 2304K, reserved 1048576K
Event: 3.793 GC heap after
Heap after GC invocations=4 (full 0):
 PSYoungGen      total 38400K, used 5088K [0x00000000d5580000, 0x00000000d8000000, 0x0000000100000000)
  eden space 33280K, 0% used [0x00000000d5580000,0x00000000d5580000,0x00000000d7600000)
  from space 5120K, 99% used [0x00000000d7b00000,0x00000000d7ff8020,0x00000000d8000000)
  to   space 5120K, 0% used [0x00000000d7600000,0x00000000d7600000,0x00000000d7b00000)
 ParOldGen       total 87552K, used 4355K [0x0000000080000000, 0x0000000085580000, 0x00000000d5580000)
  object space 87552K, 4% used [0x0000000080000000,0x0000000080440fb8,0x0000000085580000)
 Metaspace       used 15570K, capacity 15950K, committed 16128K, reserved 1062912K
  class space    used 2141K, capacity 2283K, committed 2304K, reserved 1048576K
}
Event: 4.524 GC heap before
{Heap before GC invocations=5 (full 0):
 PSYoungGen      total 38400K, used 38368K [0x00000000d5580000, 0x00000000d8000000, 0x0000000100000000)
  eden space 33280K, 100% used [0x00000000d5580000,0x00000000d7600000,0x00000000d7600000)
  from space 5120K, 99% used [0x00000000d7b00000,0x00000000d7ff8020,0x00000000d8000000)
  to   space 5120K, 0% used [0x00000000d7600000,0x00000000d7600000,0x00000000d7b00000)
 ParOldGen       total 87552K, used 4355K [0x0000000080000000, 0x0000000085580000, 0x00000000d5580000)
  object space 87552K, 4% used [0x0000000080000000,0x0000000080440fb8,0x0000000085580000)
 Metaspace       used 18427K, capacity 18976K, committed 19200K, reserved 1064960K
  class space    used 2608K, capacity 2796K, committed 2816K, reserved 1048576K
Event: 4.535 GC heap after
Heap after GC invocations=5 (full 0):
 PSYoungGen      total 38400K, used 5088K [0x00000000d5580000, 0x00000000dab80000, 0x0000000100000000)
  eden space 33280K, 0% used [0x00000000d5580000,0x00000000d5580000,0x00000000d7600000)
  from space 5120K, 99% used [0x00000000d7600000,0x00000000d7af8020,0x00000000d7b00000)
  to   space 10752K, 0% used [0x00000000da100000,0x00000000da100000,0x00000000dab80000)
 ParOldGen       total 87552K, used 7722K [0x0000000080000000, 0x0000000085580000, 0x00000000d5580000)
  object space 87552K, 8% used [0x0000000080000000,0x000000008078aad0,0x0000000085580000)
 Metaspace       used 18427K, capacity 18976K, committed 19200K, reserved 1064960K
  class space    used 2608K, capacity 2796K, committed 2816K, reserved 1048576K
}
Event: 5.107 GC heap before
{Heap before GC invocations=6 (full 0):
 PSYoungGen      total 38400K, used 31383K [0x00000000d5580000, 0x00000000dab80000, 0x0000000100000000)
  eden space 33280K, 79% used [0x00000000d5580000,0x00000000d6f2dfd0,0x00000000d7600000)
  from space 5120K, 99% used [0x00000000d7600000,0x00000000d7af8020,0x00000000d7b00000)
  to   space 10752K, 0% used [0x00000000da100000,0x00000000da100000,0x00000000dab80000)
 ParOldGen       total 87552K, used 7722K [0x0000000080000000, 0x0000000085580000, 0x00000000d5580000)
  object space 87552K, 8% used [0x0000000080000000,0x000000008078aad0,0x0000000085580000)
 Metaspace       used 20602K, capacity 21256K, committed 21296K, reserved 1067008K
  class space    used 2961K, capacity 3180K, committed 3200K, reserved 1048576K
Event: 5.120 GC heap after
Heap after GC invocations=6 (full 0):
 PSYoungGen      total 77312K, used 8037K [0x00000000d5580000, 0x00000000dab80000, 0x0000000100000000)
  eden space 66560K, 0% used [0x00000000d5580000,0x00000000d5580000,0x00000000d9680000)
  from space 10752K, 74% used [0x00000000da100000,0x00000000da8d9780,0x00000000dab80000)
  to   space 10752K, 0% used [0x00000000d9680000,0x00000000d9680000,0x00000000da100000)
 ParOldGen       total 87552K, used 7730K [0x0000000080000000, 0x0000000085580000, 0x00000000d5580000)
  object space 87552K, 8% used [0x0000000080000000,0x000000008078cad0,0x0000000085580000)
 Metaspace       used 20602K, capacity 21256K, committed 21296K, reserved 1067008K
  class space    used 2961K, capacity 3180K, committed 3200K, reserved 1048576K
}
Event: 5.120 GC heap before
{Heap before GC invocations=7 (full 1):
 PSYoungGen      total 77312K, used 8037K [0x00000000d5580000, 0x00000000dab80000, 0x0000000100000000)
  eden space 66560K, 0% used [0x00000000d5580000,0x00000000d5580000,0x00000000d9680000)
  from space 10752K, 74% used [0x00000000da100000,0x00000000da8d9780,0x00000000dab80000)
  to   space 10752K, 0% used [0x00000000d9680000,0x00000000d9680000,0x00000000da100000)
 ParOldGen       total 87552K, used 7730K [0x0000000080000000, 0x0000000085580000, 0x00000000d5580000)
  object space 87552K, 8% used [0x0000000080000000,0x000000008078cad0,0x0000000085580000)
 Metaspace       used 20602K, capacity 21256K, committed 21296K, reserved 1067008K
  class space    used 2961K, capacity 3180K, committed 3200K, reserved 1048576K
Event: 5.190 GC heap after
Heap after GC invocations=7 (full 1):
 PSYoungGen      total 77312K, used 0K [0x00000000d5580000, 0x00000000dab80000, 0x0000000100000000)
  eden space 66560K, 0% used [0x00000000d5580000,0x00000000d5580000,0x00000000d9680000)
  from space 10752K, 0% used [0x00000000da100000,0x00000000da100000,0x00000000dab80000)
  to   space 10752K, 0% used [0x00000000d9680000,0x00000000d9680000,0x00000000da100000)
 ParOldGen       total 63488K, used 8762K [0x0000000080000000, 0x0000000083e00000, 0x00000000d5580000)
  object space 63488K, 13% used [0x0000000080000000,0x000000008088eab0,0x0000000083e00000)
 Metaspace       used 20602K, capacity 21256K, committed 21296K, reserved 1067008K
  class space    used 2961K, capacity 3180K, committed 3200K, reserved 1048576K
}
Event: 6.689 GC heap before
{Heap before GC invocations=8 (full 1):
 PSYoungGen      total 77312K, used 65938K [0x00000000d5580000, 0x00000000dab80000, 0x0000000100000000)
  eden space 66560K, 99% used [0x00000000d5580000,0x00000000d95e4820,0x00000000d9680000)
  from space 10752K, 0% used [0x00000000da100000,0x00000000da100000,0x00000000dab80000)
  to   space 10752K, 0% used [0x00000000d9680000,0x00000000d9680000,0x00000000da100000)
 ParOldGen       total 63488K, used 8762K [0x0000000080000000, 0x0000000083e00000, 0x00000000d5580000)
  object space 63488K, 13% used [0x0000000080000000,0x000000008088eab0,0x0000000083e00000)
 Metaspace       used 28336K, capacity 29008K, committed 29312K, reserved 1075200K
  class space    used 4006K, capacity 4223K, committed 4224K, reserved 1048576K
Event: 6.705 GC heap after
Heap after GC invocations=8 (full 1):
 PSYoungGen      total 77312K, used 8754K [0x00000000d5580000, 0x00000000dcb80000, 0x0000000100000000)
  eden space 66560K, 0% used [0x00000000d5580000,0x00000000d5580000,0x00000000d9680000)
  from space 10752K, 81% used [0x00000000d9680000,0x00000000d9f0c890,0x00000000da100000)
  to   space 11264K, 0% used [0x00000000dc080000,0x00000000dc080000,0x00000000dcb80000)
 ParOldGen       total 63488K, used 8770K [0x0000000080000000, 0x0000000083e00000, 0x00000000d5580000)
  object space 63488K, 13% used [0x0000000080000000,0x0000000080890ab0,0x0000000083e00000)
 Metaspace       used 28336K, capacity 29008K, committed 29312K, reserved 1075200K
  class space    used 4006K, capacity 4223K, committed 4224K, reserved 1048576K
}

Deoptimization events (10 events):
Event: 7.600 Thread 0x000000001c3fa000 Uncommon trap: reason=class_check action=maybe_recompile pc=0x00000000031e6c30 method=sun.misc.URLClassPath.getLoader(I)Lsun/misc/URLClassPath$Loader; @ 94
Event: 7.611 Thread 0x000000001c3fa000 Uncommon trap: reason=class_check action=maybe_recompile pc=0x00000000031d69fc method=sun.misc.URLClassPath.getLoader(I)Lsun/misc/URLClassPath$Loader; @ 239
Event: 7.649 Thread 0x000000001c3fa000 Uncommon trap: reason=bimorphic action=maybe_recompile pc=0x0000000003402878 method=org.codehaus.groovy.runtime.metaclass.MetaMethodIndex.addMethodToList(Ljava/lang/Object;Lgroovy/lang/MetaMethod;)Ljava/lang/Object; @ 130
Event: 7.649 Thread 0x000000001c3fa000 Uncommon trap: reason=bimorphic action=maybe_recompile pc=0x0000000003402878 method=org.codehaus.groovy.runtime.metaclass.MetaMethodIndex.addMethodToList(Ljava/lang/Object;Lgroovy/lang/MetaMethod;)Ljava/lang/Object; @ 130
Event: 7.649 Thread 0x000000001c3fa000 Uncommon trap: reason=bimorphic action=maybe_recompile pc=0x0000000003402878 method=org.codehaus.groovy.runtime.metaclass.MetaMethodIndex.addMethodToList(Ljava/lang/Object;Lgroovy/lang/MetaMethod;)Ljava/lang/Object; @ 130
Event: 7.649 Thread 0x000000001c3fa000 Uncommon trap: reason=class_check action=maybe_recompile pc=0x0000000003402894 method=org.codehaus.groovy.runtime.metaclass.MetaMethodIndex.addMethodToList(Ljava/lang/Object;Lgroovy/lang/MetaMethod;)Ljava/lang/Object; @ 240
Event: 7.649 Thread 0x000000001c3fa000 Uncommon trap: reason=class_check action=maybe_recompile pc=0x0000000003402894 method=org.codehaus.groovy.runtime.metaclass.MetaMethodIndex.addMethodToList(Ljava/lang/Object;Lgroovy/lang/MetaMethod;)Ljava/lang/Object; @ 240
Event: 7.649 Thread 0x000000001c3fa000 Uncommon trap: reason=class_check action=maybe_recompile pc=0x0000000003402894 method=org.codehaus.groovy.runtime.metaclass.MetaMethodIndex.addMethodToList(Ljava/lang/Object;Lgroovy/lang/MetaMethod;)Ljava/lang/Object; @ 240
Event: 7.649 Thread 0x000000001c3fa000 Uncommon trap: reason=class_check action=maybe_recompile pc=0x0000000003402894 method=org.codehaus.groovy.runtime.metaclass.MetaMethodIndex.addMethodToList(Ljava/lang/Object;Lgroovy/lang/MetaMethod;)Ljava/lang/Object; @ 240
Event: 7.817 Thread 0x000000001c3fa000 Uncommon trap: reason=class_check action=maybe_recompile pc=0x0000000003214ba8 method=java.util.WeakHashMap.eq(Ljava/lang/Object;Ljava/lang/Object;)Z @ 7

Classes redefined (0 events):
No events

Internal exceptions (10 events):
Event: 7.779 Thread 0x000000001c3fa000 Exception <a 'java/lang/ClassNotFoundException': org/gradle/api/internal/artifacts/dsl/DefaultRepositoryHandlerBeanInfo> (0x00000000d86d1280) thrown at [C:\ade\jenkins\workspace\8-2-build-windows-amd64-cygwin\jdk8u241\331\hotspot\src\share\vm\classfile\sy
Event: 7.782 Thread 0x000000001c3fa000 Exception <a 'java/lang/ClassNotFoundException': org/gradle/api/internal/artifacts/DefaultArtifactRepositoryContainerBeanInfo> (0x00000000d8726e18) thrown at [C:\ade\jenkins\workspace\8-2-build-windows-amd64-cygwin\jdk8u241\331\hotspot\src\share\vm\classf
Event: 7.786 Thread 0x000000001c3fa000 Exception <a 'java/lang/ClassNotFoundException': org/gradle/api/internal/DefaultNamedDomainObjectListBeanInfo> (0x00000000d875ba38) thrown at [C:\ade\jenkins\workspace\8-2-build-windows-amd64-cygwin\jdk8u241\331\hotspot\src\share\vm\classfile\systemDictio
Event: 7.788 Thread 0x000000001c3fa000 Exception <a 'java/lang/ClassNotFoundException': org/gradle/api/internal/DefaultNamedDomainObjectCollectionBeanInfo> (0x00000000d8792c30) thrown at [C:\ade\jenkins\workspace\8-2-build-windows-amd64-cygwin\jdk8u241\331\hotspot\src\share\vm\classfile\system
Event: 7.795 Thread 0x000000001c3fa000 Exception <a 'java/lang/ClassNotFoundException': org/gradle/api/internal/DefaultDomainObjectCollectionBeanInfo> (0x00000000d87c8648) thrown at [C:\ade\jenkins\workspace\8-2-build-windows-amd64-cygwin\jdk8u241\331\hotspot\src\share\vm\classfile\systemDicti
Event: 7.796 Thread 0x000000001c3fa000 Exception <a 'java/lang/ClassNotFoundException': java/util/AbstractCollectionBeanInfo> (0x00000000d87ccda0) thrown at [C:\ade\jenkins\workspace\8-2-build-windows-amd64-cygwin\jdk8u241\331\hotspot\src\share\vm\classfile\systemDictionary.cpp, line 210]
Event: 7.796 Thread 0x000000001c3fa000 Exception <a 'java/lang/ClassNotFoundException': java/util/AbstractCollectionCustomizer> (0x00000000d87d1508) thrown at [C:\ade\jenkins\workspace\8-2-build-windows-amd64-cygwin\jdk8u241\331\hotspot\src\share\vm\classfile\systemDictionary.cpp, line 210]
Event: 7.802 Thread 0x000000001c3fa000 Exception <a 'java/lang/ClassNotFoundException': org/gradle/api/internal/DefaultDomainObjectCollectionCustomizer> (0x00000000d88183b0) thrown at [C:\ade\jenkins\workspace\8-2-build-windows-amd64-cygwin\jdk8u241\331\hotspot\src\share\vm\classfile\systemDic
Event: 7.806 Thread 0x000000001c3fa000 Exception <a 'java/lang/ClassNotFoundException': org/gradle/api/internal/DefaultNamedDomainObjectCollectionCustomizer> (0x00000000d8877d18) thrown at [C:\ade\jenkins\workspace\8-2-build-windows-amd64-cygwin\jdk8u241\331\hotspot\src\share\vm\classfile\syst
Event: 7.816 Thread 0x000000001c3fa000 Exception <a 'java/lang/ClassNotFoundException': org/gradle/api/internal/DefaultNamedDomainObjectListCustomizer> (0x00000000d88ee120) thrown at [C:\ade\jenkins\workspace\8-2-build-windows-amd64-cygwin\jdk8u241\331\hotspot\src\share\vm\classfile\systemDict

Events (10 events):
Event: 7.815 loading class org/gradle/api/internal/DefaultNamedDomainObjectListCustomizer done
Event: 7.815 loading class org/gradle/api/internal/DefaultNamedDomainObjectListCustomizer
Event: 7.815 loading class org/gradle/api/internal/DefaultNamedDomainObjectListCustomizer done
Event: 7.816 loading class org/gradle/api/internal/DefaultNamedDomainObjectListCustomizer
Event: 7.816 loading class org/gradle/api/internal/DefaultNamedDomainObjectListCustomizer done
Event: 7.817 Thread 0x000000001c3fa000 Uncommon trap: trap_request=0xffffffde fr.pc=0x0000000003214ba8
Event: 7.817 Thread 0x000000001c3fa000 DEOPT PACKING pc=0x0000000003214ba8 sp=0x000000001dee6870
Event: 7.817 Thread 0x000000001c3fa000 DEOPT UNPACKING pc=0x0000000002af583b sp=0x000000001dee67c0 mode 2
Event: 7.821 loading class org/gradle/api/internal/artifacts/DefaultArtifactRepositoryContainerCustomizer
Event: 7.821 loading class org/gradle/api/internal/artifacts/DefaultArtifactRepositoryContainerCustomizer done


Dynamic libraries:
0x00007ff673dc0000 - 0x00007ff673df7000 	C:\Program Files\Java\jdk1.8.0_241\bin\java.exe
0x00007ffa2f920000 - 0x00007ffa2fb01000 	C:\WINDOWS\SYSTEM32\ntdll.dll
0x00007ffa2cf10000 - 0x00007ffa2cfc1000 	C:\WINDOWS\System32\KERNEL32.DLL
0x00007ffa2c840000 - 0x00007ffa2cab3000 	C:\WINDOWS\System32\KERNELBASE.dll
0x00007ffa2f020000 - 0x00007ffa2f0c1000 	C:\WINDOWS\System32\ADVAPI32.dll
0x00007ffa2f7e0000 - 0x00007ffa2f87e000 	C:\WINDOWS\System32\msvcrt.dll
0x00007ffa2f880000 - 0x00007ffa2f8db000 	C:\WINDOWS\System32\sechost.dll
0x00007ffa2f6b0000 - 0x00007ffa2f7d4000 	C:\WINDOWS\System32\RPCRT4.dll
0x00007ffa2d850000 - 0x00007ffa2d9e0000 	C:\WINDOWS\System32\USER32.dll
0x00007ffa2cd90000 - 0x00007ffa2cdb0000 	C:\WINDOWS\System32\win32u.dll
0x00007ffa2f680000 - 0x00007ffa2f6a8000 	C:\WINDOWS\System32\GDI32.dll
0x00007ffa2cbf0000 - 0x00007ffa2cd82000 	C:\WINDOWS\System32\gdi32full.dll
0x00007ffa2bce0000 - 0x00007ffa2bd7f000 	C:\WINDOWS\System32\msvcp_win.dll
0x00007ffa2bd80000 - 0x00007ffa2be78000 	C:\WINDOWS\System32\ucrtbase.dll
0x00007ffa210c0000 - 0x00007ffa21329000 	C:\WINDOWS\WinSxS\amd64_microsoft.windows.common-controls_6595b64144ccf1df_6.0.17134.1550_none_d40142657c8ef2c1\COMCTL32.dll
0x00007ffa2d530000 - 0x00007ffa2d850000 	C:\WINDOWS\System32\combase.dll
0x00007ffa2cb70000 - 0x00007ffa2cbe9000 	C:\WINDOWS\System32\bcryptPrimitives.dll
0x00007ffa2cdb0000 - 0x00007ffa2cddd000 	C:\WINDOWS\System32\IMM32.DLL
0x0000000072450000 - 0x0000000072522000 	C:\Program Files\Java\jdk1.8.0_241\jre\bin\msvcr100.dll
0x0000000071ba0000 - 0x000000007244c000 	C:\Program Files\Java\jdk1.8.0_241\jre\bin\server\jvm.dll
0x00007ffa2f0d0000 - 0x00007ffa2f0d8000 	C:\WINDOWS\System32\PSAPI.DLL
0x00007ffa24a70000 - 0x00007ffa24a79000 	C:\WINDOWS\SYSTEM32\WSOCK32.dll
0x00007ffa25720000 - 0x00007ffa25743000 	C:\WINDOWS\SYSTEM32\WINMM.dll
0x00007ffa2ee30000 - 0x00007ffa2ee9c000 	C:\WINDOWS\System32\WS2_32.dll
0x00007ffa27560000 - 0x00007ffa2756a000 	C:\WINDOWS\SYSTEM32\VERSION.dll
0x00007ffa256f0000 - 0x00007ffa2571a000 	C:\WINDOWS\SYSTEM32\WINMMBASE.dll
0x00007ffa2c7f0000 - 0x00007ffa2c839000 	C:\WINDOWS\System32\cfgmgr32.dll
0x00007ffa27770000 - 0x00007ffa2777f000 	C:\Program Files\Java\jdk1.8.0_241\jre\bin\verify.dll
0x00007ffa1ba20000 - 0x00007ffa1ba49000 	C:\Program Files\Java\jdk1.8.0_241\jre\bin\java.dll
0x00007ffa1be60000 - 0x00007ffa1be76000 	C:\Program Files\Java\jdk1.8.0_241\jre\bin\zip.dll
0x00007ffa2d9e0000 - 0x00007ffa2ee25000 	C:\WINDOWS\System32\SHELL32.dll
0x00007ffa2f2e0000 - 0x00007ffa2f389000 	C:\WINDOWS\System32\shcore.dll
0x00007ffa2bee0000 - 0x00007ffa2c5f1000 	C:\WINDOWS\System32\windows.storage.dll
0x00007ffa2f620000 - 0x00007ffa2f671000 	C:\WINDOWS\System32\shlwapi.dll
0x00007ffa2bcc0000 - 0x00007ffa2bcd1000 	C:\WINDOWS\System32\kernel.appcore.dll
0x00007ffa2bca0000 - 0x00007ffa2bcbf000 	C:\WINDOWS\System32\profapi.dll
0x00007ffa2bc30000 - 0x00007ffa2bc7c000 	C:\WINDOWS\System32\powrprof.dll
0x00007ffa2bc20000 - 0x00007ffa2bc2a000 	C:\WINDOWS\System32\FLTLIB.DLL
0x00007ffa1bc70000 - 0x00007ffa1bc8a000 	C:\Program Files\Java\jdk1.8.0_241\jre\bin\net.dll
0x00007ffa2b4a0000 - 0x00007ffa2b506000 	C:\WINDOWS\system32\mswsock.dll
0x00007ffa1ad20000 - 0x00007ffa1ad32000 	C:\Program Files\Java\jdk1.8.0_241\jre\bin\nio.dll
0x00007ffa1ae70000 - 0x00007ffa1ae96000 	C:\Users\admin\.gradle\native\31\windows-amd64\native-platform.dll
0x00007ffa1ba10000 - 0x00007ffa1ba1d000 	C:\Program Files\Java\jdk1.8.0_241\jre\bin\management.dll
0x00007ffa2b650000 - 0x00007ffa2b667000 	C:\WINDOWS\SYSTEM32\CRYPTSP.dll
0x00007ffa2b050000 - 0x00007ffa2b083000 	C:\WINDOWS\system32\rsaenh.dll
0x00007ffa2b780000 - 0x00007ffa2b7a5000 	C:\WINDOWS\SYSTEM32\bcrypt.dll
0x00007ffa2bb20000 - 0x00007ffa2bb48000 	C:\WINDOWS\SYSTEM32\USERENV.dll
0x00007ffa2b670000 - 0x00007ffa2b67b000 	C:\WINDOWS\SYSTEM32\CRYPTBASE.dll
0x00007ffa2b1f0000 - 0x00007ffa2b228000 	C:\WINDOWS\SYSTEM32\IPHLPAPI.DLL
0x00007ffa2f610000 - 0x00007ffa2f618000 	C:\WINDOWS\System32\NSI.dll
0x00007ffa244d0000 - 0x00007ffa244e6000 	C:\WINDOWS\SYSTEM32\dhcpcsvc6.DLL
0x00007ffa244b0000 - 0x00007ffa244ca000 	C:\WINDOWS\SYSTEM32\dhcpcsvc.DLL

VM Arguments:
jvm_args: -Xmx2048m -Dfile.encoding=windows-1252 -Duser.country=US -Duser.language=en -Duser.variant 
java_command: org.gradle.launcher.daemon.bootstrap.GradleDaemon 6.1.1
java_class_path (initial): C:\Users\admin\.gradle\wrapper\dists\gradle-6.1.1-all\cfmwm155h49vnt3hynmlrsdst\gradle-6.1.1\lib\gradle-launcher-6.1.1.jar
Launcher Type: SUN_STANDARD

Environment Variables:
JAVA_HOME=C:\Program Files\Java\jdk1.8.0_241
PATH=C:\Program Files\Microsoft MPI\Bin\;C:\Program Files (x86)\Common Files\Oracle\Java\javapath;C:\WINDOWS\system32;C:\WINDOWS;C:\WINDOWS\System32\Wbem;C:\WINDOWS\System32\WindowsPowerShell\v1.0\;C:\Program Files\Microsoft SQL Server\110\Tools\Binn\;C:\Program Files\Microsoft SQL Server\130\Tools\Binn\;C:\Program Files\dotnet\;C:\Program Files (x86)\Windows Live\Shared;C:\WINDOWS\System32\OpenSSH\;C:\Program Files (x86)\Microsoft SQL Server\130\Tools\Binn\;C:\Program Files (x86)\Microsoft SQL Server\130\DTS\Binn\;C:\Program Files\Microsoft SQL Server\130\DTS\Binn\;C:\Program Files\Microsoft SQL Server\Client SDK\ODBC\130\Tools\Binn\;C:\Program Files (x86)\Microsoft SQL Server\Client SDK\ODBC\130\Tools\Binn\;C:\Program Files (x86)\Microsoft SQL Server\130\Tools\Binn\ManagementStudio\;C:\Program Files\nodejs\;C:\Program Files\NVIDIA Corporation\NVIDIA NvDLISR;C:\Program Files\Git\cmd;C:\Program Files\Amazon\AWSCLI\;C:\Users\admin\AppData\Local\Microsoft\WindowsApps;;C:\Users\admin\AppData\Local\Programs\Microsoft VS Code\bin;C:\Users\admin\AppData\Roaming\npm
USERNAME=admin
OS=Windows_NT
PROCESSOR_IDENTIFIER=Intel64 Family 6 Model 58 Stepping 9, GenuineIntel



---------------  S Y S T E M  ---------------

OS: Windows 10.0 , 64 bit Build 17134 (10.0.17134.1425)

CPU:total 8 (initial active 8) (4 cores per cpu, 2 threads per core) family 6 model 58 stepping 9, cmov, cx8, fxsr, mmx, sse, sse2, sse3, ssse3, sse4.1, sse4.2, popcnt, avx, aes, clmul, erms, ht, tsc, tscinvbit, tscinv

Memory: 4k page, physical 8319548k(1470916k free), swap 8319548k(4092k free)

vm_info: Java HotSpot(TM) 64-Bit Server VM (25.241-b07) for windows-amd64 JRE (1.8.0_241-b07), built on Dec 11 2019 10:21:40 by "rejava" with MS VC++ 10.0 (VS2010)

time: Mon Jul 13 11:13:55 2020
timezone: SE Asia Standard Time
elapsed time: 7 seconds (0d 0h 0m 7s)

