#
# There is insufficient memory for the Java Runtime Environment to continue.
# Native memory allocation (malloc) failed to allocate 1057296 bytes for Chunk::new
# Possible reasons:
#   The system is out of physical RAM or swap space
#   The process is running with CompressedOops enabled, and the Java Heap may be blocking the growth of the native heap
# Possible solutions:
#   Reduce memory load on the system
#   Increase physical memory or swap space
#   Check if swap backing store is full
#   Decrease Java heap size (-Xmx/-Xms)
#   Decrease number of Java threads
#   Decrease Java thread stack sizes (-Xss)
#   Set larger code cache with -XX:ReservedCodeCacheSize=
#   JVM is running with Unscaled Compressed Oops mode in which the Java heap is
#     placed in the first 4GB address space. The Java Heap base address is the
#     maximum limit for the native heap growth. Please use -XX:HeapBaseMinAddress
#     to set the Java Heap base and to place the Java Heap above 4GB virtual address.
# This output file may be truncated or incomplete.
#
#  Out of Memory Error (allocation.cpp:389), pid=1292, tid=0x0000000000001c28
#
# JRE version: Java(TM) SE Runtime Environment (8.0_241-b07) (build 1.8.0_241-b07)
# Java VM: Java HotSpot(TM) 64-Bit Server VM (25.241-b07 mixed mode windows-amd64 compressed oops)
# Failed to write core dump. Minidumps are not enabled by default on client versions of Windows
#

---------------  T H R E A D  ---------------

Current thread (0x0000000019fcb800):  JavaThread "C2 CompilerThread1" daemon [_thread_in_native, id=7208, stack(0x000000001a980000,0x000000001aa80000)]

Stack: [0x000000001a980000,0x000000001aa80000]
[error occurred during error reporting (printing stack bounds), id 0xc0000005]

Native frames: (J=compiled Java code, j=interpreted, Vv=VM code, C=native code)


Current CompileTask:
C2:   9257 2652       4       org.objectweb.asm.Frame::execute (2318 bytes)


---------------  P R O C E S S  ---------------

Java Threads: ( => current thread )
  0x000000001c621800 JavaThread "Cache worker for execution history cache (C:\Users\admin\.gradle\caches\6.1.1\executionHistory)" [_thread_blocked, id=1304, stack(0x0000000022a70000,0x0000000022b70000)]
  0x000000001c620800 JavaThread "Cache worker for cache directory md-rule (C:\Users\admin\.gradle\caches\6.1.1\md-rule)" [_thread_blocked, id=8716, stack(0x0000000022970000,0x0000000022a70000)]
  0x000000001c61e800 JavaThread "Cache worker for cache directory md-supplier (C:\Users\admin\.gradle\caches\6.1.1\md-supplier)" [_thread_blocked, id=13468, stack(0x0000000022870000,0x0000000022970000)]
  0x000000001c623800 JavaThread "Cache worker for file hash cache (C:\Users\admin\Desktop\software-engineering-project\c-food-main\.gradle\6.1.1\fileHashes)" [_thread_blocked, id=236, stack(0x00000000215a0000,0x00000000216a0000)]
  0x000000001c620000 JavaThread "Cache worker for checksums cache (C:\Users\admin\Desktop\software-engineering-project\c-food-main\.gradle\checksums)" [_thread_blocked, id=14172, stack(0x00000000214a0000,0x00000000215a0000)]
  0x000000001c625000 JavaThread "Cache worker for file hash cache (C:\Users\admin\.gradle\caches\6.1.1\fileHashes)" [_thread_blocked, id=9648, stack(0x000000001eda0000,0x000000001eea0000)]
  0x000000001c61f000 JavaThread "File lock request listener" [_thread_in_native, id=11224, stack(0x000000001eca0000,0x000000001eda0000)]
  0x000000001c624800 JavaThread "Cache worker for journal cache (C:\Users\admin\.gradle\caches\journal-1)" [_thread_blocked, id=14116, stack(0x000000001eba0000,0x000000001eca0000)]
  0x000000001ca13000 JavaThread "Thread-9" [_thread_blocked, id=2764, stack(0x000000001e8a0000,0x000000001e9a0000)]
  0x000000001ca1e000 JavaThread "Stdin handler" [_thread_blocked, id=12304, stack(0x000000001e7a0000,0x000000001e8a0000)]
  0x000000001cab1800 JavaThread "Asynchronous log dispatcher for DefaultDaemonConnection: socket connection from /127.0.0.1:54074 to /127.0.0.1:54075" [_thread_blocked, id=11336, stack(0x000000001e6a0000,0x000000001e7a0000)]
  0x000000001caad000 JavaThread "Daemon worker" [_thread_in_native, id=6088, stack(0x000000001e4a0000,0x000000001e5a0000)]
  0x000000001caac800 JavaThread "Cancel handler" [_thread_blocked, id=8956, stack(0x000000001e3a0000,0x000000001e4a0000)]
  0x000000001afa7000 JavaThread "Handler for socket connection from /127.0.0.1:54074 to /127.0.0.1:54075" [_thread_in_native, id=3696, stack(0x000000001e0a0000,0x000000001e1a0000)]
  0x000000001afa2800 JavaThread "Daemon" [_thread_blocked, id=9608, stack(0x000000001dfa0000,0x000000001e0a0000)]
  0x000000001af5e000 JavaThread "Daemon periodic checks" [_thread_blocked, id=13920, stack(0x000000001dea0000,0x000000001dfa0000)]
  0x000000001af5d800 JavaThread "Incoming local TCP Connector on port 54074" [_thread_in_native, id=6248, stack(0x000000001dc60000,0x000000001dd60000)]
  0x000000001af59800 JavaThread "Daemon health stats" [_thread_blocked, id=1636, stack(0x000000001d620000,0x000000001d720000)]
  0x000000001a04d000 JavaThread "Service Thread" daemon [_thread_blocked, id=11164, stack(0x000000001ac80000,0x000000001ad80000)]
  0x0000000019fd6000 JavaThread "C1 CompilerThread3" daemon [_thread_blocked, id=11280, stack(0x000000001ab80000,0x000000001ac80000)]
  0x0000000019fcc800 JavaThread "C2 CompilerThread2" daemon [_thread_blocked, id=9904, stack(0x000000001aa80000,0x000000001ab80000)]
=>0x0000000019fcb800 JavaThread "C2 CompilerThread1" daemon [_thread_in_native, id=7208, stack(0x000000001a980000,0x000000001aa80000)]
  0x0000000019fc5800 JavaThread "C2 CompilerThread0" daemon [_thread_in_native, id=13724, stack(0x000000001a880000,0x000000001a980000)]
  0x0000000019fc2000 JavaThread "Attach Listener" daemon [_thread_blocked, id=5396, stack(0x000000001a780000,0x000000001a880000)]
  0x0000000019fc1000 JavaThread "Signal Dispatcher" daemon [_thread_blocked, id=13704, stack(0x000000001a680000,0x000000001a780000)]
  0x0000000019fb1000 JavaThread "Finalizer" daemon [_thread_blocked, id=804, stack(0x000000001a490000,0x000000001a590000)]
  0x0000000019fb0800 JavaThread "Reference Handler" daemon [_thread_blocked, id=12620, stack(0x000000001a390000,0x000000001a490000)]
  0x0000000003042800 JavaThread "main" [_thread_blocked, id=13796, stack(0x0000000002f40000,0x0000000003040000)]

Other Threads:
  0x00000000181a9800 VMThread [stack: 0x0000000019e90000,0x0000000019f90000] [id=10860]
  0x000000001a077000 WatcherThread [stack: 0x000000001ad80000,0x000000001ae80000] [id=11632]

VM state:not at safepoint (normal execution)

VM Mutex/Monitor currently owned by a thread: None

heap address: 0x0000000080000000, size: 2048 MB, Compressed Oops mode: 32-bit
Narrow klass base: 0x0000000000000000, Narrow klass shift: 3
Compressed class space size: 1073741824 Address: 0x0000000100000000

Heap:
 PSYoungGen      total 77312K, used 24781K [0x00000000d5580000, 0x00000000dab80000, 0x0000000100000000)
  eden space 66560K, 23% used [0x00000000d5580000,0x00000000d64f2000,0x00000000d9680000)
  from space 10752K, 83% used [0x00000000da100000,0x00000000da9c17a8,0x00000000dab80000)
  to   space 10752K, 0% used [0x00000000d9680000,0x00000000d9680000,0x00000000da100000)
 ParOldGen       total 57856K, used 9830K [0x0000000080000000, 0x0000000083880000, 0x00000000d5580000)
  object space 57856K, 16% used [0x0000000080000000,0x0000000080999938,0x0000000083880000)
 Metaspace       used 33302K, capacity 34136K, committed 34432K, reserved 1079296K
  class space    used 4677K, capacity 4903K, committed 4992K, reserved 1048576K

Card table byte_map: [0x0000000012500000,0x0000000012910000] byte_map_base: 0x0000000012100000

Marking Bits: (ParMarkBitMap*) 0x0000000074a9be30
 Begin Bits: [0x00000000133c0000, 0x00000000153c0000)
 End Bits:   [0x00000000153c0000, 0x00000000173c0000)

Polling page: 0x0000000001120000

CodeCache: size=245760Kb used=9530Kb max_used=9538Kb free=236229Kb
 bounds [0x0000000003140000, 0x0000000003aa0000, 0x0000000012140000]
 total_blobs=3113 nmethods=2427 adapters=598
 compilation: enabled

Compilation events (10 events):
Event: 9.147 Thread 0x0000000019fd6000 2654       3       java.lang.invoke.DirectMethodHandle::<init> (132 bytes)
Event: 9.149 Thread 0x0000000019fd6000 nmethod 2654 0x0000000003a93ad0 code [0x0000000003a93d80, 0x0000000003a95598]
Event: 9.149 Thread 0x0000000019fd6000 2655       3       jdk.internal.org.objectweb.asm.MethodWriter::visitCode (1 bytes)
Event: 9.149 Thread 0x0000000019fd6000 nmethod 2655 0x0000000003a7f410 code [0x0000000003a7f560, 0x0000000003a7f6b0]
Event: 9.152 Thread 0x0000000019fcc800 2656       4       java.lang.String::<init> (100 bytes)
Event: 9.156 Thread 0x0000000019fd6000 2657       3       java.util.concurrent.locks.AbstractQueuedSynchronizer$ConditionObject::unlinkCancelledWaiters (67 bytes)
Event: 9.156 Thread 0x0000000019fcc800 nmethod 2656 0x0000000003a77710 code [0x0000000003a77860, 0x0000000003a77b78]
Event: 9.156 Thread 0x0000000019fd6000 nmethod 2657 0x0000000003a98810 code [0x0000000003a98980, 0x0000000003a98cd0]
Event: 9.210 Thread 0x0000000019fd6000 2658       3       java.util.concurrent.locks.AbstractQueuedSynchronizer::enq (58 bytes)
Event: 9.211 Thread 0x0000000019fd6000 nmethod 2658 0x0000000003a97f50 code [0x0000000003a980e0, 0x0000000003a98610]

GC Heap History (10 events):
Event: 5.837 GC heap before
{Heap before GC invocations=5 (full 0):
 PSYoungGen      total 38400K, used 38368K [0x00000000d5580000, 0x00000000d8000000, 0x0000000100000000)
  eden space 33280K, 100% used [0x00000000d5580000,0x00000000d7600000,0x00000000d7600000)
  from space 5120K, 99% used [0x00000000d7b00000,0x00000000d7ff8020,0x00000000d8000000)
  to   space 5120K, 0% used [0x00000000d7600000,0x00000000d7600000,0x00000000d7b00000)
 ParOldGen       total 87552K, used 4285K [0x0000000080000000, 0x0000000085580000, 0x00000000d5580000)
  object space 87552K, 4% used [0x0000000080000000,0x000000008042f5e8,0x0000000085580000)
 Metaspace       used 18454K, capacity 19032K, committed 19200K, reserved 1064960K
  class space    used 2611K, capacity 2796K, committed 2816K, reserved 1048576K
Event: 5.846 GC heap after
Heap after GC invocations=5 (full 0):
 PSYoungGen      total 38400K, used 5088K [0x00000000d5580000, 0x00000000dab80000, 0x0000000100000000)
  eden space 33280K, 0% used [0x00000000d5580000,0x00000000d5580000,0x00000000d7600000)
  from space 5120K, 99% used [0x00000000d7600000,0x00000000d7af8020,0x00000000d7b00000)
  to   space 10752K, 0% used [0x00000000da100000,0x00000000da100000,0x00000000dab80000)
 ParOldGen       total 87552K, used 7719K [0x0000000080000000, 0x0000000085580000, 0x00000000d5580000)
  object space 87552K, 8% used [0x0000000080000000,0x0000000080789fc8,0x0000000085580000)
 Metaspace       used 18454K, capacity 19032K, committed 19200K, reserved 1064960K
  class space    used 2611K, capacity 2796K, committed 2816K, reserved 1048576K
}
Event: 6.217 GC heap before
{Heap before GC invocations=6 (full 0):
 PSYoungGen      total 38400K, used 31013K [0x00000000d5580000, 0x00000000dab80000, 0x0000000100000000)
  eden space 33280K, 77% used [0x00000000d5580000,0x00000000d6ed15a8,0x00000000d7600000)
  from space 5120K, 99% used [0x00000000d7600000,0x00000000d7af8020,0x00000000d7b00000)
  to   space 10752K, 0% used [0x00000000da100000,0x00000000da100000,0x00000000dab80000)
 ParOldGen       total 87552K, used 7719K [0x0000000080000000, 0x0000000085580000, 0x00000000d5580000)
  object space 87552K, 8% used [0x0000000080000000,0x0000000080789fc8,0x0000000085580000)
 Metaspace       used 20587K, capacity 21248K, committed 21296K, reserved 1067008K
  class space    used 2961K, capacity 3180K, committed 3200K, reserved 1048576K
Event: 6.226 GC heap after
Heap after GC invocations=6 (full 0):
 PSYoungGen      total 77312K, used 8073K [0x00000000d5580000, 0x00000000dab80000, 0x0000000100000000)
  eden space 66560K, 0% used [0x00000000d5580000,0x00000000d5580000,0x00000000d9680000)
  from space 10752K, 75% used [0x00000000da100000,0x00000000da8e26c8,0x00000000dab80000)
  to   space 10752K, 0% used [0x00000000d9680000,0x00000000d9680000,0x00000000da100000)
 ParOldGen       total 87552K, used 7727K [0x0000000080000000, 0x0000000085580000, 0x00000000d5580000)
  object space 87552K, 8% used [0x0000000080000000,0x000000008078bfc8,0x0000000085580000)
 Metaspace       used 20587K, capacity 21248K, committed 21296K, reserved 1067008K
  class space    used 2961K, capacity 3180K, committed 3200K, reserved 1048576K
}
Event: 6.226 GC heap before
{Heap before GC invocations=7 (full 1):
 PSYoungGen      total 77312K, used 8073K [0x00000000d5580000, 0x00000000dab80000, 0x0000000100000000)
  eden space 66560K, 0% used [0x00000000d5580000,0x00000000d5580000,0x00000000d9680000)
  from space 10752K, 75% used [0x00000000da100000,0x00000000da8e26c8,0x00000000dab80000)
  to   space 10752K, 0% used [0x00000000d9680000,0x00000000d9680000,0x00000000da100000)
 ParOldGen       total 87552K, used 7727K [0x0000000080000000, 0x0000000085580000, 0x00000000d5580000)
  object space 87552K, 8% used [0x0000000080000000,0x000000008078bfc8,0x0000000085580000)
 Metaspace       used 20587K, capacity 21248K, committed 21296K, reserved 1067008K
  class space    used 2961K, capacity 3180K, committed 3200K, reserved 1048576K
Event: 6.270 GC heap after
Heap after GC invocations=7 (full 1):
 PSYoungGen      total 77312K, used 0K [0x00000000d5580000, 0x00000000dab80000, 0x0000000100000000)
  eden space 66560K, 0% used [0x00000000d5580000,0x00000000d5580000,0x00000000d9680000)
  from space 10752K, 0% used [0x00000000da100000,0x00000000da100000,0x00000000dab80000)
  to   space 10752K, 0% used [0x00000000d9680000,0x00000000d9680000,0x00000000da100000)
 ParOldGen       total 57856K, used 8738K [0x0000000080000000, 0x0000000083880000, 0x00000000d5580000)
  object space 57856K, 15% used [0x0000000080000000,0x0000000080888b60,0x0000000083880000)
 Metaspace       used 20587K, capacity 21248K, committed 21296K, reserved 1067008K
  class space    used 2961K, capacity 3180K, committed 3200K, reserved 1048576K
}
Event: 7.261 GC heap before
{Heap before GC invocations=8 (full 1):
 PSYoungGen      total 77312K, used 66560K [0x00000000d5580000, 0x00000000dab80000, 0x0000000100000000)
  eden space 66560K, 100% used [0x00000000d5580000,0x00000000d9680000,0x00000000d9680000)
  from space 10752K, 0% used [0x00000000da100000,0x00000000da100000,0x00000000dab80000)
  to   space 10752K, 0% used [0x00000000d9680000,0x00000000d9680000,0x00000000da100000)
 ParOldGen       total 57856K, used 9814K [0x0000000080000000, 0x0000000083880000, 0x00000000d5580000)
  object space 57856K, 16% used [0x0000000080000000,0x0000000080995938,0x0000000083880000)
 Metaspace       used 28932K, capacity 29576K, committed 29824K, reserved 1075200K
  class space    used 4009K, capacity 4223K, committed 4224K, reserved 1048576K
Event: 7.270 GC heap after
Heap after GC invocations=8 (full 1):
 PSYoungGen      total 77312K, used 8360K [0x00000000d5580000, 0x00000000dab80000, 0x0000000100000000)
  eden space 66560K, 0% used [0x00000000d5580000,0x00000000d5580000,0x00000000d9680000)
  from space 10752K, 77% used [0x00000000d9680000,0x00000000d9eaa008,0x00000000da100000)
  to   space 10752K, 0% used [0x00000000da100000,0x00000000da100000,0x00000000dab80000)
 ParOldGen       total 57856K, used 9822K [0x0000000080000000, 0x0000000083880000, 0x00000000d5580000)
  object space 57856K, 16% used [0x0000000080000000,0x0000000080997938,0x0000000083880000)
 Metaspace       used 28932K, capacity 29576K, committed 29824K, reserved 1075200K
  class space    used 4009K, capacity 4223K, committed 4224K, reserved 1048576K
}
Event: 8.792 GC heap before
{Heap before GC invocations=9 (full 1):
 PSYoungGen      total 77312K, used 74920K [0x00000000d5580000, 0x00000000dab80000, 0x0000000100000000)
  eden space 66560K, 100% used [0x00000000d5580000,0x00000000d9680000,0x00000000d9680000)
  from space 10752K, 77% used [0x00000000d9680000,0x00000000d9eaa008,0x00000000da100000)
  to   space 10752K, 0% used [0x00000000da100000,0x00000000da100000,0x00000000dab80000)
 ParOldGen       total 57856K, used 9822K [0x0000000080000000, 0x0000000083880000, 0x00000000d5580000)
  object space 57856K, 16% used [0x0000000080000000,0x0000000080997938,0x0000000083880000)
 Metaspace       used 32661K, capacity 33438K, committed 33536K, reserved 1077248K
  class space    used 4571K, capacity 4802K, committed 4864K, reserved 1048576K
Event: 8.805 GC heap after
Heap after GC invocations=9 (full 1):
 PSYoungGen      total 77312K, used 8965K [0x00000000d5580000, 0x00000000dab80000, 0x0000000100000000)
  eden space 66560K, 0% used [0x00000000d5580000,0x00000000d5580000,0x00000000d9680000)
  from space 10752K, 83% used [0x00000000da100000,0x00000000da9c17a8,0x00000000dab80000)
  to   space 10752K, 0% used [0x00000000d9680000,0x00000000d9680000,0x00000000da100000)
 ParOldGen       total 57856K, used 9830K [0x0000000080000000, 0x0000000083880000, 0x00000000d5580000)
  object space 57856K, 16% used [0x0000000080000000,0x0000000080999938,0x0000000083880000)
 Metaspace       used 32661K, capacity 33438K, committed 33536K, reserved 1077248K
  class space    used 4571K, capacity 4802K, committed 4864K, reserved 1048576K
}

Deoptimization events (10 events):
Event: 7.271 Thread 0x0000000019fb0800 Uncommon trap: reason=unstable_if action=reinterpret pc=0x00000000036765fc method=java.lang.ref.Reference.tryHandlePending(Z)Z @ 104
Event: 7.748 Thread 0x000000001caad000 Uncommon trap: reason=unstable_if action=reinterpret pc=0x000000000339814c method=java.util.HashMap.getNode(ILjava/lang/Object;)Ljava/util/HashMap$Node; @ 53
Event: 7.748 Thread 0x000000001caad000 Uncommon trap: reason=unstable_if action=reinterpret pc=0x0000000003603664 method=java.util.HashMap.hash(Ljava/lang/Object;)I @ 1
Event: 7.903 Thread 0x000000001caad000 Uncommon trap: reason=unstable_if action=reinterpret pc=0x000000000336d404 method=org.gradle.internal.reflect.PropertyAccessorType.isGetGetterName(Ljava/lang/String;)Z @ 14
Event: 7.932 Thread 0x000000001caad000 Uncommon trap: reason=unstable_if action=reinterpret pc=0x0000000003851e08 method=org.objectweb.asm.ByteVector.putShort(I)Lorg/objectweb/asm/ByteVector; @ 13
Event: 8.035 Thread 0x000000001caad000 Uncommon trap: reason=class_check action=maybe_recompile pc=0x000000000380fd20 method=sun.misc.URLClassPath.getLoader(I)Lsun/misc/URLClassPath$Loader; @ 94
Event: 8.052 Thread 0x000000001caad000 Uncommon trap: reason=class_check action=maybe_recompile pc=0x000000000380bbfc method=sun.misc.URLClassPath.getLoader(I)Lsun/misc/URLClassPath$Loader; @ 239
Event: 8.313 Thread 0x000000001caad000 Uncommon trap: reason=unstable_if action=reinterpret pc=0x00000000039f91cc method=org.codehaus.groovy.runtime.metaclass.MetaMethodIndex.addMethodToList(Ljava/lang/Object;Lgroovy/lang/MetaMethod;)Ljava/lang/Object; @ 226
Event: 8.815 Thread 0x000000001caad000 Uncommon trap: reason=unstable_if action=reinterpret pc=0x00000000035f78f8 method=java.util.WeakHashMap.expungeStaleEntries()V @ 66
Event: 9.100 Thread 0x000000001caad000 Uncommon trap: reason=range_check action=make_not_entrant pc=0x0000000003a86014 method=java.lang.String.charAt(I)C @ 27

Classes redefined (0 events):
No events

Internal exceptions (10 events):
Event: 8.341 Thread 0x000000001caad000 Exception <a 'java/lang/ClassNotFoundException': org/gradle/api/internal/DefaultDomainObjectCollectionCustomizer> (0x00000000d8658668) thrown at [C:\ade\jenkins\workspace\8-2-build-windows-amd64-cygwin\jdk8u241\331\hotspot\src\share\vm\classfile\systemDic
Event: 8.345 Thread 0x000000001caad000 Exception <a 'java/lang/ClassNotFoundException': org/gradle/api/internal/DefaultNamedDomainObjectCollectionCustomizer> (0x00000000d86b8010) thrown at [C:\ade\jenkins\workspace\8-2-build-windows-amd64-cygwin\jdk8u241\331\hotspot\src\share\vm\classfile\syst
Event: 8.350 Thread 0x000000001caad000 Exception <a 'java/lang/ClassNotFoundException': org/gradle/api/internal/DefaultNamedDomainObjectListCustomizer> (0x00000000d872e3c0) thrown at [C:\ade\jenkins\workspace\8-2-build-windows-amd64-cygwin\jdk8u241\331\hotspot\src\share\vm\classfile\systemDict
Event: 8.353 Thread 0x000000001caad000 Exception <a 'java/lang/ClassNotFoundException': org/gradle/api/internal/artifacts/DefaultArtifactRepositoryContainerCustomizer> (0x00000000d87a5f30) thrown at [C:\ade\jenkins\workspace\8-2-build-windows-amd64-cygwin\jdk8u241\331\hotspot\src\share\vm\clas
Event: 8.356 Thread 0x000000001caad000 Exception <a 'java/lang/ClassNotFoundException': org/gradle/api/internal/artifacts/dsl/DefaultRepositoryHandlerCustomizer> (0x00000000d880dc78) thrown at [C:\ade\jenkins\workspace\8-2-build-windows-amd64-cygwin\jdk8u241\331\hotspot\src\share\vm\classfile\
Event: 8.359 Thread 0x000000001caad000 Exception <a 'java/lang/ClassNotFoundException': org/gradle/api/internal/artifacts/dsl/DefaultRepositoryHandler_DecoratedCustomizer> (0x00000000d888c298) thrown at [C:\ade\jenkins\workspace\8-2-build-windows-amd64-cygwin\jdk8u241\331\hotspot\src\share\vm\
Event: 8.806 Thread 0x000000001caad000 Exception <a 'java/lang/ClassNotFoundException': org/gradle/api/internal/artifacts/dsl/dependencies/DefaultDependencyHandler_DecoratedBeanInfo> (0x00000000d55e8980) thrown at [C:\ade\jenkins\workspace\8-2-build-windows-amd64-cygwin\jdk8u241\331\hotspot\sr
Event: 8.810 Thread 0x000000001caad000 Exception <a 'java/lang/ClassNotFoundException': org/gradle/api/internal/artifacts/dsl/dependencies/DefaultDependencyHandlerBeanInfo> (0x00000000d5643c10) thrown at [C:\ade\jenkins\workspace\8-2-build-windows-amd64-cygwin\jdk8u241\331\hotspot\src\share\vm
Event: 8.813 Thread 0x000000001caad000 Exception <a 'java/lang/ClassNotFoundException': org/gradle/api/internal/artifacts/dsl/dependencies/DefaultDependencyHandlerCustomizer> (0x00000000d569fd88) thrown at [C:\ade\jenkins\workspace\8-2-build-windows-amd64-cygwin\jdk8u241\331\hotspot\src\share\
Event: 8.817 Thread 0x000000001caad000 Exception <a 'java/lang/ClassNotFoundException': org/gradle/api/internal/artifacts/dsl/dependencies/DefaultDependencyHandler_DecoratedCustomizer> (0x00000000d5735b18) thrown at [C:\ade\jenkins\workspace\8-2-build-windows-amd64-cygwin\jdk8u241\331\hotspot\

Events (10 events):
Event: 9.189 loading class org/apache/http/conn/ssl/DefaultHostnameVerifier done
Event: 9.190 loading class javax/net/ssl/SSLException
Event: 9.190 loading class javax/net/ssl/SSLException done
Event: 9.191 loading class java/security/cert/CertificateParsingException
Event: 9.237 loading class java/security/cert/CertificateException
Event: 9.245 loading class java/security/cert/CertificateException done
Event: 9.245 loading class java/security/cert/CertificateParsingException done
Event: 9.245 loading class javax/net/ssl/SSLPeerUnverifiedException
Event: 9.246 loading class javax/net/ssl/SSLPeerUnverifiedException done
Event: 9.246 loading class javax/naming/NamingException


Dynamic libraries:
0x00007ff648a80000 - 0x00007ff648ab7000 	C:\Program Files\Java\jdk1.8.0_241\bin\java.exe
0x00007ffa2f920000 - 0x00007ffa2fb01000 	C:\WINDOWS\SYSTEM32\ntdll.dll
0x00007ffa2cf10000 - 0x00007ffa2cfc1000 	C:\WINDOWS\System32\KERNEL32.DLL
0x00007ffa2c840000 - 0x00007ffa2cab3000 	C:\WINDOWS\System32\KERNELBASE.dll
0x00007ffa2f020000 - 0x00007ffa2f0c1000 	C:\WINDOWS\System32\ADVAPI32.dll
0x00007ffa2f7e0000 - 0x00007ffa2f87e000 	C:\WINDOWS\System32\msvcrt.dll
0x00007ffa2f880000 - 0x00007ffa2f8db000 	C:\WINDOWS\System32\sechost.dll
0x00007ffa2f6b0000 - 0x00007ffa2f7d4000 	C:\WINDOWS\System32\RPCRT4.dll
0x00007ffa2d850000 - 0x00007ffa2d9e0000 	C:\WINDOWS\System32\USER32.dll
0x00007ffa2cd90000 - 0x00007ffa2cdb0000 	C:\WINDOWS\System32\win32u.dll
0x00007ffa2f680000 - 0x00007ffa2f6a8000 	C:\WINDOWS\System32\GDI32.dll
0x00007ffa2cbf0000 - 0x00007ffa2cd82000 	C:\WINDOWS\System32\gdi32full.dll
0x00007ffa2bce0000 - 0x00007ffa2bd7f000 	C:\WINDOWS\System32\msvcp_win.dll
0x00007ffa2bd80000 - 0x00007ffa2be78000 	C:\WINDOWS\System32\ucrtbase.dll
0x00007ffa210c0000 - 0x00007ffa21329000 	C:\WINDOWS\WinSxS\amd64_microsoft.windows.common-controls_6595b64144ccf1df_6.0.17134.1550_none_d40142657c8ef2c1\COMCTL32.dll
0x00007ffa2d530000 - 0x00007ffa2d850000 	C:\WINDOWS\System32\combase.dll
0x00007ffa2cb70000 - 0x00007ffa2cbe9000 	C:\WINDOWS\System32\bcryptPrimitives.dll
0x00007ffa2cdb0000 - 0x00007ffa2cddd000 	C:\WINDOWS\System32\IMM32.DLL
0x0000000074b20000 - 0x0000000074bf2000 	C:\Program Files\Java\jdk1.8.0_241\jre\bin\msvcr100.dll
0x0000000074270000 - 0x0000000074b1c000 	C:\Program Files\Java\jdk1.8.0_241\jre\bin\server\jvm.dll
0x00007ffa2f0d0000 - 0x00007ffa2f0d8000 	C:\WINDOWS\System32\PSAPI.DLL
0x00007ffa28280000 - 0x00007ffa28289000 	C:\WINDOWS\SYSTEM32\WSOCK32.dll
0x00007ffa25720000 - 0x00007ffa25743000 	C:\WINDOWS\SYSTEM32\WINMM.dll
0x00007ffa27560000 - 0x00007ffa2756a000 	C:\WINDOWS\SYSTEM32\VERSION.dll
0x00007ffa2ee30000 - 0x00007ffa2ee9c000 	C:\WINDOWS\System32\WS2_32.dll
0x00007ffa256f0000 - 0x00007ffa2571a000 	C:\WINDOWS\SYSTEM32\winmmbase.dll
0x00007ffa2c7f0000 - 0x00007ffa2c839000 	C:\WINDOWS\System32\cfgmgr32.dll
0x00007ffa24a40000 - 0x00007ffa24a4f000 	C:\Program Files\Java\jdk1.8.0_241\jre\bin\verify.dll
0x00007ffa1bd90000 - 0x00007ffa1bdb9000 	C:\Program Files\Java\jdk1.8.0_241\jre\bin\java.dll
0x00007ffa1c7c0000 - 0x00007ffa1c7d6000 	C:\Program Files\Java\jdk1.8.0_241\jre\bin\zip.dll
0x00007ffa2d9e0000 - 0x00007ffa2ee25000 	C:\WINDOWS\System32\SHELL32.dll
0x00007ffa2f2e0000 - 0x00007ffa2f389000 	C:\WINDOWS\System32\shcore.dll
0x00007ffa2bee0000 - 0x00007ffa2c5f1000 	C:\WINDOWS\System32\windows.storage.dll
0x00007ffa2f620000 - 0x00007ffa2f671000 	C:\WINDOWS\System32\shlwapi.dll
0x00007ffa2bcc0000 - 0x00007ffa2bcd1000 	C:\WINDOWS\System32\kernel.appcore.dll
0x00007ffa2bca0000 - 0x00007ffa2bcbf000 	C:\WINDOWS\System32\profapi.dll
0x00007ffa2bc30000 - 0x00007ffa2bc7c000 	C:\WINDOWS\System32\powrprof.dll
0x00007ffa2bc20000 - 0x00007ffa2bc2a000 	C:\WINDOWS\System32\FLTLIB.DLL
0x00007ffa1a420000 - 0x00007ffa1a43a000 	C:\Program Files\Java\jdk1.8.0_241\jre\bin\net.dll
0x00007ffa2b4a0000 - 0x00007ffa2b506000 	C:\WINDOWS\system32\mswsock.dll
0x00007ffa18620000 - 0x00007ffa18632000 	C:\Program Files\Java\jdk1.8.0_241\jre\bin\nio.dll
0x00007ffa1bac0000 - 0x00007ffa1bae6000 	C:\Users\admin\.gradle\native\31\windows-amd64\native-platform.dll
0x00007ffa1d4c0000 - 0x00007ffa1d4cd000 	C:\Program Files\Java\jdk1.8.0_241\jre\bin\management.dll
0x00007ffa2b650000 - 0x00007ffa2b667000 	C:\WINDOWS\SYSTEM32\CRYPTSP.dll
0x00007ffa2b050000 - 0x00007ffa2b083000 	C:\WINDOWS\system32\rsaenh.dll
0x00007ffa2b780000 - 0x00007ffa2b7a5000 	C:\WINDOWS\SYSTEM32\bcrypt.dll
0x00007ffa2bb20000 - 0x00007ffa2bb48000 	C:\WINDOWS\SYSTEM32\USERENV.dll
0x00007ffa2b670000 - 0x00007ffa2b67b000 	C:\WINDOWS\SYSTEM32\CRYPTBASE.dll
0x00007ffa2b1f0000 - 0x00007ffa2b228000 	C:\WINDOWS\SYSTEM32\IPHLPAPI.DLL
0x00007ffa2f610000 - 0x00007ffa2f618000 	C:\WINDOWS\System32\NSI.dll
0x00007ffa244d0000 - 0x00007ffa244e6000 	C:\WINDOWS\SYSTEM32\dhcpcsvc6.DLL
0x00007ffa244b0000 - 0x00007ffa244ca000 	C:\WINDOWS\SYSTEM32\dhcpcsvc.DLL

VM Arguments:
jvm_args: -Xmx2048m -Dfile.encoding=windows-1252 -Duser.country=US -Duser.language=en -Duser.variant 
java_command: org.gradle.launcher.daemon.bootstrap.GradleDaemon 6.1.1
java_class_path (initial): C:\Users\admin\.gradle\wrapper\dists\gradle-6.1.1-all\cfmwm155h49vnt3hynmlrsdst\gradle-6.1.1\lib\gradle-launcher-6.1.1.jar
Launcher Type: SUN_STANDARD

Environment Variables:
JAVA_HOME=C:\Program Files\Java\jdk1.8.0_241
PATH=C:\Program Files\Microsoft MPI\Bin\;C:\Program Files (x86)\Common Files\Oracle\Java\javapath;C:\WINDOWS\system32;C:\WINDOWS;C:\WINDOWS\System32\Wbem;C:\WINDOWS\System32\WindowsPowerShell\v1.0\;C:\Program Files\Microsoft SQL Server\110\Tools\Binn\;C:\Program Files\Microsoft SQL Server\130\Tools\Binn\;C:\Program Files\dotnet\;C:\Program Files (x86)\Windows Live\Shared;C:\WINDOWS\System32\OpenSSH\;C:\Program Files (x86)\Microsoft SQL Server\130\Tools\Binn\;C:\Program Files (x86)\Microsoft SQL Server\130\DTS\Binn\;C:\Program Files\Microsoft SQL Server\130\DTS\Binn\;C:\Program Files\Microsoft SQL Server\Client SDK\ODBC\130\Tools\Binn\;C:\Program Files (x86)\Microsoft SQL Server\Client SDK\ODBC\130\Tools\Binn\;C:\Program Files (x86)\Microsoft SQL Server\130\Tools\Binn\ManagementStudio\;C:\Program Files\nodejs\;C:\Program Files\NVIDIA Corporation\NVIDIA NvDLISR;C:\Program Files\Git\cmd;C:\Program Files\Amazon\AWSCLI\;C:\Users\admin\AppData\Local\Microsoft\WindowsApps;;C:\Users\admin\AppData\Local\Programs\Microsoft VS Code\bin;C:\Users\admin\AppData\Roaming\npm
USERNAME=admin
OS=Windows_NT
PROCESSOR_IDENTIFIER=Intel64 Family 6 Model 58 Stepping 9, GenuineIntel



---------------  S Y S T E M  ---------------

OS: Windows 10.0 , 64 bit Build 17134 (10.0.17134.1425)

CPU:total 8 (initial active 8) (4 cores per cpu, 2 threads per core) family 6 model 58 stepping 9, cmov, cx8, fxsr, mmx, sse, sse2, sse3, ssse3, sse4.1, sse4.2, popcnt, avx, aes, clmul, erms, ht, tsc, tscinvbit, tscinv

Memory: 4k page, physical 8319548k(1213668k free), swap 8319548k(416k free)

vm_info: Java HotSpot(TM) 64-Bit Server VM (25.241-b07) for windows-amd64 JRE (1.8.0_241-b07), built on Dec 11 2019 10:21:40 by "rejava" with MS VC++ 10.0 (VS2010)

time: Mon Jul 13 20:42:49 2020
timezone: SE Asia Standard Time
elapsed time: 9 seconds (0d 0h 0m 9s)

