#
# There is insufficient memory for the Java Runtime Environment to continue.
# Native memory allocation (malloc) failed to allocate 1274464 bytes for Chunk::new
# Possible reasons:
#   The system is out of physical RAM or swap space
#   The process is running with CompressedOops enabled, and the Java Heap may be blocking the growth of the native heap
# Possible solutions:
#   Reduce memory load on the system
#   Increase physical memory or swap space
#   Check if swap backing store is full
#   Decrease Java heap size (-Xmx/-Xms)
#   Decrease number of Java threads
#   Decrease Java thread stack sizes (-Xss)
#   Set larger code cache with -XX:ReservedCodeCacheSize=
#   JVM is running with Unscaled Compressed Oops mode in which the Java heap is
#     placed in the first 4GB address space. The Java Heap base address is the
#     maximum limit for the native heap growth. Please use -XX:HeapBaseMinAddress
#     to set the Java Heap base and to place the Java Heap above 4GB virtual address.
# This output file may be truncated or incomplete.
#
#  Out of Memory Error (allocation.cpp:389), pid=7648, tid=0x0000000000002fc0
#
# JRE version: Java(TM) SE Runtime Environment (8.0_241-b07) (build 1.8.0_241-b07)
# Java VM: Java HotSpot(TM) 64-Bit Server VM (25.241-b07 mixed mode windows-amd64 compressed oops)
# Failed to write core dump. Minidumps are not enabled by default on client versions of Windows
#

---------------  T H R E A D  ---------------

Current thread (0x0000000019838000):  JavaThread "C2 CompilerThread1" daemon [_thread_in_native, id=12224, stack(0x000000001a1f0000,0x000000001a2f0000)]

Stack: [0x000000001a1f0000,0x000000001a2f0000]
[error occurred during error reporting (printing stack bounds), id 0xc0000005]

Native frames: (J=compiled Java code, j=interpreted, Vv=VM code, C=native code)


Current CompileTask:
C2:3864769 19980   !   4       org.gradle.cache.internal.DefaultFileLockManager$DefaultFileLock::doWriteAction (66 bytes)


---------------  P R O C E S S  ---------------

Java Threads: ( => current thread )
  0x000000002306b800 JavaThread "Cache worker for Java compile cache (C:\Users\admin\Desktop\software-engineering-project\c-food-main\.gradle\5.6.4\javaCompile)" [_thread_blocked, id=1320, stack(0x0000000032e10000,0x0000000032f10000)]
  0x000000002306a800 JavaThread "WorkerExecutor Queue Thread 3" [_thread_blocked, id=9428, stack(0x0000000031d40000,0x0000000031e40000)]
  0x0000000023069000 JavaThread "WorkerExecutor Queue Thread 2" [_thread_blocked, id=12828, stack(0x0000000031c40000,0x0000000031d40000)]
  0x000000002306a000 JavaThread "stdout" [_thread_in_native, id=12560, stack(0x0000000031b40000,0x0000000031c40000)]
  0x0000000023067000 JavaThread "stderr" [_thread_in_native, id=12808, stack(0x0000000031a40000,0x0000000031b40000)]
  0x000000002305f800 JavaThread "pool-6-thread-1" [_thread_blocked, id=2792, stack(0x0000000031940000,0x0000000031a40000)]
  0x0000000023066000 JavaThread "WorkerExecutor Queue" [_thread_blocked, id=6160, stack(0x0000000031840000,0x0000000031940000)]
  0x000000002305e800 JavaThread "Cache worker for execution history cache (C:\Users\admin\Desktop\software-engineering-project\c-food-main\.gradle\5.6.4\executionHistory)" [_thread_blocked, id=6660, stack(0x0000000031740000,0x0000000031840000)]
  0x0000000023065800 JavaThread "Execution worker for ':' Thread 7" [_thread_in_native, id=5844, stack(0x0000000031640000,0x0000000031740000)]
  0x0000000023063000 JavaThread "Execution worker for ':' Thread 6" [_thread_blocked, id=12820, stack(0x0000000031540000,0x0000000031640000)]
  0x0000000023060000 JavaThread "Execution worker for ':' Thread 5" [_thread_blocked, id=4452, stack(0x0000000031440000,0x0000000031540000)]
  0x0000000023061800 JavaThread "Execution worker for ':' Thread 4" [_thread_blocked, id=8516, stack(0x0000000031340000,0x0000000031440000)]
  0x0000000023061000 JavaThread "Execution worker for ':' Thread 3" [_thread_blocked, id=7004, stack(0x0000000031240000,0x0000000031340000)]
  0x0000000023062800 JavaThread "Execution worker for ':' Thread 2" [_thread_blocked, id=6884, stack(0x0000000031140000,0x0000000031240000)]
  0x0000000023064800 JavaThread "Execution worker for ':'" [_thread_blocked, id=7848, stack(0x0000000031040000,0x0000000031140000)]
  0x0000000023064000 JavaThread "Cache worker for file content cache (C:\Users\admin\Desktop\software-engineering-project\c-food-main\.gradle\5.6.4\fileContent)" [_thread_blocked, id=13884, stack(0x0000000030f40000,0x0000000031040000)]
  0x00000000220ef800 JavaThread "Cache worker for Build Output Cleanup Cache (C:\Users\admin\Desktop\software-engineering-project\c-food-main\.gradle\buildOutputCleanup)" [_thread_blocked, id=12572, stack(0x0000000030e40000,0x0000000030f40000)]
  0x00000000220ef000 JavaThread "Build operations Thread 8" [_thread_blocked, id=8156, stack(0x0000000030d40000,0x0000000030e40000)]
  0x00000000220ee000 JavaThread "Build operations Thread 7" [_thread_blocked, id=13928, stack(0x0000000030c40000,0x0000000030d40000)]
  0x00000000220e6800 JavaThread "Build operations Thread 6" [_thread_blocked, id=11668, stack(0x0000000030b40000,0x0000000030c40000)]
  0x00000000220ed800 JavaThread "Build operations Thread 5" [_thread_blocked, id=8956, stack(0x0000000030a40000,0x0000000030b40000)]
  0x00000000220ec800 JavaThread "Build operations Thread 4" [_thread_blocked, id=13916, stack(0x0000000030940000,0x0000000030a40000)]
  0x00000000220e5000 JavaThread "Build operations Thread 3" [_thread_blocked, id=1580, stack(0x0000000030840000,0x0000000030940000)]
  0x00000000220ec000 JavaThread "Build operations Thread 2" [_thread_blocked, id=13488, stack(0x0000000030740000,0x0000000030840000)]
  0x00000000220eb000 JavaThread "Build operations" [_thread_blocked, id=1348, stack(0x0000000030640000,0x0000000030740000)]
  0x00000000220e4000 JavaThread "Cache worker for cache directory md-rule (C:\Users\admin\.gradle\caches\5.6.4\md-rule)" [_thread_blocked, id=8932, stack(0x0000000030540000,0x0000000030640000)]
  0x00000000220e8000 JavaThread "Cache worker for cache directory md-supplier (C:\Users\admin\.gradle\caches\5.6.4\md-supplier)" [_thread_blocked, id=13744, stack(0x0000000030440000,0x0000000030540000)]
  0x00000000220e3800 JavaThread "Cache worker for file hash cache (C:\Users\admin\Desktop\software-engineering-project\c-food-main\.gradle\5.6.4\fileHashes)" [_thread_blocked, id=8304, stack(0x0000000030340000,0x0000000030440000)]
  0x00000000220ea800 JavaThread "Thread-69" [_thread_blocked, id=7676, stack(0x0000000030240000,0x0000000030340000)]
  0x00000000220e9800 JavaThread "Stdin handler" [_thread_blocked, id=10600, stack(0x0000000030140000,0x0000000030240000)]
  0x00000000220e7800 JavaThread "Asynchronous log dispatcher for DefaultDaemonConnection: socket connection from /127.0.0.1:50241 to /127.0.0.1:50503" [_thread_blocked, id=2688, stack(0x0000000030040000,0x0000000030140000)]
  0x00000000220e9000 JavaThread "Cancel handler" [_thread_blocked, id=13820, stack(0x000000002ff40000,0x0000000030040000)]
  0x00000000220e2800 JavaThread "Handler for socket connection from /127.0.0.1:50241 to /127.0.0.1:50503" [_thread_in_native, id=12676, stack(0x000000002fe40000,0x000000002ff40000)]
  0x000000002310e000 JavaThread "Cache worker for Java compile cache (C:\Users\admin\.gradle\caches\5.6.4\javaCompile)" [_thread_blocked, id=13060, stack(0x000000002fa40000,0x000000002fb40000)]
  0x000000001a939000 JavaThread "Cache worker for file content cache (C:\Users\admin\.gradle\caches\5.6.4\fileContent)" [_thread_blocked, id=12744, stack(0x0000000029700000,0x0000000029800000)]
  0x00000000220e6000 JavaThread "Daemon worker Thread 2" [_thread_blocked, id=13896, stack(0x0000000028700000,0x0000000028800000)]
  0x00000000220e2000 JavaThread "Daemon Thread 2" [_thread_blocked, id=13972, stack(0x0000000028400000,0x0000000028500000)]
  0x00000000220e1000 JavaThread "Memory manager" [_thread_blocked, id=12888, stack(0x0000000025860000,0x0000000025960000)]
  0x000000001a938800 JavaThread "Cache worker for execution history cache (C:\Users\admin\.gradle\caches\5.6.4\executionHistory)" [_thread_blocked, id=9432, stack(0x0000000021460000,0x0000000021560000)]
  0x000000001a935800 JavaThread "Cache worker for journal cache (C:\Users\admin\.gradle\caches\journal-1)" [_thread_blocked, id=6692, stack(0x000000001e610000,0x000000001e710000)]
  0x000000001a937000 JavaThread "File lock request listener" [_thread_in_native, id=9076, stack(0x000000001e510000,0x000000001e610000)]
  0x000000001a934000 JavaThread "Cache worker for file hash cache (C:\Users\admin\.gradle\caches\5.6.4\fileHashes)" [_thread_blocked, id=10312, stack(0x000000001e410000,0x000000001e510000)]
  0x000000001b584000 JavaThread "Daemon periodic checks" [_thread_blocked, id=14312, stack(0x000000001d710000,0x000000001d810000)]
  0x000000001b582800 JavaThread "Incoming local TCP Connector on port 50241" [_thread_in_native, id=7516, stack(0x000000001d4d0000,0x000000001d5d0000)]
  0x0000000019be6800 JavaThread "Daemon health stats" [_thread_blocked, id=14164, stack(0x000000001ce90000,0x000000001cf90000)]
  0x00000000198be800 JavaThread "Service Thread" daemon [_thread_blocked, id=7136, stack(0x000000001a4f0000,0x000000001a5f0000)]
  0x0000000019848000 JavaThread "C1 CompilerThread3" daemon [_thread_blocked, id=11820, stack(0x000000001a3f0000,0x000000001a4f0000)]
  0x0000000019839000 JavaThread "C2 CompilerThread2" daemon [_thread_in_native, id=2472, stack(0x000000001a2f0000,0x000000001a3f0000)]
=>0x0000000019838000 JavaThread "C2 CompilerThread1" daemon [_thread_in_native, id=12224, stack(0x000000001a1f0000,0x000000001a2f0000)]
  0x0000000019834800 JavaThread "C2 CompilerThread0" daemon [_thread_blocked, id=12240, stack(0x000000001a0f0000,0x000000001a1f0000)]
  0x0000000019831800 JavaThread "Attach Listener" daemon [_thread_blocked, id=10768, stack(0x0000000019ff0000,0x000000001a0f0000)]
  0x000000001982f000 JavaThread "Signal Dispatcher" daemon [_thread_blocked, id=6100, stack(0x0000000019ef0000,0x0000000019ff0000)]
  0x0000000019821800 JavaThread "Finalizer" daemon [_thread_blocked, id=13076, stack(0x0000000019d00000,0x0000000019e00000)]
  0x0000000019820800 JavaThread "Reference Handler" daemon [_thread_blocked, id=6096, stack(0x0000000019c00000,0x0000000019d00000)]
  0x00000000028a2800 JavaThread "main" [_thread_blocked, id=5732, stack(0x0000000002790000,0x0000000002890000)]

Other Threads:
  0x0000000017a39800 VMThread [stack: 0x0000000019700000,0x0000000019800000] [id=6748]
  0x00000000198e9800 WatcherThread [stack: 0x000000001a5f0000,0x000000001a6f0000] [id=7512]

VM state:not at safepoint (normal execution)

VM Mutex/Monitor currently owned by a thread: None

heap address: 0x0000000080000000, size: 2048 MB, Compressed Oops mode: 32-bit
Narrow klass base: 0x0000000000000000, Narrow klass shift: 3
Compressed class space size: 1073741824 Address: 0x0000000100000000

Heap:
 PSYoungGen      total 269824K, used 123215K [0x00000000d5580000, 0x00000000ea400000, 0x0000000100000000)
  eden space 219136K, 53% used [0x00000000d5580000,0x00000000dc873d10,0x00000000e2b80000)
  from space 50688K, 10% used [0x00000000e2b80000,0x00000000e30e0030,0x00000000e5d00000)
  to   space 48640K, 0% used [0x00000000e7480000,0x00000000e7480000,0x00000000ea400000)
 ParOldGen       total 254976K, used 147053K [0x0000000080000000, 0x000000008f900000, 0x00000000d5580000)
  object space 254976K, 57% used [0x0000000080000000,0x0000000088f9b620,0x000000008f900000)
 Metaspace       used 93161K, capacity 96240K, committed 98068K, reserved 1134592K
  class space    used 12189K, capacity 12881K, committed 13332K, reserved 1048576K

Card table byte_map: [0x0000000011d60000,0x0000000012170000] byte_map_base: 0x0000000011960000

Marking Bits: (ParMarkBitMap*) 0x000000005bf6be30
 Begin Bits: [0x0000000012c20000, 0x0000000014c20000)
 End Bits:   [0x0000000014c20000, 0x0000000016c20000)

Polling page: 0x0000000000960000

CodeCache: size=245760Kb used=58316Kb max_used=58327Kb free=187443Kb
 bounds [0x00000000029a0000, 0x00000000062f0000, 0x00000000119a0000]
 total_blobs=16410 nmethods=15510 adapters=810
 compilation: enabled

Compilation events (10 events):
Event: 3863.745 Thread 0x0000000019834800 nmethod 19989 0x00000000058cefd0 code [0x00000000058cf140, 0x00000000058cf3b8]
Event: 3863.745 Thread 0x0000000019834800 19990   !   4       org.gradle.cache.internal.AsyncCacheAccessDecoratedCache$2::run (45 bytes)
Event: 3863.755 Thread 0x0000000019834800 nmethod 19990 0x00000000058c6710 code [0x00000000058c6920, 0x00000000058c71a0]
Event: 3863.983 Thread 0x0000000019834800 19992       4       com.google.common.io.ByteStreams$1::write (6 bytes)
Event: 3863.983 Thread 0x0000000019834800 nmethod 19992 0x00000000057d89d0 code [0x00000000057d8b00, 0x00000000057d8b78]
Event: 3864.031 Thread 0x0000000019848000 19993       3       org.gradle.api.internal.cache.StringInterner::intern (20 bytes)
Event: 3864.031 Thread 0x0000000019848000 nmethod 19993 0x00000000062b7890 code [0x00000000062b7a00, 0x00000000062b7d48]
Event: 3864.125 Thread 0x0000000019834800 19994       4       org.gradle.internal.serialize.InterningStringSerializer::write (10 bytes)
Event: 3864.131 Thread 0x0000000019834800 nmethod 19994 0x0000000005848f10 code [0x00000000058490a0, 0x00000000058494e8]
Event: 3864.143 Thread 0x0000000019834800 19995   !   4       org.gradle.internal.hash.DefaultStreamHasher::doHash (84 bytes)

GC Heap History (10 events):
Event: 3848.425 GC heap before
{Heap before GC invocations=50 (full 5):
 PSYoungGen      total 226304K, used 14364K [0x00000000d5580000, 0x00000000e8080000, 0x0000000100000000)
  eden space 166912K, 0% used [0x00000000d5580000,0x00000000d5580000,0x00000000df880000)
  from space 59392K, 24% used [0x00000000df880000,0x00000000e06871d0,0x00000000e3280000)
  to   space 55808K, 0% used [0x00000000e4a00000,0x00000000e4a00000,0x00000000e8080000)
 ParOldGen       total 214016K, used 201571K [0x0000000080000000, 0x000000008d100000, 0x00000000d5580000)
  object space 214016K, 94% used [0x0000000080000000,0x000000008c4d8c38,0x000000008d100000)
 Metaspace       used 93110K, capacity 96202K, committed 98068K, reserved 1134592K
  class space    used 12205K, capacity 12931K, committed 13332K, reserved 1048576K
Event: 3848.807 GC heap after
Heap after GC invocations=50 (full 5):
 PSYoungGen      total 226304K, used 0K [0x00000000d5580000, 0x00000000e8080000, 0x0000000100000000)
  eden space 166912K, 0% used [0x00000000d5580000,0x00000000d5580000,0x00000000df880000)
  from space 59392K, 0% used [0x00000000df880000,0x00000000df880000,0x00000000e3280000)
  to   space 55808K, 0% used [0x00000000e4a00000,0x00000000e4a00000,0x00000000e8080000)
 ParOldGen       total 254976K, used 135009K [0x0000000080000000, 0x000000008f900000, 0x00000000d5580000)
  object space 254976K, 52% used [0x0000000080000000,0x00000000883d84f0,0x000000008f900000)
 Metaspace       used 93024K, capacity 96048K, committed 98068K, reserved 1134592K
  class space    used 12187K, capacity 12881K, committed 13332K, reserved 1048576K
}
Event: 3851.776 GC heap before
{Heap before GC invocations=51 (full 5):
 PSYoungGen      total 226304K, used 166912K [0x00000000d5580000, 0x00000000e8080000, 0x0000000100000000)
  eden space 166912K, 100% used [0x00000000d5580000,0x00000000df880000,0x00000000df880000)
  from space 59392K, 0% used [0x00000000df880000,0x00000000df880000,0x00000000e3280000)
  to   space 55808K, 0% used [0x00000000e4a00000,0x00000000e4a00000,0x00000000e8080000)
 ParOldGen       total 254976K, used 135009K [0x0000000080000000, 0x000000008f900000, 0x00000000d5580000)
  object space 254976K, 52% used [0x0000000080000000,0x00000000883d84f0,0x000000008f900000)
 Metaspace       used 93075K, capacity 96112K, committed 98068K, reserved 1134592K
  class space    used 12188K, capacity 12881K, committed 13332K, reserved 1048576K
Event: 3851.783 GC heap after
Heap after GC invocations=51 (full 5):
 PSYoungGen      total 245248K, used 4288K [0x00000000d5580000, 0x00000000e7d00000, 0x0000000100000000)
  eden space 193024K, 0% used [0x00000000d5580000,0x00000000d5580000,0x00000000e1200000)
  from space 52224K, 8% used [0x00000000e4a00000,0x00000000e4e30000,0x00000000e7d00000)
  to   space 54784K, 0% used [0x00000000e1200000,0x00000000e1200000,0x00000000e4780000)
 ParOldGen       total 254976K, used 135017K [0x0000000080000000, 0x000000008f900000, 0x00000000d5580000)
  object space 254976K, 52% used [0x0000000080000000,0x00000000883da4f0,0x000000008f900000)
 Metaspace       used 93075K, capacity 96112K, committed 98068K, reserved 1134592K
  class space    used 12188K, capacity 12881K, committed 13332K, reserved 1048576K
}
Event: 3855.026 GC heap before
{Heap before GC invocations=52 (full 5):
 PSYoungGen      total 245248K, used 197312K [0x00000000d5580000, 0x00000000e7d00000, 0x0000000100000000)
  eden space 193024K, 100% used [0x00000000d5580000,0x00000000e1200000,0x00000000e1200000)
  from space 52224K, 8% used [0x00000000e4a00000,0x00000000e4e30000,0x00000000e7d00000)
  to   space 54784K, 0% used [0x00000000e1200000,0x00000000e1200000,0x00000000e4780000)
 ParOldGen       total 254976K, used 135017K [0x0000000080000000, 0x000000008f900000, 0x00000000d5580000)
  object space 254976K, 52% used [0x0000000080000000,0x00000000883da4f0,0x000000008f900000)
 Metaspace       used 93102K, capacity 96176K, committed 98068K, reserved 1134592K
  class space    used 12188K, capacity 12881K, committed 13332K, reserved 1048576K
Event: 3855.039 GC heap after
Heap after GC invocations=52 (full 5):
 PSYoungGen      total 247808K, used 5072K [0x00000000d5580000, 0x00000000e9480000, 0x0000000100000000)
  eden space 193024K, 0% used [0x00000000d5580000,0x00000000d5580000,0x00000000e1200000)
  from space 54784K, 9% used [0x00000000e1200000,0x00000000e16f4090,0x00000000e4780000)
  to   space 52736K, 0% used [0x00000000e6100000,0x00000000e6100000,0x00000000e9480000)
 ParOldGen       total 254976K, used 138553K [0x0000000080000000, 0x000000008f900000, 0x00000000d5580000)
  object space 254976K, 54% used [0x0000000080000000,0x000000008874e500,0x000000008f900000)
 Metaspace       used 93102K, capacity 96176K, committed 98068K, reserved 1134592K
  class space    used 12188K, capacity 12881K, committed 13332K, reserved 1048576K
}
Event: 3857.744 GC heap before
{Heap before GC invocations=53 (full 5):
 PSYoungGen      total 247808K, used 198096K [0x00000000d5580000, 0x00000000e9480000, 0x0000000100000000)
  eden space 193024K, 100% used [0x00000000d5580000,0x00000000e1200000,0x00000000e1200000)
  from space 54784K, 9% used [0x00000000e1200000,0x00000000e16f4090,0x00000000e4780000)
  to   space 52736K, 0% used [0x00000000e6100000,0x00000000e6100000,0x00000000e9480000)
 ParOldGen       total 254976K, used 138553K [0x0000000080000000, 0x000000008f900000, 0x00000000d5580000)
  object space 254976K, 54% used [0x0000000080000000,0x000000008874e500,0x000000008f900000)
 Metaspace       used 93118K, capacity 96176K, committed 98068K, reserved 1134592K
  class space    used 12188K, capacity 12881K, committed 13332K, reserved 1048576K
Event: 3857.757 GC heap after
Heap after GC invocations=53 (full 5):
 PSYoungGen      total 265728K, used 5056K [0x00000000d5580000, 0x00000000e8e80000, 0x0000000100000000)
  eden space 219136K, 0% used [0x00000000d5580000,0x00000000d5580000,0x00000000e2b80000)
  from space 46592K, 10% used [0x00000000e6100000,0x00000000e65f00c0,0x00000000e8e80000)
  to   space 50688K, 0% used [0x00000000e2b80000,0x00000000e2b80000,0x00000000e5d00000)
 ParOldGen       total 254976K, used 142717K [0x0000000080000000, 0x000000008f900000, 0x00000000d5580000)
  object space 254976K, 55% used [0x0000000080000000,0x0000000088b5f560,0x000000008f900000)
 Metaspace       used 93118K, capacity 96176K, committed 98068K, reserved 1134592K
  class space    used 12188K, capacity 12881K, committed 13332K, reserved 1048576K
}
Event: 3861.508 GC heap before
{Heap before GC invocations=54 (full 5):
 PSYoungGen      total 265728K, used 224192K [0x00000000d5580000, 0x00000000e8e80000, 0x0000000100000000)
  eden space 219136K, 100% used [0x00000000d5580000,0x00000000e2b80000,0x00000000e2b80000)
  from space 46592K, 10% used [0x00000000e6100000,0x00000000e65f00c0,0x00000000e8e80000)
  to   space 50688K, 0% used [0x00000000e2b80000,0x00000000e2b80000,0x00000000e5d00000)
 ParOldGen       total 254976K, used 142717K [0x0000000080000000, 0x000000008f900000, 0x00000000d5580000)
  object space 254976K, 55% used [0x0000000080000000,0x0000000088b5f560,0x000000008f900000)
 Metaspace       used 93123K, capacity 96176K, committed 98068K, reserved 1134592K
  class space    used 12188K, capacity 12881K, committed 13332K, reserved 1048576K
Event: 3861.522 GC heap after
Heap after GC invocations=54 (full 5):
 PSYoungGen      total 269824K, used 5504K [0x00000000d5580000, 0x00000000ea400000, 0x0000000100000000)
  eden space 219136K, 0% used [0x00000000d5580000,0x00000000d5580000,0x00000000e2b80000)
  from space 50688K, 10% used [0x00000000e2b80000,0x00000000e30e0030,0x00000000e5d00000)
  to   space 48640K, 0% used [0x00000000e7480000,0x00000000e7480000,0x00000000ea400000)
 ParOldGen       total 254976K, used 147053K [0x0000000080000000, 0x000000008f900000, 0x00000000d5580000)
  object space 254976K, 57% used [0x0000000080000000,0x0000000088f9b620,0x000000008f900000)
 Metaspace       used 93123K, capacity 96176K, committed 98068K, reserved 1134592K
  class space    used 12188K, capacity 12881K, committed 13332K, reserved 1048576K
}

Deoptimization events (10 events):
Event: 3862.119 Thread 0x0000000023065800 Uncommon trap: reason=class_check action=maybe_recompile pc=0x0000000005a16e10 method=com.sun.tools.javac.code.Symbol.isMemberOf(Lcom/sun/tools/javac/code/Symbol$TypeSymbol;Lcom/sun/tools/javac/code/Types;)Z @ 23
Event: 3862.119 Thread 0x0000000023065800 Uncommon trap: reason=class_check action=maybe_recompile pc=0x0000000005a16e10 method=com.sun.tools.javac.code.Symbol.isMemberOf(Lcom/sun/tools/javac/code/Symbol$TypeSymbol;Lcom/sun/tools/javac/code/Types;)Z @ 23
Event: 3862.119 Thread 0x0000000023065800 Uncommon trap: reason=class_check action=maybe_recompile pc=0x000000000505aac0 method=com.sun.tools.javac.tree.TreeMaker.Params(Lcom/sun/tools/javac/util/List;Lcom/sun/tools/javac/code/Symbol;)Lcom/sun/tools/javac/util/List; @ 137
Event: 3862.120 Thread 0x0000000023065800 Uncommon trap: reason=unstable_if action=reinterpret pc=0x0000000006295b94 method=com.sun.tools.javac.code.Type$ArrayType.map(Lcom/sun/tools/javac/code/Type$Mapping;)Lcom/sun/tools/javac/code/Type; @ 14
Event: 3862.120 Thread 0x0000000023065800 Uncommon trap: reason=unstable_if action=reinterpret pc=0x000000000627eda0 method=com.sun.tools.javac.code.Type$ArrayType.map(Lcom/sun/tools/javac/code/Type$Mapping;)Lcom/sun/tools/javac/code/Type; @ 14
Event: 3862.121 Thread 0x0000000023065800 Uncommon trap: reason=unstable_if action=reinterpret pc=0x0000000004095348 method=com.sun.tools.javac.jvm.ClassWriter.writeFlagAttrs(J)I @ 41
Event: 3862.141 Thread 0x0000000023065800 Uncommon trap: reason=class_check action=maybe_recompile pc=0x00000000053fa1f4 method=com.sun.tools.javac.jvm.Gen.visitTypeCast(Lcom/sun/tools/javac/tree/JCTree$JCTypeCast;)V @ 37
Event: 3862.142 Thread 0x0000000023065800 Uncommon trap: reason=unstable_if action=reinterpret pc=0x0000000005499aec method=com.sun.tools.javac.jvm.ClassWriter.writeFlagAttrs(J)I @ 41
Event: 3862.742 Thread 0x0000000023065800 Uncommon trap: reason=null_check action=make_not_entrant pc=0x00000000058d01d8 method=com.google.common.collect.MapMakerInternalMap$Segment.reclaimKey(Lcom/google/common/collect/MapMakerInternalMap$InternalEntry;I)Z @ 35
Event: 3864.030 Thread 0x0000000023065800 Uncommon trap: reason=unstable_if action=reinterpret pc=0x00000000051840ec method=com.google.common.collect.MapMakerInternalMap$Segment.getEntry(Ljava/lang/Object;I)Lcom/google/common/collect/MapMakerInternalMap$InternalEntry; @ 63

Classes redefined (0 events):
No events

Internal exceptions (10 events):
Event: 3838.635 Thread 0x00000000220e6000 Implicit null exception at 0x0000000003865ff7 to 0x00000000038669f5
Event: 3838.635 Thread 0x00000000220e6000 Implicit null exception at 0x0000000003965c77 to 0x0000000003966675
Event: 3838.635 Thread 0x00000000220e6000 Implicit null exception at 0x00000000033868e3 to 0x0000000003386f51
Event: 3838.872 Thread 0x00000000220e6000 Exception <a 'java/lang/SecurityException'> (0x00000000d7cb7b38) thrown at [C:\ade\jenkins\workspace\8-2-build-windows-amd64-cygwin\jdk8u241\331\hotspot\src\share\vm\prims\jvm.cpp, line 1506]
Event: 3844.401 Thread 0x0000000023065800 Implicit null exception at 0x0000000003996535 to 0x00000000039965b9
Event: 3845.988 Thread 0x0000000023066000 Exception <a 'sun/nio/fs/WindowsException'> (0x00000000dca256f0) thrown at [C:\ade\jenkins\workspace\8-2-build-windows-amd64-cygwin\jdk8u241\331\hotspot\src\share\vm\prims\jni.cpp, line 710]
Event: 3845.988 Thread 0x0000000023066000 Exception <a 'sun/nio/fs/WindowsException'> (0x00000000dca261b0) thrown at [C:\ade\jenkins\workspace\8-2-build-windows-amd64-cygwin\jdk8u241\331\hotspot\src\share\vm\prims\jni.cpp, line 710]
Event: 3846.594 Thread 0x0000000023065800 Implicit null exception at 0x00000000055a4bfd to 0x00000000055a57f5
Event: 3847.040 Thread 0x0000000023065800 Implicit null exception at 0x000000000549567d to 0x0000000005498409
Event: 3862.742 Thread 0x0000000023065800 Implicit null exception at 0x00000000058cf8e5 to 0x00000000058d01b9

Events (10 events):
Event: 3862.648 Thread 0x00000000220eb000 DEOPT PACKING pc=0x000000000411c7d7 sp=0x000000003073d8c0
Event: 3862.648 Thread 0x00000000220eb000 DEOPT UNPACKING pc=0x00000000029e7890 sp=0x000000003073d5a8 mode 0
Event: 3862.672 loading class org/gradle/api/internal/tasks/compile/CompileJavaBuildOperationReportingCompiler$Result
Event: 3862.672 loading class org/gradle/api/internal/tasks/compile/CompileJavaBuildOperationReportingCompiler$Result done
Event: 3862.742 Thread 0x0000000023065800 Uncommon trap: trap_request=0xfffffff4 fr.pc=0x00000000058d01d8
Event: 3862.742 Thread 0x0000000023065800 DEOPT PACKING pc=0x00000000058d01d8 sp=0x000000003173cbe0
Event: 3862.742 Thread 0x0000000023065800 DEOPT UNPACKING pc=0x00000000029e583b sp=0x000000003173cb80 mode 2
Event: 3864.030 Thread 0x0000000023065800 Uncommon trap: trap_request=0xffffff65 fr.pc=0x00000000051840ec
Event: 3864.030 Thread 0x0000000023065800 DEOPT PACKING pc=0x00000000051840ec sp=0x000000003173cd60
Event: 3864.030 Thread 0x0000000023065800 DEOPT UNPACKING pc=0x00000000029e583b sp=0x000000003173cc38 mode 2


Dynamic libraries:
0x00007ff64ddc0000 - 0x00007ff64ddf7000 	C:\Program Files\Java\jdk1.8.0_241\bin\java.exe
0x00007ffb1cab0000 - 0x00007ffb1cc91000 	C:\WINDOWS\SYSTEM32\ntdll.dll
0x00007ffb1b400000 - 0x00007ffb1b4b1000 	C:\WINDOWS\System32\KERNEL32.DLL
0x00007ffb19950000 - 0x00007ffb19bc3000 	C:\WINDOWS\System32\KERNELBASE.dll
0x00007ffb1b4c0000 - 0x00007ffb1b561000 	C:\WINDOWS\System32\ADVAPI32.dll
0x00007ffb1a6c0000 - 0x00007ffb1a75e000 	C:\WINDOWS\System32\msvcrt.dll
0x00007ffb1b570000 - 0x00007ffb1b5cb000 	C:\WINDOWS\System32\sechost.dll
0x00007ffb1a3e0000 - 0x00007ffb1a504000 	C:\WINDOWS\System32\RPCRT4.dll
0x00007ffb1b020000 - 0x00007ffb1b1b0000 	C:\WINDOWS\System32\USER32.dll
0x00007ffb18e70000 - 0x00007ffb18e90000 	C:\WINDOWS\System32\win32u.dll
0x00007ffb1a510000 - 0x00007ffb1a538000 	C:\WINDOWS\System32\GDI32.dll
0x00007ffb19d00000 - 0x00007ffb19e93000 	C:\WINDOWS\System32\gdi32full.dll
0x00007ffb19ea0000 - 0x00007ffb19f3f000 	C:\WINDOWS\System32\msvcp_win.dll
0x00007ffb197f0000 - 0x00007ffb198e8000 	C:\WINDOWS\System32\ucrtbase.dll
0x00007ffb091f0000 - 0x00007ffb09459000 	C:\WINDOWS\WinSxS\amd64_microsoft.windows.common-controls_6595b64144ccf1df_6.0.17134.1610_none_d3fd41197c928db6\COMCTL32.dll
0x00007ffb1a0c0000 - 0x00007ffb1a3e0000 	C:\WINDOWS\System32\combase.dll
0x00007ffb19bd0000 - 0x00007ffb19c49000 	C:\WINDOWS\System32\bcryptPrimitives.dll
0x00007ffb1abb0000 - 0x00007ffb1abdd000 	C:\WINDOWS\System32\IMM32.DLL
0x000000005bff0000 - 0x000000005c0c2000 	C:\Program Files\Java\jdk1.8.0_241\jre\bin\msvcr100.dll
0x000000005b740000 - 0x000000005bfec000 	C:\Program Files\Java\jdk1.8.0_241\jre\bin\server\jvm.dll
0x00007ffb1abe0000 - 0x00007ffb1abe8000 	C:\WINDOWS\System32\PSAPI.DLL
0x00007ffb10c70000 - 0x00007ffb10c7a000 	C:\WINDOWS\SYSTEM32\VERSION.dll
0x00007ffb164e0000 - 0x00007ffb16503000 	C:\WINDOWS\SYSTEM32\WINMM.dll
0x00007ffb15470000 - 0x00007ffb15479000 	C:\WINDOWS\SYSTEM32\WSOCK32.dll
0x00007ffb1b210000 - 0x00007ffb1b27c000 	C:\WINDOWS\System32\WS2_32.dll
0x00007ffb16310000 - 0x00007ffb1633a000 	C:\WINDOWS\SYSTEM32\WINMMBASE.dll
0x00007ffb18e90000 - 0x00007ffb18ed9000 	C:\WINDOWS\System32\cfgmgr32.dll
0x00007ffb0aa40000 - 0x00007ffb0aa4f000 	C:\Program Files\Java\jdk1.8.0_241\jre\bin\verify.dll
0x00007ffb0a870000 - 0x00007ffb0a899000 	C:\Program Files\Java\jdk1.8.0_241\jre\bin\java.dll
0x00007ffb0a850000 - 0x00007ffb0a866000 	C:\Program Files\Java\jdk1.8.0_241\jre\bin\zip.dll
0x00007ffb1b630000 - 0x00007ffb1ca75000 	C:\WINDOWS\System32\SHELL32.dll
0x00007ffb1af60000 - 0x00007ffb1b009000 	C:\WINDOWS\System32\shcore.dll
0x00007ffb190d0000 - 0x00007ffb197e5000 	C:\WINDOWS\System32\windows.storage.dll
0x00007ffb1b5d0000 - 0x00007ffb1b621000 	C:\WINDOWS\System32\shlwapi.dll
0x00007ffb18e50000 - 0x00007ffb18e61000 	C:\WINDOWS\System32\kernel.appcore.dll
0x00007ffb18e10000 - 0x00007ffb18e2f000 	C:\WINDOWS\System32\profapi.dll
0x00007ffb18dc0000 - 0x00007ffb18e0c000 	C:\WINDOWS\System32\powrprof.dll
0x00007ffb18db0000 - 0x00007ffb18dba000 	C:\WINDOWS\System32\FLTLIB.DLL
0x00007ffb0c3b0000 - 0x00007ffb0c3ca000 	C:\Program Files\Java\jdk1.8.0_241\jre\bin\net.dll
0x00007ffb18630000 - 0x00007ffb18696000 	C:\WINDOWS\system32\mswsock.dll
0x00007ffb0aa50000 - 0x00007ffb0aa62000 	C:\Program Files\Java\jdk1.8.0_241\jre\bin\nio.dll
0x00007ffb0abf0000 - 0x00007ffb0ac16000 	C:\Users\admin\.gradle\native\30\windows-amd64\native-platform.dll
0x00007ffb0aa30000 - 0x00007ffb0aa3d000 	C:\Program Files\Java\jdk1.8.0_241\jre\bin\management.dll
0x00007ffb187e0000 - 0x00007ffb187f7000 	C:\WINDOWS\SYSTEM32\CRYPTSP.dll
0x00007ffb181e0000 - 0x00007ffb18213000 	C:\WINDOWS\system32\rsaenh.dll
0x00007ffb18910000 - 0x00007ffb18935000 	C:\WINDOWS\SYSTEM32\bcrypt.dll
0x00007ffb18ce0000 - 0x00007ffb18d08000 	C:\WINDOWS\SYSTEM32\USERENV.dll
0x00007ffb18800000 - 0x00007ffb1880b000 	C:\WINDOWS\SYSTEM32\CRYPTBASE.dll
0x00007ffb18380000 - 0x00007ffb183b8000 	C:\WINDOWS\SYSTEM32\IPHLPAPI.DLL
0x00007ffb1b010000 - 0x00007ffb1b018000 	C:\WINDOWS\System32\NSI.dll
0x00007ffb10d00000 - 0x00007ffb10d16000 	C:\WINDOWS\SYSTEM32\dhcpcsvc6.DLL
0x00007ffb10ce0000 - 0x00007ffb10cfa000 	C:\WINDOWS\SYSTEM32\dhcpcsvc.DLL
0x00007ffb0a820000 - 0x00007ffb0a844000 	C:\Program Files\Java\jdk1.8.0_241\jre\bin\sunec.dll
0x00007ffb183c0000 - 0x00007ffb1847f000 	C:\WINDOWS\SYSTEM32\DNSAPI.dll
0x00007ffb09ad0000 - 0x00007ffb09ada000 	C:\Windows\System32\rasadhlp.dll
0x00007ffb08f10000 - 0x00007ffb08f82000 	C:\WINDOWS\System32\fwpuclnt.dll
0x00007ffb0bd70000 - 0x00007ffb0bd7b000 	C:\Program Files\Java\jdk1.8.0_241\jre\bin\sunmscapi.dll
0x00007ffb18ee0000 - 0x00007ffb190c2000 	C:\WINDOWS\System32\CRYPT32.dll
0x00007ffb18e30000 - 0x00007ffb18e42000 	C:\WINDOWS\System32\MSASN1.dll

VM Arguments:
jvm_args: -Xmx2048m -Dfile.encoding=windows-1252 -Duser.country=US -Duser.language=en -Duser.variant 
java_command: org.gradle.launcher.daemon.bootstrap.GradleDaemon 5.6.4
java_class_path (initial): C:\Users\admin\.gradle\wrapper\dists\gradle-5.6.4-all\ankdp27end7byghfw1q2sw75f\gradle-5.6.4\lib\gradle-launcher-5.6.4.jar
Launcher Type: SUN_STANDARD

Environment Variables:
JAVA_HOME=C:\Program Files\Java\jdk1.8.0_241
PATH=C:\Program Files\Microsoft MPI\Bin\;C:\Program Files (x86)\Common Files\Oracle\Java\javapath;C:\WINDOWS\system32;C:\WINDOWS;C:\WINDOWS\System32\Wbem;C:\WINDOWS\System32\WindowsPowerShell\v1.0\;C:\Program Files\Microsoft SQL Server\110\Tools\Binn\;C:\Program Files\Microsoft SQL Server\130\Tools\Binn\;C:\Program Files\dotnet\;C:\Program Files (x86)\Windows Live\Shared;C:\WINDOWS\System32\OpenSSH\;C:\Program Files (x86)\Microsoft SQL Server\130\Tools\Binn\;C:\Program Files (x86)\Microsoft SQL Server\130\DTS\Binn\;C:\Program Files\Microsoft SQL Server\130\DTS\Binn\;C:\Program Files\Microsoft SQL Server\Client SDK\ODBC\130\Tools\Binn\;C:\Program Files (x86)\Microsoft SQL Server\Client SDK\ODBC\130\Tools\Binn\;C:\Program Files (x86)\Microsoft SQL Server\130\Tools\Binn\ManagementStudio\;C:\Program Files\nodejs\;C:\Program Files\NVIDIA Corporation\NVIDIA NvDLISR;C:\Program Files\Git\cmd;C:\Program Files\Amazon\AWSCLI\;C:\Users\admin\AppData\Local\Microsoft\WindowsApps;;C:\Users\admin\AppData\Local\Programs\Microsoft VS Code\bin;C:\Users\admin\AppData\Roaming\npm
USERNAME=admin
OS=Windows_NT
PROCESSOR_IDENTIFIER=Intel64 Family 6 Model 58 Stepping 9, GenuineIntel



---------------  S Y S T E M  ---------------

OS: Windows 10.0 , 64 bit Build 17134 (10.0.17134.1425)

CPU:total 8 (initial active 8) (4 cores per cpu, 2 threads per core) family 6 model 58 stepping 9, cmov, cx8, fxsr, mmx, sse, sse2, sse3, ssse3, sse4.1, sse4.2, popcnt, avx, aes, clmul, erms, ht, tsc, tscinvbit, tscinv

Memory: 4k page, physical 8319548k(1481140k free), swap 8319548k(15484k free)

vm_info: Java HotSpot(TM) 64-Bit Server VM (25.241-b07) for windows-amd64 JRE (1.8.0_241-b07), built on Dec 11 2019 10:21:40 by "rejava" with MS VC++ 10.0 (VS2010)

time: Thu Jul 23 10:40:06 2020
timezone: SE Asia Standard Time
elapsed time: 3864 seconds (0d 1h 4m 24s)

