#
# There is insufficient memory for the Java Runtime Environment to continue.
# Native memory allocation (malloc) failed to allocate 804064 bytes for Chunk::new
# Possible reasons:
#   The system is out of physical RAM or swap space
#   The process is running with CompressedOops enabled, and the Java Heap may be blocking the growth of the native heap
# Possible solutions:
#   Reduce memory load on the system
#   Increase physical memory or swap space
#   Check if swap backing store is full
#   Decrease Java heap size (-Xmx/-Xms)
#   Decrease number of Java threads
#   Decrease Java thread stack sizes (-Xss)
#   Set larger code cache with -XX:ReservedCodeCacheSize=
#   JVM is running with Unscaled Compressed Oops mode in which the Java heap is
#     placed in the first 4GB address space. The Java Heap base address is the
#     maximum limit for the native heap growth. Please use -XX:HeapBaseMinAddress
#     to set the Java Heap base and to place the Java Heap above 4GB virtual address.
# This output file may be truncated or incomplete.
#
#  Out of Memory Error (allocation.cpp:389), pid=3892, tid=0x0000000000002c40
#
# JRE version: Java(TM) SE Runtime Environment (8.0_241-b07) (build 1.8.0_241-b07)
# Java VM: Java HotSpot(TM) 64-Bit Server VM (25.241-b07 mixed mode windows-amd64 compressed oops)
# Failed to write core dump. Minidumps are not enabled by default on client versions of Windows
#

---------------  T H R E A D  ---------------

Current thread (0x0000000019d5f800):  JavaThread "C2 CompilerThread2" daemon [_thread_in_native, id=11328, stack(0x000000001a810000,0x000000001a910000)]

Stack: [0x000000001a810000,0x000000001a910000]
[error occurred during error reporting (printing stack bounds), id 0xc0000005]

Native frames: (J=compiled Java code, j=interpreted, Vv=VM code, C=native code)


Current CompileTask:
C2:   8035 3940       4       org.objectweb.asm.SymbolTable::addConstantMemberReference (147 bytes)


---------------  P R O C E S S  ---------------

Java Threads: ( => current thread )
  0x000000001ec35800 JavaThread "Cache worker for Build Output Cleanup Cache (C:\Users\admin\Desktop\software-engineering-project\c-food-main\.gradle\buildOutputCleanup)" [_thread_blocked, id=3512, stack(0x0000000025320000,0x0000000025420000)]
  0x000000001ec3b000 JavaThread "Build operations Thread 8" [_thread_blocked, id=2268, stack(0x0000000023c50000,0x0000000023d50000)]
  0x000000001ec3a000 JavaThread "Build operations Thread 7" [_thread_blocked, id=11432, stack(0x0000000023b50000,0x0000000023c50000)]
  0x000000001ec31000 JavaThread "Build operations Thread 6" [_thread_blocked, id=1672, stack(0x0000000023a50000,0x0000000023b50000)]
  0x000000001ec37000 JavaThread "Build operations Thread 5" [_thread_blocked, id=11740, stack(0x0000000023950000,0x0000000023a50000)]
  0x000000001ec30800 JavaThread "Build operations Thread 4" [_thread_blocked, id=11180, stack(0x0000000023850000,0x0000000023950000)]
  0x000000001ec33800 JavaThread "Build operations Thread 3" [_thread_blocked, id=3888, stack(0x0000000023750000,0x0000000023850000)]
  0x000000001ec32000 JavaThread "Build operations Thread 2" [_thread_blocked, id=2756, stack(0x0000000023650000,0x0000000023750000)]
  0x000000001ec32800 JavaThread "Build operations" [_thread_blocked, id=8516, stack(0x0000000023550000,0x0000000023650000)]
  0x000000001c000000 JavaThread "Cache worker for execution history cache (C:\Users\admin\.gradle\caches\6.1.1\executionHistory)" [_thread_blocked, id=11776, stack(0x0000000022830000,0x0000000022930000)]
  0x000000001bffc000 JavaThread "Cache worker for cache directory md-rule (C:\Users\admin\.gradle\caches\6.1.1\md-rule)" [_thread_blocked, id=11316, stack(0x0000000022730000,0x0000000022830000)]
  0x000000001bfff000 JavaThread "Cache worker for cache directory md-supplier (C:\Users\admin\.gradle\caches\6.1.1\md-supplier)" [_thread_blocked, id=6232, stack(0x0000000021380000,0x0000000021480000)]
  0x000000001bffb800 JavaThread "Cache worker for file hash cache (C:\Users\admin\Desktop\software-engineering-project\c-food-main\.gradle\6.1.1\fileHashes)" [_thread_blocked, id=3496, stack(0x0000000021280000,0x0000000021380000)]
  0x000000001bffa800 JavaThread "Cache worker for checksums cache (C:\Users\admin\Desktop\software-engineering-project\c-food-main\.gradle\checksums)" [_thread_blocked, id=6132, stack(0x0000000021180000,0x0000000021280000)]
  0x000000001bffd800 JavaThread "Cache worker for file hash cache (C:\Users\admin\.gradle\caches\6.1.1\fileHashes)" [_thread_blocked, id=9516, stack(0x000000001eb30000,0x000000001ec30000)]
  0x000000001bffa000 JavaThread "File lock request listener" [_thread_in_native, id=9484, stack(0x000000001ea30000,0x000000001eb30000)]
  0x000000001bffe800 JavaThread "Cache worker for journal cache (C:\Users\admin\.gradle\caches\journal-1)" [_thread_blocked, id=11604, stack(0x000000001e930000,0x000000001ea30000)]
  0x000000001c6fe000 JavaThread "Thread-9" [_thread_blocked, id=9452, stack(0x000000001e630000,0x000000001e730000)]
  0x000000001c6eb800 JavaThread "Stdin handler" [_thread_blocked, id=12340, stack(0x000000001e530000,0x000000001e630000)]
  0x000000001c6e4000 JavaThread "Asynchronous log dispatcher for DefaultDaemonConnection: socket connection from /127.0.0.1:51931 to /127.0.0.1:51932" [_thread_blocked, id=12900, stack(0x000000001e430000,0x000000001e530000)]
  0x000000001c81a000 JavaThread "Daemon worker" [_thread_in_Java, id=11352, stack(0x000000001e230000,0x000000001e330000)]
  0x000000001c819000 JavaThread "Cancel handler" [_thread_blocked, id=10488, stack(0x000000001e130000,0x000000001e230000)]
  0x000000001ad3a000 JavaThread "Handler for socket connection from /127.0.0.1:51931 to /127.0.0.1:51932" [_thread_in_native, id=5528, stack(0x000000001de30000,0x000000001df30000)]
  0x000000001ad35800 JavaThread "Daemon" [_thread_blocked, id=12328, stack(0x000000001dd30000,0x000000001de30000)]
  0x000000001ad0b800 JavaThread "Daemon periodic checks" [_thread_blocked, id=8788, stack(0x000000001dc30000,0x000000001dd30000)]
  0x000000001af79800 JavaThread "Incoming local TCP Connector on port 51931" [_thread_in_native, id=9948, stack(0x000000001d9f0000,0x000000001daf0000)]
  0x000000001c673800 JavaThread "Daemon health stats" [_thread_blocked, id=2112, stack(0x000000001d3b0000,0x000000001d4b0000)]
  0x0000000019ddd800 JavaThread "Service Thread" daemon [_thread_blocked, id=7960, stack(0x000000001aa10000,0x000000001ab10000)]
  0x0000000019d62000 JavaThread "C1 CompilerThread3" daemon [_thread_in_native, id=11324, stack(0x000000001a910000,0x000000001aa10000)]
=>0x0000000019d5f800 JavaThread "C2 CompilerThread2" daemon [_thread_in_native, id=11328, stack(0x000000001a810000,0x000000001a910000)]
  0x0000000019d57800 JavaThread "C2 CompilerThread1" daemon [_thread_in_native, id=12380, stack(0x000000001a710000,0x000000001a810000)]
  0x0000000019d55800 JavaThread "C2 CompilerThread0" daemon [_thread_in_native, id=3408, stack(0x000000001a610000,0x000000001a710000)]
  0x0000000019d52000 JavaThread "Attach Listener" daemon [_thread_blocked, id=3896, stack(0x000000001a510000,0x000000001a610000)]
  0x0000000019d51000 JavaThread "Signal Dispatcher" daemon [_thread_blocked, id=12952, stack(0x000000001a410000,0x000000001a510000)]
  0x0000000019d41800 JavaThread "Finalizer" daemon [_thread_blocked, id=8924, stack(0x000000001a220000,0x000000001a320000)]
  0x0000000019d40800 JavaThread "Reference Handler" daemon [_thread_blocked, id=10640, stack(0x000000001a120000,0x000000001a220000)]
  0x0000000002dd2800 JavaThread "main" [_thread_blocked, id=5884, stack(0x0000000002cd0000,0x0000000002dd0000)]

Other Threads:
  0x0000000017f3a000 VMThread [stack: 0x0000000019c20000,0x0000000019d20000] [id=5140]
  0x0000000019e07800 WatcherThread [stack: 0x000000001ab10000,0x000000001ac10000] [id=1272]

VM state:not at safepoint (normal execution)

VM Mutex/Monitor currently owned by a thread: None

heap address: 0x0000000080000000, size: 2048 MB, Compressed Oops mode: 32-bit
Narrow klass base: 0x0000000000000000, Narrow klass shift: 3
Compressed class space size: 1073741824 Address: 0x0000000100000000

Heap:
 PSYoungGen      total 77312K, used 26091K [0x00000000d5580000, 0x00000000dab80000, 0x0000000100000000)
  eden space 66560K, 23% used [0x00000000d5580000,0x00000000d647c508,0x00000000d9680000)
  from space 10752K, 99% used [0x00000000d9680000,0x00000000da0fe9f8,0x00000000da100000)
  to   space 10752K, 0% used [0x00000000da100000,0x00000000da100000,0x00000000dab80000)
 ParOldGen       total 57344K, used 17398K [0x0000000080000000, 0x0000000083800000, 0x00000000d5580000)
  object space 57344K, 30% used [0x0000000080000000,0x00000000810fd938,0x0000000083800000)
 Metaspace       used 46726K, capacity 48240K, committed 48640K, reserved 1093632K
  class space    used 6461K, capacity 6850K, committed 6912K, reserved 1048576K

Card table byte_map: [0x0000000012290000,0x00000000126a0000] byte_map_base: 0x0000000011e90000

Marking Bits: (ParMarkBitMap*) 0x00000000723cbe30
 Begin Bits: [0x0000000013150000, 0x0000000015150000)
 End Bits:   [0x0000000015150000, 0x0000000017150000)

Polling page: 0x00000000009f0000

CodeCache: size=245760Kb used=12561Kb max_used=12561Kb free=233198Kb
 bounds [0x0000000002ed0000, 0x0000000003b30000, 0x0000000011ed0000]
 total_blobs=4409 nmethods=3655 adapters=665
 compilation: enabled

Compilation events (10 events):
Event: 7.915 Thread 0x0000000019d62000 nmethod 4017 0x0000000003a67b90 code [0x0000000003a67ce0, 0x0000000003a67df0]
Event: 7.915 Thread 0x0000000019d62000 4013       1       org.gradle.tooling.internal.provider.runner.PluginApplicationTracker$PluginApplication::getPlugin (5 bytes)
Event: 7.915 Thread 0x0000000019d62000 nmethod 4013 0x0000000002ffbe90 code [0x0000000002ffbfe0, 0x0000000002ffc0f0]
Event: 7.916 Thread 0x0000000019d62000 4018       3       org.gradle.internal.instantiation.generator.DependencyInjectingInstantiator::convertParameters (124 bytes)
Event: 7.918 Thread 0x0000000019d62000 nmethod 4018 0x0000000003635090 code [0x0000000003635400, 0x0000000003636fe8]
Event: 7.918 Thread 0x0000000019d62000 4020       3       org.gradle.internal.instantiation.generator.ParamsMatchingConstructorSelector::forParams (418 bytes)
Event: 7.921 Thread 0x0000000019d62000 nmethod 4020 0x0000000003ad6710 code [0x0000000003ad6ba0, 0x0000000003ad96f8]
Event: 7.921 Thread 0x0000000019d62000 4021       3       org.gradle.internal.instantiation.generator.ParamsMatchingConstructorSelector::vetoParameters (1 bytes)
Event: 7.921 Thread 0x0000000019d62000 nmethod 4021 0x0000000003042b10 code [0x0000000003042c60, 0x0000000003042db0]
Event: 7.921 Thread 0x0000000019d62000 4019   !   3       org.gradle.internal.instantiation.generator.AsmBackedClassGenerator$InvokeConstructorStrategy::newInstance (62 bytes)

GC Heap History (10 events):
Event: 5.614 GC heap before
{Heap before GC invocations=9 (full 1):
 PSYoungGen      total 77312K, used 75363K [0x00000000d5580000, 0x00000000dab80000, 0x0000000100000000)
  eden space 66560K, 100% used [0x00000000d5580000,0x00000000d9680000,0x00000000d9680000)
  from space 10752K, 81% used [0x00000000d9680000,0x00000000d9f18f38,0x00000000da100000)
  to   space 10752K, 0% used [0x00000000da100000,0x00000000da100000,0x00000000dab80000)
 ParOldGen       total 57344K, used 8763K [0x0000000080000000, 0x0000000083800000, 0x00000000d5580000)
  object space 57344K, 15% used [0x0000000080000000,0x000000008088eea0,0x0000000083800000)
 Metaspace       used 32606K, capacity 33368K, committed 33536K, reserved 1077248K
  class space    used 4563K, capacity 4801K, committed 4864K, reserved 1048576K
Event: 5.624 GC heap after
Heap after GC invocations=9 (full 1):
 PSYoungGen      total 77312K, used 8876K [0x00000000d5580000, 0x00000000dab80000, 0x0000000100000000)
  eden space 66560K, 0% used [0x00000000d5580000,0x00000000d5580000,0x00000000d9680000)
  from space 10752K, 82% used [0x00000000da100000,0x00000000da9ab340,0x00000000dab80000)
  to   space 10752K, 0% used [0x00000000d9680000,0x00000000d9680000,0x00000000da100000)
 ParOldGen       total 57344K, used 8771K [0x0000000080000000, 0x0000000083800000, 0x00000000d5580000)
  object space 57344K, 15% used [0x0000000080000000,0x0000000080890ea0,0x0000000083800000)
 Metaspace       used 32606K, capacity 33368K, committed 33536K, reserved 1077248K
  class space    used 4563K, capacity 4801K, committed 4864K, reserved 1048576K
}
Event: 6.054 GC heap before
{Heap before GC invocations=10 (full 1):
 PSYoungGen      total 77312K, used 49687K [0x00000000d5580000, 0x00000000dab80000, 0x0000000100000000)
  eden space 66560K, 61% used [0x00000000d5580000,0x00000000d7d5ab38,0x00000000d9680000)
  from space 10752K, 82% used [0x00000000da100000,0x00000000da9ab340,0x00000000dab80000)
  to   space 10752K, 0% used [0x00000000d9680000,0x00000000d9680000,0x00000000da100000)
 ParOldGen       total 57344K, used 8771K [0x0000000080000000, 0x0000000083800000, 0x00000000d5580000)
  object space 57344K, 15% used [0x0000000080000000,0x0000000080890ea0,0x0000000083800000)
 Metaspace       used 34650K, capacity 35450K, committed 35496K, reserved 1079296K
  class space    used 4866K, capacity 5098K, committed 5120K, reserved 1048576K
Event: 6.063 GC heap after
Heap after GC invocations=10 (full 1):
 PSYoungGen      total 77312K, used 8585K [0x00000000d5580000, 0x00000000dab80000, 0x0000000100000000)
  eden space 66560K, 0% used [0x00000000d5580000,0x00000000d5580000,0x00000000d9680000)
  from space 10752K, 79% used [0x00000000d9680000,0x00000000d9ee25e8,0x00000000da100000)
  to   space 10752K, 0% used [0x00000000da100000,0x00000000da100000,0x00000000dab80000)
 ParOldGen       total 57344K, used 8779K [0x0000000080000000, 0x0000000083800000, 0x00000000d5580000)
  object space 57344K, 15% used [0x0000000080000000,0x0000000080892ea0,0x0000000083800000)
 Metaspace       used 34650K, capacity 35450K, committed 35496K, reserved 1079296K
  class space    used 4866K, capacity 5098K, committed 5120K, reserved 1048576K
}
Event: 6.063 GC heap before
{Heap before GC invocations=11 (full 2):
 PSYoungGen      total 77312K, used 8585K [0x00000000d5580000, 0x00000000dab80000, 0x0000000100000000)
  eden space 66560K, 0% used [0x00000000d5580000,0x00000000d5580000,0x00000000d9680000)
  from space 10752K, 79% used [0x00000000d9680000,0x00000000d9ee25e8,0x00000000da100000)
  to   space 10752K, 0% used [0x00000000da100000,0x00000000da100000,0x00000000dab80000)
 ParOldGen       total 57344K, used 8779K [0x0000000080000000, 0x0000000083800000, 0x00000000d5580000)
  object space 57344K, 15% used [0x0000000080000000,0x0000000080892ea0,0x0000000083800000)
 Metaspace       used 34650K, capacity 35450K, committed 35496K, reserved 1079296K
  class space    used 4866K, capacity 5098K, committed 5120K, reserved 1048576K
Event: 6.113 GC heap after
Heap after GC invocations=11 (full 2):
 PSYoungGen      total 77312K, used 0K [0x00000000d5580000, 0x00000000dab80000, 0x0000000100000000)
  eden space 66560K, 0% used [0x00000000d5580000,0x00000000d5580000,0x00000000d9680000)
  from space 10752K, 0% used [0x00000000d9680000,0x00000000d9680000,0x00000000da100000)
  to   space 10752K, 0% used [0x00000000da100000,0x00000000da100000,0x00000000dab80000)
 ParOldGen       total 57344K, used 15153K [0x0000000080000000, 0x0000000083800000, 0x00000000d5580000)
  object space 57344K, 26% used [0x0000000080000000,0x0000000080ecc430,0x0000000083800000)
 Metaspace       used 34650K, capacity 35450K, committed 35496K, reserved 1079296K
  class space    used 4866K, capacity 5098K, committed 5120K, reserved 1048576K
}
Event: 7.099 GC heap before
{Heap before GC invocations=12 (full 2):
 PSYoungGen      total 77312K, used 66560K [0x00000000d5580000, 0x00000000dab80000, 0x0000000100000000)
  eden space 66560K, 100% used [0x00000000d5580000,0x00000000d9680000,0x00000000d9680000)
  from space 10752K, 0% used [0x00000000d9680000,0x00000000d9680000,0x00000000da100000)
  to   space 10752K, 0% used [0x00000000da100000,0x00000000da100000,0x00000000dab80000)
 ParOldGen       total 57344K, used 15153K [0x0000000080000000, 0x0000000083800000, 0x00000000d5580000)
  object space 57344K, 26% used [0x0000000080000000,0x0000000080ecc430,0x0000000083800000)
 Metaspace       used 39302K, capacity 40620K, committed 40832K, reserved 1083392K
  class space    used 5541K, capacity 5892K, committed 6016K, reserved 1048576K
Event: 7.106 GC heap after
Heap after GC invocations=12 (full 2):
 PSYoungGen      total 77312K, used 7636K [0x00000000d5580000, 0x00000000dab80000, 0x0000000100000000)
  eden space 66560K, 0% used [0x00000000d5580000,0x00000000d5580000,0x00000000d9680000)
  from space 10752K, 71% used [0x00000000da100000,0x00000000da875200,0x00000000dab80000)
  to   space 10752K, 0% used [0x00000000d9680000,0x00000000d9680000,0x00000000da100000)
 ParOldGen       total 57344K, used 15161K [0x0000000080000000, 0x0000000083800000, 0x00000000d5580000)
  object space 57344K, 26% used [0x0000000080000000,0x0000000080ece430,0x0000000083800000)
 Metaspace       used 39302K, capacity 40620K, committed 40832K, reserved 1083392K
  class space    used 5541K, capacity 5892K, committed 6016K, reserved 1048576K
}
Event: 7.872 GC heap before
{Heap before GC invocations=13 (full 2):
 PSYoungGen      total 77312K, used 74196K [0x00000000d5580000, 0x00000000dab80000, 0x0000000100000000)
  eden space 66560K, 100% used [0x00000000d5580000,0x00000000d9680000,0x00000000d9680000)
  from space 10752K, 71% used [0x00000000da100000,0x00000000da875200,0x00000000dab80000)
  to   space 10752K, 0% used [0x00000000d9680000,0x00000000d9680000,0x00000000da100000)
 ParOldGen       total 57344K, used 15161K [0x0000000080000000, 0x0000000083800000, 0x00000000d5580000)
  object space 57344K, 26% used [0x0000000080000000,0x0000000080ece430,0x0000000083800000)
 Metaspace       used 45543K, capacity 47020K, committed 47232K, reserved 1089536K
  class space    used 6312K, capacity 6684K, committed 6784K, reserved 1048576K
Event: 7.888 GC heap after
Heap after GC invocations=13 (full 2):
 PSYoungGen      total 77312K, used 10746K [0x00000000d5580000, 0x00000000dab80000, 0x0000000100000000)
  eden space 66560K, 0% used [0x00000000d5580000,0x00000000d5580000,0x00000000d9680000)
  from space 10752K, 99% used [0x00000000d9680000,0x00000000da0fe9f8,0x00000000da100000)
  to   space 10752K, 0% used [0x00000000da100000,0x00000000da100000,0x00000000dab80000)
 ParOldGen       total 57344K, used 17398K [0x0000000080000000, 0x0000000083800000, 0x00000000d5580000)
  object space 57344K, 30% used [0x0000000080000000,0x00000000810fd938,0x0000000083800000)
 Metaspace       used 45543K, capacity 47020K, committed 47232K, reserved 1089536K
  class space    used 6312K, capacity 6684K, committed 6784K, reserved 1048576K
}

Deoptimization events (10 events):
Event: 7.564 Thread 0x000000001c81a000 Uncommon trap: reason=speculate_class_check action=maybe_recompile pc=0x0000000003a10318 method=java.util.HashMap.putVal(ILjava/lang/Object;Ljava/lang/Object;ZZ)Ljava/lang/Object; @ 56
Event: 7.577 Thread 0x000000001c81a000 Uncommon trap: reason=unstable_if action=reinterpret pc=0x00000000033ec47c method=java.lang.CharacterDataLatin1.isWhitespace(I)Z @ 14
Event: 7.612 Thread 0x000000001c81a000 Uncommon trap: reason=unstable_if action=reinterpret pc=0x00000000038985e8 method=java.util.jar.JarFile.maybeInstantiateVerifier()V @ 4
Event: 7.614 Thread 0x000000001c81a000 Uncommon trap: reason=unstable_if action=reinterpret pc=0x00000000030dc1d4 method=java.util.jar.JarFile.maybeInstantiateVerifier()V @ 4
Event: 7.614 Thread 0x000000001c81a000 Uncommon trap: reason=unstable_if action=reinterpret pc=0x00000000030e29f0 method=java.security.CodeSource.<init>(Ljava/net/URL;[Ljava/security/CodeSigner;)V @ 25
Event: 7.616 Thread 0x000000001c81a000 Uncommon trap: reason=unstable_if action=reinterpret pc=0x0000000003483fac method=java.security.CodeSource.getCertificates()[Ljava/security/cert/Certificate; @ 22
Event: 7.616 Thread 0x000000001c81a000 Uncommon trap: reason=unstable_if action=reinterpret pc=0x00000000033e84f0 method=java.util.jar.JarFile.maybeInstantiateVerifier()V @ 4
Event: 7.617 Thread 0x000000001c81a000 Uncommon trap: reason=unstable_if action=reinterpret pc=0x00000000039d0a78 method=java.security.CodeSource.matchCerts(Ljava/security/CodeSource;Z)Z @ 11
Event: 7.646 Thread 0x000000001c81a000 Uncommon trap: reason=unstable_if action=reinterpret pc=0x000000000305f8d8 method=java.util.LinkedHashMap.get(Ljava/lang/Object;)Ljava/lang/Object; @ 20
Event: 7.751 Thread 0x000000001c81a000 Uncommon trap: reason=unstable_if action=reinterpret pc=0x0000000003574c70 method=org.objectweb.asm.ByteVector.putUTF8(Ljava/lang/String;)Lorg/objectweb/asm/ByteVector; @ 93

Classes redefined (0 events):
No events

Internal exceptions (10 events):
Event: 6.817 Thread 0x000000001c81a000 Exception <a 'java/lang/ClassNotFoundException': build_715gs4t1s6a8dlk3q6eoajsysCustomizer> (0x00000000d83a6708) thrown at [C:\ade\jenkins\workspace\8-2-build-windows-amd64-cygwin\jdk8u241\331\hotspot\src\share\vm\classfile\systemDictionary.cpp, line 210]
Event: 6.823 Thread 0x000000001c81a000 Exception <a 'java/lang/ClassNotFoundException': org/gradle/api/internal/plugins/DefaultObjectConfigurationActionBeanInfo> (0x00000000d8421438) thrown at [C:\ade\jenkins\workspace\8-2-build-windows-amd64-cygwin\jdk8u241\331\hotspot\src\share\vm\classfile\
Event: 6.824 Thread 0x000000001c81a000 Exception <a 'java/lang/ClassNotFoundException': org/gradle/api/internal/plugins/DefaultObjectConfigurationActionCustomizer> (0x00000000d8466608) thrown at [C:\ade\jenkins\workspace\8-2-build-windows-amd64-cygwin\jdk8u241\331\hotspot\src\share\vm\classfil
Event: 7.033 Thread 0x000000001c81a000 Implicit null exception at 0x000000000394909f to 0x000000000394d815
Event: 7.034 Thread 0x000000001c81a000 Implicit null exception at 0x0000000003897595 to 0x000000000389787d
Event: 7.533 Thread 0x000000001c81a000 Implicit null exception at 0x00000000030b1668 to 0x00000000030b1b8d
Event: 7.897 Thread 0x000000001c81a000 Exception <a 'java/lang/ClassNotFoundException': com/android/build/gradle/internal/api/DefaultAndroidSourceSet_DecoratedBeanInfo> (0x00000000d55bfb50) thrown at [C:\ade\jenkins\workspace\8-2-build-windows-amd64-cygwin\jdk8u241\331\hotspot\src\share\vm\cla
Event: 7.898 Thread 0x000000001c81a000 Exception <a 'java/lang/ClassNotFoundException': com/android/build/gradle/internal/api/DefaultAndroidSourceSetBeanInfo> (0x00000000d55ddc08) thrown at [C:\ade\jenkins\workspace\8-2-build-windows-amd64-cygwin\jdk8u241\331\hotspot\src\share\vm\classfile\sys
Event: 7.898 Thread 0x000000001c81a000 Exception <a 'java/lang/ClassNotFoundException': com/android/build/gradle/internal/api/DefaultAndroidSourceSetCustomizer> (0x00000000d55fc1f0) thrown at [C:\ade\jenkins\workspace\8-2-build-windows-amd64-cygwin\jdk8u241\331\hotspot\src\share\vm\classfile\s
Event: 7.901 Thread 0x000000001c81a000 Exception <a 'java/lang/ClassNotFoundException': com/android/build/gradle/internal/api/DefaultAndroidSourceSet_DecoratedCustomizer> (0x00000000d5667b28) thrown at [C:\ade\jenkins\workspace\8-2-build-windows-amd64-cygwin\jdk8u241\331\hotspot\src\share\vm\c

Events (10 events):
Event: 7.911 Thread 0x0000000019d62000 flushing nmethod 0x00000000034959d0
Event: 7.911 Thread 0x0000000019d62000 flushing nmethod 0x0000000003497f90
Event: 7.911 Thread 0x0000000019d62000 flushing nmethod 0x00000000034c9790
Event: 7.911 Thread 0x0000000019d62000 flushing nmethod 0x00000000034cbe50
Event: 7.912 Thread 0x0000000019d62000 flushing nmethod 0x000000000355abd0
Event: 7.914 Thread 0x0000000019d62000 flushing nmethod 0x0000000003634410
Event: 7.916 Thread 0x0000000019d62000 flushing nmethod 0x00000000038d4c50
Event: 7.918 Thread 0x0000000019d62000 flushing nmethod 0x0000000003974650
Event: 7.920 loading class com/android/build/gradle/internal/dsl/ViewBindingOptionsImpl
Event: 7.920 loading class com/android/build/gradle/internal/dsl/ViewBindingOptionsImpl done


Dynamic libraries:
0x00007ff673dc0000 - 0x00007ff673df7000 	C:\Program Files\Java\jdk1.8.0_241\bin\java.exe
0x00007ffa2f920000 - 0x00007ffa2fb01000 	C:\WINDOWS\SYSTEM32\ntdll.dll
0x00007ffa2cf10000 - 0x00007ffa2cfc1000 	C:\WINDOWS\System32\KERNEL32.DLL
0x00007ffa2c840000 - 0x00007ffa2cab3000 	C:\WINDOWS\System32\KERNELBASE.dll
0x00007ffa2f020000 - 0x00007ffa2f0c1000 	C:\WINDOWS\System32\ADVAPI32.dll
0x00007ffa2f7e0000 - 0x00007ffa2f87e000 	C:\WINDOWS\System32\msvcrt.dll
0x00007ffa2f880000 - 0x00007ffa2f8db000 	C:\WINDOWS\System32\sechost.dll
0x00007ffa2f6b0000 - 0x00007ffa2f7d4000 	C:\WINDOWS\System32\RPCRT4.dll
0x00007ffa2d850000 - 0x00007ffa2d9e0000 	C:\WINDOWS\System32\USER32.dll
0x00007ffa2cd90000 - 0x00007ffa2cdb0000 	C:\WINDOWS\System32\win32u.dll
0x00007ffa2f680000 - 0x00007ffa2f6a8000 	C:\WINDOWS\System32\GDI32.dll
0x00007ffa2cbf0000 - 0x00007ffa2cd82000 	C:\WINDOWS\System32\gdi32full.dll
0x00007ffa2bce0000 - 0x00007ffa2bd7f000 	C:\WINDOWS\System32\msvcp_win.dll
0x00007ffa2bd80000 - 0x00007ffa2be78000 	C:\WINDOWS\System32\ucrtbase.dll
0x00007ffa210c0000 - 0x00007ffa21329000 	C:\WINDOWS\WinSxS\amd64_microsoft.windows.common-controls_6595b64144ccf1df_6.0.17134.1550_none_d40142657c8ef2c1\COMCTL32.dll
0x00007ffa2d530000 - 0x00007ffa2d850000 	C:\WINDOWS\System32\combase.dll
0x00007ffa2cb70000 - 0x00007ffa2cbe9000 	C:\WINDOWS\System32\bcryptPrimitives.dll
0x00007ffa2cdb0000 - 0x00007ffa2cddd000 	C:\WINDOWS\System32\IMM32.DLL
0x0000000072450000 - 0x0000000072522000 	C:\Program Files\Java\jdk1.8.0_241\jre\bin\msvcr100.dll
0x0000000071ba0000 - 0x000000007244c000 	C:\Program Files\Java\jdk1.8.0_241\jre\bin\server\jvm.dll
0x00007ffa2f0d0000 - 0x00007ffa2f0d8000 	C:\WINDOWS\System32\PSAPI.DLL
0x00007ffa27560000 - 0x00007ffa2756a000 	C:\WINDOWS\SYSTEM32\VERSION.dll
0x00007ffa25720000 - 0x00007ffa25743000 	C:\WINDOWS\SYSTEM32\WINMM.dll
0x00007ffa24a70000 - 0x00007ffa24a79000 	C:\WINDOWS\SYSTEM32\WSOCK32.dll
0x00007ffa2ee30000 - 0x00007ffa2ee9c000 	C:\WINDOWS\System32\WS2_32.dll
0x00007ffa256f0000 - 0x00007ffa2571a000 	C:\WINDOWS\SYSTEM32\winmmbase.dll
0x00007ffa2c7f0000 - 0x00007ffa2c839000 	C:\WINDOWS\System32\cfgmgr32.dll
0x00007ffa1be70000 - 0x00007ffa1be7f000 	C:\Program Files\Java\jdk1.8.0_241\jre\bin\verify.dll
0x00007ffa1ac50000 - 0x00007ffa1ac79000 	C:\Program Files\Java\jdk1.8.0_241\jre\bin\java.dll
0x00007ffa1bc70000 - 0x00007ffa1bc86000 	C:\Program Files\Java\jdk1.8.0_241\jre\bin\zip.dll
0x00007ffa2d9e0000 - 0x00007ffa2ee25000 	C:\WINDOWS\System32\SHELL32.dll
0x00007ffa2f2e0000 - 0x00007ffa2f389000 	C:\WINDOWS\System32\shcore.dll
0x00007ffa2bee0000 - 0x00007ffa2c5f1000 	C:\WINDOWS\System32\windows.storage.dll
0x00007ffa2f620000 - 0x00007ffa2f671000 	C:\WINDOWS\System32\shlwapi.dll
0x00007ffa2bcc0000 - 0x00007ffa2bcd1000 	C:\WINDOWS\System32\kernel.appcore.dll
0x00007ffa2bca0000 - 0x00007ffa2bcbf000 	C:\WINDOWS\System32\profapi.dll
0x00007ffa2bc30000 - 0x00007ffa2bc7c000 	C:\WINDOWS\System32\powrprof.dll
0x00007ffa2bc20000 - 0x00007ffa2bc2a000 	C:\WINDOWS\System32\FLTLIB.DLL
0x00007ffa1ad20000 - 0x00007ffa1ad3a000 	C:\Program Files\Java\jdk1.8.0_241\jre\bin\net.dll
0x00007ffa2b4a0000 - 0x00007ffa2b506000 	C:\WINDOWS\system32\mswsock.dll
0x00007ffa1a420000 - 0x00007ffa1a432000 	C:\Program Files\Java\jdk1.8.0_241\jre\bin\nio.dll
0x00007ffa1ae70000 - 0x00007ffa1ae96000 	C:\Users\admin\.gradle\native\31\windows-amd64\native-platform.dll
0x00007ffa1be60000 - 0x00007ffa1be6d000 	C:\Program Files\Java\jdk1.8.0_241\jre\bin\management.dll
0x00007ffa2b650000 - 0x00007ffa2b667000 	C:\WINDOWS\SYSTEM32\CRYPTSP.dll
0x00007ffa2b050000 - 0x00007ffa2b083000 	C:\WINDOWS\system32\rsaenh.dll
0x00007ffa2b780000 - 0x00007ffa2b7a5000 	C:\WINDOWS\SYSTEM32\bcrypt.dll
0x00007ffa2bb20000 - 0x00007ffa2bb48000 	C:\WINDOWS\SYSTEM32\USERENV.dll
0x00007ffa2b670000 - 0x00007ffa2b67b000 	C:\WINDOWS\SYSTEM32\CRYPTBASE.dll
0x00007ffa2b1f0000 - 0x00007ffa2b228000 	C:\WINDOWS\SYSTEM32\IPHLPAPI.DLL
0x00007ffa2f610000 - 0x00007ffa2f618000 	C:\WINDOWS\System32\NSI.dll
0x00007ffa244d0000 - 0x00007ffa244e6000 	C:\WINDOWS\SYSTEM32\dhcpcsvc6.DLL
0x00007ffa244b0000 - 0x00007ffa244ca000 	C:\WINDOWS\SYSTEM32\dhcpcsvc.DLL

VM Arguments:
jvm_args: -Xmx2048m -Dfile.encoding=windows-1252 -Duser.country=US -Duser.language=en -Duser.variant 
java_command: org.gradle.launcher.daemon.bootstrap.GradleDaemon 6.1.1
java_class_path (initial): C:\Users\admin\.gradle\wrapper\dists\gradle-6.1.1-all\cfmwm155h49vnt3hynmlrsdst\gradle-6.1.1\lib\gradle-launcher-6.1.1.jar
Launcher Type: SUN_STANDARD

Environment Variables:
JAVA_HOME=C:\Program Files\Java\jdk1.8.0_241
PATH=C:\Program Files\Microsoft MPI\Bin\;C:\Program Files (x86)\Common Files\Oracle\Java\javapath;C:\WINDOWS\system32;C:\WINDOWS;C:\WINDOWS\System32\Wbem;C:\WINDOWS\System32\WindowsPowerShell\v1.0\;C:\Program Files\Microsoft SQL Server\110\Tools\Binn\;C:\Program Files\Microsoft SQL Server\130\Tools\Binn\;C:\Program Files\dotnet\;C:\Program Files (x86)\Windows Live\Shared;C:\WINDOWS\System32\OpenSSH\;C:\Program Files (x86)\Microsoft SQL Server\130\Tools\Binn\;C:\Program Files (x86)\Microsoft SQL Server\130\DTS\Binn\;C:\Program Files\Microsoft SQL Server\130\DTS\Binn\;C:\Program Files\Microsoft SQL Server\Client SDK\ODBC\130\Tools\Binn\;C:\Program Files (x86)\Microsoft SQL Server\Client SDK\ODBC\130\Tools\Binn\;C:\Program Files (x86)\Microsoft SQL Server\130\Tools\Binn\ManagementStudio\;C:\Program Files\nodejs\;C:\Program Files\NVIDIA Corporation\NVIDIA NvDLISR;C:\Program Files\Git\cmd;C:\Program Files\Amazon\AWSCLI\;C:\Users\admin\AppData\Local\Microsoft\WindowsApps;;C:\Users\admin\AppData\Local\Programs\Microsoft VS Code\bin;C:\Users\admin\AppData\Roaming\npm
USERNAME=admin
OS=Windows_NT
PROCESSOR_IDENTIFIER=Intel64 Family 6 Model 58 Stepping 9, GenuineIntel



---------------  S Y S T E M  ---------------

OS: Windows 10.0 , 64 bit Build 17134 (10.0.17134.1425)

CPU:total 8 (initial active 8) (4 cores per cpu, 2 threads per core) family 6 model 58 stepping 9, cmov, cx8, fxsr, mmx, sse, sse2, sse3, ssse3, sse4.1, sse4.2, popcnt, avx, aes, clmul, erms, ht, tsc, tscinvbit, tscinv

Memory: 4k page, physical 8319548k(1521456k free), swap 8319548k(5124k free)

vm_info: Java HotSpot(TM) 64-Bit Server VM (25.241-b07) for windows-amd64 JRE (1.8.0_241-b07), built on Dec 11 2019 10:21:40 by "rejava" with MS VC++ 10.0 (VS2010)

time: Mon Jul 13 11:10:44 2020
timezone: SE Asia Standard Time
elapsed time: 8 seconds (0d 0h 0m 8s)

