#
# There is insufficient memory for the Java Runtime Environment to continue.
# Native memory allocation (malloc) failed to allocate 1066816 bytes for Chunk::new
# Possible reasons:
#   The system is out of physical RAM or swap space
#   The process is running with CompressedOops enabled, and the Java Heap may be blocking the growth of the native heap
# Possible solutions:
#   Reduce memory load on the system
#   Increase physical memory or swap space
#   Check if swap backing store is full
#   Decrease Java heap size (-Xmx/-Xms)
#   Decrease number of Java threads
#   Decrease Java thread stack sizes (-Xss)
#   Set larger code cache with -XX:ReservedCodeCacheSize=
#   JVM is running with Unscaled Compressed Oops mode in which the Java heap is
#     placed in the first 4GB address space. The Java Heap base address is the
#     maximum limit for the native heap growth. Please use -XX:HeapBaseMinAddress
#     to set the Java Heap base and to place the Java Heap above 4GB virtual address.
# This output file may be truncated or incomplete.
#
#  Out of Memory Error (allocation.cpp:389), pid=9944, tid=0x0000000000003750
#
# JRE version: Java(TM) SE Runtime Environment (8.0_241-b07) (build 1.8.0_241-b07)
# Java VM: Java HotSpot(TM) 64-Bit Server VM (25.241-b07 mixed mode windows-amd64 compressed oops)
# Failed to write core dump. Minidumps are not enabled by default on client versions of Windows
#

---------------  T H R E A D  ---------------

Current thread (0x000000001a254800):  JavaThread "C2 CompilerThread0" daemon [_thread_in_native, id=14160, stack(0x000000001ab10000,0x000000001ac10000)]

Stack: [0x000000001ab10000,0x000000001ac10000]
[error occurred during error reporting (printing stack bounds), id 0xc0000005]

Native frames: (J=compiled Java code, j=interpreted, Vv=VM code, C=native code)


Current CompileTask:
C2:  41281 14883 %     4       com.android.tools.r8.ir.regalloc.LinearScanRegisterAllocator::b @ 598 (1369 bytes)


---------------  P R O C E S S  ---------------

Java Threads: ( => current thread )
  0x0000000022648800 JavaThread "WorkerExecutor Queue Thread 8" [_thread_blocked, id=11184, stack(0x000000002ac20000,0x000000002ad20000)]
  0x0000000022647800 JavaThread "WorkerExecutor Queue Thread 7" [_thread_in_Java, id=11648, stack(0x000000002ab20000,0x000000002ac20000)]
  0x0000000022640000 JavaThread "WorkerExecutor Queue Thread 6" [_thread_blocked, id=4132, stack(0x000000002aa20000,0x000000002ab20000)]
  0x0000000022646000 JavaThread "WorkerExecutor Queue Thread 5" [_thread_blocked, id=8532, stack(0x000000002a920000,0x000000002aa20000)]
  0x000000002263f800 JavaThread "WorkerExecutor Queue Thread 4" [_thread_blocked, id=8048, stack(0x000000002a820000,0x000000002a920000)]
  0x0000000022645800 JavaThread "WorkerExecutor Queue Thread 3" [_thread_blocked, id=13040, stack(0x0000000029990000,0x0000000029a90000)]
  0x000000002263e800 JavaThread "WorkerExecutor Queue Thread 2" [_thread_blocked, id=11860, stack(0x0000000028c60000,0x0000000028d60000)]
  0x0000000022644800 JavaThread "WorkerExecutor Queue" [_thread_blocked, id=6140, stack(0x0000000028960000,0x0000000028a60000)]
  0x0000000022641000 JavaThread "Cache worker for execution history cache (C:\Users\admin\Desktop\software-engineering-project\c-food-main\.gradle\5.6.4\executionHistory)" [_thread_blocked, id=13692, stack(0x0000000028660000,0x0000000028760000)]
  0x0000000022641800 JavaThread "Execution worker for ':' Thread 7" [_thread_blocked, id=10128, stack(0x0000000028560000,0x0000000028660000)]
  0x000000002263c800 JavaThread "Execution worker for ':' Thread 6" [_thread_blocked, id=4004, stack(0x0000000028460000,0x0000000028560000)]
  0x000000002263d000 JavaThread "Execution worker for ':' Thread 5" [_thread_blocked, id=11596, stack(0x0000000028360000,0x0000000028460000)]
  0x00000000203e0800 JavaThread "Execution worker for ':' Thread 4" [_thread_blocked, id=11948, stack(0x0000000028260000,0x0000000028360000)]
  0x00000000203e7800 JavaThread "Execution worker for ':' Thread 3" [_thread_blocked, id=3516, stack(0x0000000028160000,0x0000000028260000)]
  0x00000000203e6000 JavaThread "Execution worker for ':' Thread 2" [_thread_blocked, id=12696, stack(0x0000000028060000,0x0000000028160000)]
  0x00000000203e5000 JavaThread "Execution worker for ':'" [_thread_blocked, id=9896, stack(0x0000000027f60000,0x0000000028060000)]
  0x00000000203e6800 JavaThread "Cache worker for file content cache (C:\Users\admin\Desktop\software-engineering-project\c-food-main\.gradle\5.6.4\fileContent)" [_thread_blocked, id=12732, stack(0x0000000026590000,0x0000000026690000)]
  0x00000000203e3000 JavaThread "Cache worker for file content cache (C:\Users\admin\.gradle\caches\5.6.4\fileContent)" [_thread_blocked, id=1012, stack(0x00000000261b0000,0x00000000262b0000)]
  0x00000000203e0000 JavaThread "Memory manager" [_thread_blocked, id=13188, stack(0x00000000260b0000,0x00000000261b0000)]
  0x00000000203db800 JavaThread "Cache worker for Build Output Cleanup Cache (C:\Users\admin\Desktop\software-engineering-project\c-food-main\.gradle\buildOutputCleanup)" [_thread_blocked, id=13932, stack(0x00000000255b0000,0x00000000256b0000)]
  0x00000000203dd800 JavaThread "Build operations Thread 8" [_thread_blocked, id=3108, stack(0x0000000024eb0000,0x0000000024fb0000)]
  0x00000000203dc000 JavaThread "Build operations Thread 7" [_thread_blocked, id=10612, stack(0x0000000024db0000,0x0000000024eb0000)]
  0x00000000203e2000 JavaThread "Build operations Thread 6" [_thread_blocked, id=13500, stack(0x0000000024cb0000,0x0000000024db0000)]
  0x00000000203e1800 JavaThread "Build operations Thread 5" [_thread_blocked, id=3340, stack(0x0000000024bb0000,0x0000000024cb0000)]
  0x00000000203dd000 JavaThread "Build operations Thread 4" [_thread_blocked, id=7796, stack(0x0000000024ab0000,0x0000000024bb0000)]
  0x00000000203d9000 JavaThread "Build operations Thread 3" [_thread_blocked, id=2760, stack(0x00000000249b0000,0x0000000024ab0000)]
  0x00000000203da800 JavaThread "Build operations Thread 2" [_thread_blocked, id=13068, stack(0x00000000248b0000,0x00000000249b0000)]
  0x00000000203d8000 JavaThread "Build operations" [_thread_blocked, id=10924, stack(0x0000000024370000,0x0000000024470000)]
  0x00000000203da000 JavaThread "Cache worker for execution history cache (C:\Users\admin\.gradle\caches\5.6.4\executionHistory)" [_thread_blocked, id=14032, stack(0x0000000024270000,0x0000000024370000)]
  0x00000000203df000 JavaThread "Cache worker for cache directory md-rule (C:\Users\admin\.gradle\caches\5.6.4\md-rule)" [_thread_blocked, id=11940, stack(0x0000000022d20000,0x0000000022e20000)]
  0x000000001a266800 JavaThread "Cache worker for cache directory md-supplier (C:\Users\admin\.gradle\caches\5.6.4\md-supplier)" [_thread_blocked, id=12396, stack(0x0000000021780000,0x0000000021880000)]
  0x000000001a269800 JavaThread "Cache worker for file hash cache (C:\Users\admin\Desktop\software-engineering-project\c-food-main\.gradle\5.6.4\fileHashes)" [_thread_blocked, id=4448, stack(0x0000000021680000,0x0000000021780000)]
  0x000000001a268800 JavaThread "Cache worker for journal cache (C:\Users\admin\.gradle\caches\journal-1)" [_thread_blocked, id=10320, stack(0x000000001f030000,0x000000001f130000)]
  0x000000001a264000 JavaThread "File lock request listener" [_thread_in_native, id=10552, stack(0x000000001ef30000,0x000000001f030000)]
  0x000000001a262800 JavaThread "Cache worker for file hash cache (C:\Users\admin\.gradle\caches\5.6.4\fileHashes)" [_thread_blocked, id=9184, stack(0x000000001ee30000,0x000000001ef30000)]
  0x000000001cc31000 JavaThread "Thread-9" [_thread_blocked, id=11896, stack(0x000000001eb30000,0x000000001ec30000)]
  0x000000001cc1f000 JavaThread "Stdin handler" [_thread_blocked, id=4280, stack(0x000000001ea30000,0x000000001eb30000)]
  0x000000001cc1d800 JavaThread "Asynchronous log dispatcher for DefaultDaemonConnection: socket connection from /127.0.0.1:50529 to /127.0.0.1:50530" [_thread_blocked, id=1276, stack(0x000000001e930000,0x000000001ea30000)]
  0x000000001cc1a800 JavaThread "Daemon worker" [_thread_blocked, id=4304, stack(0x000000001e730000,0x000000001e830000)]
  0x000000001cc36000 JavaThread "Cancel handler" [_thread_blocked, id=11032, stack(0x000000001e630000,0x000000001e730000)]
  0x000000001cc11000 JavaThread "Handler for socket connection from /127.0.0.1:50529 to /127.0.0.1:50530" [_thread_in_native, id=8948, stack(0x000000001e330000,0x000000001e430000)]
  0x000000001cc0f800 JavaThread "Daemon" [_thread_blocked, id=9364, stack(0x000000001e230000,0x000000001e330000)]
  0x000000001cbe0800 JavaThread "Daemon periodic checks" [_thread_blocked, id=9292, stack(0x000000001e130000,0x000000001e230000)]
  0x000000001cb8d000 JavaThread "Incoming local TCP Connector on port 50529" [_thread_in_native, id=5792, stack(0x000000001def0000,0x000000001dff0000)]
  0x000000001b146800 JavaThread "Daemon health stats" [_thread_blocked, id=8528, stack(0x000000001d8b0000,0x000000001d9b0000)]
  0x000000001a2e1000 JavaThread "Service Thread" daemon [_thread_blocked, id=4208, stack(0x000000001af10000,0x000000001b010000)]
  0x000000001a268000 JavaThread "C1 CompilerThread3" daemon [_thread_blocked, id=3276, stack(0x000000001ae10000,0x000000001af10000)]
  0x000000001a260000 JavaThread "C2 CompilerThread2" daemon [_thread_in_native, id=13832, stack(0x000000001ad10000,0x000000001ae10000)]
  0x000000001a258000 JavaThread "C2 CompilerThread1" daemon [_thread_in_native, id=2668, stack(0x000000001ac10000,0x000000001ad10000)]
=>0x000000001a254800 JavaThread "C2 CompilerThread0" daemon [_thread_in_native, id=14160, stack(0x000000001ab10000,0x000000001ac10000)]
  0x000000001a251800 JavaThread "Attach Listener" daemon [_thread_blocked, id=2872, stack(0x000000001aa10000,0x000000001ab10000)]
  0x000000001843e000 JavaThread "Signal Dispatcher" daemon [_thread_blocked, id=1740, stack(0x000000001a910000,0x000000001aa10000)]
  0x000000001a241800 JavaThread "Finalizer" daemon [_thread_blocked, id=6092, stack(0x000000001a720000,0x000000001a820000)]
  0x000000001a240800 JavaThread "Reference Handler" daemon [_thread_blocked, id=11076, stack(0x000000001a620000,0x000000001a720000)]
  0x00000000032c2800 JavaThread "main" [_thread_blocked, id=11068, stack(0x00000000031c0000,0x00000000032c0000)]

Other Threads:
  0x0000000018429800 VMThread [stack: 0x000000001a120000,0x000000001a220000] [id=9388]
  0x000000001a303000 WatcherThread [stack: 0x000000001b010000,0x000000001b110000] [id=11640]

VM state:not at safepoint (normal execution)

VM Mutex/Monitor currently owned by a thread: None

heap address: 0x0000000080000000, size: 2048 MB, Compressed Oops mode: 32-bit
Narrow klass base: 0x0000000000000000, Narrow klass shift: 3
Compressed class space size: 1073741824 Address: 0x0000000100000000

Heap:
 PSYoungGen      total 352768K, used 68327K [0x00000000d5580000, 0x00000000f1200000, 0x0000000100000000)
  eden space 271360K, 7% used [0x00000000d5580000,0x00000000d6a279f0,0x00000000e5e80000)
  from space 81408K, 57% used [0x00000000e5e80000,0x00000000e8c925b8,0x00000000eae00000)
  to   space 81408K, 0% used [0x00000000ec280000,0x00000000ec280000,0x00000000f1200000)
 ParOldGen       total 174080K, used 87764K [0x0000000080000000, 0x000000008aa00000, 0x00000000d5580000)
  object space 174080K, 50% used [0x0000000080000000,0x00000000855b50c0,0x000000008aa00000)
 Metaspace       used 77388K, capacity 80839K, committed 81152K, reserved 1118208K
  class space    used 10692K, capacity 11446K, committed 11520K, reserved 1048576K

Card table byte_map: [0x0000000012780000,0x0000000012b90000] byte_map_base: 0x0000000012380000

Marking Bits: (ParMarkBitMap*) 0x000000005bf6be30
 Begin Bits: [0x0000000013640000, 0x0000000015640000)
 End Bits:   [0x0000000015640000, 0x0000000017640000)

Polling page: 0x0000000000ff0000

CodeCache: size=245760Kb used=44693Kb max_used=45642Kb free=201066Kb
 bounds [0x00000000033c0000, 0x00000000060d0000, 0x00000000123c0000]
 total_blobs=12521 nmethods=11654 adapters=776
 compilation: enabled

Compilation events (10 events):
Event: 41.045 Thread 0x000000001a268000 14920   !   2       java.util.AbstractSet::equals (48 bytes)
Event: 41.046 Thread 0x000000001a268000 nmethod 14920 0x00000000059da710 code [0x00000000059da8a0, 0x00000000059dabc8]
Event: 41.080 Thread 0x000000001a268000 14922       1       com.android.tools.r8.u.b.t::t2 (4 bytes)
Event: 41.080 Thread 0x000000001a268000 nmethod 14922 0x0000000003847790 code [0x00000000038478e0, 0x00000000038479f0]
Event: 41.235 Thread 0x000000001a268000 14925       2       com.android.tools.r8.s.a.a.a.J::a (29 bytes)
Event: 41.236 Thread 0x000000001a268000 nmethod 14925 0x0000000003bf95d0 code [0x0000000003bf9760, 0x0000000003bf9b18]
Event: 41.241 Thread 0x000000001a268000 14926       2       java.util.TreeMap::clear (21 bytes)
Event: 41.241 Thread 0x000000001a268000 nmethod 14926 0x0000000005a6d190 code [0x0000000005a6d2e0, 0x0000000005a6d450]
Event: 41.259 Thread 0x000000001a268000 14927 %     3       com.android.tools.r8.ir.optimize.C::doHash @ 57 (129 bytes)
Event: 41.261 Thread 0x000000001a268000 nmethod 14927% 0x0000000005053690 code [0x00000000050538e0, 0x0000000005054a18]

GC Heap History (10 events):
Event: 35.741 GC heap before
{Heap before GC invocations=27 (full 6):
 PSYoungGen      total 350208K, used 321706K [0x00000000d5580000, 0x00000000efe80000, 0x0000000100000000)
  eden space 271360K, 100% used [0x00000000d5580000,0x00000000e5e80000,0x00000000e5e80000)
  from space 78848K, 63% used [0x00000000eae00000,0x00000000edf2a980,0x00000000efb00000)
  to   space 81408K, 0% used [0x00000000e5e80000,0x00000000e5e80000,0x00000000eae00000)
 ParOldGen       total 174080K, used 87740K [0x0000000080000000, 0x000000008aa00000, 0x00000000d5580000)
  object space 174080K, 50% used [0x0000000080000000,0x00000000855af0c0,0x000000008aa00000)
 Metaspace       used 77337K, capacity 80799K, committed 80896K, reserved 1118208K
  class space    used 10682K, capacity 11438K, committed 11520K, reserved 1048576K
Event: 35.772 GC heap after
Heap after GC invocations=27 (full 6):
 PSYoungGen      total 352768K, used 49698K [0x00000000d5580000, 0x00000000efe80000, 0x0000000100000000)
  eden space 271360K, 0% used [0x00000000d5580000,0x00000000d5580000,0x00000000e5e80000)
  from space 81408K, 61% used [0x00000000e5e80000,0x00000000e8f08b18,0x00000000eae00000)
  to   space 78848K, 0% used [0x00000000eae00000,0x00000000eae00000,0x00000000efb00000)
 ParOldGen       total 174080K, used 87748K [0x0000000080000000, 0x000000008aa00000, 0x00000000d5580000)
  object space 174080K, 50% used [0x0000000080000000,0x00000000855b10c0,0x000000008aa00000)
 Metaspace       used 77337K, capacity 80799K, committed 80896K, reserved 1118208K
  class space    used 10682K, capacity 11438K, committed 11520K, reserved 1048576K
}
Event: 37.405 GC heap before
{Heap before GC invocations=28 (full 6):
 PSYoungGen      total 352768K, used 321058K [0x00000000d5580000, 0x00000000efe80000, 0x0000000100000000)
  eden space 271360K, 100% used [0x00000000d5580000,0x00000000e5e80000,0x00000000e5e80000)
  from space 81408K, 61% used [0x00000000e5e80000,0x00000000e8f08b18,0x00000000eae00000)
  to   space 78848K, 0% used [0x00000000eae00000,0x00000000eae00000,0x00000000efb00000)
 ParOldGen       total 174080K, used 87748K [0x0000000080000000, 0x000000008aa00000, 0x00000000d5580000)
  object space 174080K, 50% used [0x0000000080000000,0x00000000855b10c0,0x000000008aa00000)
 Metaspace       used 77377K, capacity 80833K, committed 81152K, reserved 1118208K
  class space    used 10690K, capacity 11445K, committed 11520K, reserved 1048576K
Event: 37.432 GC heap after
Heap after GC invocations=28 (full 6):
 PSYoungGen      total 350208K, used 49226K [0x00000000d5580000, 0x00000000efe80000, 0x0000000100000000)
  eden space 271360K, 0% used [0x00000000d5580000,0x00000000d5580000,0x00000000e5e80000)
  from space 78848K, 62% used [0x00000000eae00000,0x00000000ede12990,0x00000000efb00000)
  to   space 81408K, 0% used [0x00000000e5e80000,0x00000000e5e80000,0x00000000eae00000)
 ParOldGen       total 174080K, used 87748K [0x0000000080000000, 0x000000008aa00000, 0x00000000d5580000)
  object space 174080K, 50% used [0x0000000080000000,0x00000000855b10c0,0x000000008aa00000)
 Metaspace       used 77377K, capacity 80833K, committed 81152K, reserved 1118208K
  class space    used 10690K, capacity 11445K, committed 11520K, reserved 1048576K
}
Event: 38.762 GC heap before
{Heap before GC invocations=29 (full 6):
 PSYoungGen      total 350208K, used 320586K [0x00000000d5580000, 0x00000000efe80000, 0x0000000100000000)
  eden space 271360K, 100% used [0x00000000d5580000,0x00000000e5e80000,0x00000000e5e80000)
  from space 78848K, 62% used [0x00000000eae00000,0x00000000ede12990,0x00000000efb00000)
  to   space 81408K, 0% used [0x00000000e5e80000,0x00000000e5e80000,0x00000000eae00000)
 ParOldGen       total 174080K, used 87748K [0x0000000080000000, 0x000000008aa00000, 0x00000000d5580000)
  object space 174080K, 50% used [0x0000000080000000,0x00000000855b10c0,0x000000008aa00000)
 Metaspace       used 77384K, capacity 80839K, committed 81152K, reserved 1118208K
  class space    used 10691K, capacity 11446K, committed 11520K, reserved 1048576K
Event: 38.797 GC heap after
Heap after GC invocations=29 (full 6):
 PSYoungGen      total 352768K, used 48481K [0x00000000d5580000, 0x00000000efe80000, 0x0000000100000000)
  eden space 271360K, 0% used [0x00000000d5580000,0x00000000d5580000,0x00000000e5e80000)
  from space 81408K, 59% used [0x00000000e5e80000,0x00000000e8dd8530,0x00000000eae00000)
  to   space 78848K, 0% used [0x00000000eae00000,0x00000000eae00000,0x00000000efb00000)
 ParOldGen       total 174080K, used 87748K [0x0000000080000000, 0x000000008aa00000, 0x00000000d5580000)
  object space 174080K, 50% used [0x0000000080000000,0x00000000855b10c0,0x000000008aa00000)
 Metaspace       used 77384K, capacity 80839K, committed 81152K, reserved 1118208K
  class space    used 10691K, capacity 11446K, committed 11520K, reserved 1048576K
}
Event: 40.087 GC heap before
{Heap before GC invocations=30 (full 6):
 PSYoungGen      total 352768K, used 319841K [0x00000000d5580000, 0x00000000efe80000, 0x0000000100000000)
  eden space 271360K, 100% used [0x00000000d5580000,0x00000000e5e80000,0x00000000e5e80000)
  from space 81408K, 59% used [0x00000000e5e80000,0x00000000e8dd8530,0x00000000eae00000)
  to   space 78848K, 0% used [0x00000000eae00000,0x00000000eae00000,0x00000000efb00000)
 ParOldGen       total 174080K, used 87748K [0x0000000080000000, 0x000000008aa00000, 0x00000000d5580000)
  object space 174080K, 50% used [0x0000000080000000,0x00000000855b10c0,0x000000008aa00000)
 Metaspace       used 77385K, capacity 80839K, committed 81152K, reserved 1118208K
  class space    used 10691K, capacity 11446K, committed 11520K, reserved 1048576K
Event: 40.118 GC heap after
Heap after GC invocations=30 (full 6):
 PSYoungGen      total 350208K, used 47770K [0x00000000d5580000, 0x00000000efe80000, 0x0000000100000000)
  eden space 271360K, 0% used [0x00000000d5580000,0x00000000d5580000,0x00000000e5e80000)
  from space 78848K, 60% used [0x00000000eae00000,0x00000000edca6980,0x00000000efb00000)
  to   space 81408K, 0% used [0x00000000e5e80000,0x00000000e5e80000,0x00000000eae00000)
 ParOldGen       total 174080K, used 87756K [0x0000000080000000, 0x000000008aa00000, 0x00000000d5580000)
  object space 174080K, 50% used [0x0000000080000000,0x00000000855b30c0,0x000000008aa00000)
 Metaspace       used 77385K, capacity 80839K, committed 81152K, reserved 1118208K
  class space    used 10691K, capacity 11446K, committed 11520K, reserved 1048576K
}
Event: 41.188 GC heap before
{Heap before GC invocations=31 (full 6):
 PSYoungGen      total 350208K, used 319130K [0x00000000d5580000, 0x00000000efe80000, 0x0000000100000000)
  eden space 271360K, 100% used [0x00000000d5580000,0x00000000e5e80000,0x00000000e5e80000)
  from space 78848K, 60% used [0x00000000eae00000,0x00000000edca6980,0x00000000efb00000)
  to   space 81408K, 0% used [0x00000000e5e80000,0x00000000e5e80000,0x00000000eae00000)
 ParOldGen       total 174080K, used 87756K [0x0000000080000000, 0x000000008aa00000, 0x00000000d5580000)
  object space 174080K, 50% used [0x0000000080000000,0x00000000855b30c0,0x000000008aa00000)
 Metaspace       used 77388K, capacity 80839K, committed 81152K, reserved 1118208K
  class space    used 10692K, capacity 11446K, committed 11520K, reserved 1048576K
Event: 41.215 GC heap after
Heap after GC invocations=31 (full 6):
 PSYoungGen      total 352768K, used 47177K [0x00000000d5580000, 0x00000000f1200000, 0x0000000100000000)
  eden space 271360K, 0% used [0x00000000d5580000,0x00000000d5580000,0x00000000e5e80000)
  from space 81408K, 57% used [0x00000000e5e80000,0x00000000e8c925b8,0x00000000eae00000)
  to   space 81408K, 0% used [0x00000000ec280000,0x00000000ec280000,0x00000000f1200000)
 ParOldGen       total 174080K, used 87764K [0x0000000080000000, 0x000000008aa00000, 0x00000000d5580000)
  object space 174080K, 50% used [0x0000000080000000,0x00000000855b50c0,0x000000008aa00000)
 Metaspace       used 77388K, capacity 80839K, committed 81152K, reserved 1118208K
  class space    used 10692K, capacity 11446K, committed 11520K, reserved 1048576K
}

Deoptimization events (10 events):
Event: 35.038 Thread 0x0000000022647800 Uncommon trap: reason=class_check action=maybe_recompile pc=0x0000000005a90d5c method=com.android.tools.r8.ir.optimize.I.a(Lcom/android/tools/r8/u/b/d0;)Z @ 271
Event: 35.038 Thread 0x0000000022647800 Uncommon trap: reason=class_check action=maybe_recompile pc=0x0000000005a90d5c method=com.android.tools.r8.ir.optimize.I.a(Lcom/android/tools/r8/u/b/d0;)Z @ 271
Event: 37.203 Thread 0x0000000022647800 Uncommon trap: reason=bimorphic action=maybe_recompile pc=0x0000000005f1daf0 method=com.android.tools.r8.ir.optimize.h.a(Lcom/android/tools/r8/u/b/T;Lcom/android/tools/r8/u/b/l;Lcom/android/tools/r8/s/a/a/a/b0;Ljava/util/Map;Ljava/util/function/Predicate;
Event: 37.205 Thread 0x0000000022647800 Uncommon trap: reason=unstable_if action=reinterpret pc=0x0000000005ef61a4 method=com.android.tools.r8.u.c.o.a(Lcom/android/tools/r8/u/c/M;IZ)V @ 151
Event: 37.210 Thread 0x0000000022647800 Uncommon trap: reason=unstable_if action=reinterpret pc=0x0000000005eb0924 method=com.android.tools.r8.u.c.o.b(Lcom/android/tools/r8/r/n/z;)Z @ 18
Event: 37.211 Thread 0x0000000022647800 Uncommon trap: reason=bimorphic action=maybe_recompile pc=0x0000000005da7e50 method=com.android.tools.r8.u.a.h.e.b(Lcom/android/tools/r8/u/b/d0;)V @ 357
Event: 37.211 Thread 0x0000000022647800 Uncommon trap: reason=bimorphic action=maybe_recompile pc=0x0000000005da7e50 method=com.android.tools.r8.u.a.h.e.b(Lcom/android/tools/r8/u/b/d0;)V @ 357
Event: 38.065 Thread 0x0000000022647800 Uncommon trap: reason=unstable_if action=reinterpret pc=0x0000000005e47590 method=com.android.tools.r8.u.c.J.a(Lcom/android/tools/r8/u/b/T;)V @ 185
Event: 38.572 Thread 0x0000000022647800 Uncommon trap: reason=bimorphic action=maybe_recompile pc=0x0000000005f1daf0 method=com.android.tools.r8.ir.optimize.h.a(Lcom/android/tools/r8/u/b/T;Lcom/android/tools/r8/u/b/l;Lcom/android/tools/r8/s/a/a/a/b0;Ljava/util/Map;Ljava/util/function/Predicate;
Event: 39.457 Thread 0x0000000022647800 Uncommon trap: reason=unstable_if action=reinterpret pc=0x0000000006009fb0 method=com.android.tools.r8.ir.optimize.h.a(Lcom/android/tools/r8/u/b/d0;)Z @ 18

Classes redefined (0 events):
No events

Internal exceptions (10 events):
Event: 27.493 Thread 0x0000000022640000 Exception <a 'sun/nio/fs/WindowsException'> (0x00000000da3beb38) thrown at [C:\ade\jenkins\workspace\8-2-build-windows-amd64-cygwin\jdk8u241\331\hotspot\src\share\vm\prims\jni.cpp, line 710]
Event: 28.051 Thread 0x0000000022646000 Exception <a 'sun/nio/fs/WindowsException'> (0x00000000dd45f5d8) thrown at [C:\ade\jenkins\workspace\8-2-build-windows-amd64-cygwin\jdk8u241\331\hotspot\src\share\vm\prims\jni.cpp, line 710]
Event: 28.053 Thread 0x0000000022646000 Exception <a 'sun/nio/fs/WindowsException'> (0x00000000dd468ed8) thrown at [C:\ade\jenkins\workspace\8-2-build-windows-amd64-cygwin\jdk8u241\331\hotspot\src\share\vm\prims\jni.cpp, line 710]
Event: 28.055 Thread 0x0000000022646000 Exception <a 'sun/nio/fs/WindowsException'> (0x00000000dd4703b0) thrown at [C:\ade\jenkins\workspace\8-2-build-windows-amd64-cygwin\jdk8u241\331\hotspot\src\share\vm\prims\jni.cpp, line 710]
Event: 28.057 Thread 0x0000000022646000 Exception <a 'sun/nio/fs/WindowsException'> (0x00000000dd47c2b0) thrown at [C:\ade\jenkins\workspace\8-2-build-windows-amd64-cygwin\jdk8u241\331\hotspot\src\share\vm\prims\jni.cpp, line 710]
Event: 28.059 Thread 0x0000000022646000 Exception <a 'sun/nio/fs/WindowsException'> (0x00000000dd483978) thrown at [C:\ade\jenkins\workspace\8-2-build-windows-amd64-cygwin\jdk8u241\331\hotspot\src\share\vm\prims\jni.cpp, line 710]
Event: 28.062 Thread 0x0000000022646000 Exception <a 'sun/nio/fs/WindowsException'> (0x00000000dd658e20) thrown at [C:\ade\jenkins\workspace\8-2-build-windows-amd64-cygwin\jdk8u241\331\hotspot\src\share\vm\prims\jni.cpp, line 710]
Event: 29.421 Thread 0x0000000022647800 Exception <a 'sun/nio/fs/WindowsException'> (0x00000000e00f7e30) thrown at [C:\ade\jenkins\workspace\8-2-build-windows-amd64-cygwin\jdk8u241\331\hotspot\src\share\vm\prims\jni.cpp, line 710]
Event: 30.131 Thread 0x0000000022647800 Implicit null exception at 0x000000000575a5b7 to 0x000000000575aa05
Event: 31.894 Thread 0x0000000022647800 Implicit null exception at 0x00000000055d9ea8 to 0x00000000055dcd41

Events (10 events):
Event: 41.261 Thread 0x000000001a268000 flushing nmethod 0x0000000005694c50
Event: 41.261 Thread 0x000000001a268000 flushing nmethod 0x00000000056ceb90
Event: 41.261 Thread 0x000000001a268000 flushing nmethod 0x00000000056dd5d0
Event: 41.261 Thread 0x000000001a268000 flushing nmethod 0x00000000056df010
Event: 41.261 Thread 0x000000001a268000 flushing nmethod 0x00000000056eafd0
Event: 41.261 Thread 0x000000001a268000 flushing nmethod 0x00000000056f4810
Event: 41.261 Thread 0x000000001a268000 flushing nmethod 0x0000000005753290
Event: 41.261 Thread 0x000000001a268000 flushing nmethod 0x000000000577d150
Event: 41.262 Thread 0x000000001a268000 flushing nmethod 0x0000000005793ad0
Event: 41.262 Thread 0x000000001a268000 flushing nmethod 0x0000000005997710


Dynamic libraries:
0x00007ff64ddc0000 - 0x00007ff64ddf7000 	C:\Program Files\Java\jdk1.8.0_241\bin\java.exe
0x00007ffb1cab0000 - 0x00007ffb1cc91000 	C:\WINDOWS\SYSTEM32\ntdll.dll
0x00007ffb1b400000 - 0x00007ffb1b4b1000 	C:\WINDOWS\System32\KERNEL32.DLL
0x00007ffb19950000 - 0x00007ffb19bc3000 	C:\WINDOWS\System32\KERNELBASE.dll
0x00007ffb1b4c0000 - 0x00007ffb1b561000 	C:\WINDOWS\System32\ADVAPI32.dll
0x00007ffb1a6c0000 - 0x00007ffb1a75e000 	C:\WINDOWS\System32\msvcrt.dll
0x00007ffb1b570000 - 0x00007ffb1b5cb000 	C:\WINDOWS\System32\sechost.dll
0x00007ffb1a3e0000 - 0x00007ffb1a504000 	C:\WINDOWS\System32\RPCRT4.dll
0x00007ffb1b020000 - 0x00007ffb1b1b0000 	C:\WINDOWS\System32\USER32.dll
0x00007ffb18e70000 - 0x00007ffb18e90000 	C:\WINDOWS\System32\win32u.dll
0x00007ffb1a510000 - 0x00007ffb1a538000 	C:\WINDOWS\System32\GDI32.dll
0x00007ffb19d00000 - 0x00007ffb19e93000 	C:\WINDOWS\System32\gdi32full.dll
0x00007ffb19ea0000 - 0x00007ffb19f3f000 	C:\WINDOWS\System32\msvcp_win.dll
0x00007ffb197f0000 - 0x00007ffb198e8000 	C:\WINDOWS\System32\ucrtbase.dll
0x00007ffb091f0000 - 0x00007ffb09459000 	C:\WINDOWS\WinSxS\amd64_microsoft.windows.common-controls_6595b64144ccf1df_6.0.17134.1610_none_d3fd41197c928db6\COMCTL32.dll
0x00007ffb1a0c0000 - 0x00007ffb1a3e0000 	C:\WINDOWS\System32\combase.dll
0x00007ffb19bd0000 - 0x00007ffb19c49000 	C:\WINDOWS\System32\bcryptPrimitives.dll
0x00007ffb1abb0000 - 0x00007ffb1abdd000 	C:\WINDOWS\System32\IMM32.DLL
0x000000005bff0000 - 0x000000005c0c2000 	C:\Program Files\Java\jdk1.8.0_241\jre\bin\msvcr100.dll
0x000000005b740000 - 0x000000005bfec000 	C:\Program Files\Java\jdk1.8.0_241\jre\bin\server\jvm.dll
0x00007ffb1abe0000 - 0x00007ffb1abe8000 	C:\WINDOWS\System32\PSAPI.DLL
0x00007ffb10c70000 - 0x00007ffb10c7a000 	C:\WINDOWS\SYSTEM32\VERSION.dll
0x00007ffb164e0000 - 0x00007ffb16503000 	C:\WINDOWS\SYSTEM32\WINMM.dll
0x00007ffb15470000 - 0x00007ffb15479000 	C:\WINDOWS\SYSTEM32\WSOCK32.dll
0x00007ffb1b210000 - 0x00007ffb1b27c000 	C:\WINDOWS\System32\WS2_32.dll
0x00007ffb16310000 - 0x00007ffb1633a000 	C:\WINDOWS\SYSTEM32\WINMMBASE.dll
0x00007ffb18e90000 - 0x00007ffb18ed9000 	C:\WINDOWS\System32\cfgmgr32.dll
0x00007ffb13c80000 - 0x00007ffb13c8f000 	C:\Program Files\Java\jdk1.8.0_241\jre\bin\verify.dll
0x00007ffb0aca0000 - 0x00007ffb0acc9000 	C:\Program Files\Java\jdk1.8.0_241\jre\bin\java.dll
0x00007ffb0c3b0000 - 0x00007ffb0c3c6000 	C:\Program Files\Java\jdk1.8.0_241\jre\bin\zip.dll
0x00007ffb1b630000 - 0x00007ffb1ca75000 	C:\WINDOWS\System32\SHELL32.dll
0x00007ffb1af60000 - 0x00007ffb1b009000 	C:\WINDOWS\System32\shcore.dll
0x00007ffb190d0000 - 0x00007ffb197e5000 	C:\WINDOWS\System32\windows.storage.dll
0x00007ffb1b5d0000 - 0x00007ffb1b621000 	C:\WINDOWS\System32\shlwapi.dll
0x00007ffb18e50000 - 0x00007ffb18e61000 	C:\WINDOWS\System32\kernel.appcore.dll
0x00007ffb18e10000 - 0x00007ffb18e2f000 	C:\WINDOWS\System32\profapi.dll
0x00007ffb18dc0000 - 0x00007ffb18e0c000 	C:\WINDOWS\System32\powrprof.dll
0x00007ffb18db0000 - 0x00007ffb18dba000 	C:\WINDOWS\System32\FLTLIB.DLL
0x00007ffb0bfe0000 - 0x00007ffb0bffa000 	C:\Program Files\Java\jdk1.8.0_241\jre\bin\net.dll
0x00007ffb18630000 - 0x00007ffb18696000 	C:\WINDOWS\system32\mswsock.dll
0x00007ffb0b6b0000 - 0x00007ffb0b6c2000 	C:\Program Files\Java\jdk1.8.0_241\jre\bin\nio.dll
0x00007ffb0abf0000 - 0x00007ffb0ac16000 	C:\Users\admin\.gradle\native\30\windows-amd64\native-platform.dll
0x00007ffb15180000 - 0x00007ffb1518d000 	C:\Program Files\Java\jdk1.8.0_241\jre\bin\management.dll
0x00007ffb187e0000 - 0x00007ffb187f7000 	C:\WINDOWS\SYSTEM32\CRYPTSP.dll
0x00007ffb181e0000 - 0x00007ffb18213000 	C:\WINDOWS\system32\rsaenh.dll
0x00007ffb18910000 - 0x00007ffb18935000 	C:\WINDOWS\SYSTEM32\bcrypt.dll
0x00007ffb18ce0000 - 0x00007ffb18d08000 	C:\WINDOWS\SYSTEM32\USERENV.dll
0x00007ffb18800000 - 0x00007ffb1880b000 	C:\WINDOWS\SYSTEM32\CRYPTBASE.dll
0x00007ffb18380000 - 0x00007ffb183b8000 	C:\WINDOWS\SYSTEM32\IPHLPAPI.DLL
0x00007ffb1b010000 - 0x00007ffb1b018000 	C:\WINDOWS\System32\NSI.dll
0x00007ffb10d00000 - 0x00007ffb10d16000 	C:\WINDOWS\SYSTEM32\dhcpcsvc6.DLL
0x00007ffb10ce0000 - 0x00007ffb10cfa000 	C:\WINDOWS\SYSTEM32\dhcpcsvc.DLL
0x00007ffb15150000 - 0x00007ffb15174000 	C:\Program Files\Java\jdk1.8.0_241\jre\bin\sunec.dll
0x00007ffb183c0000 - 0x00007ffb1847f000 	C:\WINDOWS\SYSTEM32\DNSAPI.dll
0x00007ffb09ad0000 - 0x00007ffb09ada000 	C:\Windows\System32\rasadhlp.dll
0x00007ffb08f10000 - 0x00007ffb08f82000 	C:\WINDOWS\System32\fwpuclnt.dll
0x00007ffb10620000 - 0x00007ffb1062b000 	C:\Program Files\Java\jdk1.8.0_241\jre\bin\sunmscapi.dll
0x00007ffb18ee0000 - 0x00007ffb190c2000 	C:\WINDOWS\System32\CRYPT32.dll
0x00007ffb18e30000 - 0x00007ffb18e42000 	C:\WINDOWS\System32\MSASN1.dll

VM Arguments:
jvm_args: -Xmx2048m -Dfile.encoding=windows-1252 -Duser.country=US -Duser.language=en -Duser.variant 
java_command: org.gradle.launcher.daemon.bootstrap.GradleDaemon 5.6.4
java_class_path (initial): C:\Users\admin\.gradle\wrapper\dists\gradle-5.6.4-all\ankdp27end7byghfw1q2sw75f\gradle-5.6.4\lib\gradle-launcher-5.6.4.jar
Launcher Type: SUN_STANDARD

Environment Variables:
JAVA_HOME=C:\Program Files\Java\jdk1.8.0_241
PATH=C:\Program Files\Microsoft MPI\Bin\;C:\Program Files (x86)\Common Files\Oracle\Java\javapath;C:\WINDOWS\system32;C:\WINDOWS;C:\WINDOWS\System32\Wbem;C:\WINDOWS\System32\WindowsPowerShell\v1.0\;C:\Program Files\Microsoft SQL Server\110\Tools\Binn\;C:\Program Files\Microsoft SQL Server\130\Tools\Binn\;C:\Program Files\dotnet\;C:\Program Files (x86)\Windows Live\Shared;C:\WINDOWS\System32\OpenSSH\;C:\Program Files (x86)\Microsoft SQL Server\130\Tools\Binn\;C:\Program Files (x86)\Microsoft SQL Server\130\DTS\Binn\;C:\Program Files\Microsoft SQL Server\130\DTS\Binn\;C:\Program Files\Microsoft SQL Server\Client SDK\ODBC\130\Tools\Binn\;C:\Program Files (x86)\Microsoft SQL Server\Client SDK\ODBC\130\Tools\Binn\;C:\Program Files (x86)\Microsoft SQL Server\130\Tools\Binn\ManagementStudio\;C:\Program Files\nodejs\;C:\Program Files\NVIDIA Corporation\NVIDIA NvDLISR;C:\Program Files\Git\cmd;C:\Program Files\Amazon\AWSCLI\;C:\Users\admin\AppData\Local\Microsoft\WindowsApps;;C:\Users\admin\AppData\Local\Programs\Microsoft VS Code\bin;C:\Users\admin\AppData\Roaming\npm
USERNAME=admin
OS=Windows_NT
PROCESSOR_IDENTIFIER=Intel64 Family 6 Model 58 Stepping 9, GenuineIntel



---------------  S Y S T E M  ---------------

OS: Windows 10.0 , 64 bit Build 17134 (10.0.17134.1425)

CPU:total 8 (initial active 8) (4 cores per cpu, 2 threads per core) family 6 model 58 stepping 9, cmov, cx8, fxsr, mmx, sse, sse2, sse3, ssse3, sse4.1, sse4.2, popcnt, avx, aes, clmul, erms, ht, tsc, tscinvbit, tscinv

Memory: 4k page, physical 8319548k(1430372k free), swap 8319548k(7524k free)

vm_info: Java HotSpot(TM) 64-Bit Server VM (25.241-b07) for windows-amd64 JRE (1.8.0_241-b07), built on Dec 11 2019 10:21:40 by "rejava" with MS VC++ 10.0 (VS2010)

time: Thu Jul 23 10:42:12 2020
timezone: SE Asia Standard Time
elapsed time: 41 seconds (0d 0h 0m 41s)

