#
# There is insufficient memory for the Java Runtime Environment to continue.
# Native memory allocation (malloc) failed to allocate 703376 bytes for Chunk::new
# Possible reasons:
#   The system is out of physical RAM or swap space
#   The process is running with CompressedOops enabled, and the Java Heap may be blocking the growth of the native heap
# Possible solutions:
#   Reduce memory load on the system
#   Increase physical memory or swap space
#   Check if swap backing store is full
#   Decrease Java heap size (-Xmx/-Xms)
#   Decrease number of Java threads
#   Decrease Java thread stack sizes (-Xss)
#   Set larger code cache with -XX:ReservedCodeCacheSize=
#   JVM is running with Unscaled Compressed Oops mode in which the Java heap is
#     placed in the first 4GB address space. The Java Heap base address is the
#     maximum limit for the native heap growth. Please use -XX:HeapBaseMinAddress
#     to set the Java Heap base and to place the Java Heap above 4GB virtual address.
# This output file may be truncated or incomplete.
#
#  Out of Memory Error (allocation.cpp:389), pid=10388, tid=0x0000000000002228
#
# JRE version: Java(TM) SE Runtime Environment (8.0_241-b07) (build 1.8.0_241-b07)
# Java VM: Java HotSpot(TM) 64-Bit Server VM (25.241-b07 mixed mode windows-amd64 compressed oops)
# Failed to write core dump. Minidumps are not enabled by default on client versions of Windows
#

---------------  T H R E A D  ---------------

Current thread (0x00000000198bc000):  JavaThread "C2 CompilerThread2" daemon [_thread_in_native, id=8744, stack(0x000000001a280000,0x000000001a380000)]

Stack: [0x000000001a280000,0x000000001a380000]
[error occurred during error reporting (printing stack bounds), id 0xc0000005]

Native frames: (J=compiled Java code, j=interpreted, Vv=VM code, C=native code)


Current CompileTask:
C2:   9277 1449       4       java.net.URLClassLoader$1::run (5 bytes)


---------------  P R O C E S S  ---------------

Java Threads: ( => current thread )
  0x000000001a6aa000 JavaThread "Cache worker for journal cache (C:\Users\admin\.gradle\caches\journal-1)" [_thread_blocked, id=1396, stack(0x000000001e5a0000,0x000000001e6a0000)]
  0x000000001a6af000 JavaThread "File lock request listener" [_thread_in_native, id=4992, stack(0x000000001e4a0000,0x000000001e5a0000)]
  0x000000001a6a9000 JavaThread "Cache worker for file hash cache (C:\Users\admin\.gradle\caches\5.6.4\fileHashes)" [_thread_blocked, id=7476, stack(0x000000001e3a0000,0x000000001e4a0000)]
  0x000000001b7b5800 JavaThread "Thread-9" [_thread_blocked, id=12644, stack(0x000000001e0a0000,0x000000001e1a0000)]
  0x0000000019c3a800 JavaThread "Stdin handler" [_thread_blocked, id=4468, stack(0x000000001dfa0000,0x000000001e0a0000)]
  0x0000000019c35800 JavaThread "Asynchronous log dispatcher for DefaultDaemonConnection: socket connection from /127.0.0.1:56339 to /127.0.0.1:56340" [_thread_blocked, id=12992, stack(0x000000001dea0000,0x000000001dfa0000)]
  0x000000001aee7000 JavaThread "Daemon worker" [_thread_in_native, id=1288, stack(0x000000001dca0000,0x000000001dda0000)]
  0x000000001aee6000 JavaThread "Cancel handler" [_thread_blocked, id=7120, stack(0x000000001dba0000,0x000000001dca0000)]
  0x000000001ab6a800 JavaThread "Handler for socket connection from /127.0.0.1:56339 to /127.0.0.1:56340" [_thread_in_native, id=11972, stack(0x000000001d8a0000,0x000000001d9a0000)]
  0x000000001ab63800 JavaThread "Daemon" [_thread_blocked, id=7328, stack(0x000000001d7a0000,0x000000001d8a0000)]
  0x0000000019b81000 JavaThread "Daemon periodic checks" [_thread_blocked, id=11488, stack(0x000000001d6a0000,0x000000001d7a0000)]
  0x000000001abc3000 JavaThread "Incoming local TCP Connector on port 56339" [_thread_in_native, id=12176, stack(0x000000001d460000,0x000000001d560000)]
  0x0000000019c7d800 JavaThread "Daemon health stats" [_thread_blocked, id=13268, stack(0x000000001ce20000,0x000000001cf20000)]
  0x0000000019907000 JavaThread "Service Thread" daemon [_thread_blocked, id=10408, stack(0x000000001a480000,0x000000001a580000)]
  0x00000000198c4000 JavaThread "C1 CompilerThread3" daemon [_thread_blocked, id=3348, stack(0x000000001a380000,0x000000001a480000)]
=>0x00000000198bc000 JavaThread "C2 CompilerThread2" daemon [_thread_in_native, id=8744, stack(0x000000001a280000,0x000000001a380000)]
  0x00000000198bb800 JavaThread "C2 CompilerThread1" daemon [_thread_blocked, id=9904, stack(0x000000001a180000,0x000000001a280000)]
  0x00000000198b9800 JavaThread "C2 CompilerThread0" daemon [_thread_blocked, id=10244, stack(0x000000001a080000,0x000000001a180000)]
  0x00000000198b2800 JavaThread "Attach Listener" daemon [_thread_blocked, id=9688, stack(0x0000000019f80000,0x000000001a080000)]
  0x0000000017a7e800 JavaThread "Signal Dispatcher" daemon [_thread_blocked, id=1324, stack(0x0000000019e80000,0x0000000019f80000)]
  0x00000000198a0800 JavaThread "Finalizer" daemon [_thread_blocked, id=10800, stack(0x0000000019d80000,0x0000000019e80000)]
  0x0000000017a6d000 JavaThread "Reference Handler" daemon [_thread_blocked, id=8488, stack(0x0000000019c80000,0x0000000019d80000)]
  0x0000000002902800 JavaThread "main" [_thread_blocked, id=7960, stack(0x0000000002800000,0x0000000002900000)]

Other Threads:
  0x0000000017a69800 VMThread [stack: 0x0000000019780000,0x0000000019880000] [id=7396]
  0x0000000019909000 WatcherThread [stack: 0x000000001a580000,0x000000001a680000] [id=8324]

VM state:not at safepoint (normal execution)

VM Mutex/Monitor currently owned by a thread: None

heap address: 0x0000000080000000, size: 2048 MB, Compressed Oops mode: 32-bit
Narrow klass base: 0x0000000000000000, Narrow klass shift: 3
Compressed class space size: 1073741824 Address: 0x0000000100000000

Heap:
 PSYoungGen      total 38400K, used 34816K [0x00000000d5580000, 0x00000000d8000000, 0x0000000100000000)
  eden space 33280K, 89% used [0x00000000d5580000,0x00000000d7282eb8,0x00000000d7600000)
  from space 5120K, 99% used [0x00000000d7600000,0x00000000d7afd378,0x00000000d7b00000)
  to   space 5120K, 0% used [0x00000000d7b00000,0x00000000d7b00000,0x00000000d8000000)
 ParOldGen       total 87552K, used 1508K [0x0000000080000000, 0x0000000085580000, 0x00000000d5580000)
  object space 87552K, 1% used [0x0000000080000000,0x0000000080179040,0x0000000085580000)
 Metaspace       used 14724K, capacity 15160K, committed 15360K, reserved 1062912K
  class space    used 2104K, capacity 2224K, committed 2304K, reserved 1048576K

Card table byte_map: [0x0000000011dc0000,0x00000000121d0000] byte_map_base: 0x00000000119c0000

Marking Bits: (ParMarkBitMap*) 0x0000000066dfbe30
 Begin Bits: [0x0000000012c80000, 0x0000000014c80000)
 End Bits:   [0x0000000014c80000, 0x0000000016c80000)

Polling page: 0x00000000005f0000

CodeCache: size=245760Kb used=5316Kb max_used=5316Kb free=240443Kb
 bounds [0x0000000002a00000, 0x0000000002f40000, 0x0000000011a00000]
 total_blobs=1854 nmethods=1470 adapters=296
 compilation: enabled

Compilation events (10 events):
Event: 9.251 Thread 0x00000000198c4000 1469       1       sun.reflect.generics.repository.AbstractRepository::getFactory (5 bytes)
Event: 9.251 Thread 0x00000000198c4000 nmethod 1469 0x0000000002f2cf90 code [0x0000000002f2d0e0, 0x0000000002f2d1f0]
Event: 9.251 Thread 0x00000000198c4000 1468       3       java.lang.Class::getDeclaringClass (22 bytes)
Event: 9.251 Thread 0x00000000198c4000 nmethod 1468 0x0000000002f2c910 code [0x0000000002f2caa0, 0x0000000002f2ce28]
Event: 9.251 Thread 0x00000000198c4000 1463       3       org.gradle.initialization.MixInLegacyTypesClassLoader::shouldTransform (42 bytes)
Event: 9.251 Thread 0x00000000198c4000 nmethod 1463 0x0000000002f2c190 code [0x0000000002f2c320, 0x0000000002f2c778]
Event: 9.252 Thread 0x00000000198c4000 1470       3       java.util.LinkedList::<init> (10 bytes)
Event: 9.252 Thread 0x00000000198c4000 nmethod 1470 0x0000000002f2bc10 code [0x0000000002f2bd80, 0x0000000002f2c050]
Event: 9.252 Thread 0x00000000198c4000 1471       3       java.util.AbstractSequentialList::<init> (5 bytes)
Event: 9.252 Thread 0x00000000198c4000 nmethod 1471 0x0000000002f2b710 code [0x0000000002f2b880, 0x0000000002f2baf0]

GC Heap History (6 events):
Event: 1.808 GC heap before
{Heap before GC invocations=1 (full 0):
 PSYoungGen      total 38400K, used 33280K [0x00000000d5580000, 0x00000000d8000000, 0x0000000100000000)
  eden space 33280K, 100% used [0x00000000d5580000,0x00000000d7600000,0x00000000d7600000)
  from space 5120K, 0% used [0x00000000d7b00000,0x00000000d7b00000,0x00000000d8000000)
  to   space 5120K, 0% used [0x00000000d7600000,0x00000000d7600000,0x00000000d7b00000)
 ParOldGen       total 87552K, used 0K [0x0000000080000000, 0x0000000085580000, 0x00000000d5580000)
  object space 87552K, 0% used [0x0000000080000000,0x0000000080000000,0x0000000085580000)
 Metaspace       used 6777K, capacity 6980K, committed 7168K, reserved 1056768K
  class space    used 849K, capacity 908K, committed 1024K, reserved 1048576K
Event: 1.852 GC heap after
Heap after GC invocations=1 (full 0):
 PSYoungGen      total 38400K, used 4368K [0x00000000d5580000, 0x00000000d8000000, 0x0000000100000000)
  eden space 33280K, 0% used [0x00000000d5580000,0x00000000d5580000,0x00000000d7600000)
  from space 5120K, 85% used [0x00000000d7600000,0x00000000d7a44078,0x00000000d7b00000)
  to   space 5120K, 0% used [0x00000000d7b00000,0x00000000d7b00000,0x00000000d8000000)
 ParOldGen       total 87552K, used 16K [0x0000000080000000, 0x0000000085580000, 0x00000000d5580000)
  object space 87552K, 0% used [0x0000000080000000,0x0000000080004000,0x0000000085580000)
 Metaspace       used 6777K, capacity 6980K, committed 7168K, reserved 1056768K
  class space    used 849K, capacity 908K, committed 1024K, reserved 1048576K
}
Event: 2.407 GC heap before
{Heap before GC invocations=2 (full 0):
 PSYoungGen      total 38400K, used 37648K [0x00000000d5580000, 0x00000000d8000000, 0x0000000100000000)
  eden space 33280K, 100% used [0x00000000d5580000,0x00000000d7600000,0x00000000d7600000)
  from space 5120K, 85% used [0x00000000d7600000,0x00000000d7a44078,0x00000000d7b00000)
  to   space 5120K, 0% used [0x00000000d7b00000,0x00000000d7b00000,0x00000000d8000000)
 ParOldGen       total 87552K, used 16K [0x0000000080000000, 0x0000000085580000, 0x00000000d5580000)
  object space 87552K, 0% used [0x0000000080000000,0x0000000080004000,0x0000000085580000)
 Metaspace       used 7141K, capacity 7326K, committed 7424K, reserved 1056768K
  class space    used 907K, capacity 981K, committed 1024K, reserved 1048576K
Event: 2.410 GC heap after
Heap after GC invocations=2 (full 0):
 PSYoungGen      total 38400K, used 3421K [0x00000000d5580000, 0x00000000d8000000, 0x0000000100000000)
  eden space 33280K, 0% used [0x00000000d5580000,0x00000000d5580000,0x00000000d7600000)
  from space 5120K, 66% used [0x00000000d7b00000,0x00000000d7e576c0,0x00000000d8000000)
  to   space 5120K, 0% used [0x00000000d7600000,0x00000000d7600000,0x00000000d7b00000)
 ParOldGen       total 87552K, used 24K [0x0000000080000000, 0x0000000085580000, 0x00000000d5580000)
  object space 87552K, 0% used [0x0000000080000000,0x0000000080006000,0x0000000085580000)
 Metaspace       used 7141K, capacity 7326K, committed 7424K, reserved 1056768K
  class space    used 907K, capacity 981K, committed 1024K, reserved 1048576K
}
Event: 8.640 GC heap before
{Heap before GC invocations=3 (full 0):
 PSYoungGen      total 38400K, used 36701K [0x00000000d5580000, 0x00000000d8000000, 0x0000000100000000)
  eden space 33280K, 100% used [0x00000000d5580000,0x00000000d7600000,0x00000000d7600000)
  from space 5120K, 66% used [0x00000000d7b00000,0x00000000d7e576c0,0x00000000d8000000)
  to   space 5120K, 0% used [0x00000000d7600000,0x00000000d7600000,0x00000000d7b00000)
 ParOldGen       total 87552K, used 24K [0x0000000080000000, 0x0000000085580000, 0x00000000d5580000)
  object space 87552K, 0% used [0x0000000080000000,0x0000000080006000,0x0000000085580000)
 Metaspace       used 12526K, capacity 12880K, committed 13184K, reserved 1060864K
  class space    used 1733K, capacity 1868K, committed 1920K, reserved 1048576K
Event: 8.646 GC heap after
Heap after GC invocations=3 (full 0):
 PSYoungGen      total 38400K, used 5108K [0x00000000d5580000, 0x00000000d8000000, 0x0000000100000000)
  eden space 33280K, 0% used [0x00000000d5580000,0x00000000d5580000,0x00000000d7600000)
  from space 5120K, 99% used [0x00000000d7600000,0x00000000d7afd378,0x00000000d7b00000)
  to   space 5120K, 0% used [0x00000000d7b00000,0x00000000d7b00000,0x00000000d8000000)
 ParOldGen       total 87552K, used 1508K [0x0000000080000000, 0x0000000085580000, 0x00000000d5580000)
  object space 87552K, 1% used [0x0000000080000000,0x0000000080179040,0x0000000085580000)
 Metaspace       used 12526K, capacity 12880K, committed 13184K, reserved 1060864K
  class space    used 1733K, capacity 1868K, committed 1920K, reserved 1048576K
}

Deoptimization events (10 events):
Event: 8.431 Thread 0x000000001aee7000 Uncommon trap: reason=class_check action=maybe_recompile pc=0x0000000002cc9470 method=java.util.HashMap.putVal(ILjava/lang/Object;Ljava/lang/Object;ZZ)Ljava/lang/Object; @ 203
Event: 8.431 Thread 0x000000001aee7000 Uncommon trap: reason=bimorphic action=maybe_recompile pc=0x0000000002cc8aec method=java.util.HashMap.putVal(ILjava/lang/Object;Ljava/lang/Object;ZZ)Ljava/lang/Object; @ 253
Event: 8.431 Thread 0x000000001aee7000 Uncommon trap: reason=bimorphic action=maybe_recompile pc=0x0000000002cc8aec method=java.util.HashMap.putVal(ILjava/lang/Object;Ljava/lang/Object;ZZ)Ljava/lang/Object; @ 253
Event: 8.431 Thread 0x000000001aee7000 Uncommon trap: reason=bimorphic action=maybe_recompile pc=0x0000000002cc8aec method=java.util.HashMap.putVal(ILjava/lang/Object;Ljava/lang/Object;ZZ)Ljava/lang/Object; @ 253
Event: 8.431 Thread 0x000000001aee7000 Uncommon trap: reason=bimorphic action=maybe_recompile pc=0x0000000002cc8aec method=java.util.HashMap.putVal(ILjava/lang/Object;Ljava/lang/Object;ZZ)Ljava/lang/Object; @ 253
Event: 8.431 Thread 0x000000001aee7000 Uncommon trap: reason=bimorphic action=maybe_recompile pc=0x0000000002cb1efc method=java.util.HashMap.putVal(ILjava/lang/Object;Ljava/lang/Object;ZZ)Ljava/lang/Object; @ 253
Event: 8.958 Thread 0x000000001aee7000 Uncommon trap: reason=class_check action=maybe_recompile pc=0x0000000002ceb444 method=java.util.regex.Matcher.match(II)Z @ 86
Event: 8.996 Thread 0x000000001aee7000 Uncommon trap: reason=class_check action=maybe_recompile pc=0x0000000002ceb444 method=java.util.regex.Matcher.match(II)Z @ 86
Event: 8.997 Thread 0x000000001aee7000 Uncommon trap: reason=class_check action=maybe_recompile pc=0x0000000002ceb444 method=java.util.regex.Matcher.match(II)Z @ 86
Event: 8.997 Thread 0x000000001aee7000 Uncommon trap: reason=class_check action=maybe_recompile pc=0x0000000002b65ee0 method=java.util.regex.Matcher.match(II)Z @ 86

Classes redefined (0 events):
No events

Internal exceptions (10 events):
Event: 8.294 Thread 0x000000001ab6a800 Exception <a 'java/lang/NoSuchMethodError': <clinit>> (0x00000000d6d445e8) thrown at [C:\ade\jenkins\workspace\8-2-build-windows-amd64-cygwin\jdk8u241\331\hotspot\src\share\vm\prims\jni.cpp, line 1614]
Event: 8.303 Thread 0x000000001ab6a800 Exception <a 'java/lang/NoSuchMethodError': <clinit>> (0x00000000d6d57728) thrown at [C:\ade\jenkins\workspace\8-2-build-windows-amd64-cygwin\jdk8u241\331\hotspot\src\share\vm\prims\jni.cpp, line 1614]
Event: 8.312 Thread 0x000000001ab6a800 Exception <a 'java/lang/NoSuchMethodError': <clinit>> (0x00000000d6d7eb30) thrown at [C:\ade\jenkins\workspace\8-2-build-windows-amd64-cygwin\jdk8u241\331\hotspot\src\share\vm\prims\jni.cpp, line 1614]
Event: 8.318 Thread 0x000000001ab6a800 Exception <a 'java/lang/NoSuchMethodError': <clinit>> (0x00000000d6d969a0) thrown at [C:\ade\jenkins\workspace\8-2-build-windows-amd64-cygwin\jdk8u241\331\hotspot\src\share\vm\prims\jni.cpp, line 1614]
Event: 8.318 Thread 0x000000001ab6a800 Exception <a 'java/lang/NoSuchMethodError': <clinit>> (0x00000000d6d9f5f0) thrown at [C:\ade\jenkins\workspace\8-2-build-windows-amd64-cygwin\jdk8u241\331\hotspot\src\share\vm\prims\jni.cpp, line 1614]
Event: 8.320 Thread 0x000000001ab6a800 Exception <a 'java/lang/NoSuchMethodError': <clinit>> (0x00000000d6db5bf8) thrown at [C:\ade\jenkins\workspace\8-2-build-windows-amd64-cygwin\jdk8u241\331\hotspot\src\share\vm\prims\jni.cpp, line 1614]
Event: 8.337 Thread 0x000000001ab6a800 Exception <a 'java/lang/NoSuchMethodError': <clinit>> (0x00000000d6e133c0) thrown at [C:\ade\jenkins\workspace\8-2-build-windows-amd64-cygwin\jdk8u241\331\hotspot\src\share\vm\prims\jni.cpp, line 1614]
Event: 8.349 Thread 0x000000001ab6a800 Exception <a 'java/lang/NoSuchMethodError': <clinit>> (0x00000000d6e40320) thrown at [C:\ade\jenkins\workspace\8-2-build-windows-amd64-cygwin\jdk8u241\331\hotspot\src\share\vm\prims\jni.cpp, line 1614]
Event: 8.353 Thread 0x000000001ab6a800 Exception <a 'java/lang/NoSuchMethodError': <clinit>> (0x00000000d6e6e0a0) thrown at [C:\ade\jenkins\workspace\8-2-build-windows-amd64-cygwin\jdk8u241\331\hotspot\src\share\vm\prims\jni.cpp, line 1614]
Event: 8.354 Thread 0x000000001ab6a800 Exception <a 'java/lang/NoSuchMethodError': <clinit>> (0x00000000d6e793e0) thrown at [C:\ade\jenkins\workspace\8-2-build-windows-amd64-cygwin\jdk8u241\331\hotspot\src\share\vm\prims\jni.cpp, line 1614]

Events (10 events):
Event: 9.252 loading class org/gradle/authentication/http/BasicAuthentication
Event: 9.252 loading class org/gradle/authentication/http/BasicAuthentication done
Event: 9.253 loading class org/gradle/authentication/Authentication
Event: 9.253 loading class org/gradle/authentication/Authentication done
Event: 9.253 loading class org/gradle/internal/authentication/DefaultBasicAuthentication
Event: 9.253 loading class org/gradle/internal/authentication/DefaultBasicAuthentication done
Event: 9.253 loading class org/gradle/internal/authentication/AbstractAuthentication
Event: 9.253 loading class org/gradle/internal/authentication/AbstractAuthentication done
Event: 9.254 loading class org/gradle/internal/authentication/AuthenticationInternal
Event: 9.254 loading class org/gradle/internal/authentication/AuthenticationInternal done


Dynamic libraries:
0x00007ff638cf0000 - 0x00007ff638d27000 	C:\Program Files\Java\jdk1.8.0_241\bin\java.exe
0x00007ffeaaf80000 - 0x00007ffeab161000 	C:\WINDOWS\SYSTEM32\ntdll.dll
0x00007ffeaad60000 - 0x00007ffeaae11000 	C:\WINDOWS\System32\KERNEL32.DLL
0x00007ffea7560000 - 0x00007ffea77d3000 	C:\WINDOWS\System32\KERNELBASE.dll
0x00007ffeaa5f0000 - 0x00007ffeaa691000 	C:\WINDOWS\System32\ADVAPI32.dll
0x00007ffeaab10000 - 0x00007ffeaabae000 	C:\WINDOWS\System32\msvcrt.dll
0x00007ffea89e0000 - 0x00007ffea8a3b000 	C:\WINDOWS\System32\sechost.dll
0x00007ffeaa830000 - 0x00007ffeaa954000 	C:\WINDOWS\System32\RPCRT4.dll
0x00007ffeaa6a0000 - 0x00007ffeaa830000 	C:\WINDOWS\System32\USER32.dll
0x00007ffea73a0000 - 0x00007ffea73c0000 	C:\WINDOWS\System32\win32u.dll
0x00007ffeaa960000 - 0x00007ffeaa988000 	C:\WINDOWS\System32\GDI32.dll
0x00007ffea8270000 - 0x00007ffea8403000 	C:\WINDOWS\System32\gdi32full.dll
0x00007ffea73c0000 - 0x00007ffea745f000 	C:\WINDOWS\System32\msvcp_win.dll
0x00007ffea7460000 - 0x00007ffea7558000 	C:\WINDOWS\System32\ucrtbase.dll
0x00007ffe9e0d0000 - 0x00007ffe9e339000 	C:\WINDOWS\WinSxS\amd64_microsoft.windows.common-controls_6595b64144ccf1df_6.0.17134.1610_none_d3fd41197c928db6\COMCTL32.dll
0x00007ffea8610000 - 0x00007ffea8930000 	C:\WINDOWS\System32\combase.dll
0x00007ffea8000000 - 0x00007ffea8079000 	C:\WINDOWS\System32\bcryptPrimitives.dll
0x00007ffea8930000 - 0x00007ffea895d000 	C:\WINDOWS\System32\IMM32.DLL
0x0000000066e80000 - 0x0000000066f52000 	C:\Program Files\Java\jdk1.8.0_241\jre\bin\msvcr100.dll
0x00000000665d0000 - 0x0000000066e7c000 	C:\Program Files\Java\jdk1.8.0_241\jre\bin\server\jvm.dll
0x00007ffeaae20000 - 0x00007ffeaae28000 	C:\WINDOWS\System32\PSAPI.DLL
0x00007ffea2b80000 - 0x00007ffea2b89000 	C:\WINDOWS\SYSTEM32\WSOCK32.dll
0x00007ffea2eb0000 - 0x00007ffea2eba000 	C:\WINDOWS\SYSTEM32\VERSION.dll
0x00007ffea4e70000 - 0x00007ffea4e93000 	C:\WINDOWS\SYSTEM32\WINMM.dll
0x00007ffeaa2f0000 - 0x00007ffeaa35c000 	C:\WINDOWS\System32\WS2_32.dll
0x00007ffea4e40000 - 0x00007ffea4e6a000 	C:\WINDOWS\SYSTEM32\winmmbase.dll
0x00007ffea7890000 - 0x00007ffea78d9000 	C:\WINDOWS\System32\cfgmgr32.dll
0x00007ffea3400000 - 0x00007ffea340f000 	C:\Program Files\Java\jdk1.8.0_241\jre\bin\verify.dll
0x00007ffe968d0000 - 0x00007ffe968f9000 	C:\Program Files\Java\jdk1.8.0_241\jre\bin\java.dll
0x00007ffe9f710000 - 0x00007ffe9f726000 	C:\Program Files\Java\jdk1.8.0_241\jre\bin\zip.dll
0x00007ffea8e90000 - 0x00007ffeaa2d5000 	C:\WINDOWS\System32\SHELL32.dll
0x00007ffeaaea0000 - 0x00007ffeaaf49000 	C:\WINDOWS\System32\shcore.dll
0x00007ffea78e0000 - 0x00007ffea7ff5000 	C:\WINDOWS\System32\windows.storage.dll
0x00007ffeaae40000 - 0x00007ffeaae91000 	C:\WINDOWS\System32\shlwapi.dll
0x00007ffea7300000 - 0x00007ffea7311000 	C:\WINDOWS\System32\kernel.appcore.dll
0x00007ffea72d0000 - 0x00007ffea72ef000 	C:\WINDOWS\System32\profapi.dll
0x00007ffea7280000 - 0x00007ffea72cc000 	C:\WINDOWS\System32\powrprof.dll
0x00007ffea72f0000 - 0x00007ffea72fa000 	C:\WINDOWS\System32\FLTLIB.DLL
0x00007ffe9f670000 - 0x00007ffe9f68a000 	C:\Program Files\Java\jdk1.8.0_241\jre\bin\net.dll
0x00007ffea6aa0000 - 0x00007ffea6b06000 	C:\WINDOWS\system32\mswsock.dll
0x00007ffe965b0000 - 0x00007ffe965c2000 	C:\Program Files\Java\jdk1.8.0_241\jre\bin\nio.dll
0x00007ffea0a60000 - 0x00007ffea0a86000 	C:\Users\admin\.gradle\native\30\windows-amd64\native-platform.dll
0x00007ffea3510000 - 0x00007ffea351d000 	C:\Program Files\Java\jdk1.8.0_241\jre\bin\management.dll
0x00007ffea6c50000 - 0x00007ffea6c67000 	C:\WINDOWS\SYSTEM32\CRYPTSP.dll
0x00007ffea6650000 - 0x00007ffea6683000 	C:\WINDOWS\system32\rsaenh.dll
0x00007ffea6d80000 - 0x00007ffea6da5000 	C:\WINDOWS\SYSTEM32\bcrypt.dll
0x00007ffea71b0000 - 0x00007ffea71d8000 	C:\WINDOWS\SYSTEM32\USERENV.dll
0x00007ffea6c70000 - 0x00007ffea6c7b000 	C:\WINDOWS\SYSTEM32\CRYPTBASE.dll
0x00007ffea67f0000 - 0x00007ffea6828000 	C:\WINDOWS\SYSTEM32\IPHLPAPI.DLL
0x00007ffeaae30000 - 0x00007ffeaae38000 	C:\WINDOWS\System32\NSI.dll
0x00007ffea0600000 - 0x00007ffea0616000 	C:\WINDOWS\SYSTEM32\dhcpcsvc6.DLL
0x00007ffea0120000 - 0x00007ffea013a000 	C:\WINDOWS\SYSTEM32\dhcpcsvc.DLL

VM Arguments:
jvm_args: -Xmx2048m -Dfile.encoding=windows-1252 -Duser.country=US -Duser.language=en -Duser.variant 
java_command: org.gradle.launcher.daemon.bootstrap.GradleDaemon 5.6.4
java_class_path (initial): C:\Users\admin\.gradle\wrapper\dists\gradle-5.6.4-all\ankdp27end7byghfw1q2sw75f\gradle-5.6.4\lib\gradle-launcher-5.6.4.jar
Launcher Type: SUN_STANDARD

Environment Variables:
JAVA_HOME=C:\Program Files\Java\jdk1.8.0_241
PATH=C:\Program Files\Microsoft MPI\Bin\;C:\Program Files (x86)\Common Files\Oracle\Java\javapath;C:\WINDOWS\system32;C:\WINDOWS;C:\WINDOWS\System32\Wbem;C:\WINDOWS\System32\WindowsPowerShell\v1.0\;C:\Program Files\Microsoft SQL Server\110\Tools\Binn\;C:\Program Files\Microsoft SQL Server\130\Tools\Binn\;C:\Program Files\dotnet\;C:\Program Files (x86)\Windows Live\Shared;C:\WINDOWS\System32\OpenSSH\;C:\Program Files (x86)\Microsoft SQL Server\130\Tools\Binn\;C:\Program Files (x86)\Microsoft SQL Server\130\DTS\Binn\;C:\Program Files\Microsoft SQL Server\130\DTS\Binn\;C:\Program Files\Microsoft SQL Server\Client SDK\ODBC\130\Tools\Binn\;C:\Program Files (x86)\Microsoft SQL Server\Client SDK\ODBC\130\Tools\Binn\;C:\Program Files (x86)\Microsoft SQL Server\130\Tools\Binn\ManagementStudio\;C:\Program Files\nodejs\;C:\Program Files\NVIDIA Corporation\NVIDIA NvDLISR;C:\Program Files\Git\cmd;C:\Program Files\Amazon\AWSCLI\;C:\Users\admin\AppData\Local\Microsoft\WindowsApps;;C:\Users\admin\AppData\Local\Programs\Microsoft VS Code\bin;C:\Users\admin\AppData\Roaming\npm
USERNAME=admin
OS=Windows_NT
PROCESSOR_IDENTIFIER=Intel64 Family 6 Model 58 Stepping 9, GenuineIntel



---------------  S Y S T E M  ---------------

OS: Windows 10.0 , 64 bit Build 17134 (10.0.17134.1425)

CPU:total 8 (initial active 8) (4 cores per cpu, 2 threads per core) family 6 model 58 stepping 9, cmov, cx8, fxsr, mmx, sse, sse2, sse3, ssse3, sse4.1, sse4.2, popcnt, avx, aes, clmul, erms, ht, tsc, tscinvbit, tscinv

Memory: 4k page, physical 8319548k(1221140k free), swap 8319548k(4500k free)

vm_info: Java HotSpot(TM) 64-Bit Server VM (25.241-b07) for windows-amd64 JRE (1.8.0_241-b07), built on Dec 11 2019 10:21:40 by "rejava" with MS VC++ 10.0 (VS2010)

time: Sat Jul 18 19:24:27 2020
timezone: SE Asia Standard Time
elapsed time: 9 seconds (0d 0h 0m 9s)

