#
# There is insufficient memory for the Java Runtime Environment to continue.
# Native memory allocation (malloc) failed to allocate 575696 bytes for Chunk::new
# Possible reasons:
#   The system is out of physical RAM or swap space
#   The process is running with CompressedOops enabled, and the Java Heap may be blocking the growth of the native heap
# Possible solutions:
#   Reduce memory load on the system
#   Increase physical memory or swap space
#   Check if swap backing store is full
#   Decrease Java heap size (-Xmx/-Xms)
#   Decrease number of Java threads
#   Decrease Java thread stack sizes (-Xss)
#   Set larger code cache with -XX:ReservedCodeCacheSize=
#   JVM is running with Unscaled Compressed Oops mode in which the Java heap is
#     placed in the first 4GB address space. The Java Heap base address is the
#     maximum limit for the native heap growth. Please use -XX:HeapBaseMinAddress
#     to set the Java Heap base and to place the Java Heap above 4GB virtual address.
# This output file may be truncated or incomplete.
#
#  Out of Memory Error (allocation.cpp:389), pid=13488, tid=0x0000000000001e34
#
# JRE version: Java(TM) SE Runtime Environment (8.0_241-b07) (build 1.8.0_241-b07)
# Java VM: Java HotSpot(TM) 64-Bit Server VM (25.241-b07 mixed mode windows-amd64 compressed oops)
# Failed to write core dump. Minidumps are not enabled by default on client versions of Windows
#

---------------  T H R E A D  ---------------

Current thread (0x000000001a346800):  JavaThread "C2 CompilerThread1" daemon [_thread_in_native, id=7732, stack(0x000000001ad00000,0x000000001ae00000)]

Stack: [0x000000001ad00000,0x000000001ae00000]
[error occurred during error reporting (printing stack bounds), id 0xc0000005]

Native frames: (J=compiled Java code, j=interpreted, Vv=VM code, C=native code)


Current CompileTask:
C2:  55511 7704   !   4       com.sun.org.apache.xerces.internal.impl.XMLDocumentFragmentScannerImpl$FragmentContentDriver::next (2346 bytes)


---------------  P R O C E S S  ---------------

Java Threads: ( => current thread )
  0x0000000020add000 JavaThread "Cache worker for execution history cache (C:\Users\admin\Desktop\software-engineering-project\c-food-main\.gradle\6.1.1\executionHistory)" [_thread_blocked, id=10640, stack(0x00000000274e0000,0x00000000275e0000)]
  0x0000000020adf800 JavaThread "Execution worker for ':' Thread 7" [_thread_blocked, id=11116, stack(0x00000000271e0000,0x00000000272e0000)]
  0x0000000020ae3800 JavaThread "Execution worker for ':' Thread 6" [_thread_blocked, id=9604, stack(0x00000000270e0000,0x00000000271e0000)]
  0x0000000020ae0000 JavaThread "Execution worker for ':' Thread 5" [_thread_in_native, id=7984, stack(0x0000000026fe0000,0x00000000270e0000)]
  0x0000000020ae1000 JavaThread "Execution worker for ':' Thread 4" [_thread_blocked, id=10416, stack(0x0000000026ee0000,0x0000000026fe0000)]
  0x0000000020ae2800 JavaThread "Execution worker for ':' Thread 3" [_thread_blocked, id=10336, stack(0x0000000026de0000,0x0000000026ee0000)]
  0x0000000020ade800 JavaThread "Execution worker for ':' Thread 2" [_thread_blocked, id=11588, stack(0x0000000026ce0000,0x0000000026de0000)]
  0x000000001bd90800 JavaThread "Execution worker for ':'" [_thread_blocked, id=11480, stack(0x0000000026be0000,0x0000000026ce0000)]
  0x000000001bd92000 JavaThread "Cache worker for file content cache (C:\Users\admin\Desktop\software-engineering-project\c-food-main\.gradle\6.1.1\fileContent)" [_thread_blocked, id=12168, stack(0x0000000025560000,0x0000000025660000)]
  0x000000001bd8f000 JavaThread "Cache worker for file content cache (C:\Users\admin\.gradle\caches\6.1.1\fileContent)" [_thread_blocked, id=4544, stack(0x0000000025460000,0x0000000025560000)]
  0x000000001bd8e000 JavaThread "Memory manager" [_thread_blocked, id=14248, stack(0x0000000025360000,0x0000000025460000)]
  0x000000001bd86000 JavaThread "Cache worker for Build Output Cleanup Cache (C:\Users\admin\Desktop\software-engineering-project\c-food-main\.gradle\buildOutputCleanup)" [_thread_blocked, id=10964, stack(0x0000000024760000,0x0000000024860000)]
  0x000000001bd8c800 JavaThread "Build operations Thread 8" [_thread_blocked, id=11760, stack(0x0000000024060000,0x0000000024160000)]
  0x000000001bd85000 JavaThread "Build operations Thread 7" [_thread_blocked, id=10592, stack(0x0000000023f60000,0x0000000024060000)]
  0x000000001bd8c000 JavaThread "Build operations Thread 6" [_thread_blocked, id=2072, stack(0x0000000023e60000,0x0000000023f60000)]
  0x000000001bd8b000 JavaThread "Build operations Thread 5" [_thread_blocked, id=10728, stack(0x0000000023d60000,0x0000000023e60000)]
  0x000000001bd83800 JavaThread "Build operations Thread 4" [_thread_blocked, id=12924, stack(0x0000000023c60000,0x0000000023d60000)]
  0x000000001bd84800 JavaThread "Build operations Thread 3" [_thread_blocked, id=14084, stack(0x0000000023b60000,0x0000000023c60000)]
  0x000000001bd8a800 JavaThread "Build operations Thread 2" [_thread_blocked, id=10664, stack(0x0000000023a60000,0x0000000023b60000)]
  0x000000001bd83000 JavaThread "Build operations" [_thread_blocked, id=13396, stack(0x0000000023960000,0x0000000023a60000)]
  0x000000001a581800 JavaThread "Cache worker for execution history cache (C:\Users\admin\.gradle\caches\6.1.1\executionHistory)" [_thread_blocked, id=14332, stack(0x0000000022c60000,0x0000000022d60000)]
  0x000000001a588000 JavaThread "Cache worker for cache directory md-rule (C:\Users\admin\.gradle\caches\6.1.1\md-rule)" [_thread_blocked, id=612, stack(0x0000000022b60000,0x0000000022c60000)]
  0x000000001a587000 JavaThread "Cache worker for cache directory md-supplier (C:\Users\admin\.gradle\caches\6.1.1\md-supplier)" [_thread_blocked, id=12272, stack(0x0000000021830000,0x0000000021930000)]
  0x000000001a585800 JavaThread "Cache worker for file hash cache (C:\Users\admin\Desktop\software-engineering-project\c-food-main\.gradle\6.1.1\fileHashes)" [_thread_blocked, id=10164, stack(0x0000000021530000,0x0000000021630000)]
  0x000000001a581000 JavaThread "Cache worker for checksums cache (C:\Users\admin\Desktop\software-engineering-project\c-food-main\.gradle\checksums)" [_thread_blocked, id=5708, stack(0x00000000201f0000,0x00000000202f0000)]
  0x000000001a586800 JavaThread "Cache worker for file hash cache (C:\Users\admin\.gradle\caches\6.1.1\fileHashes)" [_thread_blocked, id=10376, stack(0x000000001f120000,0x000000001f220000)]
  0x000000001a583800 JavaThread "File lock request listener" [_thread_in_native, id=5320, stack(0x000000001f020000,0x000000001f120000)]
  0x000000001a584000 JavaThread "Cache worker for journal cache (C:\Users\admin\.gradle\caches\journal-1)" [_thread_blocked, id=7596, stack(0x000000001ef20000,0x000000001f020000)]
  0x000000001cd43800 JavaThread "Thread-9" [_thread_blocked, id=10700, stack(0x000000001ec20000,0x000000001ed20000)]
  0x000000001ce4d800 JavaThread "Stdin handler" [_thread_blocked, id=4556, stack(0x000000001eb20000,0x000000001ec20000)]
  0x000000001ce4c800 JavaThread "Asynchronous log dispatcher for DefaultDaemonConnection: socket connection from /127.0.0.1:53704 to /127.0.0.1:53705" [_thread_blocked, id=2120, stack(0x000000001ea20000,0x000000001eb20000)]
  0x000000001ce4a800 JavaThread "Daemon worker" [_thread_blocked, id=9748, stack(0x000000001e820000,0x000000001e920000)]
  0x000000001cdb9000 JavaThread "Cancel handler" [_thread_blocked, id=14220, stack(0x000000001e720000,0x000000001e820000)]
  0x000000001cc82000 JavaThread "Handler for socket connection from /127.0.0.1:53704 to /127.0.0.1:53705" [_thread_in_native, id=13884, stack(0x000000001e420000,0x000000001e520000)]
  0x000000001b2fa000 JavaThread "Daemon" [_thread_blocked, id=13556, stack(0x000000001e320000,0x000000001e420000)]
  0x000000001a482800 JavaThread "Daemon periodic checks" [_thread_blocked, id=2960, stack(0x000000001e220000,0x000000001e320000)]
  0x000000001a485000 JavaThread "Incoming local TCP Connector on port 53704" [_thread_in_native, id=13452, stack(0x000000001dfe0000,0x000000001e0e0000)]
  0x000000001b2e5000 JavaThread "Daemon health stats" [_thread_blocked, id=12360, stack(0x000000001d9a0000,0x000000001daa0000)]
  0x000000001a3af800 JavaThread "Service Thread" daemon [_thread_blocked, id=9496, stack(0x000000001b000000,0x000000001b100000)]
  0x000000001a35d000 JavaThread "C1 CompilerThread3" daemon [_thread_blocked, id=10288, stack(0x000000001af00000,0x000000001b000000)]
  0x000000001a352000 JavaThread "C2 CompilerThread2" daemon [_thread_blocked, id=14000, stack(0x000000001ae00000,0x000000001af00000)]
=>0x000000001a346800 JavaThread "C2 CompilerThread1" daemon [_thread_in_native, id=7732, stack(0x000000001ad00000,0x000000001ae00000)]
  0x000000001a344800 JavaThread "C2 CompilerThread0" daemon [_thread_blocked, id=13784, stack(0x000000001ac00000,0x000000001ad00000)]
  0x000000001a341000 JavaThread "Attach Listener" daemon [_thread_blocked, id=7176, stack(0x000000001ab00000,0x000000001ac00000)]
  0x000000001a340000 JavaThread "Signal Dispatcher" daemon [_thread_blocked, id=3820, stack(0x000000001aa00000,0x000000001ab00000)]
  0x000000001a331000 JavaThread "Finalizer" daemon [_thread_blocked, id=4036, stack(0x000000001a810000,0x000000001a910000)]
  0x000000001a330800 JavaThread "Reference Handler" daemon [_thread_blocked, id=13772, stack(0x000000001a710000,0x000000001a810000)]
  0x00000000033b2800 JavaThread "main" [_thread_blocked, id=10160, stack(0x00000000032b0000,0x00000000033b0000)]

Other Threads:
  0x000000001851a000 VMThread [stack: 0x000000001a210000,0x000000001a310000] [id=1416]
  0x000000001a3b1800 WatcherThread [stack: 0x000000001b100000,0x000000001b200000] [id=2536]

VM state:not at safepoint (normal execution)

VM Mutex/Monitor currently owned by a thread: None

heap address: 0x0000000080000000, size: 2048 MB, Compressed Oops mode: 32-bit
Narrow klass base: 0x0000000000000000, Narrow klass shift: 3
Compressed class space size: 1073741824 Address: 0x0000000100000000

Heap:
 PSYoungGen      total 101888K, used 38826K [0x00000000d5580000, 0x00000000dcc80000, 0x0000000100000000)
  eden space 83968K, 32% used [0x00000000d5580000,0x00000000d7006290,0x00000000da780000)
  from space 17920K, 65% used [0x00000000dbb00000,0x00000000dc664678,0x00000000dcc80000)
  to   space 18944K, 0% used [0x00000000da780000,0x00000000da780000,0x00000000dba00000)
 ParOldGen       total 156672K, used 30417K [0x0000000080000000, 0x0000000089900000, 0x00000000d5580000)
  object space 156672K, 19% used [0x0000000080000000,0x0000000081db45a8,0x0000000089900000)
 Metaspace       used 62094K, capacity 64814K, committed 65024K, reserved 1105920K
  class space    used 8751K, capacity 9350K, committed 9472K, reserved 1048576K

Card table byte_map: [0x0000000012870000,0x0000000012c80000] byte_map_base: 0x0000000012470000

Marking Bits: (ParMarkBitMap*) 0x00000000723cbe30
 Begin Bits: [0x0000000013730000, 0x0000000015730000)
 End Bits:   [0x0000000015730000, 0x0000000017730000)

Polling page: 0x0000000001960000

CodeCache: size=245760Kb used=21778Kb max_used=21778Kb free=223981Kb
 bounds [0x00000000034b0000, 0x0000000004a30000, 0x00000000124b0000]
 total_blobs=7591 nmethods=6803 adapters=699
 compilation: enabled

Compilation events (10 events):
Event: 55.472 Thread 0x000000001a35d000 7737       3       com.google.common.base.Preconditions::checkPositionIndex (25 bytes)
Event: 55.472 Thread 0x000000001a35d000 nmethod 7737 0x0000000003961fd0 code [0x0000000003962140, 0x00000000039623d8]
Event: 55.472 Thread 0x000000001a35d000 7739       3       com.sun.org.apache.xerces.internal.dom.ElementImpl::getDefaultAttributes (48 bytes)
Event: 55.473 Thread 0x000000001a344800 nmethod 7723 0x0000000003a1c010 code [0x0000000003a1c160, 0x0000000003a1c258]
Event: 55.473 Thread 0x000000001a35d000 nmethod 7739 0x000000000439fa10 code [0x000000000439fc40, 0x00000000043a0bf8]
Event: 55.473 Thread 0x000000001a344800 7725       4       com.sun.org.apache.xerces.internal.dom.DeferredDocumentImpl::setDeferredAttribute (227 bytes)
Event: 55.473 Thread 0x000000001a35d000 7740       3       com.sun.org.apache.xerces.internal.dom.CoreDocumentImpl::getDoctype (16 bytes)
Event: 55.473 Thread 0x000000001a35d000 nmethod 7740 0x0000000003e76790 code [0x0000000003e76900, 0x0000000003e76ca8]
Event: 55.474 Thread 0x000000001a352000 nmethod 7722 0x0000000003679ad0 code [0x0000000003679c40, 0x000000000367a198]
Event: 55.474 Thread 0x000000001a352000 7726       4       com.sun.org.apache.xerces.internal.dom.DeferredDocumentImpl::createDeferredAttribute (95 bytes)

GC Heap History (10 events):
Event: 41.858 GC heap before
{Heap before GC invocations=17 (full 2):
 PSYoungGen      total 78336K, used 78313K [0x00000000d5580000, 0x00000000db280000, 0x0000000100000000)
  eden space 66560K, 100% used [0x00000000d5580000,0x00000000d9680000,0x00000000d9680000)
  from space 11776K, 99% used [0x00000000da400000,0x00000000daf7a450,0x00000000daf80000)
  to   space 13824K, 0% used [0x00000000d9680000,0x00000000d9680000,0x00000000da400000)
 ParOldGen       total 107008K, used 16503K [0x0000000080000000, 0x0000000086880000, 0x00000000d5580000)
  object space 107008K, 15% used [0x0000000080000000,0x000000008101dcf8,0x0000000086880000)
 Metaspace       used 54108K, capacity 56096K, committed 56192K, reserved 1097728K
  class space    used 7543K, capacity 8041K, committed 8064K, reserved 1048576K
Event: 41.873 GC heap after
Heap after GC invocations=17 (full 2):
 PSYoungGen      total 80384K, used 13820K [0x00000000d5580000, 0x00000000dc300000, 0x0000000100000000)
  eden space 66560K, 0% used [0x00000000d5580000,0x00000000d5580000,0x00000000d9680000)
  from space 13824K, 99% used [0x00000000d9680000,0x00000000da3ff320,0x00000000da400000)
  to   space 17408K, 0% used [0x00000000db200000,0x00000000db200000,0x00000000dc300000)
 ParOldGen       total 107008K, used 21111K [0x0000000080000000, 0x0000000086880000, 0x00000000d5580000)
  object space 107008K, 19% used [0x0000000080000000,0x000000008149dee8,0x0000000086880000)
 Metaspace       used 54108K, capacity 56096K, committed 56192K, reserved 1097728K
  class space    used 7543K, capacity 8041K, committed 8064K, reserved 1048576K
}
Event: 43.303 GC heap before
{Heap before GC invocations=18 (full 2):
 PSYoungGen      total 80384K, used 50592K [0x00000000d5580000, 0x00000000dc300000, 0x0000000100000000)
  eden space 66560K, 55% used [0x00000000d5580000,0x00000000d7968d50,0x00000000d9680000)
  from space 13824K, 99% used [0x00000000d9680000,0x00000000da3ff320,0x00000000da400000)
  to   space 17408K, 0% used [0x00000000db200000,0x00000000db200000,0x00000000dc300000)
 ParOldGen       total 107008K, used 21111K [0x0000000080000000, 0x0000000086880000, 0x00000000d5580000)
  object space 107008K, 19% used [0x0000000080000000,0x000000008149dee8,0x0000000086880000)
 Metaspace       used 57033K, capacity 59088K, committed 59160K, reserved 1099776K
  class space    used 8023K, capacity 8517K, committed 8576K, reserved 1048576K
Event: 43.321 GC heap after
Heap after GC invocations=18 (full 2):
 PSYoungGen      total 92160K, used 17395K [0x00000000d5580000, 0x00000000dcc00000, 0x0000000100000000)
  eden space 74752K, 0% used [0x00000000d5580000,0x00000000d5580000,0x00000000d9e80000)
  from space 17408K, 99% used [0x00000000db200000,0x00000000dc2fcd10,0x00000000dc300000)
  to   space 19968K, 0% used [0x00000000d9e80000,0x00000000d9e80000,0x00000000db200000)
 ParOldGen       total 107008K, used 21248K [0x0000000080000000, 0x0000000086880000, 0x00000000d5580000)
  object space 107008K, 19% used [0x0000000080000000,0x00000000814c0220,0x0000000086880000)
 Metaspace       used 57033K, capacity 59088K, committed 59160K, reserved 1099776K
  class space    used 8023K, capacity 8517K, committed 8576K, reserved 1048576K
}
Event: 43.321 GC heap before
{Heap before GC invocations=19 (full 3):
 PSYoungGen      total 92160K, used 17395K [0x00000000d5580000, 0x00000000dcc00000, 0x0000000100000000)
  eden space 74752K, 0% used [0x00000000d5580000,0x00000000d5580000,0x00000000d9e80000)
  from space 17408K, 99% used [0x00000000db200000,0x00000000dc2fcd10,0x00000000dc300000)
  to   space 19968K, 0% used [0x00000000d9e80000,0x00000000d9e80000,0x00000000db200000)
 ParOldGen       total 107008K, used 21248K [0x0000000080000000, 0x0000000086880000, 0x00000000d5580000)
  object space 107008K, 19% used [0x0000000080000000,0x00000000814c0220,0x0000000086880000)
 Metaspace       used 57033K, capacity 59088K, committed 59160K, reserved 1099776K
  class space    used 8023K, capacity 8517K, committed 8576K, reserved 1048576K
Event: 43.561 GC heap after
Heap after GC invocations=19 (full 3):
 PSYoungGen      total 92160K, used 0K [0x00000000d5580000, 0x00000000dcc00000, 0x0000000100000000)
  eden space 74752K, 0% used [0x00000000d5580000,0x00000000d5580000,0x00000000d9e80000)
  from space 17408K, 0% used [0x00000000db200000,0x00000000db200000,0x00000000dc300000)
  to   space 19968K, 0% used [0x00000000d9e80000,0x00000000d9e80000,0x00000000db200000)
 ParOldGen       total 156672K, used 30401K [0x0000000080000000, 0x0000000089900000, 0x00000000d5580000)
  object space 156672K, 19% used [0x0000000080000000,0x0000000081db05a8,0x0000000089900000)
 Metaspace       used 57000K, capacity 58974K, committed 59160K, reserved 1099776K
  class space    used 8013K, capacity 8498K, committed 8576K, reserved 1048576K
}
Event: 48.877 GC heap before
{Heap before GC invocations=20 (full 3):
 PSYoungGen      total 92160K, used 74752K [0x00000000d5580000, 0x00000000dcc00000, 0x0000000100000000)
  eden space 74752K, 100% used [0x00000000d5580000,0x00000000d9e80000,0x00000000d9e80000)
  from space 17408K, 0% used [0x00000000db200000,0x00000000db200000,0x00000000dc300000)
  to   space 19968K, 0% used [0x00000000d9e80000,0x00000000d9e80000,0x00000000db200000)
 ParOldGen       total 156672K, used 30401K [0x0000000080000000, 0x0000000089900000, 0x00000000d5580000)
  object space 156672K, 19% used [0x0000000080000000,0x0000000081db05a8,0x0000000089900000)
 Metaspace       used 60357K, capacity 63012K, committed 63232K, reserved 1103872K
  class space    used 8550K, capacity 9105K, committed 9216K, reserved 1048576K
Event: 48.883 GC heap after
Heap after GC invocations=20 (full 3):
 PSYoungGen      total 94720K, used 8767K [0x00000000d5580000, 0x00000000dcd80000, 0x0000000100000000)
  eden space 74752K, 0% used [0x00000000d5580000,0x00000000d5580000,0x00000000d9e80000)
  from space 19968K, 43% used [0x00000000d9e80000,0x00000000da70fe38,0x00000000db200000)
  to   space 18944K, 0% used [0x00000000dbb00000,0x00000000dbb00000,0x00000000dcd80000)
 ParOldGen       total 156672K, used 30409K [0x0000000080000000, 0x0000000089900000, 0x00000000d5580000)
  object space 156672K, 19% used [0x0000000080000000,0x0000000081db25a8,0x0000000089900000)
 Metaspace       used 60357K, capacity 63012K, committed 63232K, reserved 1103872K
  class space    used 8550K, capacity 9105K, committed 9216K, reserved 1048576K
}
Event: 53.929 GC heap before
{Heap before GC invocations=21 (full 3):
 PSYoungGen      total 94720K, used 83519K [0x00000000d5580000, 0x00000000dcd80000, 0x0000000100000000)
  eden space 74752K, 100% used [0x00000000d5580000,0x00000000d9e80000,0x00000000d9e80000)
  from space 19968K, 43% used [0x00000000d9e80000,0x00000000da70fe38,0x00000000db200000)
  to   space 18944K, 0% used [0x00000000dbb00000,0x00000000dbb00000,0x00000000dcd80000)
 ParOldGen       total 156672K, used 30409K [0x0000000080000000, 0x0000000089900000, 0x00000000d5580000)
  object space 156672K, 19% used [0x0000000080000000,0x0000000081db25a8,0x0000000089900000)
 Metaspace       used 61350K, capacity 64042K, committed 64128K, reserved 1103872K
  class space    used 8650K, capacity 9268K, committed 9344K, reserved 1048576K
Event: 53.938 GC heap after
Heap after GC invocations=21 (full 3):
 PSYoungGen      total 101888K, used 11665K [0x00000000d5580000, 0x00000000dcc80000, 0x0000000100000000)
  eden space 83968K, 0% used [0x00000000d5580000,0x00000000d5580000,0x00000000da780000)
  from space 17920K, 65% used [0x00000000dbb00000,0x00000000dc664678,0x00000000dcc80000)
  to   space 18944K, 0% used [0x00000000da780000,0x00000000da780000,0x00000000dba00000)
 ParOldGen       total 156672K, used 30417K [0x0000000080000000, 0x0000000089900000, 0x00000000d5580000)
  object space 156672K, 19% used [0x0000000080000000,0x0000000081db45a8,0x0000000089900000)
 Metaspace       used 61350K, capacity 64042K, committed 64128K, reserved 1103872K
  class space    used 8650K, capacity 9268K, committed 9344K, reserved 1048576K
}

Deoptimization events (10 events):
Event: 51.907 Thread 0x0000000020ae1000 Uncommon trap: reason=unstable_if action=reinterpret pc=0x0000000003b15668 method=java.util.regex.Pattern$GroupTail.match(Ljava/util/regex/Matcher;ILjava/lang/CharSequence;)Z @ 73
Event: 52.755 Thread 0x000000001bd83800 Uncommon trap: reason=null_check action=make_not_entrant pc=0x0000000003b3cd8c method=sun.nio.fs.NativeBuffers.getNativeBufferFromCache(I)Lsun/nio/fs/NativeBuffer; @ 6
Event: 54.772 Thread 0x0000000020ae0000 Uncommon trap: reason=predicate action=maybe_recompile pc=0x0000000003a2f788 method=com.google.common.base.CharMatcher.indexIn(Ljava/lang/CharSequence;I)I @ 22
Event: 54.922 Thread 0x0000000020ae0000 Uncommon trap: reason=unstable_if action=reinterpret pc=0x000000000494f3e8 method=org.gradle.internal.hash.HashCode.equals(Ljava/lang/Object;)Z @ 2
Event: 55.342 Thread 0x0000000020ae0000 Uncommon trap: reason=unstable_if action=reinterpret pc=0x00000000041629d4 method=sun.nio.cs.UTF_8$Decoder.decodeArrayLoop(Ljava/nio/ByteBuffer;Ljava/nio/CharBuffer;)Ljava/nio/charset/CoderResult; @ 84
Event: 55.347 Thread 0x0000000020ae0000 Uncommon trap: reason=unstable_if action=reinterpret pc=0x0000000003a2c380 method=sun.nio.cs.UTF_8$Decoder.decodeArrayLoop(Ljava/nio/ByteBuffer;Ljava/nio/CharBuffer;)Ljava/nio/charset/CoderResult; @ 84
Event: 55.388 Thread 0x0000000020ae0000 Uncommon trap: reason=unstable_if action=reinterpret pc=0x00000000043f6c9c method=com.sun.org.apache.xerces.internal.dom.DeferredDocumentImpl.ensureCapacity(I)V @ 88
Event: 55.412 Thread 0x0000000020ae0000 Uncommon trap: reason=unstable_if action=reinterpret pc=0x00000000043b5698 method=sun.nio.cs.UTF_8$Decoder.decodeArrayLoop(Ljava/nio/ByteBuffer;Ljava/nio/CharBuffer;)Ljava/nio/charset/CoderResult; @ 191
Event: 55.432 Thread 0x0000000020ae0000 Uncommon trap: reason=unstable_if action=reinterpret pc=0x0000000003aa9ad4 method=com.sun.org.apache.xerces.internal.impl.XMLEntityScanner.scanQName(Lcom/sun/org/apache/xerces/internal/xni/QName;Lcom/sun/org/apache/xerces/internal/impl/XMLScanner$NameType
Event: 55.447 Thread 0x0000000020ae0000 Uncommon trap: reason=unstable_if action=reinterpret pc=0x000000000372aab8 method=com.sun.org.apache.xerces.internal.dom.DeferredDocumentImpl.clearChunkValue([[Ljava/lang/Object;II)Ljava/lang/String; @ 3

Classes redefined (0 events):
No events

Internal exceptions (10 events):
Event: 47.000 Thread 0x0000000020adf800 Exception <a 'java/lang/NoSuchMethodError': java.lang.Object.lambda$identity$2(Ljava/lang/Object;)Ljava/lang/Object;> (0x00000000d87e00b8) thrown at [C:\ade\jenkins\workspace\8-2-build-windows-amd64-cygwin\jdk8u241\331\hotspot\src\share\vm\interpreter\lin
Event: 47.000 Thread 0x0000000020ade800 Exception <a 'java/lang/NoSuchMethodError': java.lang.Object.lambda$identity$2(Ljava/lang/Object;)Ljava/lang/Object;> (0x00000000d8acd5b0) thrown at [C:\ade\jenkins\workspace\8-2-build-windows-amd64-cygwin\jdk8u241\331\hotspot\src\share\vm\interpreter\lin
Event: 47.000 Thread 0x000000001ce4a800 Exception <a 'java/lang/NoSuchMethodError': java.lang.Object.lambda$identity$2(Ljava/lang/Object;)Ljava/lang/Object;> (0x00000000d8604660) thrown at [C:\ade\jenkins\workspace\8-2-build-windows-amd64-cygwin\jdk8u241\331\hotspot\src\share\vm\interpreter\lin
Event: 50.538 Thread 0x000000001cd43800 Exception <a 'java/lang/NoSuchMethodError': <clinit>> (0x00000000d74ea7b8) thrown at [C:\ade\jenkins\workspace\8-2-build-windows-amd64-cygwin\jdk8u241\331\hotspot\src\share\vm\prims\jni.cpp, line 1614]
Event: 50.540 Thread 0x000000001cd43800 Exception <a 'java/lang/NoSuchMethodError': <clinit>> (0x00000000d74f6390) thrown at [C:\ade\jenkins\workspace\8-2-build-windows-amd64-cygwin\jdk8u241\331\hotspot\src\share\vm\prims\jni.cpp, line 1614]
Event: 50.694 Thread 0x000000001cd43800 Exception <a 'java/lang/NoSuchMethodError': <clinit>> (0x00000000d76b1938) thrown at [C:\ade\jenkins\workspace\8-2-build-windows-amd64-cygwin\jdk8u241\331\hotspot\src\share\vm\prims\jni.cpp, line 1614]
Event: 50.695 Thread 0x000000001cd43800 Exception <a 'java/lang/NoSuchMethodError': <clinit>> (0x00000000d76c2b90) thrown at [C:\ade\jenkins\workspace\8-2-build-windows-amd64-cygwin\jdk8u241\331\hotspot\src\share\vm\prims\jni.cpp, line 1614]
Event: 50.695 Thread 0x000000001cd43800 Exception <a 'java/lang/NoSuchMethodError': <clinit>> (0x00000000d76c46e8) thrown at [C:\ade\jenkins\workspace\8-2-build-windows-amd64-cygwin\jdk8u241\331\hotspot\src\share\vm\prims\jni.cpp, line 1614]
Event: 51.784 Thread 0x000000001cd43800 Exception <a 'java/lang/NoSuchMethodError': <clinit>> (0x00000000d83f1450) thrown at [C:\ade\jenkins\workspace\8-2-build-windows-amd64-cygwin\jdk8u241\331\hotspot\src\share\vm\prims\jni.cpp, line 1614]
Event: 55.447 Thread 0x0000000020ae0000 Implicit null exception at 0x000000000372a91e to 0x000000000372aaa1

Events (10 events):
Event: 55.478 loading class com/android/ide/common/resources/configuration/WideGamutColorQualifier
Event: 55.478 loading class com/android/ide/common/resources/configuration/WideGamutColorQualifier done
Event: 55.479 loading class com/android/ide/common/resources/configuration/ScreenWidthQualifier
Event: 55.479 loading class com/android/ide/common/resources/configuration/ScreenWidthQualifier done
Event: 55.479 loading class com/android/ide/common/resources/configuration/NetworkCodeQualifier
Event: 55.479 loading class com/android/ide/common/resources/configuration/NetworkCodeQualifier done
Event: 55.479 loading class com/android/ide/common/resources/configuration/UiModeQualifier
Event: 55.479 loading class com/android/ide/common/resources/configuration/UiModeQualifier done
Event: 55.479 loading class com/android/ide/common/resources/configuration/SmallestScreenWidthQualifier
Event: 55.479 loading class com/android/ide/common/resources/configuration/SmallestScreenWidthQualifier done


Dynamic libraries:
0x00007ff648a80000 - 0x00007ff648ab7000 	C:\Program Files\Java\jdk1.8.0_241\bin\java.exe
0x00007ffa2f920000 - 0x00007ffa2fb01000 	C:\WINDOWS\SYSTEM32\ntdll.dll
0x00007ffa2cf10000 - 0x00007ffa2cfc1000 	C:\WINDOWS\System32\KERNEL32.DLL
0x00007ffa2c840000 - 0x00007ffa2cab3000 	C:\WINDOWS\System32\KERNELBASE.dll
0x00007ffa2f020000 - 0x00007ffa2f0c1000 	C:\WINDOWS\System32\ADVAPI32.dll
0x00007ffa2f7e0000 - 0x00007ffa2f87e000 	C:\WINDOWS\System32\msvcrt.dll
0x00007ffa2f880000 - 0x00007ffa2f8db000 	C:\WINDOWS\System32\sechost.dll
0x00007ffa2f6b0000 - 0x00007ffa2f7d4000 	C:\WINDOWS\System32\RPCRT4.dll
0x00007ffa2d850000 - 0x00007ffa2d9e0000 	C:\WINDOWS\System32\USER32.dll
0x00007ffa2cd90000 - 0x00007ffa2cdb0000 	C:\WINDOWS\System32\win32u.dll
0x00007ffa2f680000 - 0x00007ffa2f6a8000 	C:\WINDOWS\System32\GDI32.dll
0x00007ffa2cbf0000 - 0x00007ffa2cd82000 	C:\WINDOWS\System32\gdi32full.dll
0x00007ffa2bce0000 - 0x00007ffa2bd7f000 	C:\WINDOWS\System32\msvcp_win.dll
0x00007ffa2bd80000 - 0x00007ffa2be78000 	C:\WINDOWS\System32\ucrtbase.dll
0x00007ffa210c0000 - 0x00007ffa21329000 	C:\WINDOWS\WinSxS\amd64_microsoft.windows.common-controls_6595b64144ccf1df_6.0.17134.1550_none_d40142657c8ef2c1\COMCTL32.dll
0x00007ffa2d530000 - 0x00007ffa2d850000 	C:\WINDOWS\System32\combase.dll
0x00007ffa2cb70000 - 0x00007ffa2cbe9000 	C:\WINDOWS\System32\bcryptPrimitives.dll
0x00007ffa2cdb0000 - 0x00007ffa2cddd000 	C:\WINDOWS\System32\IMM32.DLL
0x0000000072450000 - 0x0000000072522000 	C:\Program Files\Java\jdk1.8.0_241\jre\bin\msvcr100.dll
0x0000000071ba0000 - 0x000000007244c000 	C:\Program Files\Java\jdk1.8.0_241\jre\bin\server\jvm.dll
0x00007ffa2f0d0000 - 0x00007ffa2f0d8000 	C:\WINDOWS\System32\PSAPI.DLL
0x00007ffa273e0000 - 0x00007ffa273e9000 	C:\WINDOWS\SYSTEM32\WSOCK32.dll
0x00007ffa27560000 - 0x00007ffa2756a000 	C:\WINDOWS\SYSTEM32\VERSION.dll
0x00007ffa25720000 - 0x00007ffa25743000 	C:\WINDOWS\SYSTEM32\WINMM.dll
0x00007ffa2ee30000 - 0x00007ffa2ee9c000 	C:\WINDOWS\System32\WS2_32.dll
0x00007ffa256f0000 - 0x00007ffa2571a000 	C:\WINDOWS\SYSTEM32\winmmbase.dll
0x00007ffa2c7f0000 - 0x00007ffa2c839000 	C:\WINDOWS\System32\cfgmgr32.dll
0x00007ffa17b00000 - 0x00007ffa17b0f000 	C:\Program Files\Java\jdk1.8.0_241\jre\bin\verify.dll
0x00007ff9fdb70000 - 0x00007ff9fdb99000 	C:\Program Files\Java\jdk1.8.0_241\jre\bin\java.dll
0x00007ff9fe6c0000 - 0x00007ff9fe6d6000 	C:\Program Files\Java\jdk1.8.0_241\jre\bin\zip.dll
0x00007ffa2d9e0000 - 0x00007ffa2ee25000 	C:\WINDOWS\System32\SHELL32.dll
0x00007ffa2f2e0000 - 0x00007ffa2f389000 	C:\WINDOWS\System32\shcore.dll
0x00007ffa2bee0000 - 0x00007ffa2c5f1000 	C:\WINDOWS\System32\windows.storage.dll
0x00007ffa2f620000 - 0x00007ffa2f671000 	C:\WINDOWS\System32\shlwapi.dll
0x00007ffa2bcc0000 - 0x00007ffa2bcd1000 	C:\WINDOWS\System32\kernel.appcore.dll
0x00007ffa2bca0000 - 0x00007ffa2bcbf000 	C:\WINDOWS\System32\profapi.dll
0x00007ffa2bc30000 - 0x00007ffa2bc7c000 	C:\WINDOWS\System32\powrprof.dll
0x00007ffa2bc20000 - 0x00007ffa2bc2a000 	C:\WINDOWS\System32\FLTLIB.DLL
0x00007ffa1c860000 - 0x00007ffa1c87a000 	C:\Program Files\Java\jdk1.8.0_241\jre\bin\net.dll
0x00007ffa2b4a0000 - 0x00007ffa2b506000 	C:\WINDOWS\system32\mswsock.dll
0x00007ffa1c7e0000 - 0x00007ffa1c7f2000 	C:\Program Files\Java\jdk1.8.0_241\jre\bin\nio.dll
0x00007ff9fde80000 - 0x00007ff9fdea6000 	C:\Users\admin\.gradle\native\31\windows-amd64\native-platform.dll
0x00007ffa28280000 - 0x00007ffa2828d000 	C:\Program Files\Java\jdk1.8.0_241\jre\bin\management.dll
0x00007ffa2b650000 - 0x00007ffa2b667000 	C:\WINDOWS\SYSTEM32\CRYPTSP.dll
0x00007ffa2b050000 - 0x00007ffa2b083000 	C:\WINDOWS\system32\rsaenh.dll
0x00007ffa2b780000 - 0x00007ffa2b7a5000 	C:\WINDOWS\SYSTEM32\bcrypt.dll
0x00007ffa2bb20000 - 0x00007ffa2bb48000 	C:\WINDOWS\SYSTEM32\USERENV.dll
0x00007ffa2b670000 - 0x00007ffa2b67b000 	C:\WINDOWS\SYSTEM32\CRYPTBASE.dll
0x00007ffa2b1f0000 - 0x00007ffa2b228000 	C:\WINDOWS\SYSTEM32\IPHLPAPI.DLL
0x00007ffa2f610000 - 0x00007ffa2f618000 	C:\WINDOWS\System32\NSI.dll
0x00007ffa244d0000 - 0x00007ffa244e6000 	C:\WINDOWS\SYSTEM32\dhcpcsvc6.DLL
0x00007ffa244b0000 - 0x00007ffa244ca000 	C:\WINDOWS\SYSTEM32\dhcpcsvc.DLL

VM Arguments:
jvm_args: -Xmx2048m -Dfile.encoding=windows-1252 -Duser.country=US -Duser.language=en -Duser.variant 
java_command: org.gradle.launcher.daemon.bootstrap.GradleDaemon 6.1.1
java_class_path (initial): C:\Users\admin\.gradle\wrapper\dists\gradle-6.1.1-all\cfmwm155h49vnt3hynmlrsdst\gradle-6.1.1\lib\gradle-launcher-6.1.1.jar
Launcher Type: SUN_STANDARD

Environment Variables:
JAVA_HOME=C:\Program Files\Java\jdk1.8.0_241
PATH=C:\Program Files\Microsoft MPI\Bin\;C:\Program Files (x86)\Common Files\Oracle\Java\javapath;C:\WINDOWS\system32;C:\WINDOWS;C:\WINDOWS\System32\Wbem;C:\WINDOWS\System32\WindowsPowerShell\v1.0\;C:\Program Files\Microsoft SQL Server\110\Tools\Binn\;C:\Program Files\Microsoft SQL Server\130\Tools\Binn\;C:\Program Files\dotnet\;C:\Program Files (x86)\Windows Live\Shared;C:\WINDOWS\System32\OpenSSH\;C:\Program Files (x86)\Microsoft SQL Server\130\Tools\Binn\;C:\Program Files (x86)\Microsoft SQL Server\130\DTS\Binn\;C:\Program Files\Microsoft SQL Server\130\DTS\Binn\;C:\Program Files\Microsoft SQL Server\Client SDK\ODBC\130\Tools\Binn\;C:\Program Files (x86)\Microsoft SQL Server\Client SDK\ODBC\130\Tools\Binn\;C:\Program Files (x86)\Microsoft SQL Server\130\Tools\Binn\ManagementStudio\;C:\Program Files\nodejs\;C:\Program Files\NVIDIA Corporation\NVIDIA NvDLISR;C:\Program Files\Git\cmd;C:\Program Files\Amazon\AWSCLI\;C:\Users\admin\AppData\Local\Microsoft\WindowsApps;;C:\Users\admin\AppData\Local\Programs\Microsoft VS Code\bin;C:\Users\admin\AppData\Roaming\npm
USERNAME=admin
OS=Windows_NT
PROCESSOR_IDENTIFIER=Intel64 Family 6 Model 58 Stepping 9, GenuineIntel



---------------  S Y S T E M  ---------------

OS: Windows 10.0 , 64 bit Build 17134 (10.0.17134.1425)

CPU:total 8 (initial active 8) (4 cores per cpu, 2 threads per core) family 6 model 58 stepping 9, cmov, cx8, fxsr, mmx, sse, sse2, sse3, ssse3, sse4.1, sse4.2, popcnt, avx, aes, clmul, erms, ht, tsc, tscinvbit, tscinv

Memory: 4k page, physical 8319548k(1469200k free), swap 8319548k(788k free)

vm_info: Java HotSpot(TM) 64-Bit Server VM (25.241-b07) for windows-amd64 JRE (1.8.0_241-b07), built on Dec 11 2019 10:21:40 by "rejava" with MS VC++ 10.0 (VS2010)

time: Mon Jul 13 19:13:00 2020
timezone: SE Asia Standard Time
elapsed time: 55 seconds (0d 0h 0m 55s)

