#
# There is insufficient memory for the Java Runtime Environment to continue.
# Native memory allocation (malloc) failed to allocate 883456 bytes for Chunk::new
# Possible reasons:
#   The system is out of physical RAM or swap space
#   The process is running with CompressedOops enabled, and the Java Heap may be blocking the growth of the native heap
# Possible solutions:
#   Reduce memory load on the system
#   Increase physical memory or swap space
#   Check if swap backing store is full
#   Decrease Java heap size (-Xmx/-Xms)
#   Decrease number of Java threads
#   Decrease Java thread stack sizes (-Xss)
#   Set larger code cache with -XX:ReservedCodeCacheSize=
#   JVM is running with Unscaled Compressed Oops mode in which the Java heap is
#     placed in the first 4GB address space. The Java Heap base address is the
#     maximum limit for the native heap growth. Please use -XX:HeapBaseMinAddress
#     to set the Java Heap base and to place the Java Heap above 4GB virtual address.
# This output file may be truncated or incomplete.
#
#  Out of Memory Error (allocation.cpp:389), pid=10148, tid=0x0000000000003164
#
# JRE version: Java(TM) SE Runtime Environment (8.0_241-b07) (build 1.8.0_241-b07)
# Java VM: Java HotSpot(TM) 64-Bit Server VM (25.241-b07 mixed mode windows-amd64 compressed oops)
# Failed to write core dump. Minidumps are not enabled by default on client versions of Windows
#

---------------  T H R E A D  ---------------

Current thread (0x000000001a2fd000):  JavaThread "C2 CompilerThread2" daemon [_thread_in_native, id=12644, stack(0x000000001adb0000,0x000000001aeb0000)]

Stack: [0x000000001adb0000,0x000000001aeb0000]
[error occurred during error reporting (printing stack bounds), id 0xc0000005]

Native frames: (J=compiled Java code, j=interpreted, Vv=VM code, C=native code)


Current CompileTask:
C2:   5866 2649   !   4       java.security.SecureClassLoader::getProtectionDomain (114 bytes)


---------------  P R O C E S S  ---------------

Java Threads: ( => current thread )
  0x000000001a309800 JavaThread "Cache worker for execution history cache (C:\Users\admin\.gradle\caches\6.1.1\executionHistory)" [_thread_blocked, id=7296, stack(0x0000000022e30000,0x0000000022f30000)]
  0x000000001a30e800 JavaThread "Cache worker for cache directory md-rule (C:\Users\admin\.gradle\caches\6.1.1\md-rule)" [_thread_blocked, id=8236, stack(0x0000000022d30000,0x0000000022e30000)]
  0x000000001a30b800 JavaThread "Cache worker for cache directory md-supplier (C:\Users\admin\.gradle\caches\6.1.1\md-supplier)" [_thread_blocked, id=9688, stack(0x0000000021980000,0x0000000021a80000)]
  0x000000001a30a800 JavaThread "Cache worker for file hash cache (C:\Users\admin\Desktop\software-engineering-project\c-food-main\.gradle\6.1.1\fileHashes)" [_thread_blocked, id=7928, stack(0x0000000021880000,0x0000000021980000)]
  0x000000001a30d800 JavaThread "Cache worker for checksums cache (C:\Users\admin\Desktop\software-engineering-project\c-food-main\.gradle\checksums)" [_thread_blocked, id=604, stack(0x000000001f1d0000,0x000000001f2d0000)]
  0x000000001a30c000 JavaThread "Cache worker for file hash cache (C:\Users\admin\.gradle\caches\6.1.1\fileHashes)" [_thread_blocked, id=11872, stack(0x000000001f0d0000,0x000000001f1d0000)]
  0x000000001a310800 JavaThread "File lock request listener" [_thread_in_native, id=12908, stack(0x000000001efd0000,0x000000001f0d0000)]
  0x000000001a310000 JavaThread "Cache worker for journal cache (C:\Users\admin\.gradle\caches\journal-1)" [_thread_blocked, id=8416, stack(0x000000001eed0000,0x000000001efd0000)]
  0x000000001ccee000 JavaThread "Thread-9" [_thread_blocked, id=12980, stack(0x000000001ebd0000,0x000000001ecd0000)]
  0x000000001ccfb800 JavaThread "Stdin handler" [_thread_blocked, id=4056, stack(0x000000001ead0000,0x000000001ebd0000)]
  0x000000001cce4800 JavaThread "Asynchronous log dispatcher for DefaultDaemonConnection: socket connection from /127.0.0.1:51952 to /127.0.0.1:51953" [_thread_blocked, id=9736, stack(0x000000001e9d0000,0x000000001ead0000)]
  0x000000001cd46000 JavaThread "Daemon worker" [_thread_in_native, id=236, stack(0x000000001e7d0000,0x000000001e8d0000)]
  0x000000001ccf0000 JavaThread "Cancel handler" [_thread_blocked, id=7984, stack(0x000000001e6d0000,0x000000001e7d0000)]
  0x000000001b2fd800 JavaThread "Handler for socket connection from /127.0.0.1:51952 to /127.0.0.1:51953" [_thread_in_native, id=12384, stack(0x000000001e3d0000,0x000000001e4d0000)]
  0x000000001b2e7800 JavaThread "Daemon" [_thread_blocked, id=8784, stack(0x000000001e2d0000,0x000000001e3d0000)]
  0x000000001b27f000 JavaThread "Daemon periodic checks" [_thread_blocked, id=13100, stack(0x000000001e1d0000,0x000000001e2d0000)]
  0x000000001b271000 JavaThread "Incoming local TCP Connector on port 51952" [_thread_in_native, id=11616, stack(0x000000001df90000,0x000000001e090000)]
  0x000000001b294800 JavaThread "Daemon health stats" [_thread_blocked, id=5376, stack(0x000000001d950000,0x000000001da50000)]
  0x000000001a399000 JavaThread "Service Thread" daemon [_thread_blocked, id=1636, stack(0x000000001afb0000,0x000000001b0b0000)]
  0x000000001a30f000 JavaThread "C1 CompilerThread3" daemon [_thread_in_native, id=8832, stack(0x000000001aeb0000,0x000000001afb0000)]
=>0x000000001a2fd000 JavaThread "C2 CompilerThread2" daemon [_thread_in_native, id=12644, stack(0x000000001adb0000,0x000000001aeb0000)]
  0x000000001a2fa000 JavaThread "C2 CompilerThread1" daemon [_thread_blocked, id=10728, stack(0x000000001acb0000,0x000000001adb0000)]
  0x000000001a2f4800 JavaThread "C2 CompilerThread0" daemon [_thread_blocked, id=12532, stack(0x000000001abb0000,0x000000001acb0000)]
  0x000000001a2f0800 JavaThread "Attach Listener" daemon [_thread_blocked, id=5692, stack(0x000000001aab0000,0x000000001abb0000)]
  0x000000001a2ef000 JavaThread "Signal Dispatcher" daemon [_thread_blocked, id=4188, stack(0x000000001a9b0000,0x000000001aab0000)]
  0x000000001a2e1800 JavaThread "Finalizer" daemon [_thread_blocked, id=2972, stack(0x000000001a7c0000,0x000000001a8c0000)]
  0x000000001a2e0800 JavaThread "Reference Handler" daemon [_thread_blocked, id=9836, stack(0x000000001a6c0000,0x000000001a7c0000)]
  0x0000000003372800 JavaThread "main" [_thread_blocked, id=1044, stack(0x0000000003270000,0x0000000003370000)]

Other Threads:
  0x00000000184d9800 VMThread [stack: 0x000000001a1c0000,0x000000001a2c0000] [id=5604]
  0x000000001a3ab000 WatcherThread [stack: 0x000000001b0b0000,0x000000001b1b0000] [id=11528]

VM state:not at safepoint (normal execution)

VM Mutex/Monitor currently owned by a thread:  ([mutex/lock_event])
[0x000000000326d1e0] CodeCache_lock - owner thread: 0x0000000000000000

heap address: 0x0000000080000000, size: 2048 MB, Compressed Oops mode: 32-bit
Narrow klass base: 0x0000000000000000, Narrow klass shift: 3
Compressed class space size: 1073741824 Address: 0x0000000100000000

Heap:
 PSYoungGen      total 76800K, used 5054K [0x00000000d5580000, 0x00000000dc480000, 0x0000000100000000)
  eden space 66048K, 7% used [0x00000000d5580000,0x00000000d5a6f8f8,0x00000000d9600000)
  from space 10752K, 0% used [0x00000000d9600000,0x00000000d9600000,0x00000000da080000)
  to   space 11776K, 0% used [0x00000000db900000,0x00000000db900000,0x00000000dc480000)
 ParOldGen       total 59904K, used 15082K [0x0000000080000000, 0x0000000083a80000, 0x00000000d5580000)
  object space 59904K, 25% used [0x0000000080000000,0x0000000080ebaa18,0x0000000083a80000)
 Metaspace       used 34695K, capacity 35538K, committed 35752K, reserved 1081344K
  class space    used 4873K, capacity 5100K, committed 5120K, reserved 1048576K

Card table byte_map: [0x0000000012830000,0x0000000012c40000] byte_map_base: 0x0000000012430000

Marking Bits: (ParMarkBitMap*) 0x00000000723cbe30
 Begin Bits: [0x00000000136f0000, 0x00000000156f0000)
 End Bits:   [0x00000000156f0000, 0x00000000176f0000)

Polling page: 0x0000000001a00000

CodeCache: size=245760Kb used=10373Kb max_used=10377Kb free=235386Kb
 bounds [0x0000000003470000, 0x0000000003ea0000, 0x0000000012470000]
 total_blobs=3448 nmethods=2749 adapters=611
 compilation: enabled

Compilation events (10 events):
Event: 5.847 Thread 0x000000001a30f000 nmethod 2762 0x0000000003636950 code [0x0000000003636aa0, 0x0000000003636bb0]
Event: 5.847 Thread 0x000000001a30f000 2764       3       org.gradle.cache.internal.btree.BTreePersistentIndexedCache$IndexEntry::compareTo (9 bytes)
Event: 5.848 Thread 0x000000001a30f000 nmethod 2764 0x0000000003634e50 code [0x0000000003634fc0, 0x0000000003635330]
Event: 5.848 Thread 0x000000001a30f000 2765       3       org.gradle.cache.internal.btree.BTreePersistentIndexedCache$IndexEntry::compareTo (30 bytes)
Event: 5.848 Thread 0x000000001a30f000 nmethod 2765 0x0000000003633110 code [0x0000000003633280, 0x0000000003633490]
Event: 5.848 Thread 0x000000001a2fa000 nmethod 2757 0x0000000003632c10 code [0x0000000003632d60, 0x0000000003632f48]
Event: 5.848 Thread 0x000000001a2fa000 2758       4       java.io.WinNTFileSystem::normalize (143 bytes)
Event: 5.850 Thread 0x000000001a30f000 2766       1       org.gradle.internal.component.local.model.ComponentFileArtifactIdentifier::getComponentIdentifier (5 bytes)
Event: 5.851 Thread 0x000000001a30f000 nmethod 2766 0x0000000003636690 code [0x00000000036367e0, 0x00000000036368f0]
Event: 5.852 Thread 0x000000001a30f000 2767       3       com.esotericsoftware.kryo.io.Output::require (209 bytes)

GC Heap History (10 events):
Event: 3.799 GC heap before
{Heap before GC invocations=7 (full 1):
 PSYoungGen      total 76288K, used 7954K [0x00000000d5580000, 0x00000000dab80000, 0x0000000100000000)
  eden space 66048K, 0% used [0x00000000d5580000,0x00000000d5580000,0x00000000d9600000)
  from space 10240K, 77% used [0x00000000da080000,0x00000000da844948,0x00000000daa80000)
  to   space 10752K, 0% used [0x00000000d9600000,0x00000000d9600000,0x00000000da080000)
 ParOldGen       total 87552K, used 7713K [0x0000000080000000, 0x0000000085580000, 0x00000000d5580000)
  object space 87552K, 8% used [0x0000000080000000,0x0000000080788440,0x0000000085580000)
 Metaspace       used 20540K, capacity 21192K, committed 21296K, reserved 1069056K
  class space    used 2952K, capacity 3180K, committed 3200K, reserved 1048576K
Event: 3.836 GC heap after
Heap after GC invocations=7 (full 1):
 PSYoungGen      total 76288K, used 0K [0x00000000d5580000, 0x00000000dab80000, 0x0000000100000000)
  eden space 66048K, 0% used [0x00000000d5580000,0x00000000d5580000,0x00000000d9600000)
  from space 10240K, 0% used [0x00000000da080000,0x00000000da080000,0x00000000daa80000)
  to   space 10752K, 0% used [0x00000000d9600000,0x00000000d9600000,0x00000000da080000)
 ParOldGen       total 59904K, used 9540K [0x0000000080000000, 0x0000000083a80000, 0x00000000d5580000)
  object space 59904K, 15% used [0x0000000080000000,0x00000000809513e0,0x0000000083a80000)
 Metaspace       used 20540K, capacity 21192K, committed 21296K, reserved 1069056K
  class space    used 2952K, capacity 3180K, committed 3200K, reserved 1048576K
}
Event: 4.622 GC heap before
{Heap before GC invocations=8 (full 1):
 PSYoungGen      total 76288K, used 65997K [0x00000000d5580000, 0x00000000dab80000, 0x0000000100000000)
  eden space 66048K, 99% used [0x00000000d5580000,0x00000000d95f3528,0x00000000d9600000)
  from space 10240K, 0% used [0x00000000da080000,0x00000000da080000,0x00000000daa80000)
  to   space 10752K, 0% used [0x00000000d9600000,0x00000000d9600000,0x00000000da080000)
 ParOldGen       total 59904K, used 9540K [0x0000000080000000, 0x0000000083a80000, 0x00000000d5580000)
  object space 59904K, 15% used [0x0000000080000000,0x00000000809513e0,0x0000000083a80000)
 Metaspace       used 28318K, capacity 28944K, committed 29312K, reserved 1075200K
  class space    used 4004K, capacity 4223K, committed 4224K, reserved 1048576K
Event: 4.631 GC heap after
Heap after GC invocations=8 (full 1):
 PSYoungGen      total 76800K, used 8638K [0x00000000d5580000, 0x00000000dab80000, 0x0000000100000000)
  eden space 66048K, 0% used [0x00000000d5580000,0x00000000d5580000,0x00000000d9600000)
  from space 10752K, 80% used [0x00000000d9600000,0x00000000d9e6f970,0x00000000da080000)
  to   space 10240K, 0% used [0x00000000da080000,0x00000000da080000,0x00000000daa80000)
 ParOldGen       total 59904K, used 9548K [0x0000000080000000, 0x0000000083a80000, 0x00000000d5580000)
  object space 59904K, 15% used [0x0000000080000000,0x00000000809533e0,0x0000000083a80000)
 Metaspace       used 28318K, capacity 28944K, committed 29312K, reserved 1075200K
  class space    used 4004K, capacity 4223K, committed 4224K, reserved 1048576K
}
Event: 5.287 GC heap before
{Heap before GC invocations=9 (full 1):
 PSYoungGen      total 76800K, used 74686K [0x00000000d5580000, 0x00000000dab80000, 0x0000000100000000)
  eden space 66048K, 100% used [0x00000000d5580000,0x00000000d9600000,0x00000000d9600000)
  from space 10752K, 80% used [0x00000000d9600000,0x00000000d9e6f970,0x00000000da080000)
  to   space 10240K, 0% used [0x00000000da080000,0x00000000da080000,0x00000000daa80000)
 ParOldGen       total 59904K, used 9548K [0x0000000080000000, 0x0000000083a80000, 0x00000000d5580000)
  object space 59904K, 15% used [0x0000000080000000,0x00000000809533e0,0x0000000083a80000)
 Metaspace       used 32482K, capacity 33216K, committed 33536K, reserved 1079296K
  class space    used 4542K, capacity 4769K, committed 4864K, reserved 1048576K
Event: 5.296 GC heap after
Heap after GC invocations=9 (full 1):
 PSYoungGen      total 76288K, used 8676K [0x00000000d5580000, 0x00000000dab80000, 0x0000000100000000)
  eden space 66048K, 0% used [0x00000000d5580000,0x00000000d5580000,0x00000000d9600000)
  from space 10240K, 84% used [0x00000000da080000,0x00000000da8f91e0,0x00000000daa80000)
  to   space 10752K, 0% used [0x00000000d9600000,0x00000000d9600000,0x00000000da080000)
 ParOldGen       total 59904K, used 9556K [0x0000000080000000, 0x0000000083a80000, 0x00000000d5580000)
  object space 59904K, 15% used [0x0000000080000000,0x00000000809553e0,0x0000000083a80000)
 Metaspace       used 32482K, capacity 33216K, committed 33536K, reserved 1079296K
  class space    used 4542K, capacity 4769K, committed 4864K, reserved 1048576K
}
Event: 5.694 GC heap before
{Heap before GC invocations=10 (full 1):
 PSYoungGen      total 76288K, used 50196K [0x00000000d5580000, 0x00000000dab80000, 0x0000000100000000)
  eden space 66048K, 62% used [0x00000000d5580000,0x00000000d7e0bf80,0x00000000d9600000)
  from space 10240K, 84% used [0x00000000da080000,0x00000000da8f91e0,0x00000000daa80000)
  to   space 10752K, 0% used [0x00000000d9600000,0x00000000d9600000,0x00000000da080000)
 ParOldGen       total 59904K, used 9556K [0x0000000080000000, 0x0000000083a80000, 0x00000000d5580000)
  object space 59904K, 15% used [0x0000000080000000,0x00000000809553e0,0x0000000083a80000)
 Metaspace       used 34584K, capacity 35362K, committed 35496K, reserved 1081344K
  class space    used 4853K, capacity 5066K, committed 5120K, reserved 1048576K
Event: 5.701 GC heap after
Heap after GC invocations=10 (full 1):
 PSYoungGen      total 76800K, used 8644K [0x00000000d5580000, 0x00000000dc480000, 0x0000000100000000)
  eden space 66048K, 0% used [0x00000000d5580000,0x00000000d5580000,0x00000000d9600000)
  from space 10752K, 80% used [0x00000000d9600000,0x00000000d9e71198,0x00000000da080000)
  to   space 11776K, 0% used [0x00000000db900000,0x00000000db900000,0x00000000dc480000)
 ParOldGen       total 59904K, used 9564K [0x0000000080000000, 0x0000000083a80000, 0x00000000d5580000)
  object space 59904K, 15% used [0x0000000080000000,0x00000000809573e0,0x0000000083a80000)
 Metaspace       used 34584K, capacity 35362K, committed 35496K, reserved 1081344K
  class space    used 4853K, capacity 5066K, committed 5120K, reserved 1048576K
}
Event: 5.701 GC heap before
{Heap before GC invocations=11 (full 2):
 PSYoungGen      total 76800K, used 8644K [0x00000000d5580000, 0x00000000dc480000, 0x0000000100000000)
  eden space 66048K, 0% used [0x00000000d5580000,0x00000000d5580000,0x00000000d9600000)
  from space 10752K, 80% used [0x00000000d9600000,0x00000000d9e71198,0x00000000da080000)
  to   space 11776K, 0% used [0x00000000db900000,0x00000000db900000,0x00000000dc480000)
 ParOldGen       total 59904K, used 9564K [0x0000000080000000, 0x0000000083a80000, 0x00000000d5580000)
  object space 59904K, 15% used [0x0000000080000000,0x00000000809573e0,0x0000000083a80000)
 Metaspace       used 34584K, capacity 35362K, committed 35496K, reserved 1081344K
  class space    used 4853K, capacity 5066K, committed 5120K, reserved 1048576K
Event: 5.788 GC heap after
Heap after GC invocations=11 (full 2):
 PSYoungGen      total 76800K, used 0K [0x00000000d5580000, 0x00000000dc480000, 0x0000000100000000)
  eden space 66048K, 0% used [0x00000000d5580000,0x00000000d5580000,0x00000000d9600000)
  from space 10752K, 0% used [0x00000000d9600000,0x00000000d9600000,0x00000000da080000)
  to   space 11776K, 0% used [0x00000000db900000,0x00000000db900000,0x00000000dc480000)
 ParOldGen       total 59904K, used 15082K [0x0000000080000000, 0x0000000083a80000, 0x00000000d5580000)
  object space 59904K, 25% used [0x0000000080000000,0x0000000080ebaa18,0x0000000083a80000)
 Metaspace       used 34584K, capacity 35362K, committed 35496K, reserved 1081344K
  class space    used 4853K, capacity 5066K, committed 5120K, reserved 1048576K
}

Deoptimization events (10 events):
Event: 4.611 Thread 0x000000001cd46000 Uncommon trap: reason=class_check action=maybe_recompile pc=0x0000000003b70ea0 method=sun.misc.URLClassPath.getLoader(I)Lsun/misc/URLClassPath$Loader; @ 239
Event: 4.631 Thread 0x000000001a2e0800 Uncommon trap: reason=unstable_if action=reinterpret pc=0x00000000039a34bc method=java.lang.ref.Reference.tryHandlePending(Z)Z @ 104
Event: 4.827 Thread 0x000000001cd46000 Uncommon trap: reason=unstable_if action=reinterpret pc=0x00000000036d338c method=java.util.HashMap.getNode(ILjava/lang/Object;)Ljava/util/HashMap$Node; @ 53
Event: 4.827 Thread 0x000000001cd46000 Uncommon trap: reason=unstable_if action=reinterpret pc=0x000000000392ecc0 method=java.util.HashMap.hash(Ljava/lang/Object;)I @ 1
Event: 4.922 Thread 0x000000001cd46000 Uncommon trap: reason=unstable_if action=reinterpret pc=0x0000000003d2b244 method=org.gradle.internal.reflect.PropertyAccessorType.isGetGetterName(Ljava/lang/String;)Z @ 14
Event: 4.952 Thread 0x000000001cd46000 Uncommon trap: reason=unstable_if action=reinterpret pc=0x0000000003bbbb48 method=org.objectweb.asm.ByteVector.putShort(I)Lorg/objectweb/asm/ByteVector; @ 13
Event: 5.034 Thread 0x000000001cd46000 Uncommon trap: reason=class_check action=maybe_recompile pc=0x0000000003b70b6c method=sun.misc.URLClassPath.getLoader(I)Lsun/misc/URLClassPath$Loader; @ 94
Event: 5.040 Thread 0x000000001cd46000 Uncommon trap: reason=class_check action=maybe_recompile pc=0x0000000003b76d04 method=sun.misc.URLClassPath.getLoader(I)Lsun/misc/URLClassPath$Loader; @ 239
Event: 5.379 Thread 0x000000001cd46000 Uncommon trap: reason=unstable_if action=reinterpret pc=0x0000000003d93fa0 method=java.net.URI.match(CJJ)Z @ 45
Event: 5.605 Thread 0x000000001cd46000 Uncommon trap: reason=unstable_if action=reinterpret pc=0x0000000003b0f9bc method=jdk.internal.org.objectweb.asm.Type.getArgumentsAndReturnSizes(Ljava/lang/String;)I @ 88

Classes redefined (0 events):
No events

Internal exceptions (10 events):
Event: 5.161 Thread 0x000000001cd46000 Exception <a 'java/lang/ClassNotFoundException': org/gradle/api/internal/artifacts/dsl/DefaultRepositoryHandlerCustomizer> (0x00000000d8ac1010) thrown at [C:\ade\jenkins\workspace\8-2-build-windows-amd64-cygwin\jdk8u241\331\hotspot\src\share\vm\classfile\
Event: 5.163 Thread 0x000000001cd46000 Exception <a 'java/lang/ClassNotFoundException': org/gradle/api/internal/artifacts/dsl/DefaultRepositoryHandler_DecoratedCustomizer> (0x00000000d8b3f628) thrown at [C:\ade\jenkins\workspace\8-2-build-windows-amd64-cygwin\jdk8u241\331\hotspot\src\share\vm\
Event: 5.342 Thread 0x000000001cd46000 Exception <a 'java/lang/ClassNotFoundException': org/gradle/api/internal/artifacts/dsl/dependencies/DefaultDependencyHandler_DecoratedBeanInfo> (0x00000000d590e438) thrown at [C:\ade\jenkins\workspace\8-2-build-windows-amd64-cygwin\jdk8u241\331\hotspot\sr
Event: 5.343 Thread 0x000000001cd46000 Exception <a 'java/lang/ClassNotFoundException': org/gradle/api/internal/artifacts/dsl/dependencies/DefaultDependencyHandlerBeanInfo> (0x00000000d5969798) thrown at [C:\ade\jenkins\workspace\8-2-build-windows-amd64-cygwin\jdk8u241\331\hotspot\src\share\vm
Event: 5.345 Thread 0x000000001cd46000 Exception <a 'java/lang/ClassNotFoundException': org/gradle/api/internal/artifacts/dsl/dependencies/DefaultDependencyHandlerCustomizer> (0x00000000d59c5910) thrown at [C:\ade\jenkins\workspace\8-2-build-windows-amd64-cygwin\jdk8u241\331\hotspot\src\share\
Event: 5.347 Thread 0x000000001cd46000 Exception <a 'java/lang/ClassNotFoundException': org/gradle/api/internal/artifacts/dsl/dependencies/DefaultDependencyHandler_DecoratedCustomizer> (0x00000000d5a532a0) thrown at [C:\ade\jenkins\workspace\8-2-build-windows-amd64-cygwin\jdk8u241\331\hotspot\
Event: 5.602 Thread 0x000000001cd46000 Exception <a 'java/lang/IncompatibleClassChangeError': Found class java.lang.Object, but interface was expected> (0x00000000d737c1b0) thrown at [C:\ade\jenkins\workspace\8-2-build-windows-amd64-cygwin\jdk8u241\331\hotspot\src\share\vm\interpreter\linkReso
Event: 5.604 Thread 0x000000001cd46000 Exception <a 'java/lang/NoSuchMethodError': java.lang.Object.lambda$comparing$77a9974f$1(Ljava/util/function/Function;Ljava/lang/Object;Ljava/lang/Object;)I> (0x00000000d7387650) thrown at [C:\ade\jenkins\workspace\8-2-build-windows-amd64-cygwin\jdk8u241\
Event: 5.607 Thread 0x000000001cd46000 Exception <a 'java/lang/NoSuchMethodError': java.lang.Object.lambda$thenComparing$36697e65$1(Ljava/util/Comparator;Ljava/lang/Object;Ljava/lang/Object;)I> (0x00000000d739b7b8) thrown at [C:\ade\jenkins\workspace\8-2-build-windows-amd64-cygwin\jdk8u241\331
Event: 5.611 Thread 0x000000001cd46000 Exception <a 'java/lang/NoSuchMethodError': java.lang.Object.lambda$comparing$ea9a8b3a$1(Ljava/util/Comparator;Ljava/util/function/Function;Ljava/lang/Object;Ljava/lang/Object;)I> (0x00000000d73b2858) thrown at [C:\ade\jenkins\workspace\8-2-build-windows-

Events (10 events):
Event: 5.800 loading class org/gradle/api/internal/artifacts/ivyservice/resolveengine/excludes/factories/OptimizingExcludeFactory
Event: 5.800 loading class org/gradle/api/internal/artifacts/ivyservice/resolveengine/excludes/factories/OptimizingExcludeFactory done
Event: 5.801 loading class org/gradle/api/internal/artifacts/ivyservice/resolveengine/excludes/factories/Optimizations
Event: 5.801 loading class org/gradle/api/internal/artifacts/ivyservice/resolveengine/excludes/factories/Optimizations done
Event: 5.801 loading class org/gradle/internal/component/external/model/ConfigurationBoundExternalDependencyMetadata
Event: 5.801 loading class org/gradle/internal/component/external/model/ConfigurationBoundExternalDependencyMetadata done
Event: 5.818 loading class org/gradle/internal/component/external/descriptor/DefaultExclude
Event: 5.818 loading class org/gradle/internal/component/external/descriptor/DefaultExclude done
Event: 5.818 loading class org/gradle/internal/component/model/Exclude
Event: 5.818 loading class org/gradle/internal/component/model/Exclude done


Dynamic libraries:
0x00007ff673dc0000 - 0x00007ff673df7000 	C:\Program Files\Java\jdk1.8.0_241\bin\java.exe
0x00007ffa2f920000 - 0x00007ffa2fb01000 	C:\WINDOWS\SYSTEM32\ntdll.dll
0x00007ffa2cf10000 - 0x00007ffa2cfc1000 	C:\WINDOWS\System32\KERNEL32.DLL
0x00007ffa2c840000 - 0x00007ffa2cab3000 	C:\WINDOWS\System32\KERNELBASE.dll
0x00007ffa2f020000 - 0x00007ffa2f0c1000 	C:\WINDOWS\System32\ADVAPI32.dll
0x00007ffa2f7e0000 - 0x00007ffa2f87e000 	C:\WINDOWS\System32\msvcrt.dll
0x00007ffa2f880000 - 0x00007ffa2f8db000 	C:\WINDOWS\System32\sechost.dll
0x00007ffa2f6b0000 - 0x00007ffa2f7d4000 	C:\WINDOWS\System32\RPCRT4.dll
0x00007ffa2d850000 - 0x00007ffa2d9e0000 	C:\WINDOWS\System32\USER32.dll
0x00007ffa2cd90000 - 0x00007ffa2cdb0000 	C:\WINDOWS\System32\win32u.dll
0x00007ffa2f680000 - 0x00007ffa2f6a8000 	C:\WINDOWS\System32\GDI32.dll
0x00007ffa2cbf0000 - 0x00007ffa2cd82000 	C:\WINDOWS\System32\gdi32full.dll
0x00007ffa2bce0000 - 0x00007ffa2bd7f000 	C:\WINDOWS\System32\msvcp_win.dll
0x00007ffa2bd80000 - 0x00007ffa2be78000 	C:\WINDOWS\System32\ucrtbase.dll
0x00007ffa210c0000 - 0x00007ffa21329000 	C:\WINDOWS\WinSxS\amd64_microsoft.windows.common-controls_6595b64144ccf1df_6.0.17134.1550_none_d40142657c8ef2c1\COMCTL32.dll
0x00007ffa2d530000 - 0x00007ffa2d850000 	C:\WINDOWS\System32\combase.dll
0x00007ffa2cb70000 - 0x00007ffa2cbe9000 	C:\WINDOWS\System32\bcryptPrimitives.dll
0x00007ffa2cdb0000 - 0x00007ffa2cddd000 	C:\WINDOWS\System32\IMM32.DLL
0x0000000072450000 - 0x0000000072522000 	C:\Program Files\Java\jdk1.8.0_241\jre\bin\msvcr100.dll
0x0000000071ba0000 - 0x000000007244c000 	C:\Program Files\Java\jdk1.8.0_241\jre\bin\server\jvm.dll
0x00007ffa2f0d0000 - 0x00007ffa2f0d8000 	C:\WINDOWS\System32\PSAPI.DLL
0x00007ffa24a70000 - 0x00007ffa24a79000 	C:\WINDOWS\SYSTEM32\WSOCK32.dll
0x00007ffa25720000 - 0x00007ffa25743000 	C:\WINDOWS\SYSTEM32\WINMM.dll
0x00007ffa27560000 - 0x00007ffa2756a000 	C:\WINDOWS\SYSTEM32\VERSION.dll
0x00007ffa2ee30000 - 0x00007ffa2ee9c000 	C:\WINDOWS\System32\WS2_32.dll
0x00007ffa256f0000 - 0x00007ffa2571a000 	C:\WINDOWS\SYSTEM32\WINMMBASE.dll
0x00007ffa2c7f0000 - 0x00007ffa2c839000 	C:\WINDOWS\System32\cfgmgr32.dll
0x00007ffa1be70000 - 0x00007ffa1be7f000 	C:\Program Files\Java\jdk1.8.0_241\jre\bin\verify.dll
0x00007ffa1ac50000 - 0x00007ffa1ac79000 	C:\Program Files\Java\jdk1.8.0_241\jre\bin\java.dll
0x00007ffa1bc70000 - 0x00007ffa1bc86000 	C:\Program Files\Java\jdk1.8.0_241\jre\bin\zip.dll
0x00007ffa2d9e0000 - 0x00007ffa2ee25000 	C:\WINDOWS\System32\SHELL32.dll
0x00007ffa2f2e0000 - 0x00007ffa2f389000 	C:\WINDOWS\System32\shcore.dll
0x00007ffa2bee0000 - 0x00007ffa2c5f1000 	C:\WINDOWS\System32\windows.storage.dll
0x00007ffa2f620000 - 0x00007ffa2f671000 	C:\WINDOWS\System32\shlwapi.dll
0x00007ffa2bcc0000 - 0x00007ffa2bcd1000 	C:\WINDOWS\System32\kernel.appcore.dll
0x00007ffa2bca0000 - 0x00007ffa2bcbf000 	C:\WINDOWS\System32\profapi.dll
0x00007ffa2bc30000 - 0x00007ffa2bc7c000 	C:\WINDOWS\System32\powrprof.dll
0x00007ffa2bc20000 - 0x00007ffa2bc2a000 	C:\WINDOWS\System32\FLTLIB.DLL
0x00007ffa1ad20000 - 0x00007ffa1ad3a000 	C:\Program Files\Java\jdk1.8.0_241\jre\bin\net.dll
0x00007ffa2b4a0000 - 0x00007ffa2b506000 	C:\WINDOWS\system32\mswsock.dll
0x00007ffa1a420000 - 0x00007ffa1a432000 	C:\Program Files\Java\jdk1.8.0_241\jre\bin\nio.dll
0x00007ffa1ae70000 - 0x00007ffa1ae96000 	C:\Users\admin\.gradle\native\31\windows-amd64\native-platform.dll
0x00007ffa1be60000 - 0x00007ffa1be6d000 	C:\Program Files\Java\jdk1.8.0_241\jre\bin\management.dll
0x00007ffa2b650000 - 0x00007ffa2b667000 	C:\WINDOWS\SYSTEM32\CRYPTSP.dll
0x00007ffa2b050000 - 0x00007ffa2b083000 	C:\WINDOWS\system32\rsaenh.dll
0x00007ffa2b780000 - 0x00007ffa2b7a5000 	C:\WINDOWS\SYSTEM32\bcrypt.dll
0x00007ffa2bb20000 - 0x00007ffa2bb48000 	C:\WINDOWS\SYSTEM32\USERENV.dll
0x00007ffa2b670000 - 0x00007ffa2b67b000 	C:\WINDOWS\SYSTEM32\CRYPTBASE.dll
0x00007ffa2b1f0000 - 0x00007ffa2b228000 	C:\WINDOWS\SYSTEM32\IPHLPAPI.DLL
0x00007ffa2f610000 - 0x00007ffa2f618000 	C:\WINDOWS\System32\NSI.dll
0x00007ffa244d0000 - 0x00007ffa244e6000 	C:\WINDOWS\SYSTEM32\dhcpcsvc6.DLL
0x00007ffa244b0000 - 0x00007ffa244ca000 	C:\WINDOWS\SYSTEM32\dhcpcsvc.DLL

VM Arguments:
jvm_args: -Xmx2048m -Dfile.encoding=windows-1252 -Duser.country=US -Duser.language=en -Duser.variant 
java_command: org.gradle.launcher.daemon.bootstrap.GradleDaemon 6.1.1
java_class_path (initial): C:\Users\admin\.gradle\wrapper\dists\gradle-6.1.1-all\cfmwm155h49vnt3hynmlrsdst\gradle-6.1.1\lib\gradle-launcher-6.1.1.jar
Launcher Type: SUN_STANDARD

Environment Variables:
JAVA_HOME=C:\Program Files\Java\jdk1.8.0_241
PATH=C:\Program Files\Microsoft MPI\Bin\;C:\Program Files (x86)\Common Files\Oracle\Java\javapath;C:\WINDOWS\system32;C:\WINDOWS;C:\WINDOWS\System32\Wbem;C:\WINDOWS\System32\WindowsPowerShell\v1.0\;C:\Program Files\Microsoft SQL Server\110\Tools\Binn\;C:\Program Files\Microsoft SQL Server\130\Tools\Binn\;C:\Program Files\dotnet\;C:\Program Files (x86)\Windows Live\Shared;C:\WINDOWS\System32\OpenSSH\;C:\Program Files (x86)\Microsoft SQL Server\130\Tools\Binn\;C:\Program Files (x86)\Microsoft SQL Server\130\DTS\Binn\;C:\Program Files\Microsoft SQL Server\130\DTS\Binn\;C:\Program Files\Microsoft SQL Server\Client SDK\ODBC\130\Tools\Binn\;C:\Program Files (x86)\Microsoft SQL Server\Client SDK\ODBC\130\Tools\Binn\;C:\Program Files (x86)\Microsoft SQL Server\130\Tools\Binn\ManagementStudio\;C:\Program Files\nodejs\;C:\Program Files\NVIDIA Corporation\NVIDIA NvDLISR;C:\Program Files\Git\cmd;C:\Program Files\Amazon\AWSCLI\;C:\Users\admin\AppData\Local\Microsoft\WindowsApps;;C:\Users\admin\AppData\Local\Programs\Microsoft VS Code\bin;C:\Users\admin\AppData\Roaming\npm
USERNAME=admin
OS=Windows_NT
PROCESSOR_IDENTIFIER=Intel64 Family 6 Model 58 Stepping 9, GenuineIntel



---------------  S Y S T E M  ---------------

OS: Windows 10.0 , 64 bit Build 17134 (10.0.17134.1425)

CPU:total 8 (initial active 8) (4 cores per cpu, 2 threads per core) family 6 model 58 stepping 9, cmov, cx8, fxsr, mmx, sse, sse2, sse3, ssse3, sse4.1, sse4.2, popcnt, avx, aes, clmul, erms, ht, tsc, tscinvbit, tscinv

Memory: 4k page, physical 8319548k(1557248k free), swap 8319548k(5476k free)

vm_info: Java HotSpot(TM) 64-Bit Server VM (25.241-b07) for windows-amd64 JRE (1.8.0_241-b07), built on Dec 11 2019 10:21:40 by "rejava" with MS VC++ 10.0 (VS2010)

time: Mon Jul 13 11:11:42 2020
timezone: SE Asia Standard Time
elapsed time: 5 seconds (0d 0h 0m 5s)

