#
# There is insufficient memory for the Java Runtime Environment to continue.
# Native memory allocation (malloc) failed to allocate 1792240 bytes for Chunk::new
# Possible reasons:
#   The system is out of physical RAM or swap space
#   The process is running with CompressedOops enabled, and the Java Heap may be blocking the growth of the native heap
# Possible solutions:
#   Reduce memory load on the system
#   Increase physical memory or swap space
#   Check if swap backing store is full
#   Decrease Java heap size (-Xmx/-Xms)
#   Decrease number of Java threads
#   Decrease Java thread stack sizes (-Xss)
#   Set larger code cache with -XX:ReservedCodeCacheSize=
#   JVM is running with Unscaled Compressed Oops mode in which the Java heap is
#     placed in the first 4GB address space. The Java Heap base address is the
#     maximum limit for the native heap growth. Please use -XX:HeapBaseMinAddress
#     to set the Java Heap base and to place the Java Heap above 4GB virtual address.
# This output file may be truncated or incomplete.
#
#  Out of Memory Error (allocation.cpp:389), pid=9588, tid=0x0000000000002014
#
# JRE version: Java(TM) SE Runtime Environment (8.0_241-b07) (build 1.8.0_241-b07)
# Java VM: Java HotSpot(TM) 64-Bit Server VM (25.241-b07 mixed mode windows-amd64 compressed oops)
# Failed to write core dump. Minidumps are not enabled by default on client versions of Windows
#

---------------  T H R E A D  ---------------

Current thread (0x0000000019b2f800):  JavaThread "C2 CompilerThread2" daemon [_thread_in_native, id=8212, stack(0x000000001a5e0000,0x000000001a6e0000)]

Stack: [0x000000001a5e0000,0x000000001a6e0000]
[error occurred during error reporting (printing stack bounds), id 0xc0000005]

Native frames: (J=compiled Java code, j=interpreted, Vv=VM code, C=native code)


Current CompileTask:
C2:   6043 1531   !   4       java.net.URLClassLoader$1::run (63 bytes)


---------------  P R O C E S S  ---------------

Java Threads: ( => current thread )
  0x000000001c067800 JavaThread "Cache worker for file hash cache (C:\Users\admin\Desktop\software-engineering-project\c-food-main\.gradle\6.1.1\fileHashes)" [_thread_blocked, id=9164, stack(0x00000000220d0000,0x00000000221d0000)]
  0x000000001c066000 JavaThread "Cache worker for checksums cache (C:\Users\admin\Desktop\software-engineering-project\c-food-main\.gradle\checksums)" [_thread_blocked, id=8428, stack(0x0000000021000000,0x0000000021100000)]
  0x000000001c06a000 JavaThread "Cache worker for file hash cache (C:\Users\admin\.gradle\caches\6.1.1\fileHashes)" [_thread_blocked, id=3592, stack(0x000000001e900000,0x000000001ea00000)]
  0x000000001c065800 JavaThread "File lock request listener" [_thread_in_native, id=1068, stack(0x000000001e800000,0x000000001e900000)]
  0x000000001c067000 JavaThread "Cache worker for journal cache (C:\Users\admin\.gradle\caches\journal-1)" [_thread_blocked, id=11504, stack(0x000000001e700000,0x000000001e800000)]
  0x000000001c520800 JavaThread "Thread-9" [_thread_blocked, id=11932, stack(0x000000001e400000,0x000000001e500000)]
  0x000000001c51d800 JavaThread "Stdin handler" [_thread_blocked, id=11620, stack(0x000000001e300000,0x000000001e400000)]
  0x000000001c516800 JavaThread "Asynchronous log dispatcher for DefaultDaemonConnection: socket connection from /127.0.0.1:52017 to /127.0.0.1:52018" [_thread_blocked, id=4556, stack(0x000000001e200000,0x000000001e300000)]
  0x000000001c4a5800 JavaThread "Daemon worker" [_thread_in_vm, id=8092, stack(0x000000001e000000,0x000000001e100000)]
  0x000000001c4a5000 JavaThread "Cancel handler" [_thread_blocked, id=10888, stack(0x000000001df00000,0x000000001e000000)]
  0x000000001c496800 JavaThread "Handler for socket connection from /127.0.0.1:52017 to /127.0.0.1:52018" [_thread_in_native, id=12420, stack(0x000000001dc00000,0x000000001dd00000)]
  0x000000001c4fd800 JavaThread "Daemon" [_thread_blocked, id=11128, stack(0x000000001db00000,0x000000001dc00000)]
  0x000000001aad0000 JavaThread "Daemon periodic checks" [_thread_blocked, id=9200, stack(0x000000001da00000,0x000000001db00000)]
  0x000000001c4a8800 JavaThread "Incoming local TCP Connector on port 52017" [_thread_in_native, id=7964, stack(0x000000001d7c0000,0x000000001d8c0000)]
  0x000000001aaf6800 JavaThread "Daemon health stats" [_thread_blocked, id=10828, stack(0x000000001d180000,0x000000001d280000)]
  0x0000000019b6a000 JavaThread "Service Thread" daemon [_thread_blocked, id=11984, stack(0x000000001a7e0000,0x000000001a8e0000)]
  0x0000000019b36800 JavaThread "C1 CompilerThread3" daemon [_thread_blocked, id=5224, stack(0x000000001a6e0000,0x000000001a7e0000)]
=>0x0000000019b2f800 JavaThread "C2 CompilerThread2" daemon [_thread_in_native, id=8212, stack(0x000000001a5e0000,0x000000001a6e0000)]
  0x0000000019b27800 JavaThread "C2 CompilerThread1" daemon [_thread_blocked, id=3096, stack(0x000000001a4e0000,0x000000001a5e0000)]
  0x0000000019b25800 JavaThread "C2 CompilerThread0" daemon [_thread_in_native, id=11092, stack(0x000000001a3e0000,0x000000001a4e0000)]
  0x0000000019b22000 JavaThread "Attach Listener" daemon [_thread_blocked, id=9392, stack(0x000000001a2e0000,0x000000001a3e0000)]
  0x0000000019b21000 JavaThread "Signal Dispatcher" daemon [_thread_blocked, id=12080, stack(0x000000001a1e0000,0x000000001a2e0000)]
  0x0000000019b11800 JavaThread "Finalizer" daemon [_thread_blocked, id=4832, stack(0x0000000019ff0000,0x000000001a0f0000)]
  0x0000000019b10800 JavaThread "Reference Handler" daemon [_thread_blocked, id=6416, stack(0x0000000019ef0000,0x0000000019ff0000)]
  0x0000000002ba2800 JavaThread "main" [_thread_blocked, id=1992, stack(0x0000000002a60000,0x0000000002b60000)]

Other Threads:
  0x0000000017d0a000 VMThread [stack: 0x00000000199f0000,0x0000000019af0000] [id=12856]
  0x0000000019b6c000 WatcherThread [stack: 0x000000001a8e0000,0x000000001a9e0000] [id=4696]

VM state:not at safepoint (normal execution)

VM Mutex/Monitor currently owned by a thread: None

heap address: 0x0000000080000000, size: 2048 MB, Compressed Oops mode: 32-bit
Narrow klass base: 0x0000000000000000, Narrow klass shift: 3
Compressed class space size: 1073741824 Address: 0x0000000100000000

Heap:
 PSYoungGen      total 38400K, used 12171K [0x00000000d5580000, 0x00000000dab80000, 0x0000000100000000)
  eden space 33280K, 21% used [0x00000000d5580000,0x00000000d5c6acb8,0x00000000d7600000)
  from space 5120K, 99% used [0x00000000d7600000,0x00000000d7af8040,0x00000000d7b00000)
  to   space 10752K, 0% used [0x00000000da100000,0x00000000da100000,0x00000000dab80000)
 ParOldGen       total 87552K, used 7776K [0x0000000080000000, 0x0000000085580000, 0x00000000d5580000)
  object space 87552K, 8% used [0x0000000080000000,0x0000000080798130,0x0000000085580000)
 Metaspace       used 19123K, capacity 19668K, committed 19840K, reserved 1067008K
  class space    used 2715K, capacity 2900K, committed 2944K, reserved 1048576K

Card table byte_map: [0x0000000012060000,0x0000000012470000] byte_map_base: 0x0000000011c60000

Marking Bits: (ParMarkBitMap*) 0x00000000723cbe30
 Begin Bits: [0x0000000012f20000, 0x0000000014f20000)
 End Bits:   [0x0000000014f20000, 0x0000000016f20000)

Polling page: 0x0000000000bd0000

CodeCache: size=245760Kb used=5891Kb max_used=5897Kb free=239868Kb
 bounds [0x0000000002ca0000, 0x0000000003270000, 0x0000000011ca0000]
 total_blobs=2149 nmethods=1733 adapters=327
 compilation: enabled

Compilation events (10 events):
Event: 5.908 Thread 0x0000000019b36800 1732       3       java.net.URI$Parser::scan (73 bytes)
Event: 5.909 Thread 0x0000000019b36800 nmethod 1732 0x0000000003261010 code [0x00000000032611e0, 0x00000000032618e8]
Event: 5.909 Thread 0x0000000019b36800 1733       3       sun.nio.cs.UTF_8$Decoder::decodeLoop (28 bytes)
Event: 5.910 Thread 0x0000000019b36800 nmethod 1733 0x0000000003261d50 code [0x0000000003261ee0, 0x0000000003262418]
Event: 5.911 Thread 0x0000000019b27800 1734       4       java.security.CodeSource::getCertificates (98 bytes)
Event: 5.912 Thread 0x0000000019b27800 nmethod 1734 0x000000000323f690 code [0x000000000323f7c0, 0x000000000323f858]
Event: 5.966 Thread 0x0000000019b36800 1735       1       org.gradle.launcher.daemon.server.exec.DaemonConnectionBackedEventConsumer::access$100 (5 bytes)
Event: 5.966 Thread 0x0000000019b36800 nmethod 1735 0x000000000325db10 code [0x000000000325dc60, 0x000000000325dd50]
Event: 6.010 Thread 0x0000000019b36800 1736       3       java.util.LinkedList::node (65 bytes)
Event: 6.010 Thread 0x0000000019b36800 nmethod 1736 0x0000000003264c50 code [0x0000000003264dc0, 0x00000000032650d0]

GC Heap History (10 events):
Event: 1.666 GC heap before
{Heap before GC invocations=1 (full 0):
 PSYoungGen      total 38400K, used 33280K [0x00000000d5580000, 0x00000000d8000000, 0x0000000100000000)
  eden space 33280K, 100% used [0x00000000d5580000,0x00000000d7600000,0x00000000d7600000)
  from space 5120K, 0% used [0x00000000d7b00000,0x00000000d7b00000,0x00000000d8000000)
  to   space 5120K, 0% used [0x00000000d7600000,0x00000000d7600000,0x00000000d7b00000)
 ParOldGen       total 87552K, used 0K [0x0000000080000000, 0x0000000085580000, 0x00000000d5580000)
  object space 87552K, 0% used [0x0000000080000000,0x0000000080000000,0x0000000085580000)
 Metaspace       used 7157K, capacity 7340K, committed 7424K, reserved 1056768K
  class space    used 906K, capacity 1000K, committed 1024K, reserved 1048576K
Event: 1.675 GC heap after
Heap after GC invocations=1 (full 0):
 PSYoungGen      total 38400K, used 4398K [0x00000000d5580000, 0x00000000d8000000, 0x0000000100000000)
  eden space 33280K, 0% used [0x00000000d5580000,0x00000000d5580000,0x00000000d7600000)
  from space 5120K, 85% used [0x00000000d7600000,0x00000000d7a4ba80,0x00000000d7b00000)
  to   space 5120K, 0% used [0x00000000d7b00000,0x00000000d7b00000,0x00000000d8000000)
 ParOldGen       total 87552K, used 16K [0x0000000080000000, 0x0000000085580000, 0x00000000d5580000)
  object space 87552K, 0% used [0x0000000080000000,0x0000000080004000,0x0000000085580000)
 Metaspace       used 7157K, capacity 7340K, committed 7424K, reserved 1056768K
  class space    used 906K, capacity 1000K, committed 1024K, reserved 1048576K
}
Event: 2.332 GC heap before
{Heap before GC invocations=2 (full 0):
 PSYoungGen      total 38400K, used 37678K [0x00000000d5580000, 0x00000000d8000000, 0x0000000100000000)
  eden space 33280K, 100% used [0x00000000d5580000,0x00000000d7600000,0x00000000d7600000)
  from space 5120K, 85% used [0x00000000d7600000,0x00000000d7a4ba80,0x00000000d7b00000)
  to   space 5120K, 0% used [0x00000000d7b00000,0x00000000d7b00000,0x00000000d8000000)
 ParOldGen       total 87552K, used 16K [0x0000000080000000, 0x0000000085580000, 0x00000000d5580000)
  object space 87552K, 0% used [0x0000000080000000,0x0000000080004000,0x0000000085580000)
 Metaspace       used 7419K, capacity 7652K, committed 7808K, reserved 1056768K
  class space    used 946K, capacity 1040K, committed 1152K, reserved 1048576K
Event: 2.338 GC heap after
Heap after GC invocations=2 (full 0):
 PSYoungGen      total 38400K, used 3437K [0x00000000d5580000, 0x00000000d8000000, 0x0000000100000000)
  eden space 33280K, 0% used [0x00000000d5580000,0x00000000d5580000,0x00000000d7600000)
  from space 5120K, 67% used [0x00000000d7b00000,0x00000000d7e5b790,0x00000000d8000000)
  to   space 5120K, 0% used [0x00000000d7600000,0x00000000d7600000,0x00000000d7b00000)
 ParOldGen       total 87552K, used 24K [0x0000000080000000, 0x0000000085580000, 0x00000000d5580000)
  object space 87552K, 0% used [0x0000000080000000,0x0000000080006000,0x0000000085580000)
 Metaspace       used 7419K, capacity 7652K, committed 7808K, reserved 1056768K
  class space    used 946K, capacity 1040K, committed 1152K, reserved 1048576K
}
Event: 4.554 GC heap before
{Heap before GC invocations=3 (full 0):
 PSYoungGen      total 38400K, used 36717K [0x00000000d5580000, 0x00000000d8000000, 0x0000000100000000)
  eden space 33280K, 100% used [0x00000000d5580000,0x00000000d7600000,0x00000000d7600000)
  from space 5120K, 67% used [0x00000000d7b00000,0x00000000d7e5b790,0x00000000d8000000)
  to   space 5120K, 0% used [0x00000000d7600000,0x00000000d7600000,0x00000000d7b00000)
 ParOldGen       total 87552K, used 24K [0x0000000080000000, 0x0000000085580000, 0x00000000d5580000)
  object space 87552K, 0% used [0x0000000080000000,0x0000000080006000,0x0000000085580000)
 Metaspace       used 12514K, capacity 12888K, committed 12928K, reserved 1060864K
  class space    used 1727K, capacity 1884K, committed 1920K, reserved 1048576K
Event: 4.567 GC heap after
Heap after GC invocations=3 (full 0):
 PSYoungGen      total 38400K, used 5088K [0x00000000d5580000, 0x00000000d8000000, 0x0000000100000000)
  eden space 33280K, 0% used [0x00000000d5580000,0x00000000d5580000,0x00000000d7600000)
  from space 5120K, 99% used [0x00000000d7600000,0x00000000d7af8020,0x00000000d7b00000)
  to   space 5120K, 0% used [0x00000000d7b00000,0x00000000d7b00000,0x00000000d8000000)
 ParOldGen       total 87552K, used 1685K [0x0000000080000000, 0x0000000085580000, 0x00000000d5580000)
  object space 87552K, 1% used [0x0000000080000000,0x00000000801a5538,0x0000000085580000)
 Metaspace       used 12514K, capacity 12888K, committed 12928K, reserved 1060864K
  class space    used 1727K, capacity 1884K, committed 1920K, reserved 1048576K
}
Event: 5.098 GC heap before
{Heap before GC invocations=4 (full 0):
 PSYoungGen      total 38400K, used 38368K [0x00000000d5580000, 0x00000000d8000000, 0x0000000100000000)
  eden space 33280K, 100% used [0x00000000d5580000,0x00000000d7600000,0x00000000d7600000)
  from space 5120K, 99% used [0x00000000d7600000,0x00000000d7af8020,0x00000000d7b00000)
  to   space 5120K, 0% used [0x00000000d7b00000,0x00000000d7b00000,0x00000000d8000000)
 ParOldGen       total 87552K, used 1685K [0x0000000080000000, 0x0000000085580000, 0x00000000d5580000)
  object space 87552K, 1% used [0x0000000080000000,0x00000000801a5538,0x0000000085580000)
 Metaspace       used 15579K, capacity 15946K, committed 16128K, reserved 1062912K
  class space    used 2142K, capacity 2283K, committed 2304K, reserved 1048576K
Event: 5.111 GC heap after
Heap after GC invocations=4 (full 0):
 PSYoungGen      total 38400K, used 5120K [0x00000000d5580000, 0x00000000da080000, 0x0000000100000000)
  eden space 33280K, 0% used [0x00000000d5580000,0x00000000d5580000,0x00000000d7600000)
  from space 5120K, 100% used [0x00000000d7b00000,0x00000000d8000000,0x00000000d8000000)
  to   space 5120K, 0% used [0x00000000d7600000,0x00000000d7600000,0x00000000d7b00000)
 ParOldGen       total 87552K, used 4356K [0x0000000080000000, 0x0000000085580000, 0x00000000d5580000)
  object space 87552K, 4% used [0x0000000080000000,0x00000000804411f8,0x0000000085580000)
 Metaspace       used 15579K, capacity 15946K, committed 16128K, reserved 1062912K
  class space    used 2142K, capacity 2283K, committed 2304K, reserved 1048576K
}
Event: 5.813 GC heap before
{Heap before GC invocations=5 (full 0):
 PSYoungGen      total 38400K, used 38400K [0x00000000d5580000, 0x00000000da080000, 0x0000000100000000)
  eden space 33280K, 100% used [0x00000000d5580000,0x00000000d7600000,0x00000000d7600000)
  from space 5120K, 100% used [0x00000000d7b00000,0x00000000d8000000,0x00000000d8000000)
  to   space 5120K, 0% used [0x00000000d7600000,0x00000000d7600000,0x00000000d7b00000)
 ParOldGen       total 87552K, used 4356K [0x0000000080000000, 0x0000000085580000, 0x00000000d5580000)
  object space 87552K, 4% used [0x0000000080000000,0x00000000804411f8,0x0000000085580000)
 Metaspace       used 18477K, capacity 19100K, committed 19200K, reserved 1064960K
  class space    used 2611K, capacity 2796K, committed 2816K, reserved 1048576K
Event: 5.825 GC heap after
Heap after GC invocations=5 (full 0):
 PSYoungGen      total 38400K, used 5088K [0x00000000d5580000, 0x00000000dab80000, 0x0000000100000000)
  eden space 33280K, 0% used [0x00000000d5580000,0x00000000d5580000,0x00000000d7600000)
  from space 5120K, 99% used [0x00000000d7600000,0x00000000d7af8040,0x00000000d7b00000)
  to   space 10752K, 0% used [0x00000000da100000,0x00000000da100000,0x00000000dab80000)
 ParOldGen       total 87552K, used 7776K [0x0000000080000000, 0x0000000085580000, 0x00000000d5580000)
  object space 87552K, 8% used [0x0000000080000000,0x0000000080798130,0x0000000085580000)
 Metaspace       used 18477K, capacity 19100K, committed 19200K, reserved 1064960K
  class space    used 2611K, capacity 2796K, committed 2816K, reserved 1048576K
}

Deoptimization events (10 events):
Event: 4.830 Thread 0x000000001c4a5800 Uncommon trap: reason=class_check action=maybe_recompile pc=0x0000000002fd0d58 method=java.util.regex.Matcher.match(II)Z @ 86
Event: 4.830 Thread 0x000000001c4a5800 Uncommon trap: reason=class_check action=maybe_recompile pc=0x0000000002fd0d58 method=java.util.regex.Matcher.match(II)Z @ 86
Event: 4.830 Thread 0x000000001c4a5800 Uncommon trap: reason=class_check action=maybe_recompile pc=0x0000000002e54f1c method=java.util.regex.Matcher.match(II)Z @ 86
Event: 4.885 Thread 0x000000001c4a5800 Uncommon trap: reason=bimorphic action=maybe_recompile pc=0x00000000031adecc method=java.util.regex.Matcher.match(II)Z @ 86
Event: 4.885 Thread 0x000000001c4a5800 Uncommon trap: reason=bimorphic action=maybe_recompile pc=0x00000000031adecc method=java.util.regex.Matcher.match(II)Z @ 86
Event: 4.891 Thread 0x000000001c4a5800 Uncommon trap: reason=bimorphic action=maybe_recompile pc=0x00000000031adecc method=java.util.regex.Matcher.match(II)Z @ 86
Event: 4.892 Thread 0x000000001c4a5800 Uncommon trap: reason=bimorphic action=maybe_recompile pc=0x00000000031adecc method=java.util.regex.Matcher.match(II)Z @ 86
Event: 5.241 Thread 0x000000001c4a5800 Uncommon trap: reason=unstable_if action=reinterpret pc=0x0000000002fcf74c method=java.io.File.getName()Ljava/lang/String; @ 16
Event: 5.907 Thread 0x000000001c4a5800 Uncommon trap: reason=unstable_if action=reinterpret pc=0x0000000002e6d788 method=java.net.URI.match(CJJ)Z @ 19
Event: 5.907 Thread 0x000000001c4a5800 Uncommon trap: reason=unstable_if action=reinterpret pc=0x0000000002f2c180 method=java.net.URI.match(CJJ)Z @ 19

Classes redefined (0 events):
No events

Internal exceptions (10 events):
Event: 4.308 Thread 0x000000001c496800 Exception <a 'java/lang/NoSuchMethodError': <clinit>> (0x00000000d6f90c20) thrown at [C:\ade\jenkins\workspace\8-2-build-windows-amd64-cygwin\jdk8u241\331\hotspot\src\share\vm\prims\jni.cpp, line 1614]
Event: 4.309 Thread 0x000000001c496800 Exception <a 'java/lang/NoSuchMethodError': <clinit>> (0x00000000d6f99870) thrown at [C:\ade\jenkins\workspace\8-2-build-windows-amd64-cygwin\jdk8u241\331\hotspot\src\share\vm\prims\jni.cpp, line 1614]
Event: 4.313 Thread 0x000000001c496800 Exception <a 'java/lang/NoSuchMethodError': <clinit>> (0x00000000d6faff78) thrown at [C:\ade\jenkins\workspace\8-2-build-windows-amd64-cygwin\jdk8u241\331\hotspot\src\share\vm\prims\jni.cpp, line 1614]
Event: 4.327 Thread 0x000000001c496800 Exception <a 'java/lang/NoSuchMethodError': <clinit>> (0x00000000d700de50) thrown at [C:\ade\jenkins\workspace\8-2-build-windows-amd64-cygwin\jdk8u241\331\hotspot\src\share\vm\prims\jni.cpp, line 1614]
Event: 4.335 Thread 0x000000001c496800 Exception <a 'java/lang/NoSuchMethodError': <clinit>> (0x00000000d703b390) thrown at [C:\ade\jenkins\workspace\8-2-build-windows-amd64-cygwin\jdk8u241\331\hotspot\src\share\vm\prims\jni.cpp, line 1614]
Event: 4.383 Thread 0x000000001c496800 Exception <a 'java/lang/NoSuchMethodError': <clinit>> (0x00000000d70695d0) thrown at [C:\ade\jenkins\workspace\8-2-build-windows-amd64-cygwin\jdk8u241\331\hotspot\src\share\vm\prims\jni.cpp, line 1614]
Event: 4.386 Thread 0x000000001c496800 Exception <a 'java/lang/NoSuchMethodError': <clinit>> (0x00000000d7074910) thrown at [C:\ade\jenkins\workspace\8-2-build-windows-amd64-cygwin\jdk8u241\331\hotspot\src\share\vm\prims\jni.cpp, line 1614]
Event: 5.293 Thread 0x000000001c4a5800 Exception <a 'java/lang/NoSuchMethodError': java.lang.Object.lambda$and$0(Ljava/util/function/Predicate;Ljava/lang/Object;)Z> (0x00000000d61b37d0) thrown at [C:\ade\jenkins\workspace\8-2-build-windows-amd64-cygwin\jdk8u241\331\hotspot\src\share\vm\interpr
Event: 5.301 Thread 0x000000001c4a5800 Exception <a 'java/lang/IncompatibleClassChangeError': Found class java.lang.Object, but interface was expected> (0x00000000d61c3fc0) thrown at [C:\ade\jenkins\workspace\8-2-build-windows-amd64-cygwin\jdk8u241\331\hotspot\src\share\vm\interpreter\linkReso
Event: 5.304 Thread 0x000000001c4a5800 Exception <a 'java/lang/NoSuchMethodError': java.lang.Object.lambda$or$2(Ljava/util/function/Predicate;Ljava/lang/Object;)Z> (0x00000000d61c8ee0) thrown at [C:\ade\jenkins\workspace\8-2-build-windows-amd64-cygwin\jdk8u241\331\hotspot\src\share\vm\interpre

Events (10 events):
Event: 6.025 loading class org/gradle/execution/TaskSelectionException
Event: 6.025 loading class org/gradle/execution/TaskSelectionException done
Event: 6.026 loading class org/gradle/execution/TaskNameResolver
Event: 6.026 loading class org/gradle/execution/TaskNameResolver done
Event: 6.027 loading class org/gradle/api/tasks/TaskContainer
Event: 6.027 loading class org/gradle/api/tasks/TaskContainer done
Event: 6.027 loading class org/gradle/api/tasks/TaskCollection
Event: 6.027 loading class org/gradle/api/tasks/TaskCollection done
Event: 6.027 loading class org/gradle/api/PolymorphicDomainObjectContainer
Event: 6.027 loading class org/gradle/api/PolymorphicDomainObjectContainer done


Dynamic libraries:
0x00007ff673dc0000 - 0x00007ff673df7000 	C:\Program Files\Java\jdk1.8.0_241\bin\java.exe
0x00007ffa2f920000 - 0x00007ffa2fb01000 	C:\WINDOWS\SYSTEM32\ntdll.dll
0x00007ffa2cf10000 - 0x00007ffa2cfc1000 	C:\WINDOWS\System32\KERNEL32.DLL
0x00007ffa2c840000 - 0x00007ffa2cab3000 	C:\WINDOWS\System32\KERNELBASE.dll
0x00007ffa2f020000 - 0x00007ffa2f0c1000 	C:\WINDOWS\System32\ADVAPI32.dll
0x00007ffa2f7e0000 - 0x00007ffa2f87e000 	C:\WINDOWS\System32\msvcrt.dll
0x00007ffa2f880000 - 0x00007ffa2f8db000 	C:\WINDOWS\System32\sechost.dll
0x00007ffa2f6b0000 - 0x00007ffa2f7d4000 	C:\WINDOWS\System32\RPCRT4.dll
0x00007ffa2d850000 - 0x00007ffa2d9e0000 	C:\WINDOWS\System32\USER32.dll
0x00007ffa2cd90000 - 0x00007ffa2cdb0000 	C:\WINDOWS\System32\win32u.dll
0x00007ffa2f680000 - 0x00007ffa2f6a8000 	C:\WINDOWS\System32\GDI32.dll
0x00007ffa2cbf0000 - 0x00007ffa2cd82000 	C:\WINDOWS\System32\gdi32full.dll
0x00007ffa2bce0000 - 0x00007ffa2bd7f000 	C:\WINDOWS\System32\msvcp_win.dll
0x00007ffa2bd80000 - 0x00007ffa2be78000 	C:\WINDOWS\System32\ucrtbase.dll
0x00007ffa210c0000 - 0x00007ffa21329000 	C:\WINDOWS\WinSxS\amd64_microsoft.windows.common-controls_6595b64144ccf1df_6.0.17134.1550_none_d40142657c8ef2c1\COMCTL32.dll
0x00007ffa2d530000 - 0x00007ffa2d850000 	C:\WINDOWS\System32\combase.dll
0x00007ffa2cb70000 - 0x00007ffa2cbe9000 	C:\WINDOWS\System32\bcryptPrimitives.dll
0x00007ffa2cdb0000 - 0x00007ffa2cddd000 	C:\WINDOWS\System32\IMM32.DLL
0x0000000072450000 - 0x0000000072522000 	C:\Program Files\Java\jdk1.8.0_241\jre\bin\msvcr100.dll
0x0000000071ba0000 - 0x000000007244c000 	C:\Program Files\Java\jdk1.8.0_241\jre\bin\server\jvm.dll
0x00007ffa2f0d0000 - 0x00007ffa2f0d8000 	C:\WINDOWS\System32\PSAPI.DLL
0x00007ffa25720000 - 0x00007ffa25743000 	C:\WINDOWS\SYSTEM32\WINMM.dll
0x00007ffa24a70000 - 0x00007ffa24a79000 	C:\WINDOWS\SYSTEM32\WSOCK32.dll
0x00007ffa2ee30000 - 0x00007ffa2ee9c000 	C:\WINDOWS\System32\WS2_32.dll
0x00007ffa27560000 - 0x00007ffa2756a000 	C:\WINDOWS\SYSTEM32\VERSION.dll
0x00007ffa256f0000 - 0x00007ffa2571a000 	C:\WINDOWS\SYSTEM32\WINMMBASE.dll
0x00007ffa2c7f0000 - 0x00007ffa2c839000 	C:\WINDOWS\System32\cfgmgr32.dll
0x00007ffa27770000 - 0x00007ffa2777f000 	C:\Program Files\Java\jdk1.8.0_241\jre\bin\verify.dll
0x00007ffa17c20000 - 0x00007ffa17c49000 	C:\Program Files\Java\jdk1.8.0_241\jre\bin\java.dll
0x00007ffa1bc70000 - 0x00007ffa1bc86000 	C:\Program Files\Java\jdk1.8.0_241\jre\bin\zip.dll
0x00007ffa2d9e0000 - 0x00007ffa2ee25000 	C:\WINDOWS\System32\SHELL32.dll
0x00007ffa2f2e0000 - 0x00007ffa2f389000 	C:\WINDOWS\System32\shcore.dll
0x00007ffa2bee0000 - 0x00007ffa2c5f1000 	C:\WINDOWS\System32\windows.storage.dll
0x00007ffa2f620000 - 0x00007ffa2f671000 	C:\WINDOWS\System32\shlwapi.dll
0x00007ffa2bcc0000 - 0x00007ffa2bcd1000 	C:\WINDOWS\System32\kernel.appcore.dll
0x00007ffa2bca0000 - 0x00007ffa2bcbf000 	C:\WINDOWS\System32\profapi.dll
0x00007ffa2bc30000 - 0x00007ffa2bc7c000 	C:\WINDOWS\System32\powrprof.dll
0x00007ffa2bc20000 - 0x00007ffa2bc2a000 	C:\WINDOWS\System32\FLTLIB.DLL
0x00007ffa1ad20000 - 0x00007ffa1ad3a000 	C:\Program Files\Java\jdk1.8.0_241\jre\bin\net.dll
0x00007ffa2b4a0000 - 0x00007ffa2b506000 	C:\WINDOWS\system32\mswsock.dll
0x00007ffa1a420000 - 0x00007ffa1a432000 	C:\Program Files\Java\jdk1.8.0_241\jre\bin\nio.dll
0x00007ffa1ae70000 - 0x00007ffa1ae96000 	C:\Users\admin\.gradle\native\31\windows-amd64\native-platform.dll
0x00007ffa1b380000 - 0x00007ffa1b38d000 	C:\Program Files\Java\jdk1.8.0_241\jre\bin\management.dll
0x00007ffa2b650000 - 0x00007ffa2b667000 	C:\WINDOWS\SYSTEM32\CRYPTSP.dll
0x00007ffa2b050000 - 0x00007ffa2b083000 	C:\WINDOWS\system32\rsaenh.dll
0x00007ffa2b780000 - 0x00007ffa2b7a5000 	C:\WINDOWS\SYSTEM32\bcrypt.dll
0x00007ffa2bb20000 - 0x00007ffa2bb48000 	C:\WINDOWS\SYSTEM32\USERENV.dll
0x00007ffa2b670000 - 0x00007ffa2b67b000 	C:\WINDOWS\SYSTEM32\CRYPTBASE.dll
0x00007ffa2b1f0000 - 0x00007ffa2b228000 	C:\WINDOWS\SYSTEM32\IPHLPAPI.DLL
0x00007ffa2f610000 - 0x00007ffa2f618000 	C:\WINDOWS\System32\NSI.dll
0x00007ffa244d0000 - 0x00007ffa244e6000 	C:\WINDOWS\SYSTEM32\dhcpcsvc6.DLL
0x00007ffa244b0000 - 0x00007ffa244ca000 	C:\WINDOWS\SYSTEM32\dhcpcsvc.DLL

VM Arguments:
jvm_args: -Xmx2048m -Dfile.encoding=windows-1252 -Duser.country=US -Duser.language=en -Duser.variant 
java_command: org.gradle.launcher.daemon.bootstrap.GradleDaemon 6.1.1
java_class_path (initial): C:\Users\admin\.gradle\wrapper\dists\gradle-6.1.1-all\cfmwm155h49vnt3hynmlrsdst\gradle-6.1.1\lib\gradle-launcher-6.1.1.jar
Launcher Type: SUN_STANDARD

Environment Variables:
JAVA_HOME=C:\Program Files\Java\jdk1.8.0_241
PATH=C:\Program Files\Microsoft MPI\Bin\;C:\Program Files (x86)\Common Files\Oracle\Java\javapath;C:\WINDOWS\system32;C:\WINDOWS;C:\WINDOWS\System32\Wbem;C:\WINDOWS\System32\WindowsPowerShell\v1.0\;C:\Program Files\Microsoft SQL Server\110\Tools\Binn\;C:\Program Files\Microsoft SQL Server\130\Tools\Binn\;C:\Program Files\dotnet\;C:\Program Files (x86)\Windows Live\Shared;C:\WINDOWS\System32\OpenSSH\;C:\Program Files (x86)\Microsoft SQL Server\130\Tools\Binn\;C:\Program Files (x86)\Microsoft SQL Server\130\DTS\Binn\;C:\Program Files\Microsoft SQL Server\130\DTS\Binn\;C:\Program Files\Microsoft SQL Server\Client SDK\ODBC\130\Tools\Binn\;C:\Program Files (x86)\Microsoft SQL Server\Client SDK\ODBC\130\Tools\Binn\;C:\Program Files (x86)\Microsoft SQL Server\130\Tools\Binn\ManagementStudio\;C:\Program Files\nodejs\;C:\Program Files\NVIDIA Corporation\NVIDIA NvDLISR;C:\Program Files\Git\cmd;C:\Program Files\Amazon\AWSCLI\;C:\Users\admin\AppData\Local\Microsoft\WindowsApps;;C:\Users\admin\AppData\Local\Programs\Microsoft VS Code\bin;C:\Users\admin\AppData\Roaming\npm
USERNAME=admin
OS=Windows_NT
PROCESSOR_IDENTIFIER=Intel64 Family 6 Model 58 Stepping 9, GenuineIntel



---------------  S Y S T E M  ---------------

OS: Windows 10.0 , 64 bit Build 17134 (10.0.17134.1425)

CPU:total 8 (initial active 8) (4 cores per cpu, 2 threads per core) family 6 model 58 stepping 9, cmov, cx8, fxsr, mmx, sse, sse2, sse3, ssse3, sse4.1, sse4.2, popcnt, avx, aes, clmul, erms, ht, tsc, tscinvbit, tscinv

Memory: 4k page, physical 8319548k(1511924k free), swap 8319548k(11148k free)

vm_info: Java HotSpot(TM) 64-Bit Server VM (25.241-b07) for windows-amd64 JRE (1.8.0_241-b07), built on Dec 11 2019 10:21:40 by "rejava" with MS VC++ 10.0 (VS2010)

time: Mon Jul 13 11:14:11 2020
timezone: SE Asia Standard Time
elapsed time: 6 seconds (0d 0h 0m 6s)

