#
# There is insufficient memory for the Java Runtime Environment to continue.
# Native memory allocation (malloc) failed to allocate 1066016 bytes for Chunk::new
# Possible reasons:
#   The system is out of physical RAM or swap space
#   The process is running with CompressedOops enabled, and the Java Heap may be blocking the growth of the native heap
# Possible solutions:
#   Reduce memory load on the system
#   Increase physical memory or swap space
#   Check if swap backing store is full
#   Decrease Java heap size (-Xmx/-Xms)
#   Decrease number of Java threads
#   Decrease Java thread stack sizes (-Xss)
#   Set larger code cache with -XX:ReservedCodeCacheSize=
#   JVM is running with Unscaled Compressed Oops mode in which the Java heap is
#     placed in the first 4GB address space. The Java Heap base address is the
#     maximum limit for the native heap growth. Please use -XX:HeapBaseMinAddress
#     to set the Java Heap base and to place the Java Heap above 4GB virtual address.
# This output file may be truncated or incomplete.
#
#  Out of Memory Error (allocation.cpp:389), pid=14248, tid=0x0000000000001a90
#
# JRE version: Java(TM) SE Runtime Environment (8.0_241-b07) (build 1.8.0_241-b07)
# Java VM: Java HotSpot(TM) 64-Bit Server VM (25.241-b07 mixed mode windows-amd64 compressed oops)
# Failed to write core dump. Minidumps are not enabled by default on client versions of Windows
#

---------------  T H R E A D  ---------------

Current thread (0x000000001a108000):  JavaThread "C2 CompilerThread1" daemon [_thread_in_native, id=6800, stack(0x000000001aad0000,0x000000001abd0000)]

Stack: [0x000000001aad0000,0x000000001abd0000]
[error occurred during error reporting (printing stack bounds), id 0xc0000005]

Native frames: (J=compiled Java code, j=interpreted, Vv=VM code, C=native code)


Current CompileTask:
C2: 142897 16515       4       org.gradle.internal.graph.CachingDirectedGraphWalker::doSearch (659 bytes)


---------------  P R O C E S S  ---------------

Java Threads: ( => current thread )
  0x000000001fa23000 JavaThread "Cache worker for execution history cache (C:\Users\admin\Desktop\software-engineering-project\c-food-main\.gradle\5.6.4\executionHistory)" [_thread_blocked, id=9396, stack(0x0000000030280000,0x0000000030380000)]
  0x000000001fa22800 JavaThread "Execution worker for ':' Thread 7" [_thread_blocked, id=2384, stack(0x0000000030180000,0x0000000030280000)]
  0x000000001fa1b000 JavaThread "Execution worker for ':' Thread 6" [_thread_blocked, id=8084, stack(0x0000000030080000,0x0000000030180000)]
  0x000000001fa21800 JavaThread "Execution worker for ':' Thread 5" [_thread_in_native, id=6392, stack(0x000000002ff80000,0x0000000030080000)]
  0x000000001fa21000 JavaThread "Execution worker for ':' Thread 4" [_thread_in_native, id=11728, stack(0x000000002fe80000,0x000000002ff80000)]
  0x000000001fa1e800 JavaThread "Execution worker for ':' Thread 3" [_thread_blocked, id=7368, stack(0x000000002fd80000,0x000000002fe80000)]
  0x000000001fa20000 JavaThread "Execution worker for ':' Thread 2" [_thread_blocked, id=10916, stack(0x000000002fc80000,0x000000002fd80000)]
  0x000000001fa1c800 JavaThread "Execution worker for ':'" [_thread_in_native, id=2192, stack(0x000000002fb80000,0x000000002fc80000)]
  0x000000001fa18800 JavaThread "Cache worker for file content cache (C:\Users\admin\Desktop\software-engineering-project\c-food-main\.gradle\5.6.4\fileContent)" [_thread_blocked, id=4572, stack(0x000000002fa80000,0x000000002fb80000)]
  0x000000001fa19800 JavaThread "Cache worker for Build Output Cleanup Cache (C:\Users\admin\Desktop\software-engineering-project\c-food-main\.gradle\buildOutputCleanup)" [_thread_blocked, id=14628, stack(0x000000002f980000,0x000000002fa80000)]
  0x000000001fa18000 JavaThread "Build operations Thread 8" [_thread_blocked, id=13296, stack(0x000000002f880000,0x000000002f980000)]
  0x000000001b9f9000 JavaThread "Build operations Thread 7" [_thread_blocked, id=12448, stack(0x000000002f780000,0x000000002f880000)]
  0x000000001b9f8800 JavaThread "Build operations Thread 6" [_thread_blocked, id=11372, stack(0x000000002f680000,0x000000002f780000)]
  0x000000001b9f7800 JavaThread "Build operations Thread 5" [_thread_blocked, id=1056, stack(0x000000002f580000,0x000000002f680000)]
  0x000000001b9ef800 JavaThread "Build operations Thread 4" [_thread_blocked, id=5004, stack(0x000000002f480000,0x000000002f580000)]
  0x000000001b9ee800 JavaThread "Build operations Thread 3" [_thread_blocked, id=4984, stack(0x000000002f380000,0x000000002f480000)]
  0x000000001b9f5800 JavaThread "Build operations Thread 2" [_thread_blocked, id=11568, stack(0x000000002f280000,0x000000002f380000)]
  0x000000001b9ed000 JavaThread "Build operations" [_thread_blocked, id=9564, stack(0x000000002f180000,0x000000002f280000)]
  0x000000001b9f4000 JavaThread "Cache worker for cache directory md-rule (C:\Users\admin\.gradle\caches\5.6.4\md-rule)" [_thread_blocked, id=2136, stack(0x000000002f080000,0x000000002f180000)]
  0x000000001b9ee000 JavaThread "Cache worker for cache directory md-supplier (C:\Users\admin\.gradle\caches\5.6.4\md-supplier)" [_thread_blocked, id=4164, stack(0x000000002ef80000,0x000000002f080000)]
  0x000000001b9f1000 JavaThread "Cache worker for file hash cache (C:\Users\admin\Desktop\software-engineering-project\c-food-main\.gradle\5.6.4\fileHashes)" [_thread_blocked, id=14172, stack(0x000000002ee80000,0x000000002ef80000)]
  0x000000001b9f1800 JavaThread "Thread-51" [_thread_blocked, id=4772, stack(0x000000002ed80000,0x000000002ee80000)]
  0x000000001b9f0000 JavaThread "Stdin handler" [_thread_blocked, id=2700, stack(0x000000002ec80000,0x000000002ed80000)]
  0x000000001b9ec800 JavaThread "Asynchronous log dispatcher for DefaultDaemonConnection: socket connection from /127.0.0.1:54782 to /127.0.0.1:54802" [_thread_in_native, id=12828, stack(0x000000002eb80000,0x000000002ec80000)]
  0x000000001b9f3000 JavaThread "Daemon worker Thread 2" [_thread_blocked, id=12500, stack(0x000000002ea80000,0x000000002eb80000)]
  0x000000001b9f2800 JavaThread "Cancel handler" [_thread_blocked, id=11468, stack(0x000000002e980000,0x000000002ea80000)]
  0x000000001b9eb800 JavaThread "Handler for socket connection from /127.0.0.1:54782 to /127.0.0.1:54802" [_thread_in_native, id=16444, stack(0x000000002e880000,0x000000002e980000)]
  0x000000001b9ea000 JavaThread "Daemon Thread 2" [_thread_blocked, id=13104, stack(0x000000002e780000,0x000000002e880000)]
  0x000000001b9f4800 JavaThread "Cache worker for file content cache (C:\Users\admin\.gradle\caches\5.6.4\fileContent)" [_thread_blocked, id=16636, stack(0x0000000026250000,0x0000000026350000)]
  0x000000001b9eb000 JavaThread "Memory manager" [_thread_blocked, id=3252, stack(0x0000000025e60000,0x0000000025f60000)]
  0x000000001c6a2000 JavaThread "Cache worker for execution history cache (C:\Users\admin\.gradle\caches\5.6.4\executionHistory)" [_thread_blocked, id=14852, stack(0x0000000023fc0000,0x00000000240c0000)]
  0x000000001c69d800 JavaThread "Cache worker for journal cache (C:\Users\admin\.gradle\caches\journal-1)" [_thread_blocked, id=2820, stack(0x000000001eef0000,0x000000001eff0000)]
  0x000000001c69c800 JavaThread "File lock request listener" [_thread_in_native, id=12248, stack(0x000000001edf0000,0x000000001eef0000)]
  0x000000001c69c000 JavaThread "Cache worker for file hash cache (C:\Users\admin\.gradle\caches\5.6.4\fileHashes)" [_thread_blocked, id=12548, stack(0x000000001ecf0000,0x000000001edf0000)]
  0x000000001ca89800 JavaThread "Daemon periodic checks" [_thread_blocked, id=13404, stack(0x000000001dff0000,0x000000001e0f0000)]
  0x000000001ca89000 JavaThread "Incoming local TCP Connector on port 54782" [_thread_in_native, id=6104, stack(0x000000001ddb0000,0x000000001deb0000)]
  0x000000001a1ff000 JavaThread "Daemon health stats" [_thread_blocked, id=13928, stack(0x000000001d770000,0x000000001d870000)]
  0x000000001a18a000 JavaThread "Service Thread" daemon [_thread_blocked, id=14900, stack(0x000000001add0000,0x000000001aed0000)]
  0x000000001a112800 JavaThread "C1 CompilerThread3" daemon [_thread_blocked, id=17116, stack(0x000000001acd0000,0x000000001add0000)]
  0x000000001a109000 JavaThread "C2 CompilerThread2" daemon [_thread_in_native, id=10580, stack(0x000000001abd0000,0x000000001acd0000)]
=>0x000000001a108000 JavaThread "C2 CompilerThread1" daemon [_thread_in_native, id=6800, stack(0x000000001aad0000,0x000000001abd0000)]
  0x000000001a104800 JavaThread "C2 CompilerThread0" daemon [_thread_in_native, id=14692, stack(0x000000001a9d0000,0x000000001aad0000)]
  0x000000001a101800 JavaThread "Attach Listener" daemon [_thread_blocked, id=11184, stack(0x000000001a8d0000,0x000000001a9d0000)]
  0x000000001a0ff000 JavaThread "Signal Dispatcher" daemon [_thread_blocked, id=15532, stack(0x000000001a7d0000,0x000000001a8d0000)]
  0x000000001a0f1800 JavaThread "Finalizer" daemon [_thread_blocked, id=1900, stack(0x000000001a5d0000,0x000000001a6d0000)]
  0x000000001a0f0800 JavaThread "Reference Handler" daemon [_thread_blocked, id=11016, stack(0x000000001a4d0000,0x000000001a5d0000)]
  0x0000000003132800 JavaThread "main" [_thread_blocked, id=10752, stack(0x0000000003030000,0x0000000003130000)]

Other Threads:
  0x00000000182c9800 VMThread [stack: 0x0000000019fd0000,0x000000001a0d0000] [id=16192]
  0x000000001a1ad000 WatcherThread [stack: 0x000000001aed0000,0x000000001afd0000] [id=10428]

VM state:not at safepoint (normal execution)

VM Mutex/Monitor currently owned by a thread: None

heap address: 0x0000000080000000, size: 2048 MB, Compressed Oops mode: 32-bit
Narrow klass base: 0x0000000000000000, Narrow klass shift: 3
Compressed class space size: 1073741824 Address: 0x0000000100000000

Heap:
 PSYoungGen      total 340992K, used 241199K [0x00000000d5580000, 0x00000000f0080000, 0x0000000100000000)
  eden space 299520K, 80% used [0x00000000d5580000,0x00000000e410bc30,0x00000000e7a00000)
  from space 41472K, 0% used [0x00000000e7a00000,0x00000000e7a00000,0x00000000ea280000)
  to   space 58368K, 0% used [0x00000000ec780000,0x00000000ec780000,0x00000000f0080000)
 ParOldGen       total 141824K, used 132388K [0x0000000080000000, 0x0000000088a80000, 0x00000000d5580000)
  object space 141824K, 93% used [0x0000000080000000,0x0000000088149000,0x0000000088a80000)
 Metaspace       used 85797K, capacity 89566K, committed 90368K, reserved 1126400K
  class space    used 11691K, capacity 12483K, committed 12800K, reserved 1048576K

Card table byte_map: [0x00000000125f0000,0x0000000012a00000] byte_map_base: 0x00000000121f0000

Marking Bits: (ParMarkBitMap*) 0x00000000615cbe30
 Begin Bits: [0x00000000134b0000, 0x00000000154b0000)
 End Bits:   [0x00000000154b0000, 0x00000000174b0000)

Polling page: 0x0000000002fa0000

CodeCache: size=245760Kb used=44977Kb max_used=44993Kb free=200782Kb
 bounds [0x0000000003230000, 0x0000000005e60000, 0x0000000012230000]
 total_blobs=13735 nmethods=12850 adapters=794
 compilation: enabled

Compilation events (10 events):
Event: 142.814 Thread 0x000000001a109000 nmethod 16639 0x0000000005e52a90 code [0x0000000005e52d00, 0x0000000005e53ee0]
Event: 142.814 Thread 0x000000001a109000 16631       4       org.gradle.internal.hash.HashCode::toString (77 bytes)
Event: 142.838 Thread 0x000000001a109000 nmethod 16631 0x0000000005e430d0 code [0x0000000005e43260, 0x0000000005e43df8]
Event: 142.838 Thread 0x000000001a109000 16643   !   4       java.nio.file.Files::walkFileTree (355 bytes)
Event: 142.845 Thread 0x000000001a112800 16644       3       java.util.regex.Pattern::read (33 bytes)
Event: 142.845 Thread 0x000000001a112800 nmethod 16644 0x0000000005e47ad0 code [0x0000000005e47c40, 0x0000000005e47f08]
Event: 142.852 Thread 0x000000001a112800 16645       1       org.gradle.internal.extensibility.ExtensibleDynamicObject::getConvention (5 bytes)
Event: 142.853 Thread 0x000000001a112800 nmethod 16645 0x0000000005e47810 code [0x0000000005e47960, 0x0000000005e47a70]
Event: 142.853 Thread 0x000000001a112800 16646       3       com.google.protobuf.GeneratedMessageV3$Builder::<init> (6 bytes)
Event: 142.853 Thread 0x000000001a112800 nmethod 16646 0x0000000005e47190 code [0x0000000005e47320, 0x0000000005e47670]

GC Heap History (10 events):
Event: 54.070 GC heap before
{Heap before GC invocations=31 (full 13):
 PSYoungGen      total 338944K, used 299520K [0x00000000d5580000, 0x00000000ecb00000, 0x0000000100000000)
  eden space 299520K, 100% used [0x00000000d5580000,0x00000000e7a00000,0x00000000e7a00000)
  from space 39424K, 0% used [0x00000000ea480000,0x00000000ea480000,0x00000000ecb00000)
  to   space 41472K, 0% used [0x00000000e7a00000,0x00000000e7a00000,0x00000000ea280000)
 ParOldGen       total 141824K, used 139449K [0x0000000080000000, 0x0000000088a80000, 0x00000000d5580000)
  object space 141824K, 98% used [0x0000000080000000,0x000000008882e550,0x0000000088a80000)
 Metaspace       used 75317K, capacity 78492K, committed 80512K, reserved 1118208K
  class space    used 10403K, capacity 11132K, committed 11648K, reserved 1048576K
Event: 54.240 GC heap after
Heap after GC invocations=31 (full 13):
 PSYoungGen      total 338944K, used 0K [0x00000000d5580000, 0x00000000ecb00000, 0x0000000100000000)
  eden space 299520K, 0% used [0x00000000d5580000,0x00000000d5580000,0x00000000e7a00000)
  from space 39424K, 0% used [0x00000000ea480000,0x00000000ea480000,0x00000000ecb00000)
  to   space 41472K, 0% used [0x00000000e7a00000,0x00000000e7a00000,0x00000000ea280000)
 ParOldGen       total 141824K, used 136589K [0x0000000080000000, 0x0000000088a80000, 0x00000000d5580000)
  object space 141824K, 96% used [0x0000000080000000,0x0000000088563688,0x0000000088a80000)
 Metaspace       used 75317K, capacity 78492K, committed 80512K, reserved 1118208K
  class space    used 10403K, capacity 11132K, committed 11648K, reserved 1048576K
}
Event: 56.506 GC heap before
{Heap before GC invocations=32 (full 14):
 PSYoungGen      total 338944K, used 299520K [0x00000000d5580000, 0x00000000ecb00000, 0x0000000100000000)
  eden space 299520K, 100% used [0x00000000d5580000,0x00000000e7a00000,0x00000000e7a00000)
  from space 39424K, 0% used [0x00000000ea480000,0x00000000ea480000,0x00000000ecb00000)
  to   space 41472K, 0% used [0x00000000e7a00000,0x00000000e7a00000,0x00000000ea280000)
 ParOldGen       total 141824K, used 136589K [0x0000000080000000, 0x0000000088a80000, 0x00000000d5580000)
  object space 141824K, 96% used [0x0000000080000000,0x0000000088563688,0x0000000088a80000)
 Metaspace       used 75318K, capacity 78492K, committed 80512K, reserved 1118208K
  class space    used 10403K, capacity 11132K, committed 11648K, reserved 1048576K
Event: 56.643 GC heap after
Heap after GC invocations=32 (full 14):
 PSYoungGen      total 338944K, used 0K [0x00000000d5580000, 0x00000000ecb00000, 0x0000000100000000)
  eden space 299520K, 0% used [0x00000000d5580000,0x00000000d5580000,0x00000000e7a00000)
  from space 39424K, 0% used [0x00000000ea480000,0x00000000ea480000,0x00000000ecb00000)
  to   space 41472K, 0% used [0x00000000e7a00000,0x00000000e7a00000,0x00000000ea280000)
 ParOldGen       total 141824K, used 133757K [0x0000000080000000, 0x0000000088a80000, 0x00000000d5580000)
  object space 141824K, 94% used [0x0000000080000000,0x000000008829f730,0x0000000088a80000)
 Metaspace       used 75318K, capacity 78492K, committed 80512K, reserved 1118208K
  class space    used 10403K, capacity 11132K, committed 11648K, reserved 1048576K
}
Event: 61.743 GC heap before
{Heap before GC invocations=33 (full 15):
 PSYoungGen      total 338944K, used 299520K [0x00000000d5580000, 0x00000000ecb00000, 0x0000000100000000)
  eden space 299520K, 100% used [0x00000000d5580000,0x00000000e7a00000,0x00000000e7a00000)
  from space 39424K, 0% used [0x00000000ea480000,0x00000000ea480000,0x00000000ecb00000)
  to   space 41472K, 0% used [0x00000000e7a00000,0x00000000e7a00000,0x00000000ea280000)
 ParOldGen       total 141824K, used 133757K [0x0000000080000000, 0x0000000088a80000, 0x00000000d5580000)
  object space 141824K, 94% used [0x0000000080000000,0x000000008829f730,0x0000000088a80000)
 Metaspace       used 76015K, capacity 79182K, committed 81152K, reserved 1118208K
  class space    used 10504K, capacity 11219K, committed 11776K, reserved 1048576K
Event: 61.852 GC heap after
Heap after GC invocations=33 (full 15):
 PSYoungGen      total 338944K, used 0K [0x00000000d5580000, 0x00000000ecb00000, 0x0000000100000000)
  eden space 299520K, 0% used [0x00000000d5580000,0x00000000d5580000,0x00000000e7a00000)
  from space 39424K, 0% used [0x00000000ea480000,0x00000000ea480000,0x00000000ecb00000)
  to   space 41472K, 0% used [0x00000000e7a00000,0x00000000e7a00000,0x00000000ea280000)
 ParOldGen       total 141824K, used 95912K [0x0000000080000000, 0x0000000088a80000, 0x00000000d5580000)
  object space 141824K, 67% used [0x0000000080000000,0x0000000085daa310,0x0000000088a80000)
 Metaspace       used 76015K, capacity 79182K, committed 81152K, reserved 1118208K
  class space    used 10504K, capacity 11219K, committed 11776K, reserved 1048576K
}
Event: 63.084 GC heap before
{Heap before GC invocations=34 (full 15):
 PSYoungGen      total 338944K, used 299520K [0x00000000d5580000, 0x00000000ecb00000, 0x0000000100000000)
  eden space 299520K, 100% used [0x00000000d5580000,0x00000000e7a00000,0x00000000e7a00000)
  from space 39424K, 0% used [0x00000000ea480000,0x00000000ea480000,0x00000000ecb00000)
  to   space 41472K, 0% used [0x00000000e7a00000,0x00000000e7a00000,0x00000000ea280000)
 ParOldGen       total 141824K, used 95912K [0x0000000080000000, 0x0000000088a80000, 0x00000000d5580000)
  object space 141824K, 67% used [0x0000000080000000,0x0000000085daa310,0x0000000088a80000)
 Metaspace       used 76684K, capacity 80040K, committed 81664K, reserved 1120256K
  class space    used 10630K, capacity 11362K, committed 11776K, reserved 1048576K
Event: 63.138 GC heap after
Heap after GC invocations=34 (full 15):
 PSYoungGen      total 340992K, used 41462K [0x00000000d5580000, 0x00000000f0080000, 0x0000000100000000)
  eden space 299520K, 0% used [0x00000000d5580000,0x00000000d5580000,0x00000000e7a00000)
  from space 41472K, 99% used [0x00000000e7a00000,0x00000000ea27da58,0x00000000ea280000)
  to   space 58368K, 0% used [0x00000000ec780000,0x00000000ec780000,0x00000000f0080000)
 ParOldGen       total 141824K, used 122409K [0x0000000080000000, 0x0000000088a80000, 0x00000000d5580000)
  object space 141824K, 86% used [0x0000000080000000,0x000000008778a688,0x0000000088a80000)
 Metaspace       used 76684K, capacity 80040K, committed 81664K, reserved 1120256K
  class space    used 10630K, capacity 11362K, committed 11776K, reserved 1048576K
}
Event: 63.139 GC heap before
{Heap before GC invocations=35 (full 16):
 PSYoungGen      total 340992K, used 41462K [0x00000000d5580000, 0x00000000f0080000, 0x0000000100000000)
  eden space 299520K, 0% used [0x00000000d5580000,0x00000000d5580000,0x00000000e7a00000)
  from space 41472K, 99% used [0x00000000e7a00000,0x00000000ea27da58,0x00000000ea280000)
  to   space 58368K, 0% used [0x00000000ec780000,0x00000000ec780000,0x00000000f0080000)
 ParOldGen       total 141824K, used 122409K [0x0000000080000000, 0x0000000088a80000, 0x00000000d5580000)
  object space 141824K, 86% used [0x0000000080000000,0x000000008778a688,0x0000000088a80000)
 Metaspace       used 76684K, capacity 80040K, committed 81664K, reserved 1120256K
  class space    used 10630K, capacity 11362K, committed 11776K, reserved 1048576K
Event: 63.393 GC heap after
Heap after GC invocations=35 (full 16):
 PSYoungGen      total 340992K, used 0K [0x00000000d5580000, 0x00000000f0080000, 0x0000000100000000)
  eden space 299520K, 0% used [0x00000000d5580000,0x00000000d5580000,0x00000000e7a00000)
  from space 41472K, 0% used [0x00000000e7a00000,0x00000000e7a00000,0x00000000ea280000)
  to   space 58368K, 0% used [0x00000000ec780000,0x00000000ec780000,0x00000000f0080000)
 ParOldGen       total 141824K, used 132388K [0x0000000080000000, 0x0000000088a80000, 0x00000000d5580000)
  object space 141824K, 93% used [0x0000000080000000,0x0000000088149000,0x0000000088a80000)
 Metaspace       used 76591K, capacity 79800K, committed 81664K, reserved 1120256K
  class space    used 10595K, capacity 11300K, committed 11776K, reserved 1048576K
}

Deoptimization events (10 events):
Event: 139.662 Thread 0x000000001b9f3000 Uncommon trap: reason=class_check action=maybe_recompile pc=0x0000000004ece13c method=com.google.common.util.concurrent.AbstractFuture.complete(Lcom/google/common/util/concurrent/AbstractFuture;)V @ 7
Event: 139.666 Thread 0x000000001b9f3000 Uncommon trap: reason=class_check action=maybe_recompile pc=0x0000000004ece13c method=com.google.common.util.concurrent.AbstractFuture.complete(Lcom/google/common/util/concurrent/AbstractFuture;)V @ 7
Event: 139.736 Thread 0x000000001b9f3000 Uncommon trap: reason=class_check action=maybe_recompile pc=0x000000000539f5e0 method=java.util.Spliterators$ArraySpliterator.tryAdvance(Ljava/util/function/Consumer;)Z @ 49
Event: 139.795 Thread 0x000000001b9f3000 Uncommon trap: reason=class_check action=maybe_recompile pc=0x000000000539f5e0 method=java.util.Spliterators$ArraySpliterator.tryAdvance(Ljava/util/function/Consumer;)Z @ 49
Event: 140.085 Thread 0x000000001b9f3000 Uncommon trap: reason=bimorphic action=maybe_recompile pc=0x0000000005161e5c method=org.gradle.cache.internal.btree.BTreePersistentIndexedCache$DataBlock.setValue(Ljava/lang/Object;)V @ 35
Event: 141.182 Thread 0x000000001b9f3000 Uncommon trap: reason=class_check action=maybe_recompile pc=0x0000000003792878 method=java.util.zip.InflaterInputStream.read([BII)I @ 100
Event: 141.182 Thread 0x000000001b9f3000 Uncommon trap: reason=class_check action=maybe_recompile pc=0x0000000003792878 method=java.util.zip.InflaterInputStream.read([BII)I @ 100
Event: 142.559 Thread 0x000000001b9f3000 Uncommon trap: reason=unstable_if action=reinterpret pc=0x0000000005c87200 method=org.gradle.internal.service.DefaultServiceRegistry$ManagedObjectServiceProvider.getInstance()Ljava/lang/Object; @ 19
Event: 142.631 Thread 0x000000001fa1e800 Uncommon trap: reason=unstable_if action=reinterpret pc=0x000000000543d9c0 method=java.util.concurrent.ConcurrentLinkedQueue.offer(Ljava/lang/Object;)Z @ 40
Event: 142.722 Thread 0x000000001fa1b000 Uncommon trap: reason=unstable_if action=reinterpret pc=0x00000000035931f0 method=java.util.concurrent.ConcurrentLinkedQueue.updateHead(Ljava/util/concurrent/ConcurrentLinkedQueue$Node;Ljava/util/concurrent/ConcurrentLinkedQueue$Node;)V @ 11

Classes redefined (0 events):
No events

Internal exceptions (10 events):
Event: 66.063 Thread 0x000000001cafc800 Exception <a 'java/lang/NoSuchMethodError': <clinit>> (0x00000000de048b68) thrown at [C:\ade\jenkins\workspace\8-2-build-windows-amd64-cygwin\jdk8u241\331\hotspot\src\share\vm\prims\jni.cpp, line 1614]
Event: 66.064 Thread 0x000000001cafc800 Exception <a 'java/lang/NoSuchMethodError': <clinit>> (0x00000000de053370) thrown at [C:\ade\jenkins\workspace\8-2-build-windows-amd64-cygwin\jdk8u241\331\hotspot\src\share\vm\prims\jni.cpp, line 1614]
Event: 66.066 Thread 0x000000001cafc800 Exception <a 'java/lang/NoSuchMethodError': <clinit>> (0x00000000de06d340) thrown at [C:\ade\jenkins\workspace\8-2-build-windows-amd64-cygwin\jdk8u241\331\hotspot\src\share\vm\prims\jni.cpp, line 1614]
Event: 66.067 Thread 0x000000001cafc800 Exception <a 'java/lang/NoSuchMethodError': <clinit>> (0x00000000de07df20) thrown at [C:\ade\jenkins\workspace\8-2-build-windows-amd64-cygwin\jdk8u241\331\hotspot\src\share\vm\prims\jni.cpp, line 1614]
Event: 139.344 Thread 0x000000001b9f3000 Implicit null exception at 0x00000000044f0907 to 0x00000000044f3931
Event: 139.351 Thread 0x000000001b9f3000 Implicit null exception at 0x00000000046a99b4 to 0x00000000046a9c41
Event: 139.351 Thread 0x000000001b9f3000 Implicit null exception at 0x00000000046a2075 to 0x00000000046a2601
Event: 139.351 Thread 0x000000001b9f3000 Implicit null exception at 0x0000000004693094 to 0x0000000004693289
Event: 139.352 Thread 0x000000001b9f3000 Implicit null exception at 0x00000000047101af to 0x0000000004710236
Event: 139.658 Thread 0x000000001b9f3000 Implicit null exception at 0x000000000383b5d2 to 0x000000000383b875

Events (10 events):
Event: 142.722 Thread 0x000000001fa1b000 DEOPT UNPACKING pc=0x000000000327583b sp=0x000000003017d250 mode 2
Event: 142.847 Thread 0x000000001fa23000 Thread added: 0x000000001fa23000
Event: 142.858 Executing VM operation: RevokeBias
Event: 142.859 Executing VM operation: RevokeBias done
Event: 142.859 Executing VM operation: RevokeBias
Event: 142.860 Executing VM operation: RevokeBias done
Event: 142.860 Executing VM operation: RevokeBias
Event: 142.860 Executing VM operation: RevokeBias done
Event: 142.860 Executing VM operation: RevokeBias
Event: 142.860 Executing VM operation: RevokeBias done


Dynamic libraries:
0x00007ff7c8810000 - 0x00007ff7c8847000 	C:\Program Files\Java\jdk1.8.0_241\bin\java.exe
0x00007ffff38b0000 - 0x00007ffff3a91000 	C:\WINDOWS\SYSTEM32\ntdll.dll
0x00007ffff1370000 - 0x00007ffff1421000 	C:\WINDOWS\System32\KERNEL32.DLL
0x00007ffff0210000 - 0x00007ffff0483000 	C:\WINDOWS\System32\KERNELBASE.dll
0x00007ffff0d40000 - 0x00007ffff0de1000 	C:\WINDOWS\System32\ADVAPI32.dll
0x00007ffff1850000 - 0x00007ffff18ee000 	C:\WINDOWS\System32\msvcrt.dll
0x00007ffff3410000 - 0x00007ffff346b000 	C:\WINDOWS\System32\sechost.dll
0x00007ffff1720000 - 0x00007ffff1844000 	C:\WINDOWS\System32\RPCRT4.dll
0x00007ffff3610000 - 0x00007ffff37a0000 	C:\WINDOWS\System32\USER32.dll
0x00007ffff0490000 - 0x00007ffff04b0000 	C:\WINDOWS\System32\win32u.dll
0x00007ffff33e0000 - 0x00007ffff3408000 	C:\WINDOWS\System32\GDI32.dll
0x00007fffefe20000 - 0x00007fffeffb2000 	C:\WINDOWS\System32\gdi32full.dll
0x00007ffff04b0000 - 0x00007ffff054f000 	C:\WINDOWS\System32\msvcp_win.dll
0x00007fffefd20000 - 0x00007fffefe18000 	C:\WINDOWS\System32\ucrtbase.dll
0x00007fffdf9f0000 - 0x00007fffdfc59000 	C:\WINDOWS\WinSxS\amd64_microsoft.windows.common-controls_6595b64144ccf1df_6.0.17134.1550_none_d40142657c8ef2c1\COMCTL32.dll
0x00007ffff3080000 - 0x00007ffff33a0000 	C:\WINDOWS\System32\combase.dll
0x00007ffff05a0000 - 0x00007ffff0619000 	C:\WINDOWS\System32\bcryptPrimitives.dll
0x00007ffff33a0000 - 0x00007ffff33cd000 	C:\WINDOWS\System32\IMM32.DLL
0x0000000061650000 - 0x0000000061722000 	C:\Program Files\Java\jdk1.8.0_241\jre\bin\msvcr100.dll
0x0000000060da0000 - 0x000000006164c000 	C:\Program Files\Java\jdk1.8.0_241\jre\bin\server\jvm.dll
0x00007ffff18f0000 - 0x00007ffff18f8000 	C:\WINDOWS\System32\PSAPI.DLL
0x00007fffeb910000 - 0x00007fffeb919000 	C:\WINDOWS\SYSTEM32\WSOCK32.dll
0x00007fffed810000 - 0x00007fffed833000 	C:\WINDOWS\SYSTEM32\WINMM.dll
0x00007fffee7b0000 - 0x00007fffee7ba000 	C:\WINDOWS\SYSTEM32\VERSION.dll
0x00007ffff14d0000 - 0x00007ffff153c000 	C:\WINDOWS\System32\WS2_32.dll
0x00007fffed210000 - 0x00007fffed23a000 	C:\WINDOWS\SYSTEM32\WINMMBASE.dll
0x00007ffff0550000 - 0x00007ffff0599000 	C:\WINDOWS\System32\cfgmgr32.dll
0x00007fffedbb0000 - 0x00007fffedbbf000 	C:\Program Files\Java\jdk1.8.0_241\jre\bin\verify.dll
0x00007fffea570000 - 0x00007fffea599000 	C:\Program Files\Java\jdk1.8.0_241\jre\bin\java.dll
0x00007fffed900000 - 0x00007fffed916000 	C:\Program Files\Java\jdk1.8.0_241\jre\bin\zip.dll
0x00007ffff1c30000 - 0x00007ffff3075000 	C:\WINDOWS\System32\SHELL32.dll
0x00007ffff37c0000 - 0x00007ffff3869000 	C:\WINDOWS\System32\shcore.dll
0x00007ffff0620000 - 0x00007ffff0d31000 	C:\WINDOWS\System32\windows.storage.dll
0x00007ffff1310000 - 0x00007ffff1361000 	C:\WINDOWS\System32\shlwapi.dll
0x00007fffefc50000 - 0x00007fffefc61000 	C:\WINDOWS\System32\kernel.appcore.dll
0x00007fffefc30000 - 0x00007fffefc4f000 	C:\WINDOWS\System32\profapi.dll
0x00007fffefbe0000 - 0x00007fffefc2c000 	C:\WINDOWS\System32\powrprof.dll
0x00007fffefbb0000 - 0x00007fffefbba000 	C:\WINDOWS\System32\FLTLIB.DLL
0x00007fffeb950000 - 0x00007fffeb96a000 	C:\Program Files\Java\jdk1.8.0_241\jre\bin\net.dll
0x00007fffef430000 - 0x00007fffef496000 	C:\WINDOWS\system32\mswsock.dll
0x00007fffeb6c0000 - 0x00007fffeb6d2000 	C:\Program Files\Java\jdk1.8.0_241\jre\bin\nio.dll
0x00007fffdd2b0000 - 0x00007fffdd2d6000 	C:\Users\admin\.gradle\native\30\windows-amd64\native-platform.dll
0x00007fffedba0000 - 0x00007fffedbad000 	C:\Program Files\Java\jdk1.8.0_241\jre\bin\management.dll
0x00007fffef5e0000 - 0x00007fffef5f7000 	C:\WINDOWS\SYSTEM32\CRYPTSP.dll
0x00007fffeefe0000 - 0x00007fffef013000 	C:\WINDOWS\system32\rsaenh.dll
0x00007fffef710000 - 0x00007fffef735000 	C:\WINDOWS\SYSTEM32\bcrypt.dll
0x00007fffefab0000 - 0x00007fffefad8000 	C:\WINDOWS\SYSTEM32\USERENV.dll
0x00007fffef600000 - 0x00007fffef60b000 	C:\WINDOWS\SYSTEM32\CRYPTBASE.dll
0x00007fffef180000 - 0x00007fffef1b8000 	C:\WINDOWS\SYSTEM32\IPHLPAPI.DLL
0x00007ffff33d0000 - 0x00007ffff33d8000 	C:\WINDOWS\System32\NSI.dll
0x00007fffe6c60000 - 0x00007fffe6c76000 	C:\WINDOWS\SYSTEM32\dhcpcsvc6.DLL
0x00007fffe6c10000 - 0x00007fffe6c2a000 	C:\WINDOWS\SYSTEM32\dhcpcsvc.DLL
0x00007fffea540000 - 0x00007fffea564000 	C:\Program Files\Java\jdk1.8.0_241\jre\bin\sunec.dll
0x00007fffef1c0000 - 0x00007fffef27f000 	C:\WINDOWS\SYSTEM32\DNSAPI.dll
0x00007fffe5870000 - 0x00007fffe587a000 	C:\Windows\System32\rasadhlp.dll
0x00007fffe5aa0000 - 0x00007fffe5b12000 	C:\WINDOWS\System32\fwpuclnt.dll
0x00007fffea530000 - 0x00007fffea53b000 	C:\Program Files\Java\jdk1.8.0_241\jre\bin\sunmscapi.dll
0x00007fffeffc0000 - 0x00007ffff01a2000 	C:\WINDOWS\System32\CRYPT32.dll
0x00007fffefbc0000 - 0x00007fffefbd2000 	C:\WINDOWS\System32\MSASN1.dll

VM Arguments:
jvm_args: -Xmx2048m -Dfile.encoding=windows-1252 -Duser.country=US -Duser.language=en -Duser.variant 
java_command: org.gradle.launcher.daemon.bootstrap.GradleDaemon 5.6.4
java_class_path (initial): C:\Users\admin\.gradle\wrapper\dists\gradle-5.6.4-all\ankdp27end7byghfw1q2sw75f\gradle-5.6.4\lib\gradle-launcher-5.6.4.jar
Launcher Type: SUN_STANDARD

Environment Variables:
JAVA_HOME=C:\Program Files\Java\jdk1.8.0_241
PATH=C:\Program Files\Microsoft MPI\Bin\;C:\Program Files (x86)\Common Files\Oracle\Java\javapath;C:\WINDOWS\system32;C:\WINDOWS;C:\WINDOWS\System32\Wbem;C:\WINDOWS\System32\WindowsPowerShell\v1.0\;C:\Program Files\Microsoft SQL Server\110\Tools\Binn\;C:\Program Files\Microsoft SQL Server\130\Tools\Binn\;C:\Program Files\dotnet\;C:\Program Files (x86)\Windows Live\Shared;C:\WINDOWS\System32\OpenSSH\;C:\Program Files (x86)\Microsoft SQL Server\130\Tools\Binn\;C:\Program Files (x86)\Microsoft SQL Server\130\DTS\Binn\;C:\Program Files\Microsoft SQL Server\130\DTS\Binn\;C:\Program Files\Microsoft SQL Server\Client SDK\ODBC\130\Tools\Binn\;C:\Program Files (x86)\Microsoft SQL Server\Client SDK\ODBC\130\Tools\Binn\;C:\Program Files (x86)\Microsoft SQL Server\130\Tools\Binn\ManagementStudio\;C:\Program Files\nodejs\;C:\Program Files\NVIDIA Corporation\NVIDIA NvDLISR;C:\Program Files\Git\cmd;C:\Program Files\Amazon\AWSCLI\;C:\Users\admin\AppData\Local\Microsoft\WindowsApps;;C:\Users\admin\AppData\Local\Programs\Microsoft VS Code\bin;C:\Users\admin\AppData\Roaming\npm
USERNAME=admin
OS=Windows_NT
PROCESSOR_IDENTIFIER=Intel64 Family 6 Model 58 Stepping 9, GenuineIntel



---------------  S Y S T E M  ---------------

OS: Windows 10.0 , 64 bit Build 17134 (10.0.17134.1425)

CPU:total 8 (initial active 8) (4 cores per cpu, 2 threads per core) family 6 model 58 stepping 9, cmov, cx8, fxsr, mmx, sse, sse2, sse3, ssse3, sse4.1, sse4.2, popcnt, avx, aes, clmul, erms, ht, tsc, tscinvbit, tscinv

Memory: 4k page, physical 8319548k(590204k free), swap 8319548k(5480k free)

vm_info: Java HotSpot(TM) 64-Bit Server VM (25.241-b07) for windows-amd64 JRE (1.8.0_241-b07), built on Dec 11 2019 10:21:40 by "rejava" with MS VC++ 10.0 (VS2010)

time: Thu Jul 16 02:16:46 2020
timezone: SE Asia Standard Time
elapsed time: 142 seconds (0d 0h 2m 22s)

