#
# There is insufficient memory for the Java Runtime Environment to continue.
# Native memory allocation (malloc) failed to allocate 118416 bytes for Chunk::new
# Possible reasons:
#   The system is out of physical RAM or swap space
#   The process is running with CompressedOops enabled, and the Java Heap may be blocking the growth of the native heap
# Possible solutions:
#   Reduce memory load on the system
#   Increase physical memory or swap space
#   Check if swap backing store is full
#   Decrease Java heap size (-Xmx/-Xms)
#   Decrease number of Java threads
#   Decrease Java thread stack sizes (-Xss)
#   Set larger code cache with -XX:ReservedCodeCacheSize=
#   JVM is running with Unscaled Compressed Oops mode in which the Java heap is
#     placed in the first 4GB address space. The Java Heap base address is the
#     maximum limit for the native heap growth. Please use -XX:HeapBaseMinAddress
#     to set the Java Heap base and to place the Java Heap above 4GB virtual address.
# This output file may be truncated or incomplete.
#
#  Out of Memory Error (allocation.cpp:389), pid=10964, tid=0x0000000000001de0
#
# JRE version: Java(TM) SE Runtime Environment (8.0_241-b07) (build 1.8.0_241-b07)
# Java VM: Java HotSpot(TM) 64-Bit Server VM (25.241-b07 mixed mode windows-amd64 compressed oops)
# Failed to write core dump. Minidumps are not enabled by default on client versions of Windows
#

---------------  T H R E A D  ---------------

Current thread (0x000000001a2ba000):  JavaThread "C2 CompilerThread1" daemon [_thread_in_native, id=7648, stack(0x000000001ac70000,0x000000001ad70000)]

Stack: [0x000000001ac70000,0x000000001ad70000]
[error occurred during error reporting (printing stack bounds), id 0xc0000005]

Native frames: (J=compiled Java code, j=interpreted, Vv=VM code, C=native code)


Current CompileTask:
C2:   2700 1393   !   4       java.lang.ClassLoader::loadClass (122 bytes)


---------------  P R O C E S S  ---------------

Java Threads: ( => current thread )
  0x000000001cd94800 JavaThread "Thread-9" [_thread_blocked, id=736, stack(0x000000001eb90000,0x000000001ec90000)]
  0x000000001cd7a800 JavaThread "Stdin handler" [_thread_blocked, id=8220, stack(0x000000001ea90000,0x000000001eb90000)]
  0x000000001cdbf000 JavaThread "Asynchronous log dispatcher for DefaultDaemonConnection: socket connection from /127.0.0.1:56345 to /127.0.0.1:56346" [_thread_blocked, id=11408, stack(0x000000001e990000,0x000000001ea90000)]
  0x000000001cdba800 JavaThread "Daemon worker" [_thread_in_vm, id=9368, stack(0x000000001e790000,0x000000001e890000)]
  0x000000001cd98000 JavaThread "Cancel handler" [_thread_blocked, id=1952, stack(0x000000001e690000,0x000000001e790000)]
  0x000000001cd37000 JavaThread "Handler for socket connection from /127.0.0.1:56345 to /127.0.0.1:56346" [_thread_in_native, id=1552, stack(0x000000001e390000,0x000000001e490000)]
  0x000000001cd2b000 JavaThread "Daemon" [_thread_blocked, id=12368, stack(0x000000001e290000,0x000000001e390000)]
  0x000000001cd1c000 JavaThread "Daemon periodic checks" [_thread_blocked, id=7864, stack(0x000000001e190000,0x000000001e290000)]
  0x000000001ccc9000 JavaThread "Incoming local TCP Connector on port 56345" [_thread_in_native, id=644, stack(0x000000001df50000,0x000000001e050000)]
  0x000000001b3ec800 JavaThread "Daemon health stats" [_thread_blocked, id=4728, stack(0x000000001d910000,0x000000001da10000)]
  0x000000001a346800 JavaThread "Service Thread" daemon [_thread_blocked, id=7224, stack(0x000000001af70000,0x000000001b070000)]
  0x000000001a2c8000 JavaThread "C1 CompilerThread3" daemon [_thread_blocked, id=11728, stack(0x000000001ae70000,0x000000001af70000)]
  0x000000001a2bb000 JavaThread "C2 CompilerThread2" daemon [_thread_in_native, id=1472, stack(0x000000001ad70000,0x000000001ae70000)]
=>0x000000001a2ba000 JavaThread "C2 CompilerThread1" daemon [_thread_in_native, id=7648, stack(0x000000001ac70000,0x000000001ad70000)]
  0x000000001a2b4800 JavaThread "C2 CompilerThread0" daemon [_thread_blocked, id=7956, stack(0x000000001ab70000,0x000000001ac70000)]
  0x000000001a2b1800 JavaThread "Attach Listener" daemon [_thread_blocked, id=6300, stack(0x000000001aa70000,0x000000001ab70000)]
  0x000000001a2af000 JavaThread "Signal Dispatcher" daemon [_thread_blocked, id=12744, stack(0x000000001a970000,0x000000001aa70000)]
  0x000000001a2a1800 JavaThread "Finalizer" daemon [_thread_blocked, id=5016, stack(0x000000001a780000,0x000000001a880000)]
  0x000000001a2a0800 JavaThread "Reference Handler" daemon [_thread_blocked, id=10296, stack(0x000000001a680000,0x000000001a780000)]
  0x0000000003322800 JavaThread "main" [_thread_blocked, id=5020, stack(0x0000000003220000,0x0000000003320000)]

Other Threads:
  0x00000000184b9800 VMThread [stack: 0x000000001a180000,0x000000001a280000] [id=2272]
  0x000000001a304800 WatcherThread [stack: 0x000000001b070000,0x000000001b170000] [id=9088]

VM state:not at safepoint (normal execution)

VM Mutex/Monitor currently owned by a thread: None

heap address: 0x0000000080000000, size: 2048 MB, Compressed Oops mode: 32-bit
Narrow klass base: 0x0000000000000000, Narrow klass shift: 3
Compressed class space size: 1073741824 Address: 0x0000000100000000

Heap:
 PSYoungGen      total 38400K, used 15170K [0x00000000d5580000, 0x00000000d8000000, 0x0000000100000000)
  eden space 33280K, 30% used [0x00000000d5580000,0x00000000d5f58b70,0x00000000d7600000)
  from space 5120K, 99% used [0x00000000d7600000,0x00000000d7af8020,0x00000000d7b00000)
  to   space 5120K, 0% used [0x00000000d7b00000,0x00000000d7b00000,0x00000000d8000000)
 ParOldGen       total 87552K, used 1586K [0x0000000080000000, 0x0000000085580000, 0x00000000d5580000)
  object space 87552K, 1% used [0x0000000080000000,0x000000008018c8c0,0x0000000085580000)
 Metaspace       used 13023K, capacity 13360K, committed 13568K, reserved 1060864K
  class space    used 1830K, capacity 1964K, committed 2048K, reserved 1048576K

Card table byte_map: [0x00000000127e0000,0x0000000012bf0000] byte_map_base: 0x00000000123e0000

Marking Bits: (ParMarkBitMap*) 0x0000000066dfbe30
 Begin Bits: [0x00000000136a0000, 0x00000000156a0000)
 End Bits:   [0x00000000156a0000, 0x00000000176a0000)

Polling page: 0x0000000003140000

CodeCache: size=245760Kb used=4976Kb max_used=4986Kb free=240783Kb
 bounds [0x0000000003420000, 0x0000000003910000, 0x0000000012420000]
 total_blobs=1779 nmethods=1403 adapters=289
 compilation: enabled

Compilation events (10 events):
Event: 2.682 Thread 0x000000001a2c8000 1397       1       java.util.concurrent.locks.AbstractQueuedSynchronizer::getState (5 bytes)
Event: 2.682 Thread 0x000000001a2c8000 nmethod 1397 0x00000000038f2550 code [0x00000000038f26a0, 0x00000000038f27b0]
Event: 2.683 Thread 0x000000001a2c8000 1398       3       java.util.LinkedList::listIterator (15 bytes)
Event: 2.683 Thread 0x000000001a2c8000 nmethod 1398 0x00000000038fec90 code [0x00000000038fee40, 0x00000000038ff2c8]
Event: 2.684 Thread 0x000000001a2c8000 1400       3       java.lang.Class::cast (27 bytes)
Event: 2.684 Thread 0x000000001a2c8000 nmethod 1400 0x00000000038f1ed0 code [0x00000000038f2060, 0x00000000038f23d8]
Event: 2.684 Thread 0x000000001a2c8000 1399       3       java.util.LinkedList$ListItr::<init> (47 bytes)
Event: 2.684 Thread 0x000000001a2c8000 nmethod 1399 0x00000000038fe750 code [0x00000000038fe8c0, 0x00000000038feb88]
Event: 2.685 Thread 0x000000001a2c8000 1401       3       java.util.AbstractSequentialList::iterator (5 bytes)
Event: 2.685 Thread 0x000000001a2c8000 nmethod 1401 0x00000000038fe210 code [0x00000000038fe380, 0x00000000038fe668]

GC Heap History (6 events):
Event: 0.987 GC heap before
{Heap before GC invocations=1 (full 0):
 PSYoungGen      total 38400K, used 33280K [0x00000000d5580000, 0x00000000d8000000, 0x0000000100000000)
  eden space 33280K, 100% used [0x00000000d5580000,0x00000000d7600000,0x00000000d7600000)
  from space 5120K, 0% used [0x00000000d7b00000,0x00000000d7b00000,0x00000000d8000000)
  to   space 5120K, 0% used [0x00000000d7600000,0x00000000d7600000,0x00000000d7b00000)
 ParOldGen       total 87552K, used 0K [0x0000000080000000, 0x0000000085580000, 0x00000000d5580000)
  object space 87552K, 0% used [0x0000000080000000,0x0000000080000000,0x0000000085580000)
 Metaspace       used 6774K, capacity 6980K, committed 7168K, reserved 1056768K
  class space    used 849K, capacity 908K, committed 1024K, reserved 1048576K
Event: 0.991 GC heap after
Heap after GC invocations=1 (full 0):
 PSYoungGen      total 38400K, used 4266K [0x00000000d5580000, 0x00000000d8000000, 0x0000000100000000)
  eden space 33280K, 0% used [0x00000000d5580000,0x00000000d5580000,0x00000000d7600000)
  from space 5120K, 83% used [0x00000000d7600000,0x00000000d7a2a918,0x00000000d7b00000)
  to   space 5120K, 0% used [0x00000000d7b00000,0x00000000d7b00000,0x00000000d8000000)
 ParOldGen       total 87552K, used 8K [0x0000000080000000, 0x0000000085580000, 0x00000000d5580000)
  object space 87552K, 0% used [0x0000000080000000,0x0000000080002000,0x0000000085580000)
 Metaspace       used 6774K, capacity 6980K, committed 7168K, reserved 1056768K
  class space    used 849K, capacity 908K, committed 1024K, reserved 1048576K
}
Event: 1.418 GC heap before
{Heap before GC invocations=2 (full 0):
 PSYoungGen      total 38400K, used 37546K [0x00000000d5580000, 0x00000000d8000000, 0x0000000100000000)
  eden space 33280K, 100% used [0x00000000d5580000,0x00000000d7600000,0x00000000d7600000)
  from space 5120K, 83% used [0x00000000d7600000,0x00000000d7a2a918,0x00000000d7b00000)
  to   space 5120K, 0% used [0x00000000d7b00000,0x00000000d7b00000,0x00000000d8000000)
 ParOldGen       total 87552K, used 8K [0x0000000080000000, 0x0000000085580000, 0x00000000d5580000)
  object space 87552K, 0% used [0x0000000080000000,0x0000000080002000,0x0000000085580000)
 Metaspace       used 7148K, capacity 7326K, committed 7424K, reserved 1056768K
  class space    used 907K, capacity 981K, committed 1024K, reserved 1048576K
Event: 1.421 GC heap after
Heap after GC invocations=2 (full 0):
 PSYoungGen      total 38400K, used 3469K [0x00000000d5580000, 0x00000000d8000000, 0x0000000100000000)
  eden space 33280K, 0% used [0x00000000d5580000,0x00000000d5580000,0x00000000d7600000)
  from space 5120K, 67% used [0x00000000d7b00000,0x00000000d7e636f0,0x00000000d8000000)
  to   space 5120K, 0% used [0x00000000d7600000,0x00000000d7600000,0x00000000d7b00000)
 ParOldGen       total 87552K, used 16K [0x0000000080000000, 0x0000000085580000, 0x00000000d5580000)
  object space 87552K, 0% used [0x0000000080000000,0x0000000080004000,0x0000000085580000)
 Metaspace       used 7148K, capacity 7326K, committed 7424K, reserved 1056768K
  class space    used 907K, capacity 981K, committed 1024K, reserved 1048576K
}
Event: 2.640 GC heap before
{Heap before GC invocations=3 (full 0):
 PSYoungGen      total 38400K, used 36749K [0x00000000d5580000, 0x00000000d8000000, 0x0000000100000000)
  eden space 33280K, 100% used [0x00000000d5580000,0x00000000d7600000,0x00000000d7600000)
  from space 5120K, 67% used [0x00000000d7b00000,0x00000000d7e636f0,0x00000000d8000000)
  to   space 5120K, 0% used [0x00000000d7600000,0x00000000d7600000,0x00000000d7b00000)
 ParOldGen       total 87552K, used 16K [0x0000000080000000, 0x0000000085580000, 0x00000000d5580000)
  object space 87552K, 0% used [0x0000000080000000,0x0000000080004000,0x0000000085580000)
 Metaspace       used 12530K, capacity 12880K, committed 13184K, reserved 1060864K
  class space    used 1736K, capacity 1868K, committed 1920K, reserved 1048576K
Event: 2.646 GC heap after
Heap after GC invocations=3 (full 0):
 PSYoungGen      total 38400K, used 5088K [0x00000000d5580000, 0x00000000d8000000, 0x0000000100000000)
  eden space 33280K, 0% used [0x00000000d5580000,0x00000000d5580000,0x00000000d7600000)
  from space 5120K, 99% used [0x00000000d7600000,0x00000000d7af8020,0x00000000d7b00000)
  to   space 5120K, 0% used [0x00000000d7b00000,0x00000000d7b00000,0x00000000d8000000)
 ParOldGen       total 87552K, used 1586K [0x0000000080000000, 0x0000000085580000, 0x00000000d5580000)
  object space 87552K, 1% used [0x0000000080000000,0x000000008018c8c0,0x0000000085580000)
 Metaspace       used 12530K, capacity 12880K, committed 13184K, reserved 1060864K
  class space    used 1736K, capacity 1868K, committed 1920K, reserved 1048576K
}

Deoptimization events (10 events):
Event: 0.325 Thread 0x0000000003322800 Uncommon trap: reason=unstable_if action=reinterpret pc=0x0000000003570bd8 method=java.lang.String.toLowerCase(Ljava/util/Locale;)Ljava/lang/String; @ 85
Event: 0.551 Thread 0x0000000003322800 Uncommon trap: reason=unstable_if action=reinterpret pc=0x0000000003588b80 method=java.util.regex.Matcher.reset()Ljava/util/regex/Matcher; @ 47
Event: 1.459 Thread 0x0000000003322800 Uncommon trap: reason=class_check action=maybe_recompile pc=0x0000000003703bd8 method=java.util.regex.Matcher.match(II)Z @ 86
Event: 1.612 Thread 0x0000000003322800 Uncommon trap: reason=unstable_if action=reinterpret pc=0x00000000036b1908 method=java.util.HashMap.getNode(ILjava/lang/Object;)Ljava/util/HashMap$Node; @ 129
Event: 1.612 Thread 0x0000000003322800 Uncommon trap: reason=bimorphic action=maybe_recompile pc=0x00000000036a7af8 method=java.util.HashMap.putVal(ILjava/lang/Object;Ljava/lang/Object;ZZ)Ljava/lang/Object; @ 203
Event: 1.971 Thread 0x0000000003322800 Uncommon trap: reason=unstable_if action=reinterpret pc=0x00000000036e71b8 method=java.io.WinNTFileSystem.normalize(Ljava/lang/String;)Ljava/lang/String; @ 128
Event: 2.537 Thread 0x000000001cd37000 Uncommon trap: reason=unstable_if action=reinterpret pc=0x000000000381aca8 method=java.util.concurrent.ConcurrentHashMap.putVal(Ljava/lang/Object;Ljava/lang/Object;Z)Ljava/lang/Object; @ 206
Event: 2.584 Thread 0x000000001cdba800 Uncommon trap: reason=bimorphic action=maybe_recompile pc=0x00000000036a67ac method=java.util.HashMap.putVal(ILjava/lang/Object;Ljava/lang/Object;ZZ)Ljava/lang/Object; @ 253
Event: 2.585 Thread 0x000000001cdba800 Uncommon trap: reason=bimorphic action=maybe_recompile pc=0x00000000036a67ac method=java.util.HashMap.putVal(ILjava/lang/Object;Ljava/lang/Object;ZZ)Ljava/lang/Object; @ 253
Event: 2.585 Thread 0x000000001cdba800 Uncommon trap: reason=bimorphic action=maybe_recompile pc=0x00000000036a67ac method=java.util.HashMap.putVal(ILjava/lang/Object;Ljava/lang/Object;ZZ)Ljava/lang/Object; @ 253

Classes redefined (0 events):
No events

Internal exceptions (10 events):
Event: 2.539 Thread 0x000000001cd37000 Exception <a 'java/lang/NoSuchMethodError': <clinit>> (0x00000000d6d42ef0) thrown at [C:\ade\jenkins\workspace\8-2-build-windows-amd64-cygwin\jdk8u241\331\hotspot\src\share\vm\prims\jni.cpp, line 1614]
Event: 2.542 Thread 0x000000001cd37000 Exception <a 'java/lang/NoSuchMethodError': <clinit>> (0x00000000d6d56030) thrown at [C:\ade\jenkins\workspace\8-2-build-windows-amd64-cygwin\jdk8u241\331\hotspot\src\share\vm\prims\jni.cpp, line 1614]
Event: 2.544 Thread 0x000000001cd37000 Exception <a 'java/lang/NoSuchMethodError': <clinit>> (0x00000000d6d7d3f8) thrown at [C:\ade\jenkins\workspace\8-2-build-windows-amd64-cygwin\jdk8u241\331\hotspot\src\share\vm\prims\jni.cpp, line 1614]
Event: 2.546 Thread 0x000000001cd37000 Exception <a 'java/lang/NoSuchMethodError': <clinit>> (0x00000000d6d95268) thrown at [C:\ade\jenkins\workspace\8-2-build-windows-amd64-cygwin\jdk8u241\331\hotspot\src\share\vm\prims\jni.cpp, line 1614]
Event: 2.546 Thread 0x000000001cd37000 Exception <a 'java/lang/NoSuchMethodError': <clinit>> (0x00000000d6d9deb8) thrown at [C:\ade\jenkins\workspace\8-2-build-windows-amd64-cygwin\jdk8u241\331\hotspot\src\share\vm\prims\jni.cpp, line 1614]
Event: 2.547 Thread 0x000000001cd37000 Exception <a 'java/lang/NoSuchMethodError': <clinit>> (0x00000000d6db4500) thrown at [C:\ade\jenkins\workspace\8-2-build-windows-amd64-cygwin\jdk8u241\331\hotspot\src\share\vm\prims\jni.cpp, line 1614]
Event: 2.554 Thread 0x000000001cd37000 Exception <a 'java/lang/NoSuchMethodError': <clinit>> (0x00000000d6e11d28) thrown at [C:\ade\jenkins\workspace\8-2-build-windows-amd64-cygwin\jdk8u241\331\hotspot\src\share\vm\prims\jni.cpp, line 1614]
Event: 2.557 Thread 0x000000001cd37000 Exception <a 'java/lang/NoSuchMethodError': <clinit>> (0x00000000d6e3ec68) thrown at [C:\ade\jenkins\workspace\8-2-build-windows-amd64-cygwin\jdk8u241\331\hotspot\src\share\vm\prims\jni.cpp, line 1614]
Event: 2.561 Thread 0x000000001cd37000 Exception <a 'java/lang/NoSuchMethodError': <clinit>> (0x00000000d6e6c9f8) thrown at [C:\ade\jenkins\workspace\8-2-build-windows-amd64-cygwin\jdk8u241\331\hotspot\src\share\vm\prims\jni.cpp, line 1614]
Event: 2.562 Thread 0x000000001cd37000 Exception <a 'java/lang/NoSuchMethodError': <clinit>> (0x00000000d6e77d38) thrown at [C:\ade\jenkins\workspace\8-2-build-windows-amd64-cygwin\jdk8u241\331\hotspot\src\share\vm\prims\jni.cpp, line 1614]

Events (10 events):
Event: 2.687 loading class org/gradle/api/internal/artifacts/ivyservice/dependencysubstitution/DependencySubstitutionRules
Event: 2.687 loading class org/gradle/api/internal/artifacts/ivyservice/dependencysubstitution/DependencySubstitutionRules done
Event: 2.687 loading class org/gradle/composite/internal/IncludedBuildTaskGraph
Event: 2.687 loading class org/gradle/composite/internal/IncludedBuildTaskGraph done
Event: 2.687 loading class org/gradle/vcs/internal/services/VersionControlServices$VersionControlBuildTreeServices
Event: 2.687 loading class org/gradle/vcs/internal/services/VersionControlServices$VersionControlBuildTreeServices done
Event: 2.688 loading class org/gradle/vcs/internal/VcsMappingFactory
Event: 2.688 loading class org/gradle/vcs/internal/VcsMappingFactory done
Event: 2.688 loading class org/gradle/vcs/internal/VersionControlSpecFactory
Event: 2.688 loading class org/gradle/vcs/internal/VersionControlSpecFactory done


Dynamic libraries:
0x00007ff638cf0000 - 0x00007ff638d27000 	C:\Program Files\Java\jdk1.8.0_241\bin\java.exe
0x00007ffeaaf80000 - 0x00007ffeab161000 	C:\WINDOWS\SYSTEM32\ntdll.dll
0x00007ffeaad60000 - 0x00007ffeaae11000 	C:\WINDOWS\System32\KERNEL32.DLL
0x00007ffea7560000 - 0x00007ffea77d3000 	C:\WINDOWS\System32\KERNELBASE.dll
0x00007ffeaa5f0000 - 0x00007ffeaa691000 	C:\WINDOWS\System32\ADVAPI32.dll
0x00007ffeaab10000 - 0x00007ffeaabae000 	C:\WINDOWS\System32\msvcrt.dll
0x00007ffea89e0000 - 0x00007ffea8a3b000 	C:\WINDOWS\System32\sechost.dll
0x00007ffeaa830000 - 0x00007ffeaa954000 	C:\WINDOWS\System32\RPCRT4.dll
0x00007ffeaa6a0000 - 0x00007ffeaa830000 	C:\WINDOWS\System32\USER32.dll
0x00007ffea73a0000 - 0x00007ffea73c0000 	C:\WINDOWS\System32\win32u.dll
0x00007ffeaa960000 - 0x00007ffeaa988000 	C:\WINDOWS\System32\GDI32.dll
0x00007ffea8270000 - 0x00007ffea8403000 	C:\WINDOWS\System32\gdi32full.dll
0x00007ffea73c0000 - 0x00007ffea745f000 	C:\WINDOWS\System32\msvcp_win.dll
0x00007ffea7460000 - 0x00007ffea7558000 	C:\WINDOWS\System32\ucrtbase.dll
0x00007ffe9e0d0000 - 0x00007ffe9e339000 	C:\WINDOWS\WinSxS\amd64_microsoft.windows.common-controls_6595b64144ccf1df_6.0.17134.1610_none_d3fd41197c928db6\COMCTL32.dll
0x00007ffea8610000 - 0x00007ffea8930000 	C:\WINDOWS\System32\combase.dll
0x00007ffea8000000 - 0x00007ffea8079000 	C:\WINDOWS\System32\bcryptPrimitives.dll
0x00007ffea8930000 - 0x00007ffea895d000 	C:\WINDOWS\System32\IMM32.DLL
0x0000000066e80000 - 0x0000000066f52000 	C:\Program Files\Java\jdk1.8.0_241\jre\bin\msvcr100.dll
0x00000000665d0000 - 0x0000000066e7c000 	C:\Program Files\Java\jdk1.8.0_241\jre\bin\server\jvm.dll
0x00007ffeaae20000 - 0x00007ffeaae28000 	C:\WINDOWS\System32\PSAPI.DLL
0x00007ffea2b80000 - 0x00007ffea2b89000 	C:\WINDOWS\SYSTEM32\WSOCK32.dll
0x00007ffea4e70000 - 0x00007ffea4e93000 	C:\WINDOWS\SYSTEM32\WINMM.dll
0x00007ffea2eb0000 - 0x00007ffea2eba000 	C:\WINDOWS\SYSTEM32\VERSION.dll
0x00007ffeaa2f0000 - 0x00007ffeaa35c000 	C:\WINDOWS\System32\WS2_32.dll
0x00007ffea4e40000 - 0x00007ffea4e6a000 	C:\WINDOWS\SYSTEM32\WINMMBASE.dll
0x00007ffea7890000 - 0x00007ffea78d9000 	C:\WINDOWS\System32\cfgmgr32.dll
0x00007ffea3510000 - 0x00007ffea351f000 	C:\Program Files\Java\jdk1.8.0_241\jre\bin\verify.dll
0x00007ffe968d0000 - 0x00007ffe968f9000 	C:\Program Files\Java\jdk1.8.0_241\jre\bin\java.dll
0x00007ffea2250000 - 0x00007ffea2266000 	C:\Program Files\Java\jdk1.8.0_241\jre\bin\zip.dll
0x00007ffea8e90000 - 0x00007ffeaa2d5000 	C:\WINDOWS\System32\SHELL32.dll
0x00007ffeaaea0000 - 0x00007ffeaaf49000 	C:\WINDOWS\System32\shcore.dll
0x00007ffea78e0000 - 0x00007ffea7ff5000 	C:\WINDOWS\System32\windows.storage.dll
0x00007ffeaae40000 - 0x00007ffeaae91000 	C:\WINDOWS\System32\shlwapi.dll
0x00007ffea7300000 - 0x00007ffea7311000 	C:\WINDOWS\System32\kernel.appcore.dll
0x00007ffea72d0000 - 0x00007ffea72ef000 	C:\WINDOWS\System32\profapi.dll
0x00007ffea7280000 - 0x00007ffea72cc000 	C:\WINDOWS\System32\powrprof.dll
0x00007ffea72f0000 - 0x00007ffea72fa000 	C:\WINDOWS\System32\FLTLIB.DLL
0x00007ffe9f710000 - 0x00007ffe9f72a000 	C:\Program Files\Java\jdk1.8.0_241\jre\bin\net.dll
0x00007ffea6aa0000 - 0x00007ffea6b06000 	C:\WINDOWS\system32\mswsock.dll
0x00007ffe9f670000 - 0x00007ffe9f682000 	C:\Program Files\Java\jdk1.8.0_241\jre\bin\nio.dll
0x00007ffea0a60000 - 0x00007ffea0a86000 	C:\Users\admin\.gradle\native\30\windows-amd64\native-platform.dll
0x00007ffea3500000 - 0x00007ffea350d000 	C:\Program Files\Java\jdk1.8.0_241\jre\bin\management.dll
0x00007ffea6c50000 - 0x00007ffea6c67000 	C:\WINDOWS\SYSTEM32\CRYPTSP.dll
0x00007ffea6650000 - 0x00007ffea6683000 	C:\WINDOWS\system32\rsaenh.dll
0x00007ffea6d80000 - 0x00007ffea6da5000 	C:\WINDOWS\SYSTEM32\bcrypt.dll
0x00007ffea71b0000 - 0x00007ffea71d8000 	C:\WINDOWS\SYSTEM32\USERENV.dll
0x00007ffea6c70000 - 0x00007ffea6c7b000 	C:\WINDOWS\SYSTEM32\CRYPTBASE.dll
0x00007ffea67f0000 - 0x00007ffea6828000 	C:\WINDOWS\SYSTEM32\IPHLPAPI.DLL
0x00007ffeaae30000 - 0x00007ffeaae38000 	C:\WINDOWS\System32\NSI.dll
0x00007ffea0600000 - 0x00007ffea0616000 	C:\WINDOWS\SYSTEM32\dhcpcsvc6.DLL
0x00007ffea0120000 - 0x00007ffea013a000 	C:\WINDOWS\SYSTEM32\dhcpcsvc.DLL

VM Arguments:
jvm_args: -Xmx2048m -Dfile.encoding=windows-1252 -Duser.country=US -Duser.language=en -Duser.variant 
java_command: org.gradle.launcher.daemon.bootstrap.GradleDaemon 5.6.4
java_class_path (initial): C:\Users\admin\.gradle\wrapper\dists\gradle-5.6.4-all\ankdp27end7byghfw1q2sw75f\gradle-5.6.4\lib\gradle-launcher-5.6.4.jar
Launcher Type: SUN_STANDARD

Environment Variables:
JAVA_HOME=C:\Program Files\Java\jdk1.8.0_241
PATH=C:\Program Files\Microsoft MPI\Bin\;C:\Program Files (x86)\Common Files\Oracle\Java\javapath;C:\WINDOWS\system32;C:\WINDOWS;C:\WINDOWS\System32\Wbem;C:\WINDOWS\System32\WindowsPowerShell\v1.0\;C:\Program Files\Microsoft SQL Server\110\Tools\Binn\;C:\Program Files\Microsoft SQL Server\130\Tools\Binn\;C:\Program Files\dotnet\;C:\Program Files (x86)\Windows Live\Shared;C:\WINDOWS\System32\OpenSSH\;C:\Program Files (x86)\Microsoft SQL Server\130\Tools\Binn\;C:\Program Files (x86)\Microsoft SQL Server\130\DTS\Binn\;C:\Program Files\Microsoft SQL Server\130\DTS\Binn\;C:\Program Files\Microsoft SQL Server\Client SDK\ODBC\130\Tools\Binn\;C:\Program Files (x86)\Microsoft SQL Server\Client SDK\ODBC\130\Tools\Binn\;C:\Program Files (x86)\Microsoft SQL Server\130\Tools\Binn\ManagementStudio\;C:\Program Files\nodejs\;C:\Program Files\NVIDIA Corporation\NVIDIA NvDLISR;C:\Program Files\Git\cmd;C:\Program Files\Amazon\AWSCLI\;C:\Users\admin\AppData\Local\Microsoft\WindowsApps;;C:\Users\admin\AppData\Local\Programs\Microsoft VS Code\bin;C:\Users\admin\AppData\Roaming\npm
USERNAME=admin
OS=Windows_NT
PROCESSOR_IDENTIFIER=Intel64 Family 6 Model 58 Stepping 9, GenuineIntel



---------------  S Y S T E M  ---------------

OS: Windows 10.0 , 64 bit Build 17134 (10.0.17134.1425)

CPU:total 8 (initial active 8) (4 cores per cpu, 2 threads per core) family 6 model 58 stepping 9, cmov, cx8, fxsr, mmx, sse, sse2, sse3, ssse3, sse4.1, sse4.2, popcnt, avx, aes, clmul, erms, ht, tsc, tscinvbit, tscinv

Memory: 4k page, physical 8319548k(1214604k free), swap 8319548k(5216k free)

vm_info: Java HotSpot(TM) 64-Bit Server VM (25.241-b07) for windows-amd64 JRE (1.8.0_241-b07), built on Dec 11 2019 10:21:40 by "rejava" with MS VC++ 10.0 (VS2010)

time: Sat Jul 18 19:24:39 2020
timezone: SE Asia Standard Time
elapsed time: 2 seconds (0d 0h 0m 2s)

